【登录信息】
*92b9264415d56def0af7b3d01e734896*
`登陆天数: 1天 / 639天
等级: 130
石头: 4016
呼符: 281
体力: 11914.84 / 138
友情点: 0 / 465315`
*連続ログイン1日目
※ログインが途切れるか、7日到達すると
1日目から再開されます*
`フレンドポイント X 2000
5月交換券(2024) X 1
`*カルデア・サマーアドベンチャー！ アンケート復刻版 開幕記念 ログインボーナス*
*開催期間中、1日1回 最大21回 ログインボーナスをプレゼント！*
`黄金の果実 X 1
`_2024-05-23 09:02:57_
--------
*d95136c6a9962e3429ac9025bc2be43d*
`登陆天数: 1天 / 638天
等级: 130
石头: 4008
呼符: 160
体力: 11914.866666666667 / 138
友情点: 0 / 468440`
*連続ログイン1日目
※ログインが途切れるか、7日到達すると
1日目から再開されます*
`フレンドポイント X 2000
5月交換券(2024) X 1
`*カルデア・サマーアドベンチャー！ アンケート復刻版 開幕記念 ログインボーナス*
*開催期間中、1日1回 最大21回 ログインボーナスをプレゼント！*
`黄金の果実 X 1
`_2024-05-23 09:03:05_
--------
