【登录信息】
*8a3564efd49db13b2126ab8fb5620e80*
`登陆天数: 6天 / 644天
等级: 130
石头: 4012
呼符: 62
体力: 1130.7333333333333 / 138
友情点: 0 / 465995`
*連続ログイン6日目
※ログインが途切れるか、7日到達すると
1日目から再開されます*
`聖晶石 X 2
5月交換券(2024) X 1
`*カルデア・サマーアドベンチャー！ アンケート復刻版 開幕記念 ログインボーナス*
*開催期間中、1日1回 最大21回 ログインボーナスをプレゼント！*
`白銀の果実 X 1
`_2024-05-27 04:30:39_
--------
*a160ae053c028ace34062d564c4b3434*
`登陆天数: 6天 / 644天
等级: 130
石头: 2958
呼符: 0
体力: 13012.44 / 138
友情点: 0 / 466050`
*連続ログイン6日目
※ログインが途切れるか、7日到達すると
1日目から再開されます*
`聖晶石 X 2
5月交換券(2024) X 1
`*カルデア・サマーアドベンチャー！ アンケート復刻版 開幕記念 ログインボーナス*
*開催期間中、1日1回 最大21回 ログインボーナスをプレゼント！*
`白銀の果実 X 1
`_2024-05-27 04:30:47_
--------
*309010c1117f0ebb5f35f82fea9eb4f6*
`登陆天数: 5天 / 643天
等级: 130
石头: 3891
呼符: 0
体力: 13012.466666666667 / 138
友情点: 0 / 468010`
*連続ログイン5日目
※ログインが途切れるか、7日到達すると
1日目から再開されます*
`叡智の業火 X 2
5月交換券(2024) X 1
`*カルデア・サマーアドベンチャー！ アンケート復刻版 開幕記念 ログインボーナス*
*開催期間中、1日1回 最大21回 ログインボーナスをプレゼント！*
`白銀の果実 X 1
`_2024-05-27 04:30:55_
--------
*5c135a27e7eea2239db8b9755d3e9ae1*
`登陆天数: 5天 / 642天
等级: 130
石头: 4013
呼符: 68
体力: 13012.49 / 138
友情点: 0 / 469330`
*連続ログイン5日目
※ログインが途切れるか、7日到達すると
1日目から再開されます*
`叡智の業火 X 2
5月交換券(2024) X 1
`*カルデア・サマーアドベンチャー！ アンケート復刻版 開幕記念 ログインボーナス*
*開催期間中、1日1回 最大21回 ログインボーナスをプレゼント！*
`白銀の果実 X 1
`_2024-05-27 04:31:03_
--------
*86758e159c262a3eec981868ea27a1c3*
`登陆天数: 5天 / 642天
等级: 130
石头: 3018
呼符: 0
体力: 13012.513333333334 / 138
友情点: 0 / 468565`
*連続ログイン5日目
※ログインが途切れるか、7日到達すると
1日目から再開されます*
`叡智の業火 X 2
5月交換券(2024) X 1
`*カルデア・サマーアドベンチャー！ アンケート復刻版 開幕記念 ログインボーナス*
*開催期間中、1日1回 最大21回 ログインボーナスをプレゼント！*
`白銀の果実 X 1
`_2024-05-27 04:31:11_
--------
*6f9a211aef83a19f37e03ab1f44059d2*
`登陆天数: 5天 / 642天
等级: 130
石头: 3764
呼符: 0
体力: 13012.543333333333 / 138
友情点: 0 / 468600`
*連続ログイン5日目
※ログインが途切れるか、7日到達すると
1日目から再開されます*
`叡智の業火 X 2
5月交換券(2024) X 1
`*カルデア・サマーアドベンチャー！ アンケート復刻版 開幕記念 ログインボーナス*
*開催期間中、1日1回 最大21回 ログインボーナスをプレゼント！*
`白銀の果実 X 1
`_2024-05-27 04:31:19_
--------
*264322ca3fe339b40698d5d40eaec3fb*
`登陆天数: 5天 / 642天
等级: 130
石头: 3199
呼符: 0
体力: 13012.57 / 138
友情点: 0 / 469540`
*連続ログイン5日目
※ログインが途切れるか、7日到達すると
1日目から再開されます*
`叡智の業火 X 2
5月交換券(2024) X 1
`*カルデア・サマーアドベンチャー！ アンケート復刻版 開幕記念 ログインボーナス*
*開催期間中、1日1回 最大21回 ログインボーナスをプレゼント！*
`白銀の果実 X 1
`_2024-05-27 04:31:27_
--------
*993df3128051aa77d0b6aab01a866a9a*
`登陆天数: 5天 / 643天
等级: 130
石头: 3555
呼符: 0
体力: 13012.593333333334 / 138
友情点: 0 / 467895`
*連続ログイン5日目
※ログインが途切れるか、7日到達すると
1日目から再開されます*
`叡智の業火 X 2
5月交換券(2024) X 1
`*カルデア・サマーアドベンチャー！ アンケート復刻版 開幕記念 ログインボーナス*
*開催期間中、1日1回 最大21回 ログインボーナスをプレゼント！*
`白銀の果実 X 1
`_2024-05-27 04:31:34_
--------
*fe7878e487b87c3aa8336de587760751*
`登陆天数: 5天 / 642天
等级: 130
石头: 3075
呼符: 0
体力: 13012.623333333333 / 138
友情点: 0 / 468355`
*連続ログイン5日目
※ログインが途切れるか、7日到達すると
1日目から再開されます*
`叡智の業火 X 2
5月交換券(2024) X 1
`*カルデア・サマーアドベンチャー！ アンケート復刻版 開幕記念 ログインボーナス*
*開催期間中、1日1回 最大21回 ログインボーナスをプレゼント！*
`白銀の果実 X 1
`_2024-05-27 04:31:42_
--------
*7357bada9d6a4063627fa17b35bb2604*
`登陆天数: 5天 / 642天
等级: 130
石头: 3094
呼符: 0
体力: 13012.646666666667 / 138
友情点: 0 / 468695`
*連続ログイン5日目
※ログインが途切れるか、7日到達すると
1日目から再開されます*
`叡智の業火 X 2
5月交換券(2024) X 1
`*カルデア・サマーアドベンチャー！ アンケート復刻版 開幕記念 ログインボーナス*
*開催期間中、1日1回 最大21回 ログインボーナスをプレゼント！*
`白銀の果実 X 1
`_2024-05-27 04:31:50_
--------
*fc20186e17f0a5e4375db91b76a97657*
`登陆天数: 5天 / 643天
等级: 130
石头: 3141
呼符: 0
体力: 13012.67 / 138
友情点: 0 / 467865`
*連続ログイン5日目
※ログインが途切れるか、7日到達すると
1日目から再開されます*
`叡智の業火 X 2
5月交換券(2024) X 1
`*カルデア・サマーアドベンチャー！ アンケート復刻版 開幕記念 ログインボーナス*
*開催期間中、1日1回 最大21回 ログインボーナスをプレゼント！*
`白銀の果実 X 1
`_2024-05-27 04:31:58_
--------
*9cbb46fef88ab486c0d3e99d35be64e4*
`登陆天数: 5天 / 642天
等级: 130
石头: 1994
呼符: 0
体力: 13012.7 / 138
友情点: 0 / 468770`
*連続ログイン5日目
※ログインが途切れるか、7日到達すると
1日目から再開されます*
`叡智の業火 X 2
5月交換券(2024) X 1
`*カルデア・サマーアドベンチャー！ アンケート復刻版 開幕記念 ログインボーナス*
*開催期間中、1日1回 最大21回 ログインボーナスをプレゼント！*
`白銀の果実 X 1
`_2024-05-27 04:32:05_
--------
*9ee786c2ed20e6016bca6dcfefdeafc2*
`登陆天数: 5天 / 642天
等级: 130
石头: 3075
呼符: 0
体力: 13012.723333333333 / 138
友情点: 0 / 468800`
*連続ログイン5日目
※ログインが途切れるか、7日到達すると
1日目から再開されます*
`叡智の業火 X 2
5月交換券(2024) X 1
`*カルデア・サマーアドベンチャー！ アンケート復刻版 開幕記念 ログインボーナス*
*開催期間中、1日1回 最大21回 ログインボーナスをプレゼント！*
`白銀の果実 X 1
`_2024-05-27 04:32:13_
--------
*53d9263dda66ff3848eb10d23f286c21*
`登陆天数: 5天 / 643天
等级: 130
石头: 2898
呼符: 0
体力: 13012.75 / 138
友情点: 0 / 465905`
*連続ログイン5日目
※ログインが途切れるか、7日到達すると
1日目から再開されます*
`叡智の業火 X 2
5月交換券(2024) X 1
`*カルデア・サマーアドベンチャー！ アンケート復刻版 開幕記念 ログインボーナス*
*開催期間中、1日1回 最大21回 ログインボーナスをプレゼント！*
`白銀の果実 X 1
`_2024-05-27 04:32:21_
--------
*9abd5d5ff49c1d31302c488c7c0c2275*
`登陆天数: 5天 / 643天
等级: 130
石头: 3454
呼符: 0
体力: 13012.78 / 138
友情点: 0 / 466115`
*連続ログイン5日目
※ログインが途切れるか、7日到達すると
1日目から再開されます*
`叡智の業火 X 2
5月交換券(2024) X 1
`*カルデア・サマーアドベンチャー！ アンケート復刻版 開幕記念 ログインボーナス*
*開催期間中、1日1回 最大21回 ログインボーナスをプレゼント！*
`白銀の果実 X 1
`_2024-05-27 04:32:29_
--------
*e082093bbbd89caa74af88368e016abd*
`登陆天数: 5天 / 643天
等级: 130
石头: 2145
呼符: 0
体力: 13012.803333333333 / 138
友情点: 0 / 466170`
*連続ログイン5日目
※ログインが途切れるか、7日到達すると
1日目から再開されます*
`叡智の業火 X 2
5月交換券(2024) X 1
`*カルデア・サマーアドベンチャー！ アンケート復刻版 開幕記念 ログインボーナス*
*開催期間中、1日1回 最大21回 ログインボーナスをプレゼント！*
`白銀の果実 X 1
`_2024-05-27 04:32:37_
--------
*d96070b40d8faa5efd9b147555fa350b*
`登陆天数: 5天 / 643天
等级: 130
石头: 2001
呼符: 0
体力: 13012.83 / 138
友情点: 0 / 466570`
*連続ログイン5日目
※ログインが途切れるか、7日到達すると
1日目から再開されます*
`叡智の業火 X 2
5月交換券(2024) X 1
`*カルデア・サマーアドベンチャー！ アンケート復刻版 開幕記念 ログインボーナス*
*開催期間中、1日1回 最大21回 ログインボーナスをプレゼント！*
`白銀の果実 X 1
`_2024-05-27 04:32:45_
--------
*f7d4b15a226c048f84750fa277bedce3*
`登陆天数: 5天 / 642天
等级: 130
石头: 3495
呼符: 0
体力: 13012.853333333333 / 138
友情点: 0 / 468975`
*連続ログイン5日目
※ログインが途切れるか、7日到達すると
1日目から再開されます*
`叡智の業火 X 2
5月交換券(2024) X 1
`*カルデア・サマーアドベンチャー！ アンケート復刻版 開幕記念 ログインボーナス*
*開催期間中、1日1回 最大21回 ログインボーナスをプレゼント！*
`白銀の果実 X 1
`_2024-05-27 04:32:53_
--------
*bb93d1d18e6703deab02fee04d8f5aa9*
`登陆天数: 5天 / 642天
等级: 130
石头: 2804
呼符: 0
体力: 13012.88 / 138
友情点: 0 / 468550`
*連続ログイン5日目
※ログインが途切れるか、7日到達すると
1日目から再開されます*
`叡智の業火 X 2
5月交換券(2024) X 1
`*カルデア・サマーアドベンチャー！ アンケート復刻版 開幕記念 ログインボーナス*
*開催期間中、1日1回 最大21回 ログインボーナスをプレゼント！*
`白銀の果実 X 1
`_2024-05-27 04:33:01_
--------
*0fc5ff08df2cb401507510c2dfc95571*
`登陆天数: 5天 / 642天
等级: 130
石头: 2206
呼符: 0
体力: 13012.906666666666 / 138
友情点: 0 / 469105`
*連続ログイン5日目
※ログインが途切れるか、7日到達すると
1日目から再開されます*
`叡智の業火 X 2
5月交換券(2024) X 1
`*カルデア・サマーアドベンチャー！ アンケート復刻版 開幕記念 ログインボーナス*
*開催期間中、1日1回 最大21回 ログインボーナスをプレゼント！*
`白銀の果実 X 1
`_2024-05-27 04:33:08_
--------
*906c4dd2c74dc270b973f3a18beddaae*
`登陆天数: 5天 / 643天
等级: 130
石头: 3101
呼符: 0
体力: 13012.933333333332 / 138
友情点: 0 / 468785`
*連続ログイン5日目
※ログインが途切れるか、7日到達すると
1日目から再開されます*
`叡智の業火 X 2
5月交換券(2024) X 1
`*カルデア・サマーアドベンチャー！ アンケート復刻版 開幕記念 ログインボーナス*
*開催期間中、1日1回 最大21回 ログインボーナスをプレゼント！*
`白銀の果実 X 1
`_2024-05-27 04:33:16_
--------
*f832709d5bc106e6cc3f6cf77e9a2966*
`登陆天数: 5天 / 643天
等级: 130
石头: 3442
呼符: 0
体力: 13012.96 / 138
友情点: 0 / 467510`
*連続ログイン5日目
※ログインが途切れるか、7日到達すると
1日目から再開されます*
`叡智の業火 X 2
5月交換券(2024) X 1
`*カルデア・サマーアドベンチャー！ アンケート復刻版 開幕記念 ログインボーナス*
*開催期間中、1日1回 最大21回 ログインボーナスをプレゼント！*
`白銀の果実 X 1
`_2024-05-27 04:33:24_
--------
*26e43377a6d9b18ed58da4338c7ce464*
`登陆天数: 5天 / 643天
等级: 130
石头: 3996
呼符: 78
体力: 13012.99 / 138
友情点: 0 / 466785`
*連続ログイン5日目
※ログインが途切れるか、7日到達すると
1日目から再開されます*
`叡智の業火 X 2
5月交換券(2024) X 1
`*カルデア・サマーアドベンチャー！ アンケート復刻版 開幕記念 ログインボーナス*
*開催期間中、1日1回 最大21回 ログインボーナスをプレゼント！*
`白銀の果実 X 1
`_2024-05-27 04:33:32_
--------
*d1b2d282d12cf3c76a301a07c90894d1*
`登陆天数: 5天 / 642天
等级: 130
石头: 2413
呼符: 0
体力: 13013.013333333334 / 138
友情点: 0 / 468770`
*連続ログイン5日目
※ログインが途切れるか、7日到達すると
1日目から再開されます*
`叡智の業火 X 2
5月交換券(2024) X 1
`*カルデア・サマーアドベンチャー！ アンケート復刻版 開幕記念 ログインボーナス*
*開催期間中、1日1回 最大21回 ログインボーナスをプレゼント！*
`白銀の果実 X 1
`_2024-05-27 04:33:40_
--------
*69db701634bebca3b7a22919c7530d3c*
`登陆天数: 5天 / 643天
等级: 130
石头: 1670
呼符: 0
体力: 13013.04 / 138
友情点: 0 / 466045`
*連続ログイン5日目
※ログインが途切れるか、7日到達すると
1日目から再開されます*
`叡智の業火 X 2
5月交換券(2024) X 1
`*カルデア・サマーアドベンチャー！ アンケート復刻版 開幕記念 ログインボーナス*
*開催期間中、1日1回 最大21回 ログインボーナスをプレゼント！*
`白銀の果実 X 1
`_2024-05-27 04:33:48_
--------
*e8c0f1935f1ff5817fd1fc590e5e517e*
`登陆天数: 5天 / 642天
等级: 130
石头: 1391
呼符: 0
体力: 13013.066666666668 / 138
友情点: 0 / 468810`
*連続ログイン5日目
※ログインが途切れるか、7日到達すると
1日目から再開されます*
`叡智の業火 X 2
5月交換券(2024) X 1
`*カルデア・サマーアドベンチャー！ アンケート復刻版 開幕記念 ログインボーナス*
*開催期間中、1日1回 最大21回 ログインボーナスをプレゼント！*
`白銀の果実 X 1
`_2024-05-27 04:33:56_
--------
*79c3a62fb0a14c66f2418b5ee74d63ff*
`登陆天数: 5天 / 642天
等级: 130
石头: 2810
呼符: 0
体力: 13013.09 / 138
友情点: 0 / 470110`
*連続ログイン5日目
※ログインが途切れるか、7日到達すると
1日目から再開されます*
`叡智の業火 X 2
5月交換券(2024) X 1
`*カルデア・サマーアドベンチャー！ アンケート復刻版 開幕記念 ログインボーナス*
*開催期間中、1日1回 最大21回 ログインボーナスをプレゼント！*
`白銀の果実 X 1
`_2024-05-27 04:34:04_
--------
*d48af5c858bf9f1ffabaa093c28167ae*
`登陆天数: 5天 / 642天
等级: 130
石头: 675
呼符: 0
体力: 13013.116666666667 / 138
友情点: 0 / 469345`
*連続ログイン5日目
※ログインが途切れるか、7日到達すると
1日目から再開されます*
`叡智の業火 X 2
5月交換券(2024) X 1
`*カルデア・サマーアドベンチャー！ アンケート復刻版 開幕記念 ログインボーナス*
*開催期間中、1日1回 最大21回 ログインボーナスをプレゼント！*
`白銀の果実 X 1
`_2024-05-27 04:34:12_
--------
*aba686dd2e74e8252b4246fe8a3939b1*
`登陆天数: 5天 / 642天
等级: 130
石头: 2205
呼符: 0
体力: 13013.146666666667 / 138
友情点: 0 / 468435`
*連続ログイン5日目
※ログインが途切れるか、7日到達すると
1日目から再開されます*
`叡智の業火 X 2
5月交換券(2024) X 1
`*カルデア・サマーアドベンチャー！ アンケート復刻版 開幕記念 ログインボーナス*
*開催期間中、1日1回 最大21回 ログインボーナスをプレゼント！*
`白銀の果実 X 1
`_2024-05-27 04:34:20_
--------
*ef304c8c5f06070cc29dc623098ea109*
`登陆天数: 5天 / 642天
等级: 130
石头: 1639
呼符: 0
体力: 13013.166666666666 / 138
友情点: 0 / 467610`
*連続ログイン5日目
※ログインが途切れるか、7日到達すると
1日目から再開されます*
`叡智の業火 X 2
5月交換券(2024) X 1
`*カルデア・サマーアドベンチャー！ アンケート復刻版 開幕記念 ログインボーナス*
*開催期間中、1日1回 最大21回 ログインボーナスをプレゼント！*
`白銀の果実 X 1
`_2024-05-27 04:34:27_
--------
*178b035b9e842fee5556cb8c15c6bcab*
`登陆天数: 5天 / 642天
等级: 130
石头: 3976
呼符: 0
体力: 13013.196666666667 / 138
友情点: 0 / 467085`
*連続ログイン5日目
※ログインが途切れるか、7日到達すると
1日目から再開されます*
`叡智の業火 X 2
5月交換券(2024) X 1
`*カルデア・サマーアドベンチャー！ アンケート復刻版 開幕記念 ログインボーナス*
*開催期間中、1日1回 最大21回 ログインボーナスをプレゼント！*
`白銀の果実 X 1
`_2024-05-27 04:34:35_
--------
*80e841f805203eb56e3b98e085bae981*
`登陆天数: 5天 / 642天
等级: 130
石头: 2415
呼符: 0
体力: 13013.22 / 138
友情点: 0 / 468870`
*連続ログイン5日目
※ログインが途切れるか、7日到達すると
1日目から再開されます*
`叡智の業火 X 2
5月交換券(2024) X 1
`*カルデア・サマーアドベンチャー！ アンケート復刻版 開幕記念 ログインボーナス*
*開催期間中、1日1回 最大21回 ログインボーナスをプレゼント！*
`白銀の果実 X 1
`_2024-05-27 04:34:43_
--------
*f51602b11a63ad4708f1caf2a93859c3*
`登陆天数: 5天 / 642天
等级: 130
石头: 4010
呼符: 41
体力: 13013.25 / 138
友情点: 0 / 469935`
*連続ログイン5日目
※ログインが途切れるか、7日到達すると
1日目から再開されます*
`叡智の業火 X 2
5月交換券(2024) X 1
`*カルデア・サマーアドベンチャー！ アンケート復刻版 開幕記念 ログインボーナス*
*開催期間中、1日1回 最大21回 ログインボーナスをプレゼント！*
`白銀の果実 X 1
`_2024-05-27 04:34:51_
--------
*7b8647ef34a6031c3133bd5ebc45c365*
`登陆天数: 5天 / 643天
等级: 130
石头: 2570
呼符: 0
体力: 13013.273333333333 / 138
友情点: 0 / 466660`
*連続ログイン5日目
※ログインが途切れるか、7日到達すると
1日目から再開されます*
`叡智の業火 X 2
5月交換券(2024) X 1
`*カルデア・サマーアドベンチャー！ アンケート復刻版 開幕記念 ログインボーナス*
*開催期間中、1日1回 最大21回 ログインボーナスをプレゼント！*
`白銀の果実 X 1
`_2024-05-27 04:34:59_
--------
*9a5e65e03b17fd1ad4d34f58f313ec98*
`登陆天数: 5天 / 643天
等级: 130
石头: 3647
呼符: 0
体力: 13013.303333333333 / 138
友情点: 0 / 466605`
*連続ログイン5日目
※ログインが途切れるか、7日到達すると
1日目から再開されます*
`叡智の業火 X 2
5月交換券(2024) X 1
`*カルデア・サマーアドベンチャー！ アンケート復刻版 開幕記念 ログインボーナス*
*開催期間中、1日1回 最大21回 ログインボーナスをプレゼント！*
`白銀の果実 X 1
`_2024-05-27 04:35:06_
--------
*bed8ee603f17429f4a32f4650ecf0d87*
`登陆天数: 5天 / 643天
等级: 130
石头: 2181
呼符: 0
体力: 13013.326666666666 / 138
友情点: 0 / 466020`
*連続ログイン5日目
※ログインが途切れるか、7日到達すると
1日目から再開されます*
`叡智の業火 X 2
5月交換券(2024) X 1
`*カルデア・サマーアドベンチャー！ アンケート復刻版 開幕記念 ログインボーナス*
*開催期間中、1日1回 最大21回 ログインボーナスをプレゼント！*
`白銀の果実 X 1
`_2024-05-27 04:35:14_
--------
*9c5ed464e8af35376010aa03d2707564*
`登陆天数: 5天 / 643天
等级: 130
石头: 4006
呼符: 114
体力: 13013.35 / 138
友情点: 0 / 466975`
*連続ログイン5日目
※ログインが途切れるか、7日到達すると
1日目から再開されます*
`叡智の業火 X 2
5月交換券(2024) X 1
`*カルデア・サマーアドベンチャー！ アンケート復刻版 開幕記念 ログインボーナス*
*開催期間中、1日1回 最大21回 ログインボーナスをプレゼント！*
`白銀の果実 X 1
`_2024-05-27 04:35:22_
--------
*313bf84cb75de7e8dc490a50884d550d*
`登陆天数: 5天 / 642天
等级: 130
石头: 3198
呼符: 0
体力: 13013.38 / 138
友情点: 0 / 468260`
*連続ログイン5日目
※ログインが途切れるか、7日到達すると
1日目から再開されます*
`叡智の業火 X 2
5月交換券(2024) X 1
`*カルデア・サマーアドベンチャー！ アンケート復刻版 開幕記念 ログインボーナス*
*開催期間中、1日1回 最大21回 ログインボーナスをプレゼント！*
`白銀の果実 X 1
`_2024-05-27 04:35:30_
--------
*b19782d8965c0661bc47630323fd35fd*
`登陆天数: 5天 / 642天
等级: 130
石头: 2264
呼符: 0
体力: 13013.403333333334 / 138
友情点: 0 / 468840`
*連続ログイン5日目
※ログインが途切れるか、7日到達すると
1日目から再開されます*
`叡智の業火 X 2
5月交換券(2024) X 1
`*カルデア・サマーアドベンチャー！ アンケート復刻版 開幕記念 ログインボーナス*
*開催期間中、1日1回 最大21回 ログインボーナスをプレゼント！*
`白銀の果実 X 1
`_2024-05-27 04:35:38_
--------
*8bae3fac1c2ce983aed40c6bb009c45e*
`登陆天数: 5天 / 643天
等级: 130
石头: 2570
呼符: 0
体力: 13013.43 / 138
友情点: 0 / 465795`
*連続ログイン5日目
※ログインが途切れるか、7日到達すると
1日目から再開されます*
`叡智の業火 X 2
5月交換券(2024) X 1
`*カルデア・サマーアドベンチャー！ アンケート復刻版 開幕記念 ログインボーナス*
*開催期間中、1日1回 最大21回 ログインボーナスをプレゼント！*
`白銀の果実 X 1
`_2024-05-27 04:35:45_
--------
*ca4b430d613a792f6c392336a71dbc4a*
`登陆天数: 5天 / 642天
等级: 130
石头: 3825
呼符: 0
体力: 13013.456666666667 / 138
友情点: 0 / 468255`
*連続ログイン5日目
※ログインが途切れるか、7日到達すると
1日目から再開されます*
`叡智の業火 X 2
5月交換券(2024) X 1
`*カルデア・サマーアドベンチャー！ アンケート復刻版 開幕記念 ログインボーナス*
*開催期間中、1日1回 最大21回 ログインボーナスをプレゼント！*
`白銀の果実 X 1
`_2024-05-27 04:35:54_
--------
*ff527dfaa021206f115cdd93d5b83983*
`登陆天数: 5天 / 643天
等级: 130
石头: 3020
呼符: 0
体力: 13013.483333333334 / 138
友情点: 0 / 466610`
*連続ログイン5日目
※ログインが途切れるか、7日到達すると
1日目から再開されます*
`叡智の業火 X 2
5月交換券(2024) X 1
`*カルデア・サマーアドベンチャー！ アンケート復刻版 開幕記念 ログインボーナス*
*開催期間中、1日1回 最大21回 ログインボーナスをプレゼント！*
`白銀の果実 X 1
`_2024-05-27 04:36:02_
--------
*7a52b75e7c50cb9325c0433e58c03307*
`登陆天数: 5天 / 643天
等级: 130
石头: 1792
呼符: 0
体力: 13013.51 / 138
友情点: 0 / 467300`
*連続ログイン5日目
※ログインが途切れるか、7日到達すると
1日目から再開されます*
`叡智の業火 X 2
5月交換券(2024) X 1
`*カルデア・サマーアドベンチャー！ アンケート復刻版 開幕記念 ログインボーナス*
*開催期間中、1日1回 最大21回 ログインボーナスをプレゼント！*
`白銀の果実 X 1
`_2024-05-27 04:36:09_
--------
*d005d6451dcf4cc22ceb43a623afe073*
`登陆天数: 5天 / 643天
等级: 130
石头: 3045
呼符: 0
体力: 13013.536666666667 / 138
友情点: 0 / 466350`
*連続ログイン5日目
※ログインが途切れるか、7日到達すると
1日目から再開されます*
`叡智の業火 X 2
5月交換券(2024) X 1
`*カルデア・サマーアドベンチャー！ アンケート復刻版 開幕記念 ログインボーナス*
*開催期間中、1日1回 最大21回 ログインボーナスをプレゼント！*
`白銀の果実 X 1
`_2024-05-27 04:36:17_
--------
*ce28f81291c94cf8d6ac3c8dc79f0dd8*
`登陆天数: 5天 / 643天
等级: 130
石头: 17
呼符: 0
体力: 13013.563333333334 / 138
友情点: 0 / 466980`
*連続ログイン5日目
※ログインが途切れるか、7日到達すると
1日目から再開されます*
`叡智の業火 X 2
5月交換券(2024) X 1
`*カルデア・サマーアドベンチャー！ アンケート復刻版 開幕記念 ログインボーナス*
*開催期間中、1日1回 最大21回 ログインボーナスをプレゼント！*
`白銀の果実 X 1
`_2024-05-27 04:36:25_
--------
*82f13dda5a52d672337f751c1e7c3c45*
`登陆天数: 5天 / 643天
等级: 130
石头: 2560
呼符: 0
体力: 13013.59 / 138
友情点: 0 / 466960`
*連続ログイン5日目
※ログインが途切れるか、7日到達すると
1日目から再開されます*
`叡智の業火 X 2
5月交換券(2024) X 1
`*カルデア・サマーアドベンチャー！ アンケート復刻版 開幕記念 ログインボーナス*
*開催期間中、1日1回 最大21回 ログインボーナスをプレゼント！*
`白銀の果実 X 1
`_2024-05-27 04:36:33_
--------
*09a2ba83e0bc8fea531e77f0a0d50aa9*
`登陆天数: 5天 / 642天
等级: 130
石头: 2838
呼符: 0
体力: 13013.616666666667 / 138
友情点: 0 / 468990`
*連続ログイン5日目
※ログインが途切れるか、7日到達すると
1日目から再開されます*
`叡智の業火 X 2
5月交換券(2024) X 1
`*カルデア・サマーアドベンチャー！ アンケート復刻版 開幕記念 ログインボーナス*
*開催期間中、1日1回 最大21回 ログインボーナスをプレゼント！*
`白銀の果実 X 1
`_2024-05-27 04:36:41_
--------
*2dd116b65e89712075e408f90d682415*
`登陆天数: 5天 / 643天
等级: 130
石头: 2151
呼符: 0
体力: 13013.643333333333 / 138
友情点: 0 / 467185`
*連続ログイン5日目
※ログインが途切れるか、7日到達すると
1日目から再開されます*
`叡智の業火 X 2
5月交換券(2024) X 1
`*カルデア・サマーアドベンチャー！ アンケート復刻版 開幕記念 ログインボーナス*
*開催期間中、1日1回 最大21回 ログインボーナスをプレゼント！*
`白銀の果実 X 1
`_2024-05-27 04:36:49_
--------
*dfa9b84ecf5732be6515081d724acce3*
`登陆天数: 5天 / 643天
等级: 130
石头: 1700
呼符: 0
体力: 13013.67 / 138
友情点: 0 / 467090`
*連続ログイン5日目
※ログインが途切れるか、7日到達すると
1日目から再開されます*
`叡智の業火 X 2
5月交換券(2024) X 1
`*カルデア・サマーアドベンチャー！ アンケート復刻版 開幕記念 ログインボーナス*
*開催期間中、1日1回 最大21回 ログインボーナスをプレゼント！*
`白銀の果実 X 1
`_2024-05-27 04:36:57_
--------
*31b243358b364f62610ba7677254fc68*
`登陆天数: 5天 / 643天
等级: 130
石头: 2661
呼符: 0
体力: 13013.696666666667 / 138
友情点: 0 / 467310`
_2024-05-27 04:37:05_
--------
