【登录信息】
*8a3564efd49db13b2126ab8fb5620e80*
`登陆天数: 7天 / 645天
等级: 130
石头: 4012
呼符: 62
体力: 1419.51 / 138
友情点: 0 / 465995`
*連続ログイン7日間到達おめでとうございます！
明日は1日目からリスタートされます。*
`獣の足跡 X 1
呼符 X 1
5月交換券(2024) X 1
`*カルデア・サマーアドベンチャー！ アンケート復刻版 開幕記念 ログインボーナス*
*開催期間中、1日1回 最大21回 ログインボーナスをプレゼント！*
`白銀の果実 X 1
`_2024-05-28 04:34:33_
--------
*a160ae053c028ace34062d564c4b3434*
`登陆天数: 7天 / 645天
等级: 130
石头: 2958
呼符: 0
体力: 13301.22 / 138
友情点: 0 / 466050`
*連続ログイン7日間到達おめでとうございます！
明日は1日目からリスタートされます。*
`獣の足跡 X 1
呼符 X 1
5月交換券(2024) X 1
`*カルデア・サマーアドベンチャー！ アンケート復刻版 開幕記念 ログインボーナス*
*開催期間中、1日1回 最大21回 ログインボーナスをプレゼント！*
`白銀の果実 X 1
`_2024-05-28 04:34:41_
--------
*309010c1117f0ebb5f35f82fea9eb4f6*
`登陆天数: 6天 / 644天
等级: 130
石头: 3891
呼符: 0
体力: 13301.246666666666 / 138
友情点: 0 / 468010`
*連続ログイン6日目
※ログインが途切れるか、7日到達すると
1日目から再開されます*
`聖晶石 X 2
5月交換券(2024) X 1
`*カルデア・サマーアドベンチャー！ アンケート復刻版 開幕記念 ログインボーナス*
*開催期間中、1日1回 最大21回 ログインボーナスをプレゼント！*
`白銀の果実 X 1
`_2024-05-28 04:34:49_
--------
*5c135a27e7eea2239db8b9755d3e9ae1*
`登陆天数: 6天 / 643天
等级: 130
石头: 4013
呼符: 68
体力: 13301.273333333333 / 138
友情点: 0 / 469330`
*連続ログイン6日目
※ログインが途切れるか、7日到達すると
1日目から再開されます*
`聖晶石 X 2
5月交換券(2024) X 1
`*カルデア・サマーアドベンチャー！ アンケート復刻版 開幕記念 ログインボーナス*
*開催期間中、1日1回 最大21回 ログインボーナスをプレゼント！*
`白銀の果実 X 1
`_2024-05-28 04:34:58_
--------
*86758e159c262a3eec981868ea27a1c3*
`登陆天数: 6天 / 643天
等级: 130
石头: 3018
呼符: 0
体力: 13301.296666666667 / 138
友情点: 0 / 468565`
*連続ログイン6日目
※ログインが途切れるか、7日到達すると
1日目から再開されます*
`聖晶石 X 2
5月交換券(2024) X 1
`*カルデア・サマーアドベンチャー！ アンケート復刻版 開幕記念 ログインボーナス*
*開催期間中、1日1回 最大21回 ログインボーナスをプレゼント！*
`白銀の果実 X 1
`_2024-05-28 04:35:06_
--------
*6f9a211aef83a19f37e03ab1f44059d2*
`登陆天数: 6天 / 643天
等级: 130
石头: 3764
呼符: 0
体力: 13301.326666666666 / 138
友情点: 0 / 468600`
*連続ログイン6日目
※ログインが途切れるか、7日到達すると
1日目から再開されます*
`聖晶石 X 2
5月交換券(2024) X 1
`*カルデア・サマーアドベンチャー！ アンケート復刻版 開幕記念 ログインボーナス*
*開催期間中、1日1回 最大21回 ログインボーナスをプレゼント！*
`白銀の果実 X 1
`_2024-05-28 04:35:14_
--------
*264322ca3fe339b40698d5d40eaec3fb*
`登陆天数: 6天 / 643天
等级: 130
石头: 3199
呼符: 0
体力: 13301.356666666667 / 138
友情点: 0 / 469540`
*連続ログイン6日目
※ログインが途切れるか、7日到達すると
1日目から再開されます*
`聖晶石 X 2
5月交換券(2024) X 1
`*カルデア・サマーアドベンチャー！ アンケート復刻版 開幕記念 ログインボーナス*
*開催期間中、1日1回 最大21回 ログインボーナスをプレゼント！*
`白銀の果実 X 1
`_2024-05-28 04:35:22_
--------
*993df3128051aa77d0b6aab01a866a9a*
`登陆天数: 6天 / 644天
等级: 130
石头: 3555
呼符: 0
体力: 13301.383333333333 / 138
友情点: 0 / 467895`
*連続ログイン6日目
※ログインが途切れるか、7日到達すると
1日目から再開されます*
`聖晶石 X 2
5月交換券(2024) X 1
`*カルデア・サマーアドベンチャー！ アンケート復刻版 開幕記念 ログインボーナス*
*開催期間中、1日1回 最大21回 ログインボーナスをプレゼント！*
`白銀の果実 X 1
`_2024-05-28 04:35:31_
--------
*fe7878e487b87c3aa8336de587760751*
`登陆天数: 6天 / 643天
等级: 130
石头: 3075
呼符: 0
体力: 13301.413333333334 / 138
友情点: 0 / 468355`
*連続ログイン6日目
※ログインが途切れるか、7日到達すると
1日目から再開されます*
`聖晶石 X 2
5月交換券(2024) X 1
`*カルデア・サマーアドベンチャー！ アンケート復刻版 開幕記念 ログインボーナス*
*開催期間中、1日1回 最大21回 ログインボーナスをプレゼント！*
`白銀の果実 X 1
`_2024-05-28 04:35:39_
--------
*7357bada9d6a4063627fa17b35bb2604*
`登陆天数: 6天 / 643天
等级: 130
石头: 3094
呼符: 0
体力: 13301.443333333333 / 138
友情点: 0 / 468695`
*連続ログイン6日目
※ログインが途切れるか、7日到達すると
1日目から再開されます*
`聖晶石 X 2
5月交換券(2024) X 1
`*カルデア・サマーアドベンチャー！ アンケート復刻版 開幕記念 ログインボーナス*
*開催期間中、1日1回 最大21回 ログインボーナスをプレゼント！*
`白銀の果実 X 1
`_2024-05-28 04:35:48_
--------
*fc20186e17f0a5e4375db91b76a97657*
`登陆天数: 6天 / 644天
等级: 130
石头: 3141
呼符: 0
体力: 13301.466666666667 / 138
友情点: 0 / 467865`
*連続ログイン6日目
※ログインが途切れるか、7日到達すると
1日目から再開されます*
`聖晶石 X 2
5月交換券(2024) X 1
`*カルデア・サマーアドベンチャー！ アンケート復刻版 開幕記念 ログインボーナス*
*開催期間中、1日1回 最大21回 ログインボーナスをプレゼント！*
`白銀の果実 X 1
`_2024-05-28 04:35:56_
--------
*9cbb46fef88ab486c0d3e99d35be64e4*
`登陆天数: 6天 / 643天
等级: 130
石头: 1994
呼符: 0
体力: 13301.496666666666 / 138
友情点: 0 / 468770`
*連続ログイン6日目
※ログインが途切れるか、7日到達すると
1日目から再開されます*
`聖晶石 X 2
5月交換券(2024) X 1
`*カルデア・サマーアドベンチャー！ アンケート復刻版 開幕記念 ログインボーナス*
*開催期間中、1日1回 最大21回 ログインボーナスをプレゼント！*
`白銀の果実 X 1
`_2024-05-28 04:36:04_
--------
*9ee786c2ed20e6016bca6dcfefdeafc2*
`登陆天数: 6天 / 643天
等级: 130
石头: 3075
呼符: 0
体力: 13301.52 / 138
友情点: 0 / 468800`
*連続ログイン6日目
※ログインが途切れるか、7日到達すると
1日目から再開されます*
`聖晶石 X 2
5月交換券(2024) X 1
`*カルデア・サマーアドベンチャー！ アンケート復刻版 開幕記念 ログインボーナス*
*開催期間中、1日1回 最大21回 ログインボーナスをプレゼント！*
`白銀の果実 X 1
`_2024-05-28 04:36:13_
--------
*53d9263dda66ff3848eb10d23f286c21*
`登陆天数: 6天 / 644天
等级: 130
石头: 2898
呼符: 0
体力: 13301.55 / 138
友情点: 0 / 465905`
*連続ログイン6日目
※ログインが途切れるか、7日到達すると
1日目から再開されます*
`聖晶石 X 2
5月交換券(2024) X 1
`*カルデア・サマーアドベンチャー！ アンケート復刻版 開幕記念 ログインボーナス*
*開催期間中、1日1回 最大21回 ログインボーナスをプレゼント！*
`白銀の果実 X 1
`_2024-05-28 04:36:21_
--------
*9abd5d5ff49c1d31302c488c7c0c2275*
`登陆天数: 6天 / 644天
等级: 130
石头: 3454
呼符: 0
体力: 13301.58 / 138
友情点: 0 / 466115`
*連続ログイン6日目
※ログインが途切れるか、7日到達すると
1日目から再開されます*
`聖晶石 X 2
5月交換券(2024) X 1
`*カルデア・サマーアドベンチャー！ アンケート復刻版 開幕記念 ログインボーナス*
*開催期間中、1日1回 最大21回 ログインボーナスをプレゼント！*
`白銀の果実 X 1
`_2024-05-28 04:36:29_
--------
*e082093bbbd89caa74af88368e016abd*
`登陆天数: 6天 / 644天
等级: 130
石头: 2145
呼符: 0
体力: 13301.606666666667 / 138
友情点: 0 / 466170`
*連続ログイン6日目
※ログインが途切れるか、7日到達すると
1日目から再開されます*
`聖晶石 X 2
5月交換券(2024) X 1
`*カルデア・サマーアドベンチャー！ アンケート復刻版 開幕記念 ログインボーナス*
*開催期間中、1日1回 最大21回 ログインボーナスをプレゼント！*
`白銀の果実 X 1
`_2024-05-28 04:36:37_
--------
*d96070b40d8faa5efd9b147555fa350b*
`登陆天数: 6天 / 644天
等级: 130
石头: 2001
呼符: 0
体力: 13301.636666666667 / 138
友情点: 0 / 466570`
*連続ログイン6日目
※ログインが途切れるか、7日到達すると
1日目から再開されます*
`聖晶石 X 2
5月交換券(2024) X 1
`*カルデア・サマーアドベンチャー！ アンケート復刻版 開幕記念 ログインボーナス*
*開催期間中、1日1回 最大21回 ログインボーナスをプレゼント！*
`白銀の果実 X 1
`_2024-05-28 04:36:46_
--------
*f7d4b15a226c048f84750fa277bedce3*
`登陆天数: 6天 / 643天
等级: 130
石头: 3495
呼符: 0
体力: 13301.66 / 138
友情点: 0 / 468975`
*連続ログイン6日目
※ログインが途切れるか、7日到達すると
1日目から再開されます*
`聖晶石 X 2
5月交換券(2024) X 1
`*カルデア・サマーアドベンチャー！ アンケート復刻版 開幕記念 ログインボーナス*
*開催期間中、1日1回 最大21回 ログインボーナスをプレゼント！*
`白銀の果実 X 1
`_2024-05-28 04:36:54_
--------
*bb93d1d18e6703deab02fee04d8f5aa9*
`登陆天数: 6天 / 643天
等级: 130
石头: 2804
呼符: 0
体力: 13301.686666666666 / 138
友情点: 0 / 468550`
*連続ログイン6日目
※ログインが途切れるか、7日到達すると
1日目から再開されます*
`聖晶石 X 2
5月交換券(2024) X 1
`*カルデア・サマーアドベンチャー！ アンケート復刻版 開幕記念 ログインボーナス*
*開催期間中、1日1回 最大21回 ログインボーナスをプレゼント！*
`白銀の果実 X 1
`_2024-05-28 04:37:02_
--------
*0fc5ff08df2cb401507510c2dfc95571*
`登陆天数: 6天 / 643天
等级: 130
石头: 2206
呼符: 0
体力: 13301.713333333333 / 138
友情点: 0 / 469105`
*連続ログイン6日目
※ログインが途切れるか、7日到達すると
1日目から再開されます*
`聖晶石 X 2
5月交換券(2024) X 1
`*カルデア・サマーアドベンチャー！ アンケート復刻版 開幕記念 ログインボーナス*
*開催期間中、1日1回 最大21回 ログインボーナスをプレゼント！*
`白銀の果実 X 1
`_2024-05-28 04:37:10_
--------
*906c4dd2c74dc270b973f3a18beddaae*
`登陆天数: 6天 / 644天
等级: 130
石头: 3101
呼符: 0
体力: 13301.743333333334 / 138
友情点: 0 / 468785`
*連続ログイン6日目
※ログインが途切れるか、7日到達すると
1日目から再開されます*
`聖晶石 X 2
5月交換券(2024) X 1
`*カルデア・サマーアドベンチャー！ アンケート復刻版 開幕記念 ログインボーナス*
*開催期間中、1日1回 最大21回 ログインボーナスをプレゼント！*
`白銀の果実 X 1
`_2024-05-28 04:37:19_
--------
*f832709d5bc106e6cc3f6cf77e9a2966*
`登陆天数: 6天 / 644天
等级: 130
石头: 3442
呼符: 0
体力: 13301.77 / 138
友情点: 0 / 467510`
*連続ログイン6日目
※ログインが途切れるか、7日到達すると
1日目から再開されます*
`聖晶石 X 2
5月交換券(2024) X 1
`*カルデア・サマーアドベンチャー！ アンケート復刻版 開幕記念 ログインボーナス*
*開催期間中、1日1回 最大21回 ログインボーナスをプレゼント！*
`白銀の果実 X 1
`_2024-05-28 04:37:27_
--------
*26e43377a6d9b18ed58da4338c7ce464*
`登陆天数: 6天 / 644天
等级: 130
石头: 3996
呼符: 78
体力: 13301.8 / 138
友情点: 0 / 466785`
*連続ログイン6日目
※ログインが途切れるか、7日到達すると
1日目から再開されます*
`聖晶石 X 2
5月交換券(2024) X 1
`*カルデア・サマーアドベンチャー！ アンケート復刻版 開幕記念 ログインボーナス*
*開催期間中、1日1回 最大21回 ログインボーナスをプレゼント！*
`白銀の果実 X 1
`_2024-05-28 04:37:35_
--------
*d1b2d282d12cf3c76a301a07c90894d1*
`登陆天数: 6天 / 643天
等级: 130
石头: 2413
呼符: 0
体力: 13301.823333333334 / 138
友情点: 0 / 468770`
*連続ログイン6日目
※ログインが途切れるか、7日到達すると
1日目から再開されます*
`聖晶石 X 2
5月交換券(2024) X 1
`*カルデア・サマーアドベンチャー！ アンケート復刻版 開幕記念 ログインボーナス*
*開催期間中、1日1回 最大21回 ログインボーナスをプレゼント！*
`白銀の果実 X 1
`_2024-05-28 04:37:43_
--------
*69db701634bebca3b7a22919c7530d3c*
`登陆天数: 6天 / 644天
等级: 130
石头: 1670
呼符: 0
体力: 13301.853333333333 / 138
友情点: 0 / 466045`
*連続ログイン6日目
※ログインが途切れるか、7日到達すると
1日目から再開されます*
`聖晶石 X 2
5月交換券(2024) X 1
`*カルデア・サマーアドベンチャー！ アンケート復刻版 開幕記念 ログインボーナス*
*開催期間中、1日1回 最大21回 ログインボーナスをプレゼント！*
`白銀の果実 X 1
`_2024-05-28 04:37:52_
--------
*e8c0f1935f1ff5817fd1fc590e5e517e*
`登陆天数: 6天 / 643天
等级: 130
石头: 1391
呼符: 0
体力: 13301.88 / 138
友情点: 0 / 468810`
*連続ログイン6日目
※ログインが途切れるか、7日到達すると
1日目から再開されます*
`聖晶石 X 2
5月交換券(2024) X 1
`*カルデア・サマーアドベンチャー！ アンケート復刻版 開幕記念 ログインボーナス*
*開催期間中、1日1回 最大21回 ログインボーナスをプレゼント！*
`白銀の果実 X 1
`_2024-05-28 04:38:00_
--------
*79c3a62fb0a14c66f2418b5ee74d63ff*
`登陆天数: 6天 / 643天
等级: 130
石头: 2810
呼符: 0
体力: 13301.906666666666 / 138
友情点: 0 / 470110`
*連続ログイン6日目
※ログインが途切れるか、7日到達すると
1日目から再開されます*
`聖晶石 X 2
5月交換券(2024) X 1
`*カルデア・サマーアドベンチャー！ アンケート復刻版 開幕記念 ログインボーナス*
*開催期間中、1日1回 最大21回 ログインボーナスをプレゼント！*
`白銀の果実 X 1
`_2024-05-28 04:38:08_
--------
*d48af5c858bf9f1ffabaa093c28167ae*
`登陆天数: 6天 / 643天
等级: 130
石头: 675
呼符: 0
体力: 13301.933333333332 / 138
友情点: 0 / 469345`
*連続ログイン6日目
※ログインが途切れるか、7日到達すると
1日目から再開されます*
`聖晶石 X 2
5月交換券(2024) X 1
`*カルデア・サマーアドベンチャー！ アンケート復刻版 開幕記念 ログインボーナス*
*開催期間中、1日1回 最大21回 ログインボーナスをプレゼント！*
`白銀の果実 X 1
`_2024-05-28 04:38:16_
--------
*aba686dd2e74e8252b4246fe8a3939b1*
`登陆天数: 6天 / 643天
等级: 130
石头: 2205
呼符: 0
体力: 13301.963333333333 / 138
友情点: 0 / 468435`
*連続ログイン6日目
※ログインが途切れるか、7日到達すると
1日目から再開されます*
`聖晶石 X 2
5月交換券(2024) X 1
`*カルデア・サマーアドベンチャー！ アンケート復刻版 開幕記念 ログインボーナス*
*開催期間中、1日1回 最大21回 ログインボーナスをプレゼント！*
`白銀の果実 X 1
`_2024-05-28 04:38:25_
--------
*ef304c8c5f06070cc29dc623098ea109*
`登陆天数: 6天 / 643天
等级: 130
石头: 1639
呼符: 0
体力: 13301.986666666666 / 138
友情点: 0 / 467610`
*連続ログイン6日目
※ログインが途切れるか、7日到達すると
1日目から再開されます*
`聖晶石 X 2
5月交換券(2024) X 1
`*カルデア・サマーアドベンチャー！ アンケート復刻版 開幕記念 ログインボーナス*
*開催期間中、1日1回 最大21回 ログインボーナスをプレゼント！*
`白銀の果実 X 1
`_2024-05-28 04:38:33_
--------
*178b035b9e842fee5556cb8c15c6bcab*
`登陆天数: 6天 / 643天
等级: 130
石头: 3976
呼符: 0
体力: 13302.016666666666 / 138
友情点: 0 / 467085`
*連続ログイン6日目
※ログインが途切れるか、7日到達すると
1日目から再開されます*
`聖晶石 X 2
5月交換券(2024) X 1
`*カルデア・サマーアドベンチャー！ アンケート復刻版 開幕記念 ログインボーナス*
*開催期間中、1日1回 最大21回 ログインボーナスをプレゼント！*
`白銀の果実 X 1
`_2024-05-28 04:38:41_
--------
*80e841f805203eb56e3b98e085bae981*
`登陆天数: 6天 / 643天
等级: 130
石头: 2415
呼符: 0
体力: 13302.046666666667 / 138
友情点: 0 / 468870`
*連続ログイン6日目
※ログインが途切れるか、7日到達すると
1日目から再開されます*
`聖晶石 X 2
5月交換券(2024) X 1
`*カルデア・サマーアドベンチャー！ アンケート復刻版 開幕記念 ログインボーナス*
*開催期間中、1日1回 最大21回 ログインボーナスをプレゼント！*
`白銀の果実 X 1
`_2024-05-28 04:38:50_
--------
*f51602b11a63ad4708f1caf2a93859c3*
`登陆天数: 6天 / 643天
等级: 130
石头: 4010
呼符: 41
体力: 13302.076666666666 / 138
友情点: 0 / 469935`
*連続ログイン6日目
※ログインが途切れるか、7日到達すると
1日目から再開されます*
`聖晶石 X 2
5月交換券(2024) X 1
`*カルデア・サマーアドベンチャー！ アンケート復刻版 開幕記念 ログインボーナス*
*開催期間中、1日1回 最大21回 ログインボーナスをプレゼント！*
`白銀の果実 X 1
`_2024-05-28 04:38:58_
--------
*7b8647ef34a6031c3133bd5ebc45c365*
`登陆天数: 6天 / 644天
等级: 130
石头: 2570
呼符: 0
体力: 13302.1 / 138
友情点: 0 / 466660`
*連続ログイン6日目
※ログインが途切れるか、7日到達すると
1日目から再開されます*
`聖晶石 X 2
5月交換券(2024) X 1
`*カルデア・サマーアドベンチャー！ アンケート復刻版 開幕記念 ログインボーナス*
*開催期間中、1日1回 最大21回 ログインボーナスをプレゼント！*
`白銀の果実 X 1
`_2024-05-28 04:39:06_
--------
*9a5e65e03b17fd1ad4d34f58f313ec98*
`登陆天数: 6天 / 644天
等级: 130
石头: 3647
呼符: 0
体力: 13302.13 / 138
友情点: 0 / 466605`
*連続ログイン6日目
※ログインが途切れるか、7日到達すると
1日目から再開されます*
`聖晶石 X 2
5月交換券(2024) X 1
`*カルデア・サマーアドベンチャー！ アンケート復刻版 開幕記念 ログインボーナス*
*開催期間中、1日1回 最大21回 ログインボーナスをプレゼント！*
`白銀の果実 X 1
`_2024-05-28 04:39:15_
--------
*bed8ee603f17429f4a32f4650ecf0d87*
`登陆天数: 6天 / 644天
等级: 130
石头: 2181
呼符: 0
体力: 13302.156666666666 / 138
友情点: 0 / 466020`
*連続ログイン6日目
※ログインが途切れるか、7日到達すると
1日目から再開されます*
`聖晶石 X 2
5月交換券(2024) X 1
`*カルデア・サマーアドベンチャー！ アンケート復刻版 開幕記念 ログインボーナス*
*開催期間中、1日1回 最大21回 ログインボーナスをプレゼント！*
`白銀の果実 X 1
`_2024-05-28 04:39:23_
--------
*9c5ed464e8af35376010aa03d2707564*
`登陆天数: 6天 / 644天
等级: 130
石头: 4006
呼符: 114
体力: 13302.183333333332 / 138
友情点: 0 / 466975`
*連続ログイン6日目
※ログインが途切れるか、7日到達すると
1日目から再開されます*
`聖晶石 X 2
5月交換券(2024) X 1
`*カルデア・サマーアドベンチャー！ アンケート復刻版 開幕記念 ログインボーナス*
*開催期間中、1日1回 最大21回 ログインボーナスをプレゼント！*
`白銀の果実 X 1
`_2024-05-28 04:39:31_
--------
*313bf84cb75de7e8dc490a50884d550d*
`登陆天数: 6天 / 643天
等级: 130
石头: 3198
呼符: 0
体力: 13302.21 / 138
友情点: 0 / 468260`
*連続ログイン6日目
※ログインが途切れるか、7日到達すると
1日目から再開されます*
`聖晶石 X 2
5月交換券(2024) X 1
`*カルデア・サマーアドベンチャー！ アンケート復刻版 開幕記念 ログインボーナス*
*開催期間中、1日1回 最大21回 ログインボーナスをプレゼント！*
`白銀の果実 X 1
`_2024-05-28 04:39:39_
--------
*b19782d8965c0661bc47630323fd35fd*
`登陆天数: 6天 / 643天
等级: 130
石头: 2264
呼符: 0
体力: 13302.236666666666 / 138
友情点: 0 / 468840`
*連続ログイン6日目
※ログインが途切れるか、7日到達すると
1日目から再開されます*
`聖晶石 X 2
5月交換券(2024) X 1
`*カルデア・サマーアドベンチャー！ アンケート復刻版 開幕記念 ログインボーナス*
*開催期間中、1日1回 最大21回 ログインボーナスをプレゼント！*
`白銀の果実 X 1
`_2024-05-28 04:39:47_
--------
*8bae3fac1c2ce983aed40c6bb009c45e*
`登陆天数: 6天 / 644天
等级: 130
石头: 2570
呼符: 0
体力: 13302.263333333334 / 138
友情点: 0 / 465795`
*連続ログイン6日目
※ログインが途切れるか、7日到達すると
1日目から再開されます*
`聖晶石 X 2
5月交換券(2024) X 1
`*カルデア・サマーアドベンチャー！ アンケート復刻版 開幕記念 ログインボーナス*
*開催期間中、1日1回 最大21回 ログインボーナスをプレゼント！*
`白銀の果実 X 1
`_2024-05-28 04:39:55_
--------
*ca4b430d613a792f6c392336a71dbc4a*
`登陆天数: 6天 / 643天
等级: 130
石头: 3825
呼符: 0
体力: 13302.29 / 138
友情点: 0 / 468255`
*連続ログイン6日目
※ログインが途切れるか、7日到達すると
1日目から再開されます*
`聖晶石 X 2
5月交換券(2024) X 1
`*カルデア・サマーアドベンチャー！ アンケート復刻版 開幕記念 ログインボーナス*
*開催期間中、1日1回 最大21回 ログインボーナスをプレゼント！*
`白銀の果実 X 1
`_2024-05-28 04:40:03_
--------
*ff527dfaa021206f115cdd93d5b83983*
`登陆天数: 6天 / 644天
等级: 130
石头: 3020
呼符: 0
体力: 13302.316666666668 / 138
友情点: 0 / 466610`
*連続ログイン6日目
※ログインが途切れるか、7日到達すると
1日目から再開されます*
`聖晶石 X 2
5月交換券(2024) X 1
`*カルデア・サマーアドベンチャー！ アンケート復刻版 開幕記念 ログインボーナス*
*開催期間中、1日1回 最大21回 ログインボーナスをプレゼント！*
`白銀の果実 X 1
`_2024-05-28 04:40:12_
--------
*7a52b75e7c50cb9325c0433e58c03307*
`登陆天数: 6天 / 644天
等级: 130
石头: 1792
呼符: 0
体力: 13302.343333333334 / 138
友情点: 0 / 467300`
*連続ログイン6日目
※ログインが途切れるか、7日到達すると
1日目から再開されます*
`聖晶石 X 2
5月交換券(2024) X 1
`*カルデア・サマーアドベンチャー！ アンケート復刻版 開幕記念 ログインボーナス*
*開催期間中、1日1回 最大21回 ログインボーナスをプレゼント！*
`白銀の果実 X 1
`_2024-05-28 04:40:20_
--------
*d005d6451dcf4cc22ceb43a623afe073*
`登陆天数: 6天 / 644天
等级: 130
石头: 3045
呼符: 0
体力: 13302.37 / 138
友情点: 0 / 466350`
*連続ログイン6日目
※ログインが途切れるか、7日到達すると
1日目から再開されます*
`聖晶石 X 2
5月交換券(2024) X 1
`*カルデア・サマーアドベンチャー！ アンケート復刻版 開幕記念 ログインボーナス*
*開催期間中、1日1回 最大21回 ログインボーナスをプレゼント！*
`白銀の果実 X 1
`_2024-05-28 04:40:27_
--------
*ce28f81291c94cf8d6ac3c8dc79f0dd8*
`登陆天数: 6天 / 644天
等级: 130
石头: 17
呼符: 0
体力: 13302.396666666667 / 138
友情点: 0 / 466980`
*連続ログイン6日目
※ログインが途切れるか、7日到達すると
1日目から再開されます*
`聖晶石 X 2
5月交換券(2024) X 1
`*カルデア・サマーアドベンチャー！ アンケート復刻版 開幕記念 ログインボーナス*
*開催期間中、1日1回 最大21回 ログインボーナスをプレゼント！*
`白銀の果実 X 1
`_2024-05-28 04:40:35_
--------
*82f13dda5a52d672337f751c1e7c3c45*
`登陆天数: 6天 / 644天
等级: 130
石头: 2560
呼符: 0
体力: 13302.423333333334 / 138
友情点: 0 / 466960`
*連続ログイン6日目
※ログインが途切れるか、7日到達すると
1日目から再開されます*
`聖晶石 X 2
5月交換券(2024) X 1
`*カルデア・サマーアドベンチャー！ アンケート復刻版 開幕記念 ログインボーナス*
*開催期間中、1日1回 最大21回 ログインボーナスをプレゼント！*
`白銀の果実 X 1
`_2024-05-28 04:40:43_
--------
*09a2ba83e0bc8fea531e77f0a0d50aa9*
`登陆天数: 6天 / 643天
等级: 130
石头: 2838
呼符: 0
体力: 13302.45 / 138
友情点: 0 / 468990`
*連続ログイン6日目
※ログインが途切れるか、7日到達すると
1日目から再開されます*
`聖晶石 X 2
5月交換券(2024) X 1
`*カルデア・サマーアドベンチャー！ アンケート復刻版 開幕記念 ログインボーナス*
*開催期間中、1日1回 最大21回 ログインボーナスをプレゼント！*
`白銀の果実 X 1
`_2024-05-28 04:40:52_
--------
*2dd116b65e89712075e408f90d682415*
`登陆天数: 6天 / 644天
等级: 130
石头: 2151
呼符: 0
体力: 13302.476666666667 / 138
友情点: 0 / 467185`
*連続ログイン6日目
※ログインが途切れるか、7日到達すると
1日目から再開されます*
`聖晶石 X 2
5月交換券(2024) X 1
`*カルデア・サマーアドベンチャー！ アンケート復刻版 開幕記念 ログインボーナス*
*開催期間中、1日1回 最大21回 ログインボーナスをプレゼント！*
`白銀の果実 X 1
`_2024-05-28 04:41:00_
--------
*dfa9b84ecf5732be6515081d724acce3*
`登陆天数: 6天 / 644天
等级: 130
石头: 1700
呼符: 0
体力: 13302.506666666666 / 138
友情点: 0 / 467090`
*連続ログイン6日目
※ログインが途切れるか、7日到達すると
1日目から再開されます*
`聖晶石 X 2
5月交換券(2024) X 1
`*カルデア・サマーアドベンチャー！ アンケート復刻版 開幕記念 ログインボーナス*
*開催期間中、1日1回 最大21回 ログインボーナスをプレゼント！*
`白銀の果実 X 1
`_2024-05-28 04:41:08_
--------
*31b243358b364f62610ba7677254fc68*
`登陆天数: 6天 / 644天
等级: 130
石头: 2661
呼符: 0
体力: 13302.533333333333 / 138
友情点: 0 / 467310`
_2024-05-28 04:41:16_
--------
