【登录信息】
*8a3564efd49db13b2126ab8fb5620e80*
`登陆天数: 41天 / 679天
等级: 130
石头: 4103
呼符: 81
体力: 26.019999999999996 / 138
友情点: 0 / 373995`
_2024-07-01 04:11:14_
--------
*a160ae053c028ace34062d564c4b3434*
`登陆天数: 41天 / 679天
等级: 130
石头: 3049
呼符: 19
体力: 25.989999999999995 / 138
友情点: 0 / 452050`
_2024-07-01 04:11:22_
--------
*309010c1117f0ebb5f35f82fea9eb4f6*
`登陆天数: 40天 / 678天
等级: 130
石头: 3980
呼符: 19
体力: 25.97 / 138
友情点: 0 / 406010`
_2024-07-01 04:11:30_
--------
*5c135a27e7eea2239db8b9755d3e9ae1*
`登陆天数: 40天 / 677天
等级: 130
石头: 4104
呼符: 87
体力: 25.943333333333328 / 138
友情点: 0 / 391330`
_2024-07-01 04:11:38_
--------
*86758e159c262a3eec981868ea27a1c3*
`登陆天数: 40天 / 677天
等级: 130
石头: 3109
呼符: 19
体力: 25.91666666666667 / 138
友情点: 0 / 454565`
_2024-07-01 04:11:46_
--------
*6f9a211aef83a19f37e03ab1f44059d2*
`登陆天数: 40天 / 677天
等级: 130
石头: 3855
呼符: 19
体力: 25.89333333333333 / 138
友情点: 0 / 410600`
_2024-07-01 04:11:55_
--------
*264322ca3fe339b40698d5d40eaec3fb*
`登陆天数: 40天 / 677天
等级: 130
石头: 3295
呼符: 19
体力: 25.870000000000005 / 138
友情点: 0 / 435540`
_2024-07-01 04:12:03_
--------
*993df3128051aa77d0b6aab01a866a9a*
`登陆天数: 40天 / 678天
等级: 130
石头: 3644
呼符: 19
体力: 25.846666666666664 / 138
友情点: 0 / 423895`
_2024-07-01 04:12:11_
--------
*fe7878e487b87c3aa8336de587760751*
`登陆天数: 40天 / 677天
等级: 130
石头: 3166
呼符: 19
体力: 25.819999999999993 / 138
友情点: 0 / 446355`
_2024-07-01 04:12:19_
--------
*7357bada9d6a4063627fa17b35bb2604*
`登陆天数: 40天 / 677天
等级: 130
石头: 3185
呼符: 19
体力: 25.799999999999997 / 138
友情点: 0 / 446695`
_2024-07-01 04:12:28_
--------
*fc20186e17f0a5e4375db91b76a97657*
`登陆天数: 40天 / 678天
等级: 130
石头: 3230
呼符: 19
体力: 25.773333333333326 / 138
友情点: 0 / 449865`
_2024-07-01 04:12:36_
--------
*9cbb46fef88ab486c0d3e99d35be64e4*
`登陆天数: 40天 / 677天
等级: 130
石头: 2085
呼符: 19
体力: 25.74666666666667 / 138
友情点: 0 / 480770`
_2024-07-01 04:12:44_
--------
*9ee786c2ed20e6016bca6dcfefdeafc2*
`登陆天数: 40天 / 677天
等级: 130
石头: 3166
呼符: 19
体力: 25.72333333333333 / 138
友情点: 0 / 444800`
_2024-07-01 04:12:53_
--------
*53d9263dda66ff3848eb10d23f286c21*
`登陆天数: 40天 / 678天
等级: 130
石头: 2987
呼符: 19
体力: 25.700000000000003 / 138
友情点: 0 / 457905`
_2024-07-01 04:13:01_
--------
*9abd5d5ff49c1d31302c488c7c0c2275*
`登陆天数: 40天 / 678天
等级: 130
石头: 3543
呼符: 19
体力: 25.676666666666662 / 138
友情点: 0 / 430115`
_2024-07-01 04:13:09_
--------
*e082093bbbd89caa74af88368e016abd*
`登陆天数: 40天 / 678天
等级: 130
石头: 2234
呼符: 19
体力: 25.650000000000006 / 138
友情点: 0 / 480170`
_2024-07-01 04:13:18_
--------
*d96070b40d8faa5efd9b147555fa350b*
`登陆天数: 40天 / 678天
等级: 130
石头: 2090
呼符: 19
体力: 25.626666666666665 / 138
友情点: 0 / 480570`
_2024-07-01 04:13:26_
--------
*f7d4b15a226c048f84750fa277bedce3*
`登陆天数: 40天 / 677天
等级: 130
石头: 3586
呼符: 19
体力: 25.60333333333334 / 138
友情点: 0 / 418975`
_2024-07-01 04:13:34_
--------
*bb93d1d18e6703deab02fee04d8f5aa9*
`登陆天数: 40天 / 677天
等级: 130
石头: 2895
呼符: 19
体力: 25.58 / 138
友情点: 0 / 458550`
_2024-07-01 04:13:42_
--------
*0fc5ff08df2cb401507510c2dfc95571*
`登陆天数: 40天 / 677天
等级: 130
石头: 2297
呼符: 19
体力: 25.553333333333327 / 138
友情点: 0 / 481105`
_2024-07-01 04:13:50_
--------
*906c4dd2c74dc270b973f3a18beddaae*
`登陆天数: 40天 / 678天
等级: 130
石头: 3190
呼符: 19
体力: 25.53 / 138
友情点: 0 / 450785`
_2024-07-01 04:13:59_
--------
*f832709d5bc106e6cc3f6cf77e9a2966*
`登陆天数: 40天 / 678天
等级: 130
石头: 3531
呼符: 19
体力: 25.50333333333333 / 138
友情点: 0 / 429510`
_2024-07-01 04:14:06_
--------
*26e43377a6d9b18ed58da4338c7ce464*
`登陆天数: 40天 / 678天
等级: 130
石头: 4085
呼符: 97
体力: 25.483333333333334 / 138
友情点: 0 / 394785`
_2024-07-01 04:14:15_
--------
*d1b2d282d12cf3c76a301a07c90894d1*
`登陆天数: 40天 / 677天
等级: 130
石头: 2504
呼符: 19
体力: 25.459999999999994 / 138
友情点: 0 / 478770`
_2024-07-01 04:14:23_
--------
*69db701634bebca3b7a22919c7530d3c*
`登陆天数: 40天 / 678天
等级: 130
石头: 1759
呼符: 19
体力: 25.433333333333337 / 138
友情点: 0 / 480045`
_2024-07-01 04:14:32_
--------
*e8c0f1935f1ff5817fd1fc590e5e517e*
`登陆天数: 40天 / 677天
等级: 130
石头: 1482
呼符: 19
体力: 25.406666666666666 / 138
友情点: 0 / 480810`
_2024-07-01 04:14:40_
--------
*79c3a62fb0a14c66f2418b5ee74d63ff*
`登陆天数: 40天 / 677天
等级: 130
石头: 2901
呼符: 19
体力: 25.38333333333334 / 138
友情点: 0 / 458110`
_2024-07-01 04:14:48_
--------
*d48af5c858bf9f1ffabaa093c28167ae*
`登陆天数: 40天 / 677天
等级: 130
石头: 766
呼符: 19
体力: 25.35666666666667 / 138
友情点: 0 / 481345`
_2024-07-01 04:14:56_
--------
*aba686dd2e74e8252b4246fe8a3939b1*
`登陆天数: 40天 / 677天
等级: 130
石头: 2296
呼符: 19
体力: 25.33333333333333 / 138
友情点: 0 / 480435`
_2024-07-01 04:15:04_
--------
*ef304c8c5f06070cc29dc623098ea109*
`登陆天数: 40天 / 677天
等级: 130
石头: 1730
呼符: 19
体力: 25.310000000000002 / 138
友情点: 0 / 479610`
_2024-07-01 04:15:12_
--------
*178b035b9e842fee5556cb8c15c6bcab*
`登陆天数: 40天 / 677天
等级: 130
石头: 4067
呼符: 19
体力: 25.28333333333333 / 138
友情点: 0 / 395085`
_2024-07-01 04:15:20_
--------
*80e841f805203eb56e3b98e085bae981*
`登陆天数: 40天 / 677天
等级: 130
石头: 2506
呼符: 19
体力: 25.260000000000005 / 138
友情点: 0 / 480870`
_2024-07-01 04:15:28_
--------
*f51602b11a63ad4708f1caf2a93859c3*
`登陆天数: 40天 / 677天
等级: 130
石头: 4101
呼符: 60
体力: 25.233333333333334 / 138
友情点: 0 / 393935`
_2024-07-01 04:15:36_
--------
*7b8647ef34a6031c3133bd5ebc45c365*
`登陆天数: 40天 / 678天
等级: 130
石头: 2659
呼符: 19
体力: 25.209999999999994 / 138
友情点: 0 / 450660`
_2024-07-01 04:15:45_
--------
*9a5e65e03b17fd1ad4d34f58f313ec98*
`登陆天数: 40天 / 678天
等级: 130
石头: 3736
呼符: 19
体力: 25.183333333333337 / 138
友情点: 0 / 416605`
_2024-07-01 04:15:53_
--------
*bed8ee603f17429f4a32f4650ecf0d87*
`登陆天数: 40天 / 678天
等级: 130
石头: 2270
呼符: 19
体力: 25.163333333333327 / 138
友情点: 0 / 480020`
_2024-07-01 04:16:01_
--------
*9c5ed464e8af35376010aa03d2707564*
`登陆天数: 40天 / 678天
等级: 130
石头: 4095
呼符: 133
体力: 25.13666666666667 / 138
友情点: 0 / 384975`
_2024-07-01 04:16:09_
--------
*313bf84cb75de7e8dc490a50884d550d*
`登陆天数: 40天 / 677天
等级: 130
石头: 3287
呼符: 20
体力: 25.11333333333333 / 138
友情点: 0 / 424260`
_2024-07-01 04:16:18_
--------
*b19782d8965c0661bc47630323fd35fd*
`登陆天数: 40天 / 677天
等级: 130
石头: 2355
呼符: 19
体力: 25.093333333333334 / 138
友情点: 0 / 480840`
_2024-07-01 04:16:26_
--------
*8bae3fac1c2ce983aed40c6bb009c45e*
`登陆天数: 40天 / 678天
等级: 130
石头: 2659
呼符: 19
体力: 25.066666666666663 / 138
友情点: 0 / 479795`
_2024-07-01 04:16:34_
--------
*ca4b430d613a792f6c392336a71dbc4a*
`登陆天数: 40天 / 677天
等级: 130
石头: 3916
呼符: 19
体力: 25.040000000000006 / 138
友情点: 0 / 414255`
_2024-07-01 04:16:42_
--------
*ff527dfaa021206f115cdd93d5b83983*
`登陆天数: 40天 / 678天
等级: 130
石头: 3109
呼符: 19
体力: 25.016666666666666 / 138
友情点: 0 / 450610`
_2024-07-01 04:16:51_
--------
*7a52b75e7c50cb9325c0433e58c03307*
`登陆天数: 40天 / 678天
等级: 130
石头: 1881
呼符: 19
体力: 24.99333333333334 / 138
友情点: 0 / 481300`
_2024-07-01 04:16:59_
--------
*d005d6451dcf4cc22ceb43a623afe073*
`登陆天数: 40天 / 678天
等级: 130
石头: 3134
呼符: 19
体力: 24.97 / 138
友情点: 0 / 452350`
_2024-07-01 04:17:07_
--------
*ce28f81291c94cf8d6ac3c8dc79f0dd8*
`登陆天数: 40天 / 678天
等级: 130
石头: 106
呼符: 19
体力: 24.939999999999998 / 138
友情点: 0 / 480980`
_2024-07-01 04:17:15_
--------
*82f13dda5a52d672337f751c1e7c3c45*
`登陆天数: 40天 / 678天
等级: 130
石头: 2649
呼符: 19
体力: 24.91666666666667 / 138
友情点: 0 / 470960`
_2024-07-01 04:17:23_
--------
*09a2ba83e0bc8fea531e77f0a0d50aa9*
`登陆天数: 40天 / 677天
等级: 130
石头: 2929
呼符: 19
体力: 24.89333333333333 / 138
友情点: 0 / 458990`
_2024-07-01 04:17:31_
--------
*2dd116b65e89712075e408f90d682415*
`登陆天数: 40天 / 678天
等级: 130
石头: 2240
呼符: 19
体力: 24.86333333333333 / 138
友情点: 0 / 481185`
_2024-07-01 04:17:40_
--------
*dfa9b84ecf5732be6515081d724acce3*
`登陆天数: 40天 / 678天
等级: 130
石头: 1789
呼符: 19
体力: 24.843333333333334 / 138
友情点: 0 / 481090`
_2024-07-01 04:17:48_
--------
*31b243358b364f62610ba7677254fc68*
`登陆天数: 40天 / 678天
等级: 130
石头: 2750
呼符: 19
体力: 27.38333333333334 / 138
友情点: 0 / 463310`
_2024-07-01 04:17:56_
--------
