【登录信息】
*8a3564efd49db13b2126ab8fb5620e80*
`登陆天数: 44天 / 682天
等级: 130
石头: 4104
呼符: 82
体力: 25.88333333333334 / 138
友情点: 0 / 375995`
_2024-07-04 04:11:00_
--------
*a160ae053c028ace34062d564c4b3434*
`登陆天数: 44天 / 682天
等级: 130
石头: 3050
呼符: 20
体力: 25.85333333333334 / 138
友情点: 0 / 454050`
_2024-07-04 04:11:07_
--------
*309010c1117f0ebb5f35f82fea9eb4f6*
`登陆天数: 43天 / 681天
等级: 130
石头: 3982
呼符: 20
体力: 25.823333333333338 / 138
友情点: 0 / 408010`
_2024-07-04 04:11:15_
--------
*5c135a27e7eea2239db8b9755d3e9ae1*
`登陆天数: 43天 / 680天
等级: 130
石头: 4106
呼符: 88
体力: 25.793333333333337 / 138
友情点: 0 / 393330`
_2024-07-04 04:11:23_
--------
*86758e159c262a3eec981868ea27a1c3*
`登陆天数: 43天 / 680天
等级: 130
石头: 3111
呼符: 20
体力: 25.763333333333335 / 138
友情点: 0 / 456565`
_2024-07-04 04:11:30_
--------
*6f9a211aef83a19f37e03ab1f44059d2*
`登陆天数: 43天 / 680天
等级: 130
石头: 3857
呼符: 20
体力: 25.733333333333334 / 138
友情点: 0 / 412600`
_2024-07-04 04:11:38_
--------
*264322ca3fe339b40698d5d40eaec3fb*
`登陆天数: 43天 / 680天
等级: 130
石头: 3297
呼符: 20
体力: 25.703333333333333 / 138
友情点: 0 / 437540`
_2024-07-04 04:11:46_
--------
*993df3128051aa77d0b6aab01a866a9a*
`登陆天数: 43天 / 681天
等级: 130
石头: 3646
呼符: 20
体力: 25.673333333333332 / 138
友情点: 0 / 425895`
_2024-07-04 04:11:53_
--------
*fe7878e487b87c3aa8336de587760751*
`登陆天数: 43天 / 680天
等级: 130
石头: 3168
呼符: 20
体力: 25.64333333333333 / 138
友情点: 0 / 448355`
_2024-07-04 04:12:01_
--------
*7357bada9d6a4063627fa17b35bb2604*
`登陆天数: 43天 / 680天
等级: 130
石头: 3187
呼符: 20
体力: 25.61333333333333 / 138
友情点: 0 / 448695`
_2024-07-04 04:12:09_
--------
*fc20186e17f0a5e4375db91b76a97657*
`登陆天数: 43天 / 681天
等级: 130
石头: 3232
呼符: 20
体力: 25.586666666666673 / 138
友情点: 0 / 451865`
_2024-07-04 04:12:17_
--------
*9cbb46fef88ab486c0d3e99d35be64e4*
`登陆天数: 43天 / 680天
等级: 130
石头: 2087
呼符: 20
体力: 25.560000000000002 / 138
友情点: 0 / 482770`
_2024-07-04 04:12:24_
--------
*9ee786c2ed20e6016bca6dcfefdeafc2*
`登陆天数: 43天 / 680天
等级: 130
石头: 3168
呼符: 20
体力: 25.52666666666667 / 138
友情点: 0 / 446800`
_2024-07-04 04:12:32_
--------
*53d9263dda66ff3848eb10d23f286c21*
`登陆天数: 43天 / 681天
等级: 130
石头: 2989
呼符: 20
体力: 25.49666666666667 / 138
友情点: 0 / 459905`
_2024-07-04 04:12:40_
--------
*9abd5d5ff49c1d31302c488c7c0c2275*
`登陆天数: 43天 / 681天
等级: 130
石头: 3545
呼符: 20
体力: 25.47 / 138
友情点: 0 / 432115`
_2024-07-04 04:12:47_
--------
*e082093bbbd89caa74af88368e016abd*
`登陆天数: 43天 / 681天
等级: 130
石头: 2236
呼符: 20
体力: 25.436666666666667 / 138
友情点: 0 / 482170`
_2024-07-04 04:12:55_
--------
*d96070b40d8faa5efd9b147555fa350b*
`登陆天数: 43天 / 681天
等级: 130
石头: 2092
呼符: 20
体力: 25.406666666666666 / 138
友情点: 0 / 482570`
_2024-07-04 04:13:03_
--------
*f7d4b15a226c048f84750fa277bedce3*
`登陆天数: 43天 / 680天
等级: 130
石头: 3588
呼符: 20
体力: 25.379999999999995 / 138
友情点: 0 / 420975`
_2024-07-04 04:13:10_
--------
*bb93d1d18e6703deab02fee04d8f5aa9*
`登陆天数: 43天 / 680天
等级: 130
石头: 2897
呼符: 20
体力: 25.349999999999994 / 138
友情点: 0 / 460550`
_2024-07-04 04:13:18_
--------
*0fc5ff08df2cb401507510c2dfc95571*
`登陆天数: 43天 / 680天
等级: 130
石头: 2299
呼符: 20
体力: 25.323333333333338 / 138
友情点: 0 / 483105`
_2024-07-04 04:13:26_
--------
*906c4dd2c74dc270b973f3a18beddaae*
`登陆天数: 43天 / 681天
等级: 130
石头: 3192
呼符: 20
体力: 25.293333333333337 / 138
友情点: 0 / 452785`
_2024-07-04 04:13:33_
--------
*f832709d5bc106e6cc3f6cf77e9a2966*
`登陆天数: 43天 / 681天
等级: 130
石头: 3533
呼符: 20
体力: 25.263333333333335 / 138
友情点: 0 / 431510`
_2024-07-04 04:13:41_
--------
*26e43377a6d9b18ed58da4338c7ce464*
`登陆天数: 43天 / 681天
等级: 130
石头: 4087
呼符: 98
体力: 25.233333333333334 / 138
友情点: 0 / 396785`
_2024-07-04 04:13:49_
--------
*d1b2d282d12cf3c76a301a07c90894d1*
`登陆天数: 43天 / 680天
等级: 130
石头: 2506
呼符: 20
体力: 25.203333333333333 / 138
友情点: 0 / 480770`
_2024-07-04 04:13:57_
--------
*69db701634bebca3b7a22919c7530d3c*
`登陆天数: 43天 / 681天
等级: 130
石头: 1761
呼符: 20
体力: 25.176666666666662 / 138
友情点: 0 / 482045`
_2024-07-04 04:14:04_
--------
*e8c0f1935f1ff5817fd1fc590e5e517e*
`登陆天数: 43天 / 680天
等级: 130
石头: 1484
呼符: 20
体力: 25.14666666666666 / 138
友情点: 0 / 482810`
_2024-07-04 04:14:12_
--------
*79c3a62fb0a14c66f2418b5ee74d63ff*
`登陆天数: 43天 / 680天
等级: 130
石头: 2903
呼符: 20
体力: 25.11333333333333 / 138
友情点: 0 / 460110`
_2024-07-04 04:14:20_
--------
*d48af5c858bf9f1ffabaa093c28167ae*
`登陆天数: 43天 / 680天
等级: 130
石头: 768
呼符: 20
体力: 25.086666666666673 / 138
友情点: 0 / 483345`
_2024-07-04 04:14:27_
--------
*aba686dd2e74e8252b4246fe8a3939b1*
`登陆天数: 43天 / 680天
等级: 130
石头: 2298
呼符: 20
体力: 25.053333333333327 / 138
友情点: 0 / 482435`
_2024-07-04 04:14:35_
--------
*ef304c8c5f06070cc29dc623098ea109*
`登陆天数: 43天 / 680天
等级: 130
石头: 1732
呼符: 20
体力: 25.02666666666667 / 138
友情点: 0 / 481610`
_2024-07-04 04:14:43_
--------
*178b035b9e842fee5556cb8c15c6bcab*
`登陆天数: 43天 / 680天
等级: 130
石头: 4069
呼符: 20
体力: 24.99666666666667 / 138
友情点: 0 / 397085`
_2024-07-04 04:14:50_
--------
*80e841f805203eb56e3b98e085bae981*
`登陆天数: 43天 / 680天
等级: 130
石头: 2508
呼符: 20
体力: 24.97 / 138
友情点: 0 / 482870`
_2024-07-04 04:14:58_
--------
*f51602b11a63ad4708f1caf2a93859c3*
`登陆天数: 43天 / 680天
等级: 130
石头: 4103
呼符: 61
体力: 24.939999999999998 / 138
友情点: 0 / 395935`
_2024-07-04 04:15:06_
--------
*7b8647ef34a6031c3133bd5ebc45c365*
`登陆天数: 43天 / 681天
等级: 130
石头: 2661
呼符: 20
体力: 24.906666666666666 / 138
友情点: 0 / 452660`
_2024-07-04 04:15:14_
--------
*9a5e65e03b17fd1ad4d34f58f313ec98*
`登陆天数: 43天 / 681天
等级: 130
石头: 3738
呼符: 20
体力: 24.879999999999995 / 138
友情点: 0 / 418605`
_2024-07-04 04:15:21_
--------
*bed8ee603f17429f4a32f4650ecf0d87*
`登陆天数: 43天 / 681天
等级: 130
石头: 2272
呼符: 20
体力: 24.849999999999994 / 138
友情点: 0 / 482020`
_2024-07-04 04:15:29_
--------
*9c5ed464e8af35376010aa03d2707564*
`登陆天数: 43天 / 681天
等级: 130
石头: 4097
呼符: 134
体力: 24.819999999999993 / 138
友情点: 0 / 386975`
_2024-07-04 04:15:36_
--------
*313bf84cb75de7e8dc490a50884d550d*
`登陆天数: 43天 / 680天
等级: 130
石头: 3289
呼符: 21
体力: 24.78666666666666 / 138
友情点: 0 / 426260`
_2024-07-04 04:15:44_
--------
*b19782d8965c0661bc47630323fd35fd*
`登陆天数: 43天 / 680天
等级: 130
石头: 2357
呼符: 20
体力: 24.760000000000005 / 138
友情点: 0 / 482840`
_2024-07-04 04:15:52_
--------
*8bae3fac1c2ce983aed40c6bb009c45e*
`登陆天数: 43天 / 681天
等级: 130
石头: 2661
呼符: 20
体力: 24.733333333333334 / 138
友情点: 0 / 481795`
_2024-07-04 04:15:59_
--------
*ca4b430d613a792f6c392336a71dbc4a*
`登陆天数: 43天 / 680天
等级: 130
石头: 3918
呼符: 20
体力: 24.700000000000003 / 138
友情点: 0 / 416255`
_2024-07-04 04:16:07_
--------
*ff527dfaa021206f115cdd93d5b83983*
`登陆天数: 43天 / 681天
等级: 130
石头: 3111
呼符: 20
体力: 24.673333333333332 / 138
友情点: 0 / 452610`
_2024-07-04 04:16:14_
--------
*7a52b75e7c50cb9325c0433e58c03307*
`登陆天数: 43天 / 681天
等级: 130
石头: 1883
呼符: 20
体力: 24.64666666666666 / 138
友情点: 0 / 483300`
_2024-07-04 04:16:22_
--------
*d005d6451dcf4cc22ceb43a623afe073*
`登陆天数: 43天 / 681天
等级: 130
石头: 3136
呼符: 20
体力: 24.61333333333333 / 138
友情点: 0 / 454350`
_2024-07-04 04:16:30_
--------
*ce28f81291c94cf8d6ac3c8dc79f0dd8*
`登陆天数: 43天 / 681天
等级: 130
石头: 108
呼符: 20
体力: 24.586666666666673 / 138
友情点: 0 / 482980`
_2024-07-04 04:16:37_
--------
*82f13dda5a52d672337f751c1e7c3c45*
`登陆天数: 43天 / 681天
等级: 130
石头: 2651
呼符: 20
体力: 24.556666666666672 / 138
友情点: 0 / 472960`
_2024-07-04 04:16:45_
--------
*09a2ba83e0bc8fea531e77f0a0d50aa9*
`登陆天数: 43天 / 680天
等级: 130
石头: 2931
呼符: 20
体力: 24.53 / 138
友情点: 0 / 460990`
_2024-07-04 04:16:53_
--------
*2dd116b65e89712075e408f90d682415*
`登陆天数: 43天 / 681天
等级: 130
石头: 2242
呼符: 20
体力: 24.50333333333333 / 138
友情点: 0 / 483185`
_2024-07-04 04:17:00_
--------
*dfa9b84ecf5732be6515081d724acce3*
`登陆天数: 43天 / 681天
等级: 130
石头: 1791
呼符: 20
体力: 24.47 / 138
友情点: 0 / 483090`
_2024-07-04 04:17:08_
--------
*31b243358b364f62610ba7677254fc68*
`登陆天数: 43天 / 681天
等级: 130
石头: 2752
呼符: 20
体力: 27.123333333333335 / 138
友情点: 0 / 465310`
_2024-07-04 04:17:16_
--------
