【登录信息】
*8a3564efd49db13b2126ab8fb5620e80*
`登陆天数: 45天 / 683天
等级: 130
石头: 4109
呼符: 60
体力: 26.680000000000007 / 138
友情点: 0 / 375995`
_2024-07-05 04:13:06_
--------
*a160ae053c028ace34062d564c4b3434*
`登陆天数: 45天 / 683天
等级: 130
石头: 3046
呼符: 0
体力: 26.659999999999997 / 138
友情点: 0 / 454050`
_2024-07-05 04:13:14_
--------
*309010c1117f0ebb5f35f82fea9eb4f6*
`登陆天数: 44天 / 682天
等级: 130
石头: 3976
呼符: 0
体力: 26.63333333333334 / 138
友情点: 0 / 408010`
_2024-07-05 04:13:22_
--------
*5c135a27e7eea2239db8b9755d3e9ae1*
`登陆天数: 44天 / 681天
等级: 130
石头: 4107
呼符: 88
体力: 26.61 / 138
友情点: 0 / 393330`
_2024-07-05 04:13:30_
--------
*86758e159c262a3eec981868ea27a1c3*
`登陆天数: 44天 / 681天
等级: 130
石头: 3112
呼符: 20
体力: 26.58333333333333 / 138
友情点: 0 / 456565`
_2024-07-05 04:13:39_
--------
*6f9a211aef83a19f37e03ab1f44059d2*
`登陆天数: 44天 / 681天
等级: 130
石头: 3858
呼符: 20
体力: 26.563333333333333 / 138
友情点: 0 / 412600`
_2024-07-05 04:13:47_
--------
*264322ca3fe339b40698d5d40eaec3fb*
`登陆天数: 44天 / 681天
等级: 130
石头: 3298
呼符: 20
体力: 26.540000000000006 / 138
友情点: 0 / 437540`
_2024-07-05 04:13:55_
--------
*993df3128051aa77d0b6aab01a866a9a*
`登陆天数: 44天 / 682天
等级: 130
石头: 3647
呼符: 20
体力: 26.513333333333335 / 138
友情点: 0 / 425895`
_2024-07-05 04:14:04_
--------
*fe7878e487b87c3aa8336de587760751*
`登陆天数: 44天 / 681天
等级: 130
石头: 3169
呼符: 20
体力: 26.489999999999995 / 138
友情点: 0 / 448355`
_2024-07-05 04:14:12_
--------
*7357bada9d6a4063627fa17b35bb2604*
`登陆天数: 44天 / 681天
等级: 130
石头: 3188
呼符: 20
体力: 26.46666666666667 / 138
友情点: 0 / 448695`
_2024-07-05 04:14:20_
--------
*fc20186e17f0a5e4375db91b76a97657*
`登陆天数: 44天 / 682天
等级: 130
石头: 3233
呼符: 20
体力: 26.443333333333328 / 138
友情点: 0 / 451865`
_2024-07-05 04:14:28_
--------
*9cbb46fef88ab486c0d3e99d35be64e4*
`登陆天数: 44天 / 681天
等级: 130
石头: 2088
呼符: 20
体力: 26.42 / 138
友情点: 0 / 482770`
_2024-07-05 04:14:35_
--------
*9ee786c2ed20e6016bca6dcfefdeafc2*
`登陆天数: 44天 / 681天
等级: 130
石头: 3169
呼符: 20
体力: 26.39333333333333 / 138
友情点: 0 / 446800`
_2024-07-05 04:14:43_
--------
*53d9263dda66ff3848eb10d23f286c21*
`登陆天数: 44天 / 682天
等级: 130
石头: 2990
呼符: 20
体力: 26.370000000000005 / 138
友情点: 0 / 459905`
_2024-07-05 04:14:52_
--------
*9abd5d5ff49c1d31302c488c7c0c2275*
`登陆天数: 44天 / 682天
等级: 130
石头: 3546
呼符: 20
体力: 26.346666666666664 / 138
友情点: 0 / 432115`
_2024-07-05 04:15:00_
--------
*e082093bbbd89caa74af88368e016abd*
`登陆天数: 44天 / 682天
等级: 130
石头: 2237
呼符: 20
体力: 26.326666666666668 / 138
友情点: 0 / 482170`
_2024-07-05 04:15:08_
--------
*d96070b40d8faa5efd9b147555fa350b*
`登陆天数: 44天 / 682天
等级: 130
石头: 2093
呼符: 20
体力: 26.296666666666667 / 138
友情点: 0 / 482570`
_2024-07-05 04:15:16_
--------
*f7d4b15a226c048f84750fa277bedce3*
`登陆天数: 44天 / 681天
等级: 130
石头: 3589
呼符: 20
体力: 26.273333333333326 / 138
友情点: 0 / 420975`
_2024-07-05 04:15:24_
--------
*bb93d1d18e6703deab02fee04d8f5aa9*
`登陆天数: 44天 / 681天
等级: 130
石头: 2898
呼符: 20
体力: 26.25 / 138
友情点: 0 / 460550`
_2024-07-05 04:15:32_
--------
*0fc5ff08df2cb401507510c2dfc95571*
`登陆天数: 44天 / 681天
等级: 130
石头: 2300
呼符: 20
体力: 26.230000000000004 / 138
友情点: 0 / 483105`
_2024-07-05 04:15:40_
--------
*906c4dd2c74dc270b973f3a18beddaae*
`登陆天数: 44天 / 682天
等级: 130
石头: 3193
呼符: 20
体力: 26.206666666666663 / 138
友情点: 0 / 452785`
_2024-07-05 04:15:48_
--------
*f832709d5bc106e6cc3f6cf77e9a2966*
`登陆天数: 44天 / 682天
等级: 130
石头: 3534
呼符: 20
体力: 26.183333333333337 / 138
友情点: 0 / 431510`
_2024-07-05 04:15:56_
--------
*26e43377a6d9b18ed58da4338c7ce464*
`登陆天数: 44天 / 682天
等级: 130
石头: 4088
呼符: 98
体力: 26.159999999999997 / 138
友情点: 0 / 396785`
_2024-07-05 04:16:04_
--------
*d1b2d282d12cf3c76a301a07c90894d1*
`登陆天数: 44天 / 681天
等级: 130
石头: 2507
呼符: 20
体力: 26.13666666666667 / 138
友情点: 0 / 480770`
_2024-07-05 04:16:12_
--------
*69db701634bebca3b7a22919c7530d3c*
`登陆天数: 44天 / 682天
等级: 130
石头: 1762
呼符: 20
体力: 26.11 / 138
友情点: 0 / 482045`
_2024-07-05 04:16:20_
--------
*e8c0f1935f1ff5817fd1fc590e5e517e*
`登陆天数: 44天 / 681天
等级: 130
石头: 1485
呼符: 20
体力: 26.086666666666673 / 138
友情点: 0 / 482810`
_2024-07-05 04:16:28_
--------
*79c3a62fb0a14c66f2418b5ee74d63ff*
`登陆天数: 44天 / 681天
等级: 130
石头: 2904
呼符: 20
体力: 26.063333333333333 / 138
友情点: 0 / 460110`
_2024-07-05 04:16:36_
--------
*d48af5c858bf9f1ffabaa093c28167ae*
`登陆天数: 44天 / 681天
等级: 130
石头: 769
呼符: 20
体力: 26.03666666666666 / 138
友情点: 0 / 483345`
_2024-07-05 04:16:44_
--------
*aba686dd2e74e8252b4246fe8a3939b1*
`登陆天数: 44天 / 681天
等级: 130
石头: 2299
呼符: 20
体力: 26.013333333333335 / 138
友情点: 0 / 482435`
_2024-07-05 04:16:52_
--------
*ef304c8c5f06070cc29dc623098ea109*
`登陆天数: 44天 / 681天
等级: 130
石头: 1733
呼符: 20
体力: 25.989999999999995 / 138
友情点: 0 / 481610`
_2024-07-05 04:17:01_
--------
*178b035b9e842fee5556cb8c15c6bcab*
`登陆天数: 44天 / 681天
等级: 130
石头: 4070
呼符: 20
体力: 25.97 / 138
友情点: 0 / 397085`
_2024-07-05 04:17:09_
--------
*80e841f805203eb56e3b98e085bae981*
`登陆天数: 44天 / 681天
等级: 130
石头: 2509
呼符: 20
体力: 25.946666666666673 / 138
友情点: 0 / 482870`
_2024-07-05 04:17:17_
--------
*f51602b11a63ad4708f1caf2a93859c3*
`登陆天数: 44天 / 681天
等级: 130
石头: 4104
呼符: 61
体力: 25.923333333333332 / 138
友情点: 0 / 395935`
_2024-07-05 04:17:25_
--------
*7b8647ef34a6031c3133bd5ebc45c365*
`登陆天数: 44天 / 682天
等级: 130
石头: 2662
呼符: 20
体力: 25.89666666666666 / 138
友情点: 0 / 452660`
_2024-07-05 04:17:33_
--------
*9a5e65e03b17fd1ad4d34f58f313ec98*
`登陆天数: 44天 / 682天
等级: 130
石头: 3739
呼符: 20
体力: 25.873333333333335 / 138
友情点: 0 / 418605`
_2024-07-05 04:17:41_
--------
*bed8ee603f17429f4a32f4650ecf0d87*
`登陆天数: 44天 / 682天
等级: 130
石头: 2273
呼符: 20
体力: 25.849999999999994 / 138
友情点: 0 / 482020`
_2024-07-05 04:17:50_
--------
*9c5ed464e8af35376010aa03d2707564*
`登陆天数: 44天 / 682天
等级: 130
石头: 4098
呼符: 134
体力: 25.826666666666668 / 138
友情点: 0 / 386975`
_2024-07-05 04:17:57_
--------
*313bf84cb75de7e8dc490a50884d550d*
`登陆天数: 44天 / 681天
等级: 130
石头: 3290
呼符: 21
体力: 25.803333333333327 / 138
友情点: 0 / 426260`
_2024-07-05 04:18:06_
--------
*b19782d8965c0661bc47630323fd35fd*
`登陆天数: 44天 / 681天
等级: 130
石头: 2358
呼符: 20
体力: 25.78 / 138
友情点: 0 / 482840`
_2024-07-05 04:18:14_
--------
*8bae3fac1c2ce983aed40c6bb009c45e*
`登陆天数: 44天 / 682天
等级: 130
石头: 2662
呼符: 20
体力: 25.75333333333333 / 138
友情点: 0 / 481795`
_2024-07-05 04:18:22_
--------
*ca4b430d613a792f6c392336a71dbc4a*
`登陆天数: 44天 / 681天
等级: 130
石头: 3919
呼符: 20
体力: 25.733333333333334 / 138
友情点: 0 / 416255`
_2024-07-05 04:18:30_
--------
*ff527dfaa021206f115cdd93d5b83983*
`登陆天数: 44天 / 682天
等级: 130
石头: 3112
呼符: 20
体力: 25.709999999999994 / 138
友情点: 0 / 452610`
_2024-07-05 04:18:38_
--------
*7a52b75e7c50cb9325c0433e58c03307*
`登陆天数: 44天 / 682天
等级: 130
石头: 1884
呼符: 20
体力: 25.683333333333337 / 138
友情点: 0 / 483300`
_2024-07-05 04:18:46_
--------
*d005d6451dcf4cc22ceb43a623afe073*
`登陆天数: 44天 / 682天
等级: 130
石头: 3137
呼符: 20
体力: 25.66666666666667 / 138
友情点: 0 / 454350`
_2024-07-05 04:18:55_
--------
*ce28f81291c94cf8d6ac3c8dc79f0dd8*
`登陆天数: 44天 / 682天
等级: 130
石头: 109
呼符: 20
体力: 25.64 / 138
友情点: 0 / 482980`
_2024-07-05 04:19:03_
--------
*82f13dda5a52d672337f751c1e7c3c45*
`登陆天数: 44天 / 682天
等级: 130
石头: 2652
呼符: 20
体力: 25.61666666666666 / 138
友情点: 0 / 472960`
_2024-07-05 04:19:11_
--------
*09a2ba83e0bc8fea531e77f0a0d50aa9*
`登陆天数: 44天 / 681天
等级: 130
石头: 2932
呼符: 20
体力: 25.590000000000003 / 138
友情点: 0 / 460990`
_2024-07-05 04:19:20_
--------
*2dd116b65e89712075e408f90d682415*
`登陆天数: 44天 / 682天
等级: 130
石头: 2243
呼符: 20
体力: 25.566666666666663 / 138
友情点: 0 / 483185`
_2024-07-05 04:19:28_
--------
*dfa9b84ecf5732be6515081d724acce3*
`登陆天数: 44天 / 682天
等级: 130
石头: 1792
呼符: 20
体力: 25.540000000000006 / 138
友情点: 0 / 483090`
_2024-07-05 04:19:36_
--------
*31b243358b364f62610ba7677254fc68*
`登陆天数: 44天 / 682天
等级: 130
石头: 2753
呼符: 20
体力: 28.040000000000006 / 138
友情点: 0 / 465310`
_2024-07-05 04:19:44_
--------
