【登录信息】
*8a3564efd49db13b2126ab8fb5620e80*
`登陆天数: 48天 / 686天
等级: 130
石头: 3872
呼符: 0
体力: 26.066666666666663 / 138
友情点: 0 / 375995`
_2024-07-08 04:12:18_
--------
*a160ae053c028ace34062d564c4b3434*
`登陆天数: 48天 / 686天
等级: 130
石头: 2569
呼符: 0
体力: 26.040000000000006 / 138
友情点: 0 / 454050`
_2024-07-08 04:12:26_
--------
*309010c1117f0ebb5f35f82fea9eb4f6*
`登陆天数: 47天 / 685天
等级: 130
石头: 3227
呼符: 0
体力: 26.016666666666666 / 138
友情点: 0 / 408010`
_2024-07-08 04:12:34_
--------
*5c135a27e7eea2239db8b9755d3e9ae1*
`登陆天数: 47天 / 684天
等级: 130
石头: 3958
呼符: 0
体力: 25.989999999999995 / 138
友情点: 0 / 393330`
_2024-07-08 04:12:42_
--------
*86758e159c262a3eec981868ea27a1c3*
`登陆天数: 47天 / 684天
等级: 130
石头: 2813
呼符: 0
体力: 25.96666666666667 / 138
友情点: 0 / 456565`
_2024-07-08 04:12:50_
--------
*6f9a211aef83a19f37e03ab1f44059d2*
`登陆天数: 47天 / 684天
等级: 130
石头: 3829
呼符: 0
体力: 25.939999999999998 / 138
友情点: 0 / 412600`
_2024-07-08 04:12:58_
--------
*264322ca3fe339b40698d5d40eaec3fb*
`登陆天数: 47天 / 684天
等级: 130
石头: 3269
呼符: 0
体力: 25.91666666666667 / 138
友情点: 0 / 437540`
_2024-07-08 04:13:06_
--------
*993df3128051aa77d0b6aab01a866a9a*
`登陆天数: 47天 / 685天
等级: 130
石头: 3588
呼符: 20
体力: 25.89 / 138
友情点: 0 / 425895`
_2024-07-08 04:13:15_
--------
*fe7878e487b87c3aa8336de587760751*
`登陆天数: 47天 / 684天
等级: 130
石头: 2510
呼符: 20
体力: 25.86666666666666 / 138
友情点: 0 / 448355`
_2024-07-08 04:13:22_
--------
*7357bada9d6a4063627fa17b35bb2604*
`登陆天数: 47天 / 684天
等级: 130
石头: 2379
呼符: 20
体力: 25.840000000000003 / 138
友情点: 0 / 448695`
_2024-07-08 04:13:30_
--------
*fc20186e17f0a5e4375db91b76a97657*
`登陆天数: 47天 / 685天
等级: 130
石头: 2454
呼符: 20
体力: 25.813333333333333 / 138
友情点: 0 / 451865`
_2024-07-08 04:13:38_
--------
*9cbb46fef88ab486c0d3e99d35be64e4*
`登陆天数: 47天 / 684天
等级: 130
石头: 1879
呼符: 20
体力: 25.78666666666666 / 138
友情点: 0 / 482770`
_2024-07-08 04:13:46_
--------
*9ee786c2ed20e6016bca6dcfefdeafc2*
`登陆天数: 47天 / 684天
等级: 130
石头: 2540
呼符: 20
体力: 25.763333333333335 / 138
友情点: 0 / 446800`
_2024-07-08 04:13:53_
--------
*53d9263dda66ff3848eb10d23f286c21*
`登陆天数: 47天 / 685天
等级: 130
石头: 2841
呼符: 20
体力: 25.736666666666665 / 138
友情点: 0 / 459905`
_2024-07-08 04:14:01_
--------
*9abd5d5ff49c1d31302c488c7c0c2275*
`登陆天数: 47天 / 685天
等级: 130
石头: 3277
呼符: 20
体力: 25.709999999999994 / 138
友情点: 0 / 432115`
_2024-07-08 04:14:09_
--------
*e082093bbbd89caa74af88368e016abd*
`登陆天数: 47天 / 685天
等级: 130
石头: 1998
呼符: 20
体力: 25.683333333333337 / 138
友情点: 0 / 482170`
_2024-07-08 04:14:17_
--------
*d96070b40d8faa5efd9b147555fa350b*
`登陆天数: 47天 / 685天
等级: 130
石头: 1854
呼符: 20
体力: 25.656666666666666 / 138
友情点: 0 / 482570`
_2024-07-08 04:14:24_
--------
*f7d4b15a226c048f84750fa277bedce3*
`登陆天数: 47天 / 684天
等级: 130
石头: 2690
呼符: 20
体力: 25.63333333333334 / 138
友情点: 0 / 420975`
_2024-07-08 04:14:32_
--------
*bb93d1d18e6703deab02fee04d8f5aa9*
`登陆天数: 47天 / 684天
等级: 130
石头: 2299
呼符: 20
体力: 25.60666666666667 / 138
友情点: 0 / 460550`
_2024-07-08 04:14:40_
--------
*0fc5ff08df2cb401507510c2dfc95571*
`登陆天数: 47天 / 684天
等级: 130
石头: 2151
呼符: 20
体力: 25.58 / 138
友情点: 0 / 483105`
_2024-07-08 04:14:48_
--------
*906c4dd2c74dc270b973f3a18beddaae*
`登陆天数: 47天 / 685天
等级: 130
石头: 2474
呼符: 20
体力: 25.553333333333327 / 138
友情点: 0 / 452785`
_2024-07-08 04:14:56_
--------
*f832709d5bc106e6cc3f6cf77e9a2966*
`登陆天数: 47天 / 685天
等级: 130
石头: 3445
呼符: 20
体力: 25.52666666666667 / 138
友情点: 0 / 431510`
_2024-07-08 04:15:03_
--------
*26e43377a6d9b18ed58da4338c7ce464*
`登陆天数: 47天 / 685天
等级: 130
石头: 4089
呼符: 42
体力: 25.5 / 138
友情点: 0 / 396785`
_2024-07-08 04:15:11_
--------
*d1b2d282d12cf3c76a301a07c90894d1*
`登陆天数: 47天 / 684天
等级: 130
石头: 2238
呼符: 20
体力: 25.476666666666674 / 138
友情点: 0 / 480770`
_2024-07-08 04:15:19_
--------
*69db701634bebca3b7a22919c7530d3c*
`登陆天数: 47天 / 685天
等级: 130
石头: 1193
呼符: 20
体力: 25.450000000000003 / 138
友情点: 0 / 482045`
_2024-07-08 04:15:27_
--------
*e8c0f1935f1ff5817fd1fc590e5e517e*
`登陆天数: 47天 / 684天
等级: 130
石头: 1426
呼符: 20
体力: 25.426666666666662 / 138
友情点: 0 / 482810`
_2024-07-08 04:15:35_
--------
*79c3a62fb0a14c66f2418b5ee74d63ff*
`登陆天数: 47天 / 684天
等级: 130
石头: 2845
呼符: 20
体力: 25.400000000000006 / 138
友情点: 0 / 460110`
_2024-07-08 04:15:43_
--------
*d48af5c858bf9f1ffabaa093c28167ae*
`登陆天数: 47天 / 684天
等级: 130
石头: 380
呼符: 20
体力: 25.376666666666665 / 138
友情点: 0 / 483345`
_2024-07-08 04:15:51_
--------
*aba686dd2e74e8252b4246fe8a3939b1*
`登陆天数: 47天 / 684天
等级: 130
石头: 2210
呼符: 20
体力: 25.35333333333334 / 138
友情点: 0 / 482435`
_2024-07-08 04:16:00_
--------
*ef304c8c5f06070cc29dc623098ea109*
`登陆天数: 47天 / 684天
等级: 130
石头: 1614
呼符: 20
体力: 25.326666666666668 / 138
友情点: 0 / 481610`
_2024-07-08 04:16:07_
--------
*178b035b9e842fee5556cb8c15c6bcab*
`登陆天数: 47天 / 684天
等级: 130
石头: 3681
呼符: 20
体力: 25.299999999999997 / 138
友情点: 0 / 397085`
_2024-07-08 04:16:15_
--------
*80e841f805203eb56e3b98e085bae981*
`登陆天数: 47天 / 684天
等级: 130
石头: 2480
呼符: 20
体力: 25.27666666666667 / 138
友情点: 0 / 482870`
_2024-07-08 04:16:24_
--------
*f51602b11a63ad4708f1caf2a93859c3*
`登陆天数: 47天 / 684天
等级: 130
石头: 3865
呼符: 0
体力: 25.25333333333333 / 138
友情点: 0 / 395935`
_2024-07-08 04:16:32_
--------
*7b8647ef34a6031c3133bd5ebc45c365*
`登陆天数: 47天 / 685天
等级: 130
石头: 2183
呼符: 20
体力: 25.226666666666674 / 138
友情点: 0 / 452660`
_2024-07-08 04:16:40_
--------
*9a5e65e03b17fd1ad4d34f58f313ec98*
`登陆天数: 47天 / 685天
等级: 130
石头: 3710
呼符: 20
体力: 25.203333333333333 / 138
友情点: 0 / 418605`
_2024-07-08 04:16:48_
--------
*bed8ee603f17429f4a32f4650ecf0d87*
`登陆天数: 47天 / 685天
等级: 130
石头: 1824
呼符: 20
体力: 25.180000000000007 / 138
友情点: 0 / 482020`
_2024-07-08 04:16:56_
--------
*9c5ed464e8af35376010aa03d2707564*
`登陆天数: 47天 / 685天
等级: 130
石头: 3709
呼符: 0
体力: 25.156666666666666 / 138
友情点: 0 / 386975`
_2024-07-08 04:17:04_
--------
*313bf84cb75de7e8dc490a50884d550d*
`登陆天数: 47天 / 684天
等级: 130
石头: 3111
呼符: 21
体力: 25.129999999999995 / 138
友情点: 0 / 426260`
_2024-07-08 04:17:12_
--------
*b19782d8965c0661bc47630323fd35fd*
`登陆天数: 47天 / 684天
等级: 130
石头: 2119
呼符: 20
体力: 25.10666666666667 / 138
友情点: 0 / 482840`
_2024-07-08 04:17:20_
--------
*8bae3fac1c2ce983aed40c6bb009c45e*
`登陆天数: 47天 / 685天
等级: 130
石头: 1763
呼符: 20
体力: 25.08333333333333 / 138
友情点: 0 / 481795`
_2024-07-08 04:17:28_
--------
*ca4b430d613a792f6c392336a71dbc4a*
`登陆天数: 47天 / 684天
等级: 130
石头: 3740
呼符: 20
体力: 25.060000000000002 / 138
友情点: 0 / 416255`
_2024-07-08 04:17:36_
--------
*ff527dfaa021206f115cdd93d5b83983*
`登陆天数: 47天 / 685天
等级: 130
石头: 2993
呼符: 20
体力: 25.03333333333333 / 138
友情点: 0 / 452610`
_2024-07-08 04:17:44_
--------
*7a52b75e7c50cb9325c0433e58c03307*
`登陆天数: 47天 / 685天
等级: 130
石头: 1885
呼符: 20
体力: 25.010000000000005 / 138
友情点: 0 / 483300`
_2024-07-08 04:17:53_
--------
*d005d6451dcf4cc22ceb43a623afe073*
`登陆天数: 47天 / 685天
等级: 130
石头: 2988
呼符: 20
体力: 24.986666666666665 / 138
友情点: 0 / 454350`
_2024-07-08 04:18:01_
--------
*ce28f81291c94cf8d6ac3c8dc79f0dd8*
`登陆天数: 47天 / 685天
等级: 130
石头: 110
呼符: 20
体力: 24.96333333333334 / 138
友情点: 0 / 482980`
_2024-07-08 04:18:09_
--------
*82f13dda5a52d672337f751c1e7c3c45*
`登陆天数: 47天 / 685天
等级: 130
石头: 2503
呼符: 20
体力: 24.939999999999998 / 138
友情点: 0 / 472960`
_2024-07-08 04:18:17_
--------
*09a2ba83e0bc8fea531e77f0a0d50aa9*
`登陆天数: 47天 / 684天
等级: 130
石头: 2423
呼符: 20
体力: 24.91666666666667 / 138
友情点: 0 / 460990`
_2024-07-08 04:18:25_
--------
*2dd116b65e89712075e408f90d682415*
`登陆天数: 47天 / 685天
等级: 130
石头: 2244
呼符: 20
体力: 24.89333333333333 / 138
友情点: 0 / 483185`
_2024-07-08 04:18:33_
--------
*dfa9b84ecf5732be6515081d724acce3*
`登陆天数: 47天 / 685天
等级: 130
石头: 1733
呼符: 20
体力: 24.870000000000005 / 138
友情点: 0 / 483090`
_2024-07-08 04:18:41_
--------
*31b243358b364f62610ba7677254fc68*
`登陆天数: 47天 / 685天
等级: 130
石头: 2154
呼符: 20
体力: 27.379999999999995 / 138
友情点: 0 / 465310`
_2024-07-08 04:18:49_
--------
