【登录信息】
*8a3564efd49db13b2126ab8fb5620e80*
`登陆天数: 50天 / 688天
等级: 130
石头: 3872
呼符: 1
体力: 28.730000000000004 / 138
友情点: 0 / 377995`
_2024-07-10 04:12:55_
--------
*a160ae053c028ace34062d564c4b3434*
`登陆天数: 50天 / 688天
等级: 130
石头: 2569
呼符: 1
体力: 28.703333333333333 / 138
友情点: 0 / 456050`
_2024-07-10 04:13:02_
--------
*309010c1117f0ebb5f35f82fea9eb4f6*
`登陆天数: 49天 / 687天
等级: 130
石头: 3229
呼符: 1
体力: 28.680000000000007 / 138
友情点: 0 / 408010`
_2024-07-10 04:13:10_
--------
*5c135a27e7eea2239db8b9755d3e9ae1*
`登陆天数: 49天 / 686天
等级: 130
石头: 3960
呼符: 1
体力: 28.656666666666666 / 138
友情点: 0 / 393330`
_2024-07-10 04:13:18_
--------
*86758e159c262a3eec981868ea27a1c3*
`登陆天数: 49天 / 686天
等级: 130
石头: 2815
呼符: 1
体力: 28.629999999999995 / 138
友情点: 0 / 456565`
_2024-07-10 04:13:26_
--------
*6f9a211aef83a19f37e03ab1f44059d2*
`登陆天数: 49天 / 686天
等级: 130
石头: 3831
呼符: 1
体力: 28.60333333333334 / 138
友情点: 0 / 412600`
_2024-07-10 04:13:34_
--------
*264322ca3fe339b40698d5d40eaec3fb*
`登陆天数: 49天 / 686天
等级: 130
石头: 3271
呼符: 1
体力: 28.576666666666668 / 138
友情点: 0 / 437540`
_2024-07-10 04:13:42_
--------
*993df3128051aa77d0b6aab01a866a9a*
`登陆天数: 49天 / 687天
等级: 130
石头: 3590
呼符: 21
体力: 28.553333333333327 / 138
友情点: 0 / 425895`
_2024-07-10 04:13:50_
--------
*fe7878e487b87c3aa8336de587760751*
`登陆天数: 49天 / 686天
等级: 130
石头: 2512
呼符: 21
体力: 28.52666666666667 / 138
友情点: 0 / 448355`
_2024-07-10 04:13:58_
--------
*7357bada9d6a4063627fa17b35bb2604*
`登陆天数: 49天 / 686天
等级: 130
石头: 2381
呼符: 21
体力: 28.50333333333333 / 138
友情点: 0 / 448695`
_2024-07-10 04:14:06_
--------
*fc20186e17f0a5e4375db91b76a97657*
`登陆天数: 49天 / 687天
等级: 130
石头: 2456
呼符: 21
体力: 28.476666666666674 / 138
友情点: 0 / 451865`
_2024-07-10 04:14:14_
--------
*9cbb46fef88ab486c0d3e99d35be64e4*
`登陆天数: 49天 / 686天
等级: 130
石头: 1881
呼符: 21
体力: 28.453333333333333 / 138
友情点: 0 / 482770`
_2024-07-10 04:14:22_
--------
*9ee786c2ed20e6016bca6dcfefdeafc2*
`登陆天数: 49天 / 686天
等级: 130
石头: 2542
呼符: 21
体力: 28.426666666666662 / 138
友情点: 0 / 446800`
_2024-07-10 04:14:30_
--------
*53d9263dda66ff3848eb10d23f286c21*
`登陆天数: 49天 / 687天
等级: 130
石头: 2843
呼符: 21
体力: 28.403333333333336 / 138
友情点: 0 / 459905`
_2024-07-10 04:14:38_
--------
*9abd5d5ff49c1d31302c488c7c0c2275*
`登陆天数: 49天 / 687天
等级: 130
石头: 3279
呼符: 21
体力: 28.376666666666665 / 138
友情点: 0 / 432115`
_2024-07-10 04:14:45_
--------
*e082093bbbd89caa74af88368e016abd*
`登陆天数: 49天 / 687天
等级: 130
石头: 2000
呼符: 21
体力: 28.349999999999994 / 138
友情点: 0 / 482170`
_2024-07-10 04:14:53_
--------
*d96070b40d8faa5efd9b147555fa350b*
`登陆天数: 49天 / 687天
等级: 130
石头: 1856
呼符: 21
体力: 28.33 / 138
友情点: 0 / 482570`
_2024-07-10 04:15:01_
--------
*f7d4b15a226c048f84750fa277bedce3*
`登陆天数: 49天 / 686天
等级: 130
石头: 2692
呼符: 21
体力: 28.303333333333327 / 138
友情点: 0 / 420975`
_2024-07-10 04:15:09_
--------
*bb93d1d18e6703deab02fee04d8f5aa9*
`登陆天数: 49天 / 686天
等级: 130
石头: 2301
呼符: 21
体力: 28.27666666666667 / 138
友情点: 0 / 460550`
_2024-07-10 04:15:17_
--------
*0fc5ff08df2cb401507510c2dfc95571*
`登陆天数: 49天 / 686天
等级: 130
石头: 2153
呼符: 21
体力: 28.25333333333333 / 138
友情点: 0 / 483105`
_2024-07-10 04:15:25_
--------
*906c4dd2c74dc270b973f3a18beddaae*
`登陆天数: 49天 / 687天
等级: 130
石头: 2476
呼符: 21
体力: 28.226666666666674 / 138
友情点: 0 / 452785`
_2024-07-10 04:15:33_
--------
*f832709d5bc106e6cc3f6cf77e9a2966*
`登陆天数: 49天 / 687天
等级: 130
石头: 3447
呼符: 21
体力: 28.203333333333333 / 138
友情点: 0 / 431510`
_2024-07-10 04:15:41_
--------
*26e43377a6d9b18ed58da4338c7ce464*
`登陆天数: 49天 / 687天
等级: 130
石头: 4091
呼符: 43
体力: 28.176666666666662 / 138
友情点: 0 / 396785`
_2024-07-10 04:15:49_
--------
*d1b2d282d12cf3c76a301a07c90894d1*
`登陆天数: 49天 / 686天
等级: 130
石头: 2240
呼符: 21
体力: 28.153333333333336 / 138
友情点: 0 / 480770`
_2024-07-10 04:15:57_
--------
*69db701634bebca3b7a22919c7530d3c*
`登陆天数: 49天 / 687天
等级: 130
石头: 1195
呼符: 21
体力: 28.13333333333334 / 138
友情点: 0 / 482045`
_2024-07-10 04:16:05_
--------
*e8c0f1935f1ff5817fd1fc590e5e517e*
`登陆天数: 49天 / 686天
等级: 130
石头: 1428
呼符: 21
体力: 28.10666666666667 / 138
友情点: 0 / 482810`
_2024-07-10 04:16:13_
--------
*79c3a62fb0a14c66f2418b5ee74d63ff*
`登陆天数: 49天 / 686天
等级: 130
石头: 2847
呼符: 21
体力: 28.08 / 138
友情点: 0 / 460110`
_2024-07-10 04:16:21_
--------
*d48af5c858bf9f1ffabaa093c28167ae*
`登陆天数: 49天 / 686天
等级: 130
石头: 382
呼符: 21
体力: 28.056666666666672 / 138
友情点: 0 / 483345`
_2024-07-10 04:16:29_
--------
*aba686dd2e74e8252b4246fe8a3939b1*
`登陆天数: 49天 / 686天
等级: 130
石头: 2212
呼符: 21
体力: 28.03333333333333 / 138
友情点: 0 / 482435`
_2024-07-10 04:16:37_
--------
*ef304c8c5f06070cc29dc623098ea109*
`登陆天数: 49天 / 686天
等级: 130
石头: 1616
呼符: 21
体力: 28.00666666666666 / 138
友情点: 0 / 481610`
_2024-07-10 04:16:45_
--------
*178b035b9e842fee5556cb8c15c6bcab*
`登陆天数: 49天 / 686天
等级: 130
石头: 3683
呼符: 21
体力: 27.983333333333334 / 138
友情点: 0 / 397085`
_2024-07-10 04:16:52_
--------
*80e841f805203eb56e3b98e085bae981*
`登陆天数: 49天 / 686天
等级: 130
石头: 2482
呼符: 21
体力: 27.956666666666663 / 138
友情点: 0 / 482870`
_2024-07-10 04:17:00_
--------
*f51602b11a63ad4708f1caf2a93859c3*
`登陆天数: 49天 / 686天
等级: 130
石头: 3867
呼符: 1
体力: 27.933333333333337 / 138
友情点: 0 / 395935`
_2024-07-10 04:17:08_
--------
*7b8647ef34a6031c3133bd5ebc45c365*
`登陆天数: 49天 / 687天
等级: 130
石头: 2185
呼符: 21
体力: 27.909999999999997 / 138
友情点: 0 / 452660`
_2024-07-10 04:17:16_
--------
*9a5e65e03b17fd1ad4d34f58f313ec98*
`登陆天数: 49天 / 687天
等级: 130
石头: 3712
呼符: 21
体力: 27.88333333333334 / 138
友情点: 0 / 418605`
_2024-07-10 04:17:24_
--------
*bed8ee603f17429f4a32f4650ecf0d87*
`登陆天数: 49天 / 687天
等级: 130
石头: 1826
呼符: 21
体力: 27.86 / 138
友情点: 0 / 482020`
_2024-07-10 04:17:32_
--------
*9c5ed464e8af35376010aa03d2707564*
`登陆天数: 49天 / 687天
等级: 130
石头: 3711
呼符: 1
体力: 27.83333333333333 / 138
友情点: 0 / 386975`
_2024-07-10 04:17:40_
--------
*313bf84cb75de7e8dc490a50884d550d*
`登陆天数: 49天 / 686天
等级: 130
石头: 3113
呼符: 22
体力: 27.806666666666672 / 138
友情点: 0 / 426260`
_2024-07-10 04:17:48_
--------
*b19782d8965c0661bc47630323fd35fd*
`登陆天数: 49天 / 686天
等级: 130
石头: 2121
呼符: 21
体力: 27.78333333333333 / 138
友情点: 0 / 482840`
_2024-07-10 04:17:56_
--------
*8bae3fac1c2ce983aed40c6bb009c45e*
`登陆天数: 49天 / 687天
等级: 130
石头: 1765
呼符: 21
体力: 27.760000000000005 / 138
友情点: 0 / 481795`
_2024-07-10 04:18:04_
--------
*ca4b430d613a792f6c392336a71dbc4a*
`登陆天数: 49天 / 686天
等级: 130
石头: 3742
呼符: 21
体力: 27.739999999999995 / 138
友情点: 0 / 416255`
_2024-07-10 04:18:12_
--------
*ff527dfaa021206f115cdd93d5b83983*
`登陆天数: 49天 / 687天
等级: 130
石头: 2995
呼符: 21
体力: 27.71666666666667 / 138
友情点: 0 / 452610`
_2024-07-10 04:18:20_
--------
*7a52b75e7c50cb9325c0433e58c03307*
`登陆天数: 49天 / 687天
等级: 130
石头: 1887
呼符: 21
体力: 27.689999999999998 / 138
友情点: 0 / 483300`
_2024-07-10 04:18:28_
--------
*d005d6451dcf4cc22ceb43a623afe073*
`登陆天数: 49天 / 687天
等级: 130
石头: 2990
呼符: 21
体力: 27.66666666666667 / 138
友情点: 0 / 454350`
_2024-07-10 04:18:36_
--------
*ce28f81291c94cf8d6ac3c8dc79f0dd8*
`登陆天数: 49天 / 687天
等级: 130
石头: 112
呼符: 21
体力: 27.64 / 138
友情点: 0 / 482980`
_2024-07-10 04:18:44_
--------
*82f13dda5a52d672337f751c1e7c3c45*
`登陆天数: 49天 / 687天
等级: 130
石头: 2505
呼符: 21
体力: 27.61333333333333 / 138
友情点: 0 / 472960`
_2024-07-10 04:18:52_
--------
*09a2ba83e0bc8fea531e77f0a0d50aa9*
`登陆天数: 49天 / 686天
等级: 130
石头: 2425
呼符: 21
体力: 27.590000000000003 / 138
友情点: 0 / 460990`
_2024-07-10 04:19:00_
--------
*2dd116b65e89712075e408f90d682415*
`登陆天数: 49天 / 687天
等级: 130
石头: 2246
呼符: 21
体力: 27.566666666666663 / 138
友情点: 0 / 483185`
_2024-07-10 04:19:08_
--------
*dfa9b84ecf5732be6515081d724acce3*
`登陆天数: 49天 / 687天
等级: 130
石头: 1735
呼符: 21
体力: 27.543333333333337 / 138
友情点: 0 / 483090`
_2024-07-10 04:19:16_
--------
*31b243358b364f62610ba7677254fc68*
`登陆天数: 49天 / 687天
等级: 130
石头: 2156
呼符: 21
体力: 30.17 / 138
友情点: 0 / 465310`
_2024-07-10 04:19:24_
--------
