【登录信息】
*8a3564efd49db13b2126ab8fb5620e80*
`登陆天数: 51天 / 689天
等级: 130
石头: 3873
呼符: 1
体力: 28.523333333333326 / 138
友情点: 0 / 377995`
_2024-07-11 04:12:44_
--------
*a160ae053c028ace34062d564c4b3434*
`登陆天数: 51天 / 689天
等级: 130
石头: 2570
呼符: 1
体力: 28.49666666666667 / 138
友情点: 0 / 456050`
_2024-07-11 04:12:52_
--------
*309010c1117f0ebb5f35f82fea9eb4f6*
`登陆天数: 50天 / 688天
等级: 130
石头: 3229
呼符: 1
体力: 28.46666666666667 / 138
友情点: 0 / 410010`
_2024-07-11 04:13:00_
--------
*5c135a27e7eea2239db8b9755d3e9ae1*
`登陆天数: 50天 / 687天
等级: 130
石头: 3960
呼符: 1
体力: 28.439999999999998 / 138
友情点: 0 / 395330`
_2024-07-11 04:13:08_
--------
*86758e159c262a3eec981868ea27a1c3*
`登陆天数: 50天 / 687天
等级: 130
石头: 2815
呼符: 1
体力: 28.409999999999997 / 138
友情点: 0 / 458565`
_2024-07-11 04:13:15_
--------
*6f9a211aef83a19f37e03ab1f44059d2*
`登陆天数: 50天 / 687天
等级: 130
石头: 3831
呼符: 1
体力: 28.379999999999995 / 138
友情点: 0 / 414600`
_2024-07-11 04:13:23_
--------
*264322ca3fe339b40698d5d40eaec3fb*
`登陆天数: 50天 / 687天
等级: 130
石头: 3271
呼符: 1
体力: 28.349999999999994 / 138
友情点: 0 / 439540`
_2024-07-11 04:13:31_
--------
*993df3128051aa77d0b6aab01a866a9a*
`登陆天数: 50天 / 688天
等级: 130
石头: 3590
呼符: 21
体力: 28.319999999999993 / 138
友情点: 0 / 427895`
_2024-07-11 04:13:38_
--------
*fe7878e487b87c3aa8336de587760751*
`登陆天数: 50天 / 687天
等级: 130
石头: 2512
呼符: 21
体力: 28.293333333333337 / 138
友情点: 0 / 450355`
_2024-07-11 04:13:46_
--------
*7357bada9d6a4063627fa17b35bb2604*
`登陆天数: 50天 / 687天
等级: 130
石头: 2381
呼符: 21
体力: 28.263333333333335 / 138
友情点: 0 / 450695`
_2024-07-11 04:13:54_
--------
*fc20186e17f0a5e4375db91b76a97657*
`登陆天数: 50天 / 688天
等级: 130
石头: 2456
呼符: 21
体力: 28.236666666666665 / 138
友情点: 0 / 453865`
_2024-07-11 04:14:02_
--------
*9cbb46fef88ab486c0d3e99d35be64e4*
`登陆天数: 50天 / 687天
等级: 130
石头: 1881
呼符: 21
体力: 28.21333333333334 / 138
友情点: 0 / 484770`
_2024-07-11 04:14:09_
--------
*9ee786c2ed20e6016bca6dcfefdeafc2*
`登陆天数: 50天 / 687天
等级: 130
石头: 2542
呼符: 21
体力: 28.186666666666667 / 138
友情点: 0 / 448800`
_2024-07-11 04:14:17_
--------
*53d9263dda66ff3848eb10d23f286c21*
`登陆天数: 50天 / 688天
等级: 130
石头: 2843
呼符: 21
体力: 28.163333333333327 / 138
友情点: 0 / 461905`
_2024-07-11 04:14:25_
--------
*9abd5d5ff49c1d31302c488c7c0c2275*
`登陆天数: 50天 / 688天
等级: 130
石头: 3279
呼符: 21
体力: 28.13333333333334 / 138
友情点: 0 / 434115`
_2024-07-11 04:14:33_
--------
*e082093bbbd89caa74af88368e016abd*
`登陆天数: 50天 / 688天
等级: 130
石头: 2000
呼符: 21
体力: 28.11 / 138
友情点: 0 / 484170`
_2024-07-11 04:14:41_
--------
*d96070b40d8faa5efd9b147555fa350b*
`登陆天数: 50天 / 688天
等级: 130
石头: 1856
呼符: 21
体力: 28.08333333333333 / 138
友情点: 0 / 484570`
_2024-07-11 04:14:48_
--------
*f7d4b15a226c048f84750fa277bedce3*
`登陆天数: 50天 / 687天
等级: 130
石头: 2692
呼符: 21
体力: 28.060000000000002 / 138
友情点: 0 / 422975`
_2024-07-11 04:14:56_
--------
*bb93d1d18e6703deab02fee04d8f5aa9*
`登陆天数: 50天 / 687天
等级: 130
石头: 2301
呼符: 21
体力: 28.03 / 138
友情点: 0 / 462550`
_2024-07-11 04:15:04_
--------
*0fc5ff08df2cb401507510c2dfc95571*
`登陆天数: 50天 / 687天
等级: 130
石头: 2153
呼符: 21
体力: 28.00666666666666 / 138
友情点: 0 / 485105`
_2024-07-11 04:15:11_
--------
*906c4dd2c74dc270b973f3a18beddaae*
`登陆天数: 50天 / 688天
等级: 130
石头: 2476
呼符: 21
体力: 27.97333333333333 / 138
友情点: 0 / 454785`
_2024-07-11 04:15:19_
--------
*f832709d5bc106e6cc3f6cf77e9a2966*
`登陆天数: 50天 / 688天
等级: 130
石头: 3447
呼符: 21
体力: 27.943333333333328 / 138
友情点: 0 / 433510`
_2024-07-11 04:15:27_
--------
*26e43377a6d9b18ed58da4338c7ce464*
`登陆天数: 50天 / 688天
等级: 130
石头: 4091
呼符: 43
体力: 27.913333333333327 / 138
友情点: 0 / 398785`
_2024-07-11 04:15:34_
--------
*d1b2d282d12cf3c76a301a07c90894d1*
`登陆天数: 50天 / 687天
等级: 130
石头: 2240
呼符: 21
体力: 27.88333333333334 / 138
友情点: 0 / 482770`
_2024-07-11 04:15:42_
--------
*69db701634bebca3b7a22919c7530d3c*
`登陆天数: 50天 / 688天
等级: 130
石头: 1195
呼符: 21
体力: 27.86 / 138
友情点: 0 / 484045`
_2024-07-11 04:15:50_
--------
*e8c0f1935f1ff5817fd1fc590e5e517e*
`登陆天数: 50天 / 687天
等级: 130
石头: 1428
呼符: 21
体力: 27.83333333333333 / 138
友情点: 0 / 484810`
_2024-07-11 04:15:58_
--------
*79c3a62fb0a14c66f2418b5ee74d63ff*
`登陆天数: 50天 / 687天
等级: 130
石头: 2847
呼符: 21
体力: 27.806666666666672 / 138
友情点: 0 / 462110`
_2024-07-11 04:16:06_
--------
*d48af5c858bf9f1ffabaa093c28167ae*
`登陆天数: 50天 / 687天
等级: 130
石头: 382
呼符: 21
体力: 27.78333333333333 / 138
友情点: 0 / 485345`
_2024-07-11 04:16:14_
--------
*aba686dd2e74e8252b4246fe8a3939b1*
`登陆天数: 50天 / 687天
等级: 130
石头: 2212
呼符: 21
体力: 27.75666666666666 / 138
友情点: 0 / 484435`
_2024-07-11 04:16:21_
--------
*ef304c8c5f06070cc29dc623098ea109*
`登陆天数: 50天 / 687天
等级: 130
石头: 1616
呼符: 21
体力: 27.730000000000004 / 138
友情点: 0 / 483610`
_2024-07-11 04:16:29_
--------
*178b035b9e842fee5556cb8c15c6bcab*
`登陆天数: 50天 / 687天
等级: 130
石头: 3683
呼符: 21
体力: 27.703333333333333 / 138
友情点: 0 / 399085`
_2024-07-11 04:16:37_
--------
*80e841f805203eb56e3b98e085bae981*
`登陆天数: 50天 / 687天
等级: 130
石头: 2482
呼符: 21
体力: 27.680000000000007 / 138
友情点: 0 / 484870`
_2024-07-11 04:16:44_
--------
*f51602b11a63ad4708f1caf2a93859c3*
`登陆天数: 50天 / 687天
等级: 130
石头: 3867
呼符: 1
体力: 27.650000000000006 / 138
友情点: 0 / 397935`
_2024-07-11 04:16:52_
--------
*7b8647ef34a6031c3133bd5ebc45c365*
`登陆天数: 50天 / 688天
等级: 130
石头: 2185
呼符: 21
体力: 27.623333333333335 / 138
友情点: 0 / 454660`
_2024-07-11 04:17:00_
--------
*9a5e65e03b17fd1ad4d34f58f313ec98*
`登陆天数: 50天 / 688天
等级: 130
石头: 3712
呼符: 21
体力: 27.596666666666664 / 138
友情点: 0 / 420605`
_2024-07-11 04:17:07_
--------
*bed8ee603f17429f4a32f4650ecf0d87*
`登陆天数: 50天 / 688天
等级: 130
石头: 1826
呼符: 21
体力: 27.569999999999993 / 138
友情点: 0 / 484020`
_2024-07-11 04:17:15_
--------
*9c5ed464e8af35376010aa03d2707564*
`登陆天数: 50天 / 688天
等级: 130
石头: 3711
呼符: 1
体力: 27.540000000000006 / 138
友情点: 0 / 388975`
_2024-07-11 04:17:23_
--------
*313bf84cb75de7e8dc490a50884d550d*
`登陆天数: 50天 / 687天
等级: 130
石头: 3113
呼符: 22
体力: 27.513333333333335 / 138
友情点: 0 / 428260`
_2024-07-11 04:17:30_
--------
*b19782d8965c0661bc47630323fd35fd*
`登陆天数: 50天 / 687天
等级: 130
石头: 2121
呼符: 21
体力: 27.480000000000004 / 138
友情点: 0 / 484840`
_2024-07-11 04:17:38_
--------
*8bae3fac1c2ce983aed40c6bb009c45e*
`登陆天数: 50天 / 688天
等级: 130
石头: 1765
呼符: 21
体力: 27.453333333333333 / 138
友情点: 0 / 483795`
_2024-07-11 04:17:46_
--------
*ca4b430d613a792f6c392336a71dbc4a*
`登陆天数: 50天 / 687天
等级: 130
石头: 3742
呼符: 21
体力: 27.426666666666662 / 138
友情点: 0 / 418255`
_2024-07-11 04:17:53_
--------
*ff527dfaa021206f115cdd93d5b83983*
`登陆天数: 50天 / 688天
等级: 130
石头: 2995
呼符: 21
体力: 27.39666666666666 / 138
友情点: 0 / 454610`
_2024-07-11 04:18:01_
--------
*7a52b75e7c50cb9325c0433e58c03307*
`登陆天数: 50天 / 688天
等级: 130
石头: 1887
呼符: 21
体力: 27.370000000000005 / 138
友情点: 0 / 485300`
_2024-07-11 04:18:09_
--------
*d005d6451dcf4cc22ceb43a623afe073*
`登陆天数: 50天 / 688天
等级: 130
石头: 2990
呼符: 21
体力: 27.346666666666664 / 138
友情点: 0 / 456350`
_2024-07-11 04:18:16_
--------
*ce28f81291c94cf8d6ac3c8dc79f0dd8*
`登陆天数: 50天 / 688天
等级: 130
石头: 112
呼符: 21
体力: 27.319999999999993 / 138
友情点: 0 / 484980`
_2024-07-11 04:18:24_
--------
*82f13dda5a52d672337f751c1e7c3c45*
`登陆天数: 50天 / 688天
等级: 130
石头: 2505
呼符: 21
体力: 27.296666666666667 / 138
友情点: 0 / 474960`
_2024-07-11 04:18:32_
--------
*09a2ba83e0bc8fea531e77f0a0d50aa9*
`登陆天数: 50天 / 687天
等级: 130
石头: 2425
呼符: 21
体力: 27.269999999999996 / 138
友情点: 0 / 462990`
_2024-07-11 04:18:40_
--------
*2dd116b65e89712075e408f90d682415*
`登陆天数: 50天 / 688天
等级: 130
石头: 2246
呼符: 21
体力: 27.24333333333334 / 138
友情点: 0 / 485185`
_2024-07-11 04:18:48_
--------
*dfa9b84ecf5732be6515081d724acce3*
`登陆天数: 50天 / 688天
等级: 130
石头: 1735
呼符: 21
体力: 27.21333333333334 / 138
友情点: 0 / 485090`
_2024-07-11 04:18:55_
--------
*31b243358b364f62610ba7677254fc68*
`登陆天数: 50天 / 688天
等级: 130
石头: 2156
呼符: 21
体力: 29.86 / 138
友情点: 0 / 467310`
_2024-07-11 04:19:03_
--------
