【登录信息】
*8a3564efd49db13b2126ab8fb5620e80*
`登陆天数: 52天 / 690天
等级: 130
石头: 3873
呼符: 1
体力: 28.426666666666662 / 138
友情点: 0 / 377995`
_2024-07-12 04:10:53_
--------
*a160ae053c028ace34062d564c4b3434*
`登陆天数: 52天 / 690天
等级: 130
石头: 2570
呼符: 1
体力: 28.400000000000006 / 138
友情点: 0 / 456050`
_2024-07-12 04:11:01_
--------
*309010c1117f0ebb5f35f82fea9eb4f6*
`登陆天数: 51天 / 689天
等级: 130
石头: 3230
呼符: 1
体力: 28.376666666666665 / 138
友情点: 0 / 410010`
_2024-07-12 04:11:09_
--------
*5c135a27e7eea2239db8b9755d3e9ae1*
`登陆天数: 51天 / 688天
等级: 130
石头: 3961
呼符: 1
体力: 28.349999999999994 / 138
友情点: 0 / 395330`
_2024-07-12 04:11:17_
--------
*86758e159c262a3eec981868ea27a1c3*
`登陆天数: 51天 / 688天
等级: 130
石头: 2816
呼符: 1
体力: 28.323333333333338 / 138
友情点: 0 / 458565`
_2024-07-12 04:11:25_
--------
*6f9a211aef83a19f37e03ab1f44059d2*
`登陆天数: 51天 / 688天
等级: 130
石头: 3832
呼符: 1
体力: 28.299999999999997 / 138
友情点: 0 / 414600`
_2024-07-12 04:11:33_
--------
*264322ca3fe339b40698d5d40eaec3fb*
`登陆天数: 51天 / 688天
等级: 130
石头: 3272
呼符: 1
体力: 28.27666666666667 / 138
友情点: 0 / 439540`
_2024-07-12 04:11:40_
--------
*993df3128051aa77d0b6aab01a866a9a*
`登陆天数: 51天 / 689天
等级: 130
石头: 3591
呼符: 21
体力: 28.25 / 138
友情点: 0 / 427895`
_2024-07-12 04:11:48_
--------
*fe7878e487b87c3aa8336de587760751*
`登陆天数: 51天 / 688天
等级: 130
石头: 2513
呼符: 21
体力: 28.22333333333333 / 138
友情点: 0 / 450355`
_2024-07-12 04:11:57_
--------
*7357bada9d6a4063627fa17b35bb2604*
`登陆天数: 51天 / 688天
等级: 130
石头: 2382
呼符: 21
体力: 28.200000000000003 / 138
友情点: 0 / 450695`
_2024-07-12 04:12:05_
--------
*fc20186e17f0a5e4375db91b76a97657*
`登陆天数: 51天 / 689天
等级: 130
石头: 2457
呼符: 21
体力: 28.173333333333332 / 138
友情点: 0 / 453865`
_2024-07-12 04:12:12_
--------
*9cbb46fef88ab486c0d3e99d35be64e4*
`登陆天数: 51天 / 688天
等级: 130
石头: 1882
呼符: 21
体力: 28.150000000000006 / 138
友情点: 0 / 484770`
_2024-07-12 04:12:20_
--------
*9ee786c2ed20e6016bca6dcfefdeafc2*
`登陆天数: 51天 / 688天
等级: 130
石头: 2543
呼符: 21
体力: 28.126666666666665 / 138
友情点: 0 / 448800`
_2024-07-12 04:12:29_
--------
*53d9263dda66ff3848eb10d23f286c21*
`登陆天数: 51天 / 689天
等级: 130
石头: 2844
呼符: 21
体力: 28.10333333333334 / 138
友情点: 0 / 461905`
_2024-07-12 04:12:37_
--------
*9abd5d5ff49c1d31302c488c7c0c2275*
`登陆天数: 51天 / 689天
等级: 130
石头: 3280
呼符: 21
体力: 28.076666666666668 / 138
友情点: 0 / 434115`
_2024-07-12 04:12:44_
--------
*e082093bbbd89caa74af88368e016abd*
`登陆天数: 51天 / 689天
等级: 130
石头: 2001
呼符: 21
体力: 28.053333333333327 / 138
友情点: 0 / 484170`
_2024-07-12 04:12:52_
--------
*d96070b40d8faa5efd9b147555fa350b*
`登陆天数: 51天 / 689天
等级: 130
石头: 1857
呼符: 21
体力: 28.03 / 138
友情点: 0 / 484570`
_2024-07-12 04:13:00_
--------
*f7d4b15a226c048f84750fa277bedce3*
`登陆天数: 51天 / 688天
等级: 130
石头: 2693
呼符: 21
体力: 28.00333333333333 / 138
友情点: 0 / 422975`
_2024-07-12 04:13:08_
--------
*bb93d1d18e6703deab02fee04d8f5aa9*
`登陆天数: 51天 / 688天
等级: 130
石头: 2302
呼符: 21
体力: 27.980000000000004 / 138
友情点: 0 / 462550`
_2024-07-12 04:13:16_
--------
*0fc5ff08df2cb401507510c2dfc95571*
`登陆天数: 51天 / 688天
等级: 130
石头: 2154
呼符: 21
体力: 27.956666666666663 / 138
友情点: 0 / 485105`
_2024-07-12 04:13:24_
--------
*906c4dd2c74dc270b973f3a18beddaae*
`登陆天数: 51天 / 689天
等级: 130
石头: 2477
呼符: 21
体力: 27.933333333333337 / 138
友情点: 0 / 454785`
_2024-07-12 04:13:32_
--------
*f832709d5bc106e6cc3f6cf77e9a2966*
`登陆天数: 51天 / 689天
等级: 130
石头: 3448
呼符: 21
体力: 27.909999999999997 / 138
友情点: 0 / 433510`
_2024-07-12 04:13:40_
--------
*26e43377a6d9b18ed58da4338c7ce464*
`登陆天数: 51天 / 689天
等级: 130
石头: 4092
呼符: 43
体力: 27.88333333333334 / 138
友情点: 0 / 398785`
_2024-07-12 04:13:48_
--------
*d1b2d282d12cf3c76a301a07c90894d1*
`登陆天数: 51天 / 688天
等级: 130
石头: 2241
呼符: 21
体力: 27.86 / 138
友情点: 0 / 482770`
_2024-07-12 04:13:56_
--------
*69db701634bebca3b7a22919c7530d3c*
`登陆天数: 51天 / 689天
等级: 130
石头: 1196
呼符: 21
体力: 27.836666666666673 / 138
友情点: 0 / 484045`
_2024-07-12 04:14:04_
--------
*e8c0f1935f1ff5817fd1fc590e5e517e*
`登陆天数: 51天 / 688天
等级: 130
石头: 1429
呼符: 21
体力: 27.813333333333333 / 138
友情点: 0 / 484810`
_2024-07-12 04:14:12_
--------
*79c3a62fb0a14c66f2418b5ee74d63ff*
`登陆天数: 51天 / 688天
等级: 130
石头: 2848
呼符: 21
体力: 27.790000000000006 / 138
友情点: 0 / 462110`
_2024-07-12 04:14:21_
--------
*d48af5c858bf9f1ffabaa093c28167ae*
`登陆天数: 51天 / 688天
等级: 130
石头: 383
呼符: 21
体力: 27.766666666666666 / 138
友情点: 0 / 485345`
_2024-07-12 04:14:28_
--------
*aba686dd2e74e8252b4246fe8a3939b1*
`登陆天数: 51天 / 688天
等级: 130
石头: 2213
呼符: 21
体力: 27.74333333333334 / 138
友情点: 0 / 484435`
_2024-07-12 04:14:36_
--------
*ef304c8c5f06070cc29dc623098ea109*
`登陆天数: 51天 / 688天
等级: 130
石头: 1617
呼符: 21
体力: 27.71666666666667 / 138
友情点: 0 / 483610`
_2024-07-12 04:14:44_
--------
*178b035b9e842fee5556cb8c15c6bcab*
`登陆天数: 51天 / 688天
等级: 130
石头: 3684
呼符: 21
体力: 27.693333333333328 / 138
友情点: 0 / 399085`
_2024-07-12 04:14:52_
--------
*80e841f805203eb56e3b98e085bae981*
`登陆天数: 51天 / 688天
等级: 130
石头: 2483
呼符: 21
体力: 27.67 / 138
友情点: 0 / 484870`
_2024-07-12 04:15:00_
--------
*f51602b11a63ad4708f1caf2a93859c3*
`登陆天数: 51天 / 688天
等级: 130
石头: 3868
呼符: 1
体力: 27.64333333333333 / 138
友情点: 0 / 397935`
_2024-07-12 04:15:09_
--------
*7b8647ef34a6031c3133bd5ebc45c365*
`登陆天数: 51天 / 689天
等级: 130
石头: 2186
呼符: 21
体力: 27.620000000000005 / 138
友情点: 0 / 454660`
_2024-07-12 04:15:16_
--------
*9a5e65e03b17fd1ad4d34f58f313ec98*
`登陆天数: 51天 / 689天
等级: 130
石头: 3713
呼符: 21
体力: 27.593333333333334 / 138
友情点: 0 / 420605`
_2024-07-12 04:15:25_
--------
*bed8ee603f17429f4a32f4650ecf0d87*
`登陆天数: 51天 / 689天
等级: 130
石头: 1827
呼符: 21
体力: 27.569999999999993 / 138
友情点: 0 / 484020`
_2024-07-12 04:15:32_
--------
*9c5ed464e8af35376010aa03d2707564*
`登陆天数: 51天 / 689天
等级: 130
石头: 3712
呼符: 1
体力: 27.546666666666667 / 138
友情点: 0 / 388975`
_2024-07-12 04:15:40_
--------
*313bf84cb75de7e8dc490a50884d550d*
`登陆天数: 51天 / 688天
等级: 130
石头: 3114
呼符: 22
体力: 27.523333333333326 / 138
友情点: 0 / 428260`
_2024-07-12 04:15:48_
--------
*b19782d8965c0661bc47630323fd35fd*
`登陆天数: 51天 / 688天
等级: 130
石头: 2122
呼符: 21
体力: 27.5 / 138
友情点: 0 / 484840`
_2024-07-12 04:15:56_
--------
*8bae3fac1c2ce983aed40c6bb009c45e*
`登陆天数: 51天 / 689天
等级: 130
石头: 1766
呼符: 21
体力: 27.476666666666674 / 138
友情点: 0 / 483795`
_2024-07-12 04:16:04_
--------
*ca4b430d613a792f6c392336a71dbc4a*
`登陆天数: 51天 / 688天
等级: 130
石头: 3743
呼符: 21
体力: 27.450000000000003 / 138
友情点: 0 / 418255`
_2024-07-12 04:16:12_
--------
*ff527dfaa021206f115cdd93d5b83983*
`登陆天数: 51天 / 689天
等级: 130
石头: 2996
呼符: 21
体力: 27.426666666666662 / 138
友情点: 0 / 454610`
_2024-07-12 04:16:20_
--------
*7a52b75e7c50cb9325c0433e58c03307*
`登陆天数: 51天 / 689天
等级: 130
石头: 1888
呼符: 21
体力: 27.403333333333336 / 138
友情点: 0 / 485300`
_2024-07-12 04:16:28_
--------
*d005d6451dcf4cc22ceb43a623afe073*
`登陆天数: 51天 / 689天
等级: 130
石头: 2991
呼符: 21
体力: 27.373333333333335 / 138
友情点: 0 / 456350`
_2024-07-12 04:16:36_
--------
*ce28f81291c94cf8d6ac3c8dc79f0dd8*
`登陆天数: 51天 / 689天
等级: 130
石头: 113
呼符: 21
体力: 27.35333333333334 / 138
友情点: 0 / 484980`
_2024-07-12 04:16:44_
--------
*82f13dda5a52d672337f751c1e7c3c45*
`登陆天数: 51天 / 689天
等级: 130
石头: 2506
呼符: 21
体力: 27.33 / 138
友情点: 0 / 474960`
_2024-07-12 04:16:52_
--------
*09a2ba83e0bc8fea531e77f0a0d50aa9*
`登陆天数: 51天 / 688天
等级: 130
石头: 2426
呼符: 21
体力: 27.306666666666672 / 138
友情点: 0 / 462990`
_2024-07-12 04:17:00_
--------
*2dd116b65e89712075e408f90d682415*
`登陆天数: 51天 / 689天
等级: 130
石头: 2247
呼符: 21
体力: 27.28 / 138
友情点: 0 / 485185`
_2024-07-12 04:17:08_
--------
*dfa9b84ecf5732be6515081d724acce3*
`登陆天数: 51天 / 689天
等级: 130
石头: 1736
呼符: 21
体力: 27.25666666666666 / 138
友情点: 0 / 485090`
_2024-07-12 04:17:16_
--------
*31b243358b364f62610ba7677254fc68*
`登陆天数: 51天 / 689天
等级: 130
石头: 2157
呼符: 21
体力: 29.826666666666668 / 138
友情点: 0 / 467310`
_2024-07-12 04:17:24_
--------
