【登录信息】
*8a3564efd49db13b2126ab8fb5620e80*
`登陆天数: 55天 / 693天
等级: 130
石头: 3876
呼符: 1
体力: 28.593333333333334 / 138
友情点: 0 / 377995`
_2024-07-15 04:13:41_
--------
*a160ae053c028ace34062d564c4b3434*
`登陆天数: 55天 / 693天
等级: 130
石头: 2573
呼符: 1
体力: 28.563333333333333 / 138
友情点: 0 / 456050`
_2024-07-15 04:13:49_
--------
*309010c1117f0ebb5f35f82fea9eb4f6*
`登陆天数: 54天 / 692天
等级: 130
石头: 3231
呼符: 1
体力: 28.53 / 138
友情点: 0 / 410010`
_2024-07-15 04:13:57_
--------
*5c135a27e7eea2239db8b9755d3e9ae1*
`登陆天数: 54天 / 691天
等级: 130
石头: 3962
呼符: 1
体力: 28.50333333333333 / 138
友情点: 0 / 395330`
_2024-07-15 04:14:05_
--------
*86758e159c262a3eec981868ea27a1c3*
`登陆天数: 54天 / 691天
等级: 130
石头: 2817
呼符: 1
体力: 28.47333333333333 / 138
友情点: 0 / 458565`
_2024-07-15 04:14:13_
--------
*6f9a211aef83a19f37e03ab1f44059d2*
`登陆天数: 54天 / 691天
等级: 130
石头: 3833
呼符: 1
体力: 28.446666666666673 / 138
友情点: 0 / 414600`
_2024-07-15 04:14:21_
--------
*264322ca3fe339b40698d5d40eaec3fb*
`登陆天数: 54天 / 691天
等级: 130
石头: 3273
呼符: 1
体力: 28.41666666666667 / 138
友情点: 0 / 439540`
_2024-07-15 04:14:29_
--------
*993df3128051aa77d0b6aab01a866a9a*
`登陆天数: 54天 / 692天
等级: 130
石头: 3592
呼符: 21
体力: 28.38666666666667 / 138
友情点: 0 / 427895`
_2024-07-15 04:14:38_
--------
*fe7878e487b87c3aa8336de587760751*
`登陆天数: 54天 / 691天
等级: 130
石头: 2514
呼符: 21
体力: 28.36 / 138
友情点: 0 / 450355`
_2024-07-15 04:14:46_
--------
*7357bada9d6a4063627fa17b35bb2604*
`登陆天数: 54天 / 691天
等级: 130
石头: 2383
呼符: 21
体力: 28.33333333333333 / 138
友情点: 0 / 450695`
_2024-07-15 04:14:54_
--------
*fc20186e17f0a5e4375db91b76a97657*
`登陆天数: 54天 / 692天
等级: 130
石头: 2458
呼符: 21
体力: 28.303333333333327 / 138
友情点: 0 / 453865`
_2024-07-15 04:15:02_
--------
*9cbb46fef88ab486c0d3e99d35be64e4*
`登陆天数: 54天 / 691天
等级: 130
石头: 1883
呼符: 21
体力: 28.27666666666667 / 138
友情点: 0 / 484770`
_2024-07-15 04:15:10_
--------
*9ee786c2ed20e6016bca6dcfefdeafc2*
`登陆天数: 54天 / 691天
等级: 130
石头: 2544
呼符: 21
体力: 28.24666666666667 / 138
友情点: 0 / 448800`
_2024-07-15 04:15:18_
--------
*53d9263dda66ff3848eb10d23f286c21*
`登陆天数: 54天 / 692天
等级: 130
石头: 2845
呼符: 21
体力: 28.22 / 138
友情点: 0 / 461905`
_2024-07-15 04:15:26_
--------
*9abd5d5ff49c1d31302c488c7c0c2275*
`登陆天数: 54天 / 692天
等级: 130
石头: 3281
呼符: 21
体力: 28.193333333333328 / 138
友情点: 0 / 434115`
_2024-07-15 04:15:34_
--------
*e082093bbbd89caa74af88368e016abd*
`登陆天数: 54天 / 692天
等级: 130
石头: 2002
呼符: 21
体力: 28.163333333333327 / 138
友情点: 0 / 484170`
_2024-07-15 04:15:43_
--------
*d96070b40d8faa5efd9b147555fa350b*
`登陆天数: 54天 / 692天
等级: 130
石头: 1858
呼符: 21
体力: 28.13666666666667 / 138
友情点: 0 / 484570`
_2024-07-15 04:15:51_
--------
*f7d4b15a226c048f84750fa277bedce3*
`登陆天数: 54天 / 691天
等级: 130
石头: 2694
呼符: 21
体力: 28.10666666666667 / 138
友情点: 0 / 422975`
_2024-07-15 04:15:58_
--------
*bb93d1d18e6703deab02fee04d8f5aa9*
`登陆天数: 54天 / 691天
等级: 130
石头: 2303
呼符: 21
体力: 28.076666666666668 / 138
友情点: 0 / 462550`
_2024-07-15 04:16:07_
--------
*0fc5ff08df2cb401507510c2dfc95571*
`登陆天数: 54天 / 691天
等级: 130
石头: 2155
呼符: 21
体力: 28.053333333333327 / 138
友情点: 0 / 485105`
_2024-07-15 04:16:15_
--------
*906c4dd2c74dc270b973f3a18beddaae*
`登陆天数: 54天 / 692天
等级: 130
石头: 2478
呼符: 21
体力: 28.023333333333326 / 138
友情点: 0 / 454785`
_2024-07-15 04:16:23_
--------
*f832709d5bc106e6cc3f6cf77e9a2966*
`登陆天数: 54天 / 692天
等级: 130
石头: 3449
呼符: 21
体力: 27.99666666666667 / 138
友情点: 0 / 433510`
_2024-07-15 04:16:31_
--------
*26e43377a6d9b18ed58da4338c7ce464*
`登陆天数: 54天 / 692天
等级: 130
石头: 4093
呼符: 43
体力: 27.96666666666667 / 138
友情点: 0 / 398785`
_2024-07-15 04:16:39_
--------
*d1b2d282d12cf3c76a301a07c90894d1*
`登陆天数: 54天 / 691天
等级: 130
石头: 2242
呼符: 21
体力: 27.939999999999998 / 138
友情点: 0 / 482770`
_2024-07-15 04:16:48_
--------
*69db701634bebca3b7a22919c7530d3c*
`登陆天数: 54天 / 692天
等级: 130
石头: 1197
呼符: 21
体力: 27.909999999999997 / 138
友情点: 0 / 484045`
_2024-07-15 04:16:56_
--------
*e8c0f1935f1ff5817fd1fc590e5e517e*
`登陆天数: 54天 / 691天
等级: 130
石头: 1430
呼符: 21
体力: 27.88666666666667 / 138
友情点: 0 / 484810`
_2024-07-15 04:17:04_
--------
*79c3a62fb0a14c66f2418b5ee74d63ff*
`登陆天数: 54天 / 691天
等级: 130
石头: 2849
呼符: 21
体力: 27.85666666666667 / 138
友情点: 0 / 462110`
_2024-07-15 04:17:12_
--------
*d48af5c858bf9f1ffabaa093c28167ae*
`登陆天数: 54天 / 691天
等级: 130
石头: 384
呼符: 21
体力: 27.826666666666668 / 138
友情点: 0 / 485345`
_2024-07-15 04:17:20_
--------
*aba686dd2e74e8252b4246fe8a3939b1*
`登陆天数: 54天 / 691天
等级: 130
石头: 2214
呼符: 21
体力: 27.799999999999997 / 138
友情点: 0 / 484435`
_2024-07-15 04:17:28_
--------
*ef304c8c5f06070cc29dc623098ea109*
`登陆天数: 54天 / 691天
等级: 130
石头: 1618
呼符: 21
体力: 27.769999999999996 / 138
友情点: 0 / 483610`
_2024-07-15 04:17:37_
--------
*178b035b9e842fee5556cb8c15c6bcab*
`登陆天数: 54天 / 691天
等级: 130
石头: 3685
呼符: 21
体力: 27.74666666666667 / 138
友情点: 0 / 399085`
_2024-07-15 04:17:45_
--------
*80e841f805203eb56e3b98e085bae981*
`登陆天数: 54天 / 691天
等级: 130
石头: 2484
呼符: 21
体力: 27.71666666666667 / 138
友情点: 0 / 484870`
_2024-07-15 04:17:53_
--------
*f51602b11a63ad4708f1caf2a93859c3*
`登陆天数: 54天 / 691天
等级: 130
石头: 3869
呼符: 1
体力: 27.689999999999998 / 138
友情点: 0 / 397935`
_2024-07-15 04:18:01_
--------
*7b8647ef34a6031c3133bd5ebc45c365*
`登陆天数: 54天 / 692天
等级: 130
石头: 2187
呼符: 21
体力: 27.659999999999997 / 138
友情点: 0 / 454660`
_2024-07-15 04:18:09_
--------
*9a5e65e03b17fd1ad4d34f58f313ec98*
`登陆天数: 54天 / 692天
等级: 130
石头: 3714
呼符: 21
体力: 27.63333333333334 / 138
友情点: 0 / 420605`
_2024-07-15 04:18:18_
--------
*bed8ee603f17429f4a32f4650ecf0d87*
`登陆天数: 54天 / 692天
等级: 130
石头: 1828
呼符: 21
体力: 27.61 / 138
友情点: 0 / 484020`
_2024-07-15 04:18:26_
--------
*9c5ed464e8af35376010aa03d2707564*
`登陆天数: 54天 / 692天
等级: 130
石头: 3713
呼符: 1
体力: 27.58 / 138
友情点: 0 / 388975`
_2024-07-15 04:18:34_
--------
*313bf84cb75de7e8dc490a50884d550d*
`登陆天数: 54天 / 691天
等级: 130
石头: 3115
呼符: 22
体力: 27.549999999999997 / 138
友情点: 0 / 428260`
_2024-07-15 04:18:42_
--------
*b19782d8965c0661bc47630323fd35fd*
`登陆天数: 54天 / 691天
等级: 130
石头: 2123
呼符: 21
体力: 27.523333333333326 / 138
友情点: 0 / 484840`
_2024-07-15 04:18:50_
--------
*8bae3fac1c2ce983aed40c6bb009c45e*
`登陆天数: 54天 / 692天
等级: 130
石头: 1767
呼符: 21
体力: 27.49333333333334 / 138
友情点: 0 / 483795`
_2024-07-15 04:18:59_
--------
*ca4b430d613a792f6c392336a71dbc4a*
`登陆天数: 54天 / 691天
等级: 130
石头: 3744
呼符: 21
体力: 27.46666666666667 / 138
友情点: 0 / 418255`
_2024-07-15 04:19:07_
--------
*ff527dfaa021206f115cdd93d5b83983*
`登陆天数: 54天 / 692天
等级: 130
石头: 2997
呼符: 21
体力: 27.436666666666667 / 138
友情点: 0 / 454610`
_2024-07-15 04:19:15_
--------
*7a52b75e7c50cb9325c0433e58c03307*
`登陆天数: 54天 / 692天
等级: 130
石头: 1889
呼符: 21
体力: 27.409999999999997 / 138
友情点: 0 / 485300`
_2024-07-15 04:19:22_
--------
*d005d6451dcf4cc22ceb43a623afe073*
`登陆天数: 54天 / 692天
等级: 130
石头: 2992
呼符: 21
体力: 27.38333333333334 / 138
友情点: 0 / 456350`
_2024-07-15 04:19:30_
--------
*ce28f81291c94cf8d6ac3c8dc79f0dd8*
`登陆天数: 54天 / 692天
等级: 130
石头: 114
呼符: 21
体力: 27.35333333333334 / 138
友情点: 0 / 484980`
_2024-07-15 04:19:38_
--------
*82f13dda5a52d672337f751c1e7c3c45*
`登陆天数: 54天 / 692天
等级: 130
石头: 2507
呼符: 21
体力: 27.319999999999993 / 138
友情点: 0 / 474960`
_2024-07-15 04:19:46_
--------
*09a2ba83e0bc8fea531e77f0a0d50aa9*
`登陆天数: 54天 / 691天
等级: 130
石头: 2427
呼符: 21
体力: 27.293333333333337 / 138
友情点: 0 / 462990`
_2024-07-15 04:19:54_
--------
*2dd116b65e89712075e408f90d682415*
`登陆天数: 54天 / 692天
等级: 130
石头: 2248
呼符: 21
体力: 27.263333333333335 / 138
友情点: 0 / 485185`
_2024-07-15 04:20:02_
--------
*dfa9b84ecf5732be6515081d724acce3*
`登陆天数: 54天 / 692天
等级: 130
石头: 1737
呼符: 21
体力: 27.236666666666665 / 138
友情点: 0 / 485090`
_2024-07-15 04:20:09_
--------
*31b243358b364f62610ba7677254fc68*
`登陆天数: 54天 / 692天
等级: 130
石头: 2158
呼符: 21
体力: 29.989999999999995 / 138
友情点: 0 / 467310`
_2024-07-15 04:20:17_
--------
