【登录信息】
*8a3564efd49db13b2126ab8fb5620e80*
`登陆天数: 56天 / 694天
等级: 130
石头: 3876
呼符: 2
体力: 28.16666666666667 / 138
友情点: 0 / 377995`
_2024-07-16 04:12:14_
--------
*a160ae053c028ace34062d564c4b3434*
`登陆天数: 56天 / 694天
等级: 130
石头: 2573
呼符: 2
体力: 28.13666666666667 / 138
友情点: 0 / 456050`
_2024-07-16 04:12:22_
--------
*309010c1117f0ebb5f35f82fea9eb4f6*
`登陆天数: 55天 / 693天
等级: 130
石头: 3233
呼符: 1
体力: 28.11 / 138
友情点: 0 / 410010`
_2024-07-16 04:12:30_
--------
*5c135a27e7eea2239db8b9755d3e9ae1*
`登陆天数: 55天 / 692天
等级: 130
石头: 3964
呼符: 1
体力: 28.08 / 138
友情点: 0 / 395330`
_2024-07-16 04:12:37_
--------
*86758e159c262a3eec981868ea27a1c3*
`登陆天数: 55天 / 692天
等级: 130
石头: 2819
呼符: 1
体力: 28.046666666666667 / 138
友情点: 0 / 458565`
_2024-07-16 04:12:45_
--------
*6f9a211aef83a19f37e03ab1f44059d2*
`登陆天数: 55天 / 692天
等级: 130
石头: 3835
呼符: 1
体力: 28.019999999999996 / 138
友情点: 0 / 414600`
_2024-07-16 04:12:52_
--------
*264322ca3fe339b40698d5d40eaec3fb*
`登陆天数: 55天 / 692天
等级: 130
石头: 3275
呼符: 1
体力: 27.99333333333334 / 138
友情点: 0 / 439540`
_2024-07-16 04:13:00_
--------
*993df3128051aa77d0b6aab01a866a9a*
`登陆天数: 55天 / 693天
等级: 130
石头: 3594
呼符: 21
体力: 27.96333333333334 / 138
友情点: 0 / 427895`
_2024-07-16 04:13:08_
--------
*fe7878e487b87c3aa8336de587760751*
`登陆天数: 55天 / 692天
等级: 130
石头: 2516
呼符: 21
体力: 27.936666666666667 / 138
友情点: 0 / 450355`
_2024-07-16 04:13:16_
--------
*7357bada9d6a4063627fa17b35bb2604*
`登陆天数: 55天 / 692天
等级: 130
石头: 2385
呼符: 21
体力: 27.909999999999997 / 138
友情点: 0 / 450695`
_2024-07-16 04:13:24_
--------
*fc20186e17f0a5e4375db91b76a97657*
`登陆天数: 55天 / 693天
等级: 130
石头: 2460
呼符: 21
体力: 27.88666666666667 / 138
友情点: 0 / 453865`
_2024-07-16 04:13:31_
--------
*9cbb46fef88ab486c0d3e99d35be64e4*
`登陆天数: 55天 / 692天
等级: 130
石头: 1885
呼符: 21
体力: 27.86 / 138
友情点: 0 / 484770`
_2024-07-16 04:13:39_
--------
*9ee786c2ed20e6016bca6dcfefdeafc2*
`登陆天数: 55天 / 692天
等级: 130
石头: 2546
呼符: 21
体力: 27.83333333333333 / 138
友情点: 0 / 448800`
_2024-07-16 04:13:47_
--------
*53d9263dda66ff3848eb10d23f286c21*
`登陆天数: 55天 / 693天
等级: 130
石头: 2847
呼符: 21
体力: 27.803333333333327 / 138
友情点: 0 / 461905`
_2024-07-16 04:13:55_
--------
*9abd5d5ff49c1d31302c488c7c0c2275*
`登陆天数: 55天 / 693天
等级: 130
石头: 3283
呼符: 21
体力: 27.77666666666667 / 138
友情点: 0 / 434115`
_2024-07-16 04:14:02_
--------
*e082093bbbd89caa74af88368e016abd*
`登陆天数: 55天 / 693天
等级: 130
石头: 2004
呼符: 21
体力: 27.75 / 138
友情点: 0 / 484170`
_2024-07-16 04:14:10_
--------
*d96070b40d8faa5efd9b147555fa350b*
`登陆天数: 55天 / 693天
等级: 130
石头: 1860
呼符: 21
体力: 27.72 / 138
友情点: 0 / 484570`
_2024-07-16 04:14:18_
--------
*f7d4b15a226c048f84750fa277bedce3*
`登陆天数: 55天 / 692天
等级: 130
石头: 2696
呼符: 21
体力: 27.696666666666673 / 138
友情点: 0 / 422975`
_2024-07-16 04:14:26_
--------
*bb93d1d18e6703deab02fee04d8f5aa9*
`登陆天数: 55天 / 692天
等级: 130
石头: 2305
呼符: 21
体力: 27.67 / 138
友情点: 0 / 462550`
_2024-07-16 04:14:34_
--------
*0fc5ff08df2cb401507510c2dfc95571*
`登陆天数: 55天 / 692天
等级: 130
石头: 2157
呼符: 21
体力: 27.64333333333333 / 138
友情点: 0 / 485105`
_2024-07-16 04:14:42_
--------
*906c4dd2c74dc270b973f3a18beddaae*
`登陆天数: 55天 / 693天
等级: 130
石头: 2480
呼符: 21
体力: 27.61333333333333 / 138
友情点: 0 / 454785`
_2024-07-16 04:14:49_
--------
*f832709d5bc106e6cc3f6cf77e9a2966*
`登陆天数: 55天 / 693天
等级: 130
石头: 3451
呼符: 21
体力: 27.586666666666673 / 138
友情点: 0 / 433510`
_2024-07-16 04:14:57_
--------
*26e43377a6d9b18ed58da4338c7ce464*
`登陆天数: 55天 / 693天
等级: 130
石头: 4095
呼符: 43
体力: 27.556666666666672 / 138
友情点: 0 / 398785`
_2024-07-16 04:15:05_
--------
*d1b2d282d12cf3c76a301a07c90894d1*
`登陆天数: 55天 / 692天
等级: 130
石头: 2244
呼符: 21
体力: 27.53 / 138
友情点: 0 / 482770`
_2024-07-16 04:15:13_
--------
*69db701634bebca3b7a22919c7530d3c*
`登陆天数: 55天 / 693天
等级: 130
石头: 1199
呼符: 21
体力: 27.50333333333333 / 138
友情点: 0 / 484045`
_2024-07-16 04:15:21_
--------
*e8c0f1935f1ff5817fd1fc590e5e517e*
`登陆天数: 55天 / 692天
等级: 130
石头: 1432
呼符: 21
体力: 27.476666666666674 / 138
友情点: 0 / 484810`
_2024-07-16 04:15:29_
--------
*79c3a62fb0a14c66f2418b5ee74d63ff*
`登陆天数: 55天 / 692天
等级: 130
石头: 2851
呼符: 21
体力: 27.450000000000003 / 138
友情点: 0 / 462110`
_2024-07-16 04:15:36_
--------
*d48af5c858bf9f1ffabaa093c28167ae*
`登陆天数: 55天 / 692天
等级: 130
石头: 386
呼符: 21
体力: 27.423333333333332 / 138
友情点: 0 / 485345`
_2024-07-16 04:15:44_
--------
*aba686dd2e74e8252b4246fe8a3939b1*
`登陆天数: 55天 / 692天
等级: 130
石头: 2216
呼符: 21
体力: 27.39666666666666 / 138
友情点: 0 / 484435`
_2024-07-16 04:15:52_
--------
*ef304c8c5f06070cc29dc623098ea109*
`登陆天数: 55天 / 692天
等级: 130
石头: 1620
呼符: 21
体力: 27.370000000000005 / 138
友情点: 0 / 483610`
_2024-07-16 04:16:00_
--------
*178b035b9e842fee5556cb8c15c6bcab*
`登陆天数: 55天 / 692天
等级: 130
石头: 3687
呼符: 21
体力: 27.343333333333334 / 138
友情点: 0 / 399085`
_2024-07-16 04:16:08_
--------
*80e841f805203eb56e3b98e085bae981*
`登陆天数: 55天 / 692天
等级: 130
石头: 2486
呼符: 21
体力: 27.316666666666663 / 138
友情点: 0 / 484870`
_2024-07-16 04:16:16_
--------
*f51602b11a63ad4708f1caf2a93859c3*
`登陆天数: 55天 / 692天
等级: 130
石头: 3871
呼符: 1
体力: 27.28666666666666 / 138
友情点: 0 / 397935`
_2024-07-16 04:16:23_
--------
*7b8647ef34a6031c3133bd5ebc45c365*
`登陆天数: 55天 / 693天
等级: 130
石头: 2189
呼符: 21
体力: 27.260000000000005 / 138
友情点: 0 / 454660`
_2024-07-16 04:16:31_
--------
*9a5e65e03b17fd1ad4d34f58f313ec98*
`登陆天数: 55天 / 693天
等级: 130
石头: 3716
呼符: 21
体力: 27.233333333333334 / 138
友情点: 0 / 420605`
_2024-07-16 04:16:38_
--------
*bed8ee603f17429f4a32f4650ecf0d87*
`登陆天数: 55天 / 693天
等级: 130
石头: 1830
呼符: 21
体力: 27.206666666666663 / 138
友情点: 0 / 484020`
_2024-07-16 04:16:46_
--------
*9c5ed464e8af35376010aa03d2707564*
`登陆天数: 55天 / 693天
等级: 130
石头: 3715
呼符: 1
体力: 27.180000000000007 / 138
友情点: 0 / 388975`
_2024-07-16 04:16:54_
--------
*313bf84cb75de7e8dc490a50884d550d*
`登陆天数: 55天 / 692天
等级: 130
石头: 3117
呼符: 22
体力: 27.14666666666666 / 138
友情点: 0 / 428260`
_2024-07-16 04:17:02_
--------
*b19782d8965c0661bc47630323fd35fd*
`登陆天数: 55天 / 692天
等级: 130
石头: 2125
呼符: 21
体力: 27.120000000000005 / 138
友情点: 0 / 484840`
_2024-07-16 04:17:10_
--------
*8bae3fac1c2ce983aed40c6bb009c45e*
`登陆天数: 55天 / 693天
等级: 130
石头: 1769
呼符: 21
体力: 27.093333333333334 / 138
友情点: 0 / 483795`
_2024-07-16 04:17:17_
--------
*ca4b430d613a792f6c392336a71dbc4a*
`登陆天数: 55天 / 692天
等级: 130
石头: 3746
呼符: 21
体力: 27.063333333333333 / 138
友情点: 0 / 418255`
_2024-07-16 04:17:25_
--------
*ff527dfaa021206f115cdd93d5b83983*
`登陆天数: 55天 / 693天
等级: 130
石头: 2999
呼符: 21
体力: 27.03666666666666 / 138
友情点: 0 / 454610`
_2024-07-16 04:17:33_
--------
*7a52b75e7c50cb9325c0433e58c03307*
`登陆天数: 55天 / 693天
等级: 130
石头: 1891
呼符: 21
体力: 27.010000000000005 / 138
友情点: 0 / 485300`
_2024-07-16 04:17:40_
--------
*d005d6451dcf4cc22ceb43a623afe073*
`登陆天数: 55天 / 693天
等级: 130
石头: 2994
呼符: 21
体力: 26.983333333333334 / 138
友情点: 0 / 456350`
_2024-07-16 04:17:48_
--------
*ce28f81291c94cf8d6ac3c8dc79f0dd8*
`登陆天数: 55天 / 693天
等级: 130
石头: 116
呼符: 21
体力: 26.956666666666663 / 138
友情点: 0 / 484980`
_2024-07-16 04:17:56_
--------
*82f13dda5a52d672337f751c1e7c3c45*
`登陆天数: 55天 / 693天
等级: 130
石头: 2509
呼符: 21
体力: 26.926666666666662 / 138
友情点: 0 / 474960`
_2024-07-16 04:18:04_
--------
*09a2ba83e0bc8fea531e77f0a0d50aa9*
`登陆天数: 55天 / 692天
等级: 130
石头: 2429
呼符: 21
体力: 26.900000000000006 / 138
友情点: 0 / 462990`
_2024-07-16 04:18:12_
--------
*2dd116b65e89712075e408f90d682415*
`登陆天数: 55天 / 693天
等级: 130
石头: 2250
呼符: 21
体力: 26.876666666666665 / 138
友情点: 0 / 485185`
_2024-07-16 04:18:19_
--------
*dfa9b84ecf5732be6515081d724acce3*
`登陆天数: 55天 / 693天
等级: 130
石头: 1739
呼符: 21
体力: 26.846666666666664 / 138
友情点: 0 / 485090`
_2024-07-16 04:18:27_
--------
*31b243358b364f62610ba7677254fc68*
`登陆天数: 55天 / 693天
等级: 130
石头: 2160
呼符: 21
体力: 29.560000000000002 / 138
友情点: 0 / 467310`
_2024-07-16 04:18:35_
--------
