【登录信息】
*8a3564efd49db13b2126ab8fb5620e80*
`登陆天数: 58天 / 696天
等级: 130
石头: 3877
呼符: 2
体力: 28.24666666666667 / 138
友情点: 0 / 379995`
_2024-07-18 04:12:09_
--------
*a160ae053c028ace34062d564c4b3434*
`登陆天数: 58天 / 696天
等级: 130
石头: 2574
呼符: 2
体力: 28.22 / 138
友情点: 0 / 458050`
_2024-07-18 04:12:17_
--------
*309010c1117f0ebb5f35f82fea9eb4f6*
`登陆天数: 57天 / 695天
等级: 130
石头: 3233
呼符: 2
体力: 28.189999999999998 / 138
友情点: 0 / 412010`
_2024-07-18 04:12:25_
--------
*5c135a27e7eea2239db8b9755d3e9ae1*
`登陆天数: 57天 / 694天
等级: 130
石头: 3964
呼符: 2
体力: 28.159999999999997 / 138
友情点: 0 / 397330`
_2024-07-18 04:12:33_
--------
*86758e159c262a3eec981868ea27a1c3*
`登陆天数: 57天 / 694天
等级: 130
石头: 2819
呼符: 2
体力: 28.13333333333334 / 138
友情点: 0 / 460565`
_2024-07-18 04:12:41_
--------
*6f9a211aef83a19f37e03ab1f44059d2*
`登陆天数: 57天 / 694天
等级: 130
石头: 3835
呼符: 2
体力: 28.10666666666667 / 138
友情点: 0 / 416600`
_2024-07-18 04:12:49_
--------
*264322ca3fe339b40698d5d40eaec3fb*
`登陆天数: 57天 / 694天
等级: 130
石头: 3275
呼符: 2
体力: 28.08333333333333 / 138
友情点: 0 / 441540`
_2024-07-18 04:12:57_
--------
*993df3128051aa77d0b6aab01a866a9a*
`登陆天数: 57天 / 695天
等级: 130
石头: 3594
呼符: 22
体力: 28.056666666666672 / 138
友情点: 0 / 429895`
_2024-07-18 04:13:05_
--------
*fe7878e487b87c3aa8336de587760751*
`登陆天数: 57天 / 694天
等级: 130
石头: 2516
呼符: 22
体力: 28.02666666666667 / 138
友情点: 0 / 452355`
_2024-07-18 04:13:13_
--------
*7357bada9d6a4063627fa17b35bb2604*
`登陆天数: 57天 / 694天
等级: 130
石头: 2385
呼符: 22
体力: 28.00333333333333 / 138
友情点: 0 / 452695`
_2024-07-18 04:13:21_
--------
*fc20186e17f0a5e4375db91b76a97657*
`登陆天数: 57天 / 695天
等级: 130
石头: 2460
呼符: 22
体力: 27.976666666666674 / 138
友情点: 0 / 455865`
_2024-07-18 04:13:29_
--------
*9cbb46fef88ab486c0d3e99d35be64e4*
`登陆天数: 57天 / 694天
等级: 130
石头: 1885
呼符: 22
体力: 27.950000000000003 / 138
友情点: 0 / 486770`
_2024-07-18 04:13:37_
--------
*9ee786c2ed20e6016bca6dcfefdeafc2*
`登陆天数: 57天 / 694天
等级: 130
石头: 2546
呼符: 22
体力: 27.923333333333332 / 138
友情点: 0 / 450800`
_2024-07-18 04:13:45_
--------
*53d9263dda66ff3848eb10d23f286c21*
`登陆天数: 57天 / 695天
等级: 130
石头: 2847
呼符: 22
体力: 27.89666666666666 / 138
友情点: 0 / 463905`
_2024-07-18 04:13:53_
--------
*9abd5d5ff49c1d31302c488c7c0c2275*
`登陆天数: 57天 / 695天
等级: 130
石头: 3283
呼符: 22
体力: 27.873333333333335 / 138
友情点: 0 / 436115`
_2024-07-18 04:14:02_
--------
*e082093bbbd89caa74af88368e016abd*
`登陆天数: 57天 / 695天
等级: 130
石头: 2004
呼符: 22
体力: 27.849999999999994 / 138
友情点: 0 / 486170`
_2024-07-18 04:14:10_
--------
*d96070b40d8faa5efd9b147555fa350b*
`登陆天数: 57天 / 695天
等级: 130
石头: 1860
呼符: 22
体力: 27.823333333333338 / 138
友情点: 0 / 486570`
_2024-07-18 04:14:18_
--------
*f7d4b15a226c048f84750fa277bedce3*
`登陆天数: 57天 / 694天
等级: 130
石头: 2696
呼符: 22
体力: 27.796666666666667 / 138
友情点: 0 / 424975`
_2024-07-18 04:14:26_
--------
*bb93d1d18e6703deab02fee04d8f5aa9*
`登陆天数: 57天 / 694天
等级: 130
石头: 2305
呼符: 22
体力: 27.773333333333326 / 138
友情点: 0 / 464550`
_2024-07-18 04:14:34_
--------
*0fc5ff08df2cb401507510c2dfc95571*
`登陆天数: 57天 / 694天
等级: 130
石头: 2157
呼符: 22
体力: 27.74333333333334 / 138
友情点: 0 / 487105`
_2024-07-18 04:14:42_
--------
*906c4dd2c74dc270b973f3a18beddaae*
`登陆天数: 57天 / 695天
等级: 130
石头: 2480
呼符: 22
体力: 27.71666666666667 / 138
友情点: 0 / 456785`
_2024-07-18 04:14:50_
--------
*f832709d5bc106e6cc3f6cf77e9a2966*
`登陆天数: 57天 / 695天
等级: 130
石头: 3451
呼符: 22
体力: 27.686666666666667 / 138
友情点: 0 / 435510`
_2024-07-18 04:14:58_
--------
*26e43377a6d9b18ed58da4338c7ce464*
`登陆天数: 57天 / 695天
等级: 130
石头: 4095
呼符: 44
体力: 27.663333333333327 / 138
友情点: 0 / 400785`
_2024-07-18 04:15:06_
--------
*d1b2d282d12cf3c76a301a07c90894d1*
`登陆天数: 57天 / 694天
等级: 130
石头: 2244
呼符: 22
体力: 27.63666666666667 / 138
友情点: 0 / 484770`
_2024-07-18 04:15:14_
--------
*69db701634bebca3b7a22919c7530d3c*
`登陆天数: 57天 / 695天
等级: 130
石头: 1199
呼符: 22
体力: 27.61 / 138
友情点: 0 / 486045`
_2024-07-18 04:15:22_
--------
*e8c0f1935f1ff5817fd1fc590e5e517e*
`登陆天数: 57天 / 694天
等级: 130
石头: 1432
呼符: 22
体力: 27.58333333333333 / 138
友情点: 0 / 486810`
_2024-07-18 04:15:30_
--------
*79c3a62fb0a14c66f2418b5ee74d63ff*
`登陆天数: 57天 / 694天
等级: 130
石头: 2851
呼符: 22
体力: 27.556666666666672 / 138
友情点: 0 / 464110`
_2024-07-18 04:15:38_
--------
*d48af5c858bf9f1ffabaa093c28167ae*
`登陆天数: 57天 / 694天
等级: 130
石头: 386
呼符: 22
体力: 27.53 / 138
友情点: 0 / 487345`
_2024-07-18 04:15:46_
--------
*aba686dd2e74e8252b4246fe8a3939b1*
`登陆天数: 57天 / 694天
等级: 130
石头: 2216
呼符: 22
体力: 27.50333333333333 / 138
友情点: 0 / 486435`
_2024-07-18 04:15:55_
--------
*ef304c8c5f06070cc29dc623098ea109*
`登陆天数: 57天 / 694天
等级: 130
石头: 1620
呼符: 22
体力: 27.480000000000004 / 138
友情点: 0 / 485610`
_2024-07-18 04:16:03_
--------
*178b035b9e842fee5556cb8c15c6bcab*
`登陆天数: 57天 / 694天
等级: 130
石头: 3687
呼符: 22
体力: 27.453333333333333 / 138
友情点: 0 / 401085`
_2024-07-18 04:16:11_
--------
*80e841f805203eb56e3b98e085bae981*
`登陆天数: 57天 / 694天
等级: 130
石头: 2486
呼符: 22
体力: 27.430000000000007 / 138
友情点: 0 / 486870`
_2024-07-18 04:16:19_
--------
*f51602b11a63ad4708f1caf2a93859c3*
`登陆天数: 57天 / 694天
等级: 130
石头: 3871
呼符: 2
体力: 27.403333333333336 / 138
友情点: 0 / 399935`
_2024-07-18 04:16:27_
--------
*7b8647ef34a6031c3133bd5ebc45c365*
`登陆天数: 57天 / 695天
等级: 130
石头: 2189
呼符: 22
体力: 27.373333333333335 / 138
友情点: 0 / 456660`
_2024-07-18 04:16:35_
--------
*9a5e65e03b17fd1ad4d34f58f313ec98*
`登陆天数: 57天 / 695天
等级: 130
石头: 3716
呼符: 22
体力: 27.346666666666664 / 138
友情点: 0 / 422605`
_2024-07-18 04:16:43_
--------
*bed8ee603f17429f4a32f4650ecf0d87*
`登陆天数: 57天 / 695天
等级: 130
石头: 1830
呼符: 22
体力: 27.319999999999993 / 138
友情点: 0 / 486020`
_2024-07-18 04:16:51_
--------
*9c5ed464e8af35376010aa03d2707564*
`登陆天数: 57天 / 695天
等级: 130
石头: 3715
呼符: 2
体力: 27.293333333333337 / 138
友情点: 0 / 390975`
_2024-07-18 04:16:59_
--------
*313bf84cb75de7e8dc490a50884d550d*
`登陆天数: 57天 / 694天
等级: 130
石头: 3117
呼符: 23
体力: 27.269999999999996 / 138
友情点: 0 / 430260`
_2024-07-18 04:17:06_
--------
*b19782d8965c0661bc47630323fd35fd*
`登陆天数: 57天 / 694天
等级: 130
石头: 2125
呼符: 22
体力: 27.24333333333334 / 138
友情点: 0 / 486840`
_2024-07-18 04:17:14_
--------
*8bae3fac1c2ce983aed40c6bb009c45e*
`登陆天数: 57天 / 695天
等级: 130
石头: 1769
呼符: 22
体力: 27.21666666666667 / 138
友情点: 0 / 485795`
_2024-07-18 04:17:23_
--------
*ca4b430d613a792f6c392336a71dbc4a*
`登陆天数: 57天 / 694天
等级: 130
石头: 3746
呼符: 22
体力: 27.189999999999998 / 138
友情点: 0 / 420255`
_2024-07-18 04:17:31_
--------
*ff527dfaa021206f115cdd93d5b83983*
`登陆天数: 57天 / 695天
等级: 130
石头: 2999
呼符: 22
体力: 27.159999999999997 / 138
友情点: 0 / 456610`
_2024-07-18 04:17:38_
--------
*7a52b75e7c50cb9325c0433e58c03307*
`登陆天数: 57天 / 695天
等级: 130
石头: 1891
呼符: 22
体力: 27.13666666666667 / 138
友情点: 0 / 487300`
_2024-07-18 04:17:46_
--------
*d005d6451dcf4cc22ceb43a623afe073*
`登陆天数: 57天 / 695天
等级: 130
石头: 2994
呼符: 22
体力: 27.11 / 138
友情点: 0 / 458350`
_2024-07-18 04:17:54_
--------
*ce28f81291c94cf8d6ac3c8dc79f0dd8*
`登陆天数: 57天 / 695天
等级: 130
石头: 116
呼符: 22
体力: 27.08333333333333 / 138
友情点: 0 / 486980`
_2024-07-18 04:18:02_
--------
*82f13dda5a52d672337f751c1e7c3c45*
`登陆天数: 57天 / 695天
等级: 130
石头: 2509
呼符: 22
体力: 27.056666666666672 / 138
友情点: 0 / 476960`
_2024-07-18 04:18:10_
--------
*09a2ba83e0bc8fea531e77f0a0d50aa9*
`登陆天数: 57天 / 694天
等级: 130
石头: 2429
呼符: 22
体力: 27.03 / 138
友情点: 0 / 464990`
_2024-07-18 04:18:18_
--------
*2dd116b65e89712075e408f90d682415*
`登陆天数: 57天 / 695天
等级: 130
石头: 2250
呼符: 22
体力: 27.00333333333333 / 138
友情点: 0 / 487185`
_2024-07-18 04:18:26_
--------
*dfa9b84ecf5732be6515081d724acce3*
`登陆天数: 57天 / 695天
等级: 130
石头: 1739
呼符: 22
体力: 26.980000000000004 / 138
友情点: 0 / 487090`
_2024-07-18 04:18:34_
--------
*31b243358b364f62610ba7677254fc68*
`登陆天数: 57天 / 695天
等级: 130
石头: 2160
呼符: 22
体力: 29.680000000000007 / 138
友情点: 0 / 469310`
_2024-07-18 04:18:42_
--------
