【登录信息】
*8a3564efd49db13b2126ab8fb5620e80*
`登陆天数: 60天 / 698天
等级: 130
石头: 3883
呼符: 2
体力: 28.89 / 138
友情点: 0 / 379995`
_2024-07-20 04:12:52_
--------
*a160ae053c028ace34062d564c4b3434*
`登陆天数: 60天 / 698天
等级: 130
石头: 2580
呼符: 2
体力: 28.86333333333333 / 138
友情点: 0 / 458050`
_2024-07-20 04:13:00_
--------
*309010c1117f0ebb5f35f82fea9eb4f6*
`登陆天数: 59天 / 697天
等级: 130
石头: 3239
呼符: 2
体力: 28.836666666666673 / 138
友情点: 0 / 412010`
_2024-07-20 04:13:08_
--------
*5c135a27e7eea2239db8b9755d3e9ae1*
`登陆天数: 59天 / 696天
等级: 130
石头: 3970
呼符: 2
体力: 28.810000000000002 / 138
友情点: 0 / 397330`
_2024-07-20 04:13:16_
--------
*86758e159c262a3eec981868ea27a1c3*
`登陆天数: 59天 / 696天
等级: 130
石头: 2825
呼符: 2
体力: 28.78 / 138
友情点: 0 / 460565`
_2024-07-20 04:13:24_
--------
*6f9a211aef83a19f37e03ab1f44059d2*
`登陆天数: 59天 / 696天
等级: 130
石头: 3841
呼符: 2
体力: 28.75333333333333 / 138
友情点: 0 / 416600`
_2024-07-20 04:13:32_
--------
*264322ca3fe339b40698d5d40eaec3fb*
`登陆天数: 59天 / 696天
等级: 130
石头: 3281
呼符: 2
体力: 28.726666666666674 / 138
友情点: 0 / 441540`
_2024-07-20 04:13:40_
--------
*993df3128051aa77d0b6aab01a866a9a*
`登陆天数: 59天 / 697天
等级: 130
石头: 3600
呼符: 22
体力: 28.700000000000003 / 138
友情点: 0 / 429895`
_2024-07-20 04:13:48_
--------
*fe7878e487b87c3aa8336de587760751*
`登陆天数: 59天 / 696天
等级: 130
石头: 2522
呼符: 22
体力: 28.66666666666667 / 138
友情点: 0 / 452355`
_2024-07-20 04:13:56_
--------
*7357bada9d6a4063627fa17b35bb2604*
`登陆天数: 59天 / 696天
等级: 130
石头: 2391
呼符: 22
体力: 28.64 / 138
友情点: 0 / 452695`
_2024-07-20 04:14:04_
--------
*fc20186e17f0a5e4375db91b76a97657*
`登陆天数: 59天 / 697天
等级: 130
石头: 2466
呼符: 22
体力: 28.61666666666666 / 138
友情点: 0 / 455865`
_2024-07-20 04:14:12_
--------
*9cbb46fef88ab486c0d3e99d35be64e4*
`登陆天数: 59天 / 696天
等级: 130
石头: 1891
呼符: 22
体力: 28.590000000000003 / 138
友情点: 0 / 486770`
_2024-07-20 04:14:19_
--------
*9ee786c2ed20e6016bca6dcfefdeafc2*
`登陆天数: 59天 / 696天
等级: 130
石头: 2552
呼符: 22
体力: 28.563333333333333 / 138
友情点: 0 / 450800`
_2024-07-20 04:14:27_
--------
*53d9263dda66ff3848eb10d23f286c21*
`登陆天数: 59天 / 697天
等级: 130
石头: 2853
呼符: 22
体力: 28.53666666666666 / 138
友情点: 0 / 463905`
_2024-07-20 04:14:35_
--------
*9abd5d5ff49c1d31302c488c7c0c2275*
`登陆天数: 59天 / 697天
等级: 130
石头: 3289
呼符: 22
体力: 28.510000000000005 / 138
友情点: 0 / 436115`
_2024-07-20 04:14:43_
--------
*e082093bbbd89caa74af88368e016abd*
`登陆天数: 59天 / 697天
等级: 130
石头: 2010
呼符: 22
体力: 28.483333333333334 / 138
友情点: 0 / 486170`
_2024-07-20 04:14:51_
--------
*d96070b40d8faa5efd9b147555fa350b*
`登陆天数: 59天 / 697天
等级: 130
石头: 1866
呼符: 22
体力: 28.456666666666663 / 138
友情点: 0 / 486570`
_2024-07-20 04:14:59_
--------
*f7d4b15a226c048f84750fa277bedce3*
`登陆天数: 59天 / 696天
等级: 130
石头: 2702
呼符: 22
体力: 28.430000000000007 / 138
友情点: 0 / 424975`
_2024-07-20 04:15:07_
--------
*bb93d1d18e6703deab02fee04d8f5aa9*
`登陆天数: 59天 / 696天
等级: 130
石头: 2311
呼符: 22
体力: 28.403333333333336 / 138
友情点: 0 / 464550`
_2024-07-20 04:15:15_
--------
*0fc5ff08df2cb401507510c2dfc95571*
`登陆天数: 59天 / 696天
等级: 130
石头: 2163
呼符: 22
体力: 28.376666666666665 / 138
友情点: 0 / 487105`
_2024-07-20 04:15:24_
--------
*906c4dd2c74dc270b973f3a18beddaae*
`登陆天数: 59天 / 697天
等级: 130
石头: 2486
呼符: 22
体力: 28.349999999999994 / 138
友情点: 0 / 456785`
_2024-07-20 04:15:32_
--------
*f832709d5bc106e6cc3f6cf77e9a2966*
`登陆天数: 59天 / 697天
等级: 130
石头: 3457
呼符: 22
体力: 28.323333333333338 / 138
友情点: 0 / 435510`
_2024-07-20 04:15:40_
--------
*26e43377a6d9b18ed58da4338c7ce464*
`登陆天数: 59天 / 697天
等级: 130
石头: 4101
呼符: 44
体力: 28.293333333333337 / 138
友情点: 0 / 400785`
_2024-07-20 04:15:47_
--------
*d1b2d282d12cf3c76a301a07c90894d1*
`登陆天数: 59天 / 696天
等级: 130
石头: 2250
呼符: 22
体力: 28.269999999999996 / 138
友情点: 0 / 484770`
_2024-07-20 04:15:55_
--------
*69db701634bebca3b7a22919c7530d3c*
`登陆天数: 59天 / 697天
等级: 130
石头: 1205
呼符: 22
体力: 28.24333333333334 / 138
友情点: 0 / 486045`
_2024-07-20 04:16:03_
--------
*e8c0f1935f1ff5817fd1fc590e5e517e*
`登陆天数: 59天 / 696天
等级: 130
石头: 1438
呼符: 22
体力: 28.21666666666667 / 138
友情点: 0 / 486810`
_2024-07-20 04:16:11_
--------
*79c3a62fb0a14c66f2418b5ee74d63ff*
`登陆天数: 59天 / 696天
等级: 130
石头: 2857
呼符: 22
体力: 28.189999999999998 / 138
友情点: 0 / 464110`
_2024-07-20 04:16:20_
--------
*d48af5c858bf9f1ffabaa093c28167ae*
`登陆天数: 59天 / 696天
等级: 130
石头: 392
呼符: 22
体力: 28.163333333333327 / 138
友情点: 0 / 487345`
_2024-07-20 04:16:28_
--------
*aba686dd2e74e8252b4246fe8a3939b1*
`登陆天数: 59天 / 696天
等级: 130
石头: 2222
呼符: 22
体力: 28.14 / 138
友情点: 0 / 486435`
_2024-07-20 04:16:36_
--------
*ef304c8c5f06070cc29dc623098ea109*
`登陆天数: 59天 / 696天
等级: 130
石头: 1626
呼符: 22
体力: 28.11666666666666 / 138
友情点: 0 / 485610`
_2024-07-20 04:16:44_
--------
*178b035b9e842fee5556cb8c15c6bcab*
`登陆天数: 59天 / 696天
等级: 130
石头: 3693
呼符: 22
体力: 28.086666666666673 / 138
友情点: 0 / 401085`
_2024-07-20 04:16:52_
--------
*80e841f805203eb56e3b98e085bae981*
`登陆天数: 59天 / 696天
等级: 130
石头: 2492
呼符: 22
体力: 28.060000000000002 / 138
友情点: 0 / 486870`
_2024-07-20 04:17:00_
--------
*f51602b11a63ad4708f1caf2a93859c3*
`登陆天数: 59天 / 696天
等级: 130
石头: 3877
呼符: 2
体力: 28.03333333333333 / 138
友情点: 0 / 399935`
_2024-07-20 04:17:08_
--------
*7b8647ef34a6031c3133bd5ebc45c365*
`登陆天数: 59天 / 697天
等级: 130
石头: 2195
呼符: 22
体力: 28.00666666666666 / 138
友情点: 0 / 456660`
_2024-07-20 04:17:16_
--------
*9a5e65e03b17fd1ad4d34f58f313ec98*
`登陆天数: 59天 / 697天
等级: 130
石头: 3722
呼符: 22
体力: 27.980000000000004 / 138
友情点: 0 / 422605`
_2024-07-20 04:17:24_
--------
*bed8ee603f17429f4a32f4650ecf0d87*
`登陆天数: 59天 / 697天
等级: 130
石头: 1836
呼符: 22
体力: 27.953333333333333 / 138
友情点: 0 / 486020`
_2024-07-20 04:17:32_
--------
*9c5ed464e8af35376010aa03d2707564*
`登陆天数: 59天 / 697天
等级: 130
石头: 3721
呼符: 2
体力: 27.926666666666662 / 138
友情点: 0 / 390975`
_2024-07-20 04:17:40_
--------
*313bf84cb75de7e8dc490a50884d550d*
`登陆天数: 59天 / 696天
等级: 130
石头: 3123
呼符: 23
体力: 27.900000000000006 / 138
友情点: 0 / 430260`
_2024-07-20 04:17:48_
--------
*b19782d8965c0661bc47630323fd35fd*
`登陆天数: 59天 / 696天
等级: 130
石头: 2131
呼符: 22
体力: 27.873333333333335 / 138
友情点: 0 / 486840`
_2024-07-20 04:17:56_
--------
*8bae3fac1c2ce983aed40c6bb009c45e*
`登陆天数: 59天 / 697天
等级: 130
石头: 1775
呼符: 22
体力: 27.846666666666664 / 138
友情点: 0 / 485795`
_2024-07-20 04:18:05_
--------
*ca4b430d613a792f6c392336a71dbc4a*
`登陆天数: 59天 / 696天
等级: 130
石头: 3752
呼符: 22
体力: 27.819999999999993 / 138
友情点: 0 / 420255`
_2024-07-20 04:18:13_
--------
*ff527dfaa021206f115cdd93d5b83983*
`登陆天数: 59天 / 697天
等级: 130
石头: 3005
呼符: 22
体力: 27.793333333333337 / 138
友情点: 0 / 456610`
_2024-07-20 04:18:21_
--------
*7a52b75e7c50cb9325c0433e58c03307*
`登陆天数: 59天 / 697天
等级: 130
石头: 1897
呼符: 22
体力: 27.769999999999996 / 138
友情点: 0 / 487300`
_2024-07-20 04:18:29_
--------
*d005d6451dcf4cc22ceb43a623afe073*
`登陆天数: 59天 / 697天
等级: 130
石头: 3000
呼符: 22
体力: 27.74333333333334 / 138
友情点: 0 / 458350`
_2024-07-20 04:18:37_
--------
*ce28f81291c94cf8d6ac3c8dc79f0dd8*
`登陆天数: 59天 / 697天
等级: 130
石头: 122
呼符: 22
体力: 27.71333333333334 / 138
友情点: 0 / 486980`
_2024-07-20 04:18:45_
--------
*82f13dda5a52d672337f751c1e7c3c45*
`登陆天数: 59天 / 697天
等级: 130
石头: 2515
呼符: 22
体力: 27.689999999999998 / 138
友情点: 0 / 476960`
_2024-07-20 04:18:53_
--------
*09a2ba83e0bc8fea531e77f0a0d50aa9*
`登陆天数: 59天 / 696天
等级: 130
石头: 2435
呼符: 22
体力: 27.663333333333327 / 138
友情点: 0 / 464990`
_2024-07-20 04:19:01_
--------
*2dd116b65e89712075e408f90d682415*
`登陆天数: 59天 / 697天
等级: 130
石头: 2256
呼符: 22
体力: 27.63666666666667 / 138
友情点: 0 / 487185`
_2024-07-20 04:19:10_
--------
*dfa9b84ecf5732be6515081d724acce3*
`登陆天数: 59天 / 697天
等级: 130
石头: 1745
呼符: 22
体力: 27.61 / 138
友情点: 0 / 487090`
_2024-07-20 04:19:18_
--------
*31b243358b364f62610ba7677254fc68*
`登陆天数: 59天 / 697天
等级: 130
石头: 2166
呼符: 22
体力: 30.296666666666667 / 138
友情点: 0 / 469310`
_2024-07-20 04:19:26_
--------
