【登录信息】
*8a3564efd49db13b2126ab8fb5620e80*
`登陆天数: 62天 / 700天
等级: 130
石头: 3915
呼符: 2
体力: 28.456666666666663 / 138
友情点: 0 / 379995`
_2024-07-22 04:11:47_
--------
*a160ae053c028ace34062d564c4b3434*
`登陆天数: 62天 / 700天
等级: 130
石头: 2612
呼符: 2
体力: 28.430000000000007 / 138
友情点: 0 / 458050`
_2024-07-22 04:11:54_
--------
*309010c1117f0ebb5f35f82fea9eb4f6*
`登陆天数: 61天 / 699天
等级: 130
石头: 3240
呼符: 2
体力: 28.406666666666666 / 138
友情点: 0 / 412010`
_2024-07-22 04:12:02_
--------
*5c135a27e7eea2239db8b9755d3e9ae1*
`登陆天数: 61天 / 698天
等级: 130
石头: 3971
呼符: 2
体力: 28.376666666666665 / 138
友情点: 0 / 397330`
_2024-07-22 04:12:10_
--------
*86758e159c262a3eec981868ea27a1c3*
`登陆天数: 61天 / 698天
等级: 130
石头: 2826
呼符: 2
体力: 28.349999999999994 / 138
友情点: 0 / 460565`
_2024-07-22 04:12:18_
--------
*6f9a211aef83a19f37e03ab1f44059d2*
`登陆天数: 61天 / 698天
等级: 130
石头: 3842
呼符: 2
体力: 28.326666666666668 / 138
友情点: 0 / 416600`
_2024-07-22 04:12:25_
--------
*264322ca3fe339b40698d5d40eaec3fb*
`登陆天数: 61天 / 698天
等级: 130
石头: 3282
呼符: 2
体力: 28.303333333333327 / 138
友情点: 0 / 441540`
_2024-07-22 04:12:33_
--------
*993df3128051aa77d0b6aab01a866a9a*
`登陆天数: 61天 / 699天
等级: 130
石头: 3601
呼符: 22
体力: 28.273333333333326 / 138
友情点: 0 / 429895`
_2024-07-22 04:12:41_
--------
*fe7878e487b87c3aa8336de587760751*
`登陆天数: 61天 / 698天
等级: 130
石头: 2523
呼符: 22
体力: 28.25 / 138
友情点: 0 / 452355`
_2024-07-22 04:12:49_
--------
*7357bada9d6a4063627fa17b35bb2604*
`登陆天数: 61天 / 698天
等级: 130
石头: 2392
呼符: 22
体力: 28.226666666666674 / 138
友情点: 0 / 452695`
_2024-07-22 04:12:56_
--------
*fc20186e17f0a5e4375db91b76a97657*
`登陆天数: 61天 / 699天
等级: 130
石头: 2467
呼符: 22
体力: 28.196666666666673 / 138
友情点: 0 / 455865`
_2024-07-22 04:13:04_
--------
*9cbb46fef88ab486c0d3e99d35be64e4*
`登陆天数: 61天 / 698天
等级: 130
石头: 1892
呼符: 22
体力: 28.173333333333332 / 138
友情点: 0 / 486770`
_2024-07-22 04:13:12_
--------
*9ee786c2ed20e6016bca6dcfefdeafc2*
`登陆天数: 61天 / 698天
等级: 130
石头: 2553
呼符: 22
体力: 28.150000000000006 / 138
友情点: 0 / 450800`
_2024-07-22 04:13:19_
--------
*53d9263dda66ff3848eb10d23f286c21*
`登陆天数: 61天 / 699天
等级: 130
石头: 2854
呼符: 22
体力: 28.120000000000005 / 138
友情点: 0 / 463905`
_2024-07-22 04:13:27_
--------
*9abd5d5ff49c1d31302c488c7c0c2275*
`登陆天数: 61天 / 699天
等级: 130
石头: 3290
呼符: 22
体力: 28.096666666666664 / 138
友情点: 0 / 436115`
_2024-07-22 04:13:35_
--------
*e082093bbbd89caa74af88368e016abd*
`登陆天数: 61天 / 699天
等级: 130
石头: 2011
呼符: 22
体力: 28.073333333333338 / 138
友情点: 0 / 486170`
_2024-07-22 04:13:43_
--------
*d96070b40d8faa5efd9b147555fa350b*
`登陆天数: 61天 / 699天
等级: 130
石头: 1867
呼符: 22
体力: 28.046666666666667 / 138
友情点: 0 / 486570`
_2024-07-22 04:13:50_
--------
*f7d4b15a226c048f84750fa277bedce3*
`登陆天数: 61天 / 698天
等级: 130
石头: 2703
呼符: 22
体力: 28.023333333333326 / 138
友情点: 0 / 424975`
_2024-07-22 04:13:59_
--------
*bb93d1d18e6703deab02fee04d8f5aa9*
`登陆天数: 61天 / 698天
等级: 130
石头: 2312
呼符: 22
体力: 28.0 / 138
友情点: 0 / 464550`
_2024-07-22 04:14:06_
--------
*0fc5ff08df2cb401507510c2dfc95571*
`登陆天数: 61天 / 698天
等级: 130
石头: 2164
呼符: 22
体力: 27.97333333333333 / 138
友情点: 0 / 487105`
_2024-07-22 04:14:14_
--------
*906c4dd2c74dc270b973f3a18beddaae*
`登陆天数: 61天 / 699天
等级: 130
石头: 2487
呼符: 22
体力: 27.946666666666673 / 138
友情点: 0 / 456785`
_2024-07-22 04:14:22_
--------
*f832709d5bc106e6cc3f6cf77e9a2966*
`登陆天数: 61天 / 699天
等级: 130
石头: 3458
呼符: 22
体力: 27.923333333333332 / 138
友情点: 0 / 435510`
_2024-07-22 04:14:29_
--------
*26e43377a6d9b18ed58da4338c7ce464*
`登陆天数: 61天 / 699天
等级: 130
石头: 4102
呼符: 44
体力: 27.900000000000006 / 138
友情点: 0 / 400785`
_2024-07-22 04:14:37_
--------
*d1b2d282d12cf3c76a301a07c90894d1*
`登陆天数: 61天 / 698天
等级: 130
石头: 2251
呼符: 22
体力: 27.873333333333335 / 138
友情点: 0 / 484770`
_2024-07-22 04:14:45_
--------
*69db701634bebca3b7a22919c7530d3c*
`登陆天数: 61天 / 699天
等级: 130
石头: 1206
呼符: 22
体力: 27.849999999999994 / 138
友情点: 0 / 486045`
_2024-07-22 04:14:53_
--------
*e8c0f1935f1ff5817fd1fc590e5e517e*
`登陆天数: 61天 / 698天
等级: 130
石头: 1439
呼符: 22
体力: 27.823333333333338 / 138
友情点: 0 / 486810`
_2024-07-22 04:15:01_
--------
*79c3a62fb0a14c66f2418b5ee74d63ff*
`登陆天数: 61天 / 698天
等级: 130
石头: 2858
呼符: 22
体力: 27.799999999999997 / 138
友情点: 0 / 464110`
_2024-07-22 04:15:09_
--------
*d48af5c858bf9f1ffabaa093c28167ae*
`登陆天数: 61天 / 698天
等级: 130
石头: 393
呼符: 22
体力: 27.77666666666667 / 138
友情点: 0 / 487345`
_2024-07-22 04:15:16_
--------
*aba686dd2e74e8252b4246fe8a3939b1*
`登陆天数: 61天 / 698天
等级: 130
石头: 2223
呼符: 22
体力: 27.74666666666667 / 138
友情点: 0 / 486435`
_2024-07-22 04:15:24_
--------
*ef304c8c5f06070cc29dc623098ea109*
`登陆天数: 61天 / 698天
等级: 130
石头: 1627
呼符: 22
体力: 27.72333333333333 / 138
友情点: 0 / 485610`
_2024-07-22 04:15:32_
--------
*178b035b9e842fee5556cb8c15c6bcab*
`登陆天数: 61天 / 698天
等级: 130
石头: 3694
呼符: 22
体力: 27.700000000000003 / 138
友情点: 0 / 401085`
_2024-07-22 04:15:39_
--------
*80e841f805203eb56e3b98e085bae981*
`登陆天数: 61天 / 698天
等级: 130
石头: 2493
呼符: 22
体力: 27.673333333333332 / 138
友情点: 0 / 486870`
_2024-07-22 04:15:47_
--------
*f51602b11a63ad4708f1caf2a93859c3*
`登陆天数: 61天 / 698天
等级: 130
石头: 3878
呼符: 2
体力: 27.64666666666666 / 138
友情点: 0 / 399935`
_2024-07-22 04:15:55_
--------
*7b8647ef34a6031c3133bd5ebc45c365*
`登陆天数: 61天 / 699天
等级: 130
石头: 2196
呼符: 22
体力: 27.620000000000005 / 138
友情点: 0 / 456660`
_2024-07-22 04:16:02_
--------
*9a5e65e03b17fd1ad4d34f58f313ec98*
`登陆天数: 61天 / 699天
等级: 130
石头: 3723
呼符: 22
体力: 27.596666666666664 / 138
友情点: 0 / 422605`
_2024-07-22 04:16:10_
--------
*bed8ee603f17429f4a32f4650ecf0d87*
`登陆天数: 61天 / 699天
等级: 130
石头: 1837
呼符: 22
体力: 27.573333333333338 / 138
友情点: 0 / 486020`
_2024-07-22 04:16:17_
--------
*9c5ed464e8af35376010aa03d2707564*
`登陆天数: 61天 / 699天
等级: 130
石头: 3722
呼符: 2
体力: 27.546666666666667 / 138
友情点: 0 / 390975`
_2024-07-22 04:16:25_
--------
*313bf84cb75de7e8dc490a50884d550d*
`登陆天数: 61天 / 698天
等级: 130
石头: 3124
呼符: 23
体力: 27.523333333333326 / 138
友情点: 0 / 430260`
_2024-07-22 04:16:33_
--------
*b19782d8965c0661bc47630323fd35fd*
`登陆天数: 61天 / 698天
等级: 130
石头: 2132
呼符: 22
体力: 27.49333333333334 / 138
友情点: 0 / 486840`
_2024-07-22 04:16:40_
--------
*8bae3fac1c2ce983aed40c6bb009c45e*
`登陆天数: 61天 / 699天
等级: 130
石头: 1776
呼符: 22
体力: 27.47 / 138
友情点: 0 / 485795`
_2024-07-22 04:16:48_
--------
*ca4b430d613a792f6c392336a71dbc4a*
`登陆天数: 61天 / 698天
等级: 130
石头: 3753
呼符: 22
体力: 27.443333333333328 / 138
友情点: 0 / 420255`
_2024-07-22 04:16:56_
--------
*ff527dfaa021206f115cdd93d5b83983*
`登陆天数: 61天 / 699天
等级: 130
石头: 3006
呼符: 22
体力: 27.42 / 138
友情点: 0 / 456610`
_2024-07-22 04:17:03_
--------
*7a52b75e7c50cb9325c0433e58c03307*
`登陆天数: 61天 / 699天
等级: 130
石头: 1898
呼符: 22
体力: 27.39 / 138
友情点: 0 / 487300`
_2024-07-22 04:17:11_
--------
*d005d6451dcf4cc22ceb43a623afe073*
`登陆天数: 61天 / 699天
等级: 130
石头: 3001
呼符: 22
体力: 27.36666666666666 / 138
友情点: 0 / 458350`
_2024-07-22 04:17:19_
--------
*ce28f81291c94cf8d6ac3c8dc79f0dd8*
`登陆天数: 61天 / 699天
等级: 130
石头: 123
呼符: 22
体力: 27.343333333333334 / 138
友情点: 0 / 486980`
_2024-07-22 04:17:27_
--------
*82f13dda5a52d672337f751c1e7c3c45*
`登陆天数: 61天 / 699天
等级: 130
石头: 2516
呼符: 22
体力: 27.319999999999993 / 138
友情点: 0 / 476960`
_2024-07-22 04:17:34_
--------
*09a2ba83e0bc8fea531e77f0a0d50aa9*
`登陆天数: 61天 / 698天
等级: 130
石头: 2436
呼符: 22
体力: 27.290000000000006 / 138
友情点: 0 / 464990`
_2024-07-22 04:17:42_
--------
*2dd116b65e89712075e408f90d682415*
`登陆天数: 61天 / 699天
等级: 130
石头: 2257
呼符: 22
体力: 27.266666666666666 / 138
友情点: 0 / 487185`
_2024-07-22 04:17:50_
--------
*dfa9b84ecf5732be6515081d724acce3*
`登陆天数: 61天 / 699天
等级: 130
石头: 1746
呼符: 22
体力: 27.24333333333334 / 138
友情点: 0 / 487090`
_2024-07-22 04:17:58_
--------
*31b243358b364f62610ba7677254fc68*
`登陆天数: 61天 / 699天
等级: 130
石头: 2167
呼符: 22
体力: 29.823333333333338 / 138
友情点: 0 / 469310`
_2024-07-22 04:18:05_
--------
