【登录信息】
*8a3564efd49db13b2126ab8fb5620e80*
`登陆天数: 63天 / 701天
等级: 130
石头: 3915
呼符: 3
体力: 28.21666666666667 / 138
友情点: 0 / 379995`
_2024-07-23 04:11:20_
--------
*a160ae053c028ace34062d564c4b3434*
`登陆天数: 63天 / 701天
等级: 130
石头: 2612
呼符: 3
体力: 28.186666666666667 / 138
友情点: 0 / 458050`
_2024-07-23 04:11:28_
--------
*309010c1117f0ebb5f35f82fea9eb4f6*
`登陆天数: 62天 / 700天
等级: 130
石头: 3272
呼符: 2
体力: 28.159999999999997 / 138
友情点: 0 / 412010`
_2024-07-23 04:11:36_
--------
*5c135a27e7eea2239db8b9755d3e9ae1*
`登陆天数: 62天 / 699天
等级: 130
石头: 3973
呼符: 2
体力: 28.13666666666667 / 138
友情点: 0 / 397330`
_2024-07-23 04:11:44_
--------
*86758e159c262a3eec981868ea27a1c3*
`登陆天数: 62天 / 699天
等级: 130
石头: 2828
呼符: 2
体力: 28.11 / 138
友情点: 0 / 460565`
_2024-07-23 04:11:53_
--------
*6f9a211aef83a19f37e03ab1f44059d2*
`登陆天数: 62天 / 699天
等级: 130
石头: 3844
呼符: 2
体力: 28.08333333333333 / 138
友情点: 0 / 416600`
_2024-07-23 04:12:00_
--------
*264322ca3fe339b40698d5d40eaec3fb*
`登陆天数: 62天 / 699天
等级: 130
石头: 3284
呼符: 2
体力: 28.060000000000002 / 138
友情点: 0 / 441540`
_2024-07-23 04:12:08_
--------
*993df3128051aa77d0b6aab01a866a9a*
`登陆天数: 62天 / 700天
等级: 130
石头: 3633
呼符: 22
体力: 28.03333333333333 / 138
友情点: 0 / 429895`
_2024-07-23 04:12:16_
--------
*fe7878e487b87c3aa8336de587760751*
`登陆天数: 62天 / 699天
等级: 130
石头: 2525
呼符: 22
体力: 28.00666666666666 / 138
友情点: 0 / 452355`
_2024-07-23 04:12:24_
--------
*7357bada9d6a4063627fa17b35bb2604*
`登陆天数: 62天 / 699天
等级: 130
石头: 2394
呼符: 22
体力: 27.980000000000004 / 138
友情点: 0 / 452695`
_2024-07-23 04:12:32_
--------
*fc20186e17f0a5e4375db91b76a97657*
`登陆天数: 62天 / 700天
等级: 130
石头: 2499
呼符: 22
体力: 27.953333333333333 / 138
友情点: 0 / 455865`
_2024-07-23 04:12:40_
--------
*9cbb46fef88ab486c0d3e99d35be64e4*
`登陆天数: 62天 / 699天
等级: 130
石头: 1894
呼符: 22
体力: 27.930000000000007 / 138
友情点: 0 / 486770`
_2024-07-23 04:12:49_
--------
*9ee786c2ed20e6016bca6dcfefdeafc2*
`登陆天数: 62天 / 699天
等级: 130
石头: 2555
呼符: 22
体力: 27.903333333333336 / 138
友情点: 0 / 450800`
_2024-07-23 04:12:56_
--------
*53d9263dda66ff3848eb10d23f286c21*
`登陆天数: 62天 / 700天
等级: 130
石头: 2886
呼符: 22
体力: 27.879999999999995 / 138
友情点: 0 / 463905`
_2024-07-23 04:13:05_
--------
*9abd5d5ff49c1d31302c488c7c0c2275*
`登陆天数: 62天 / 700天
等级: 130
石头: 3322
呼符: 22
体力: 27.85333333333334 / 138
友情点: 0 / 436115`
_2024-07-23 04:13:13_
--------
*e082093bbbd89caa74af88368e016abd*
`登陆天数: 62天 / 700天
等级: 130
石头: 2043
呼符: 22
体力: 27.83333333333333 / 138
友情点: 0 / 486170`
_2024-07-23 04:13:21_
--------
*d96070b40d8faa5efd9b147555fa350b*
`登陆天数: 62天 / 700天
等级: 130
石头: 1899
呼符: 22
体力: 27.803333333333327 / 138
友情点: 0 / 486570`
_2024-07-23 04:13:29_
--------
*f7d4b15a226c048f84750fa277bedce3*
`登陆天数: 62天 / 699天
等级: 130
石头: 2705
呼符: 22
体力: 27.78 / 138
友情点: 0 / 424975`
_2024-07-23 04:13:37_
--------
*bb93d1d18e6703deab02fee04d8f5aa9*
`登陆天数: 62天 / 699天
等级: 130
石头: 2314
呼符: 22
体力: 27.75666666666666 / 138
友情点: 0 / 464550`
_2024-07-23 04:13:45_
--------
*0fc5ff08df2cb401507510c2dfc95571*
`登陆天数: 62天 / 699天
等级: 130
石头: 2166
呼符: 22
体力: 27.730000000000004 / 138
友情点: 0 / 487105`
_2024-07-23 04:13:53_
--------
*906c4dd2c74dc270b973f3a18beddaae*
`登陆天数: 62天 / 700天
等级: 130
石头: 2519
呼符: 22
体力: 27.706666666666663 / 138
友情点: 0 / 456785`
_2024-07-23 04:14:01_
--------
*f832709d5bc106e6cc3f6cf77e9a2966*
`登陆天数: 62天 / 700天
等级: 130
石头: 3490
呼符: 22
体力: 27.680000000000007 / 138
友情点: 0 / 435510`
_2024-07-23 04:14:09_
--------
*26e43377a6d9b18ed58da4338c7ce464*
`登陆天数: 62天 / 700天
等级: 130
石头: 4134
呼符: 44
体力: 27.656666666666666 / 138
友情点: 0 / 400785`
_2024-07-23 04:14:17_
--------
*d1b2d282d12cf3c76a301a07c90894d1*
`登陆天数: 62天 / 699天
等级: 130
石头: 2253
呼符: 22
体力: 27.626666666666665 / 138
友情点: 0 / 484770`
_2024-07-23 04:14:25_
--------
*69db701634bebca3b7a22919c7530d3c*
`登陆天数: 62天 / 700天
等级: 130
石头: 1238
呼符: 22
体力: 27.60333333333334 / 138
友情点: 0 / 486045`
_2024-07-23 04:14:33_
--------
*e8c0f1935f1ff5817fd1fc590e5e517e*
`登陆天数: 62天 / 699天
等级: 130
石头: 1441
呼符: 22
体力: 27.576666666666668 / 138
友情点: 0 / 486810`
_2024-07-23 04:14:41_
--------
*79c3a62fb0a14c66f2418b5ee74d63ff*
`登陆天数: 62天 / 699天
等级: 130
石头: 2860
呼符: 22
体力: 27.549999999999997 / 138
友情点: 0 / 464110`
_2024-07-23 04:14:49_
--------
*d48af5c858bf9f1ffabaa093c28167ae*
`登陆天数: 62天 / 699天
等级: 130
石头: 395
呼符: 22
体力: 27.523333333333326 / 138
友情点: 0 / 487345`
_2024-07-23 04:14:57_
--------
*aba686dd2e74e8252b4246fe8a3939b1*
`登陆天数: 62天 / 699天
等级: 130
石头: 2225
呼符: 22
体力: 27.5 / 138
友情点: 0 / 486435`
_2024-07-23 04:15:05_
--------
*ef304c8c5f06070cc29dc623098ea109*
`登陆天数: 62天 / 699天
等级: 130
石头: 1629
呼符: 22
体力: 27.47333333333333 / 138
友情点: 0 / 485610`
_2024-07-23 04:15:13_
--------
*178b035b9e842fee5556cb8c15c6bcab*
`登陆天数: 62天 / 699天
等级: 130
石头: 3696
呼符: 22
体力: 27.446666666666673 / 138
友情点: 0 / 401085`
_2024-07-23 04:15:21_
--------
*80e841f805203eb56e3b98e085bae981*
`登陆天数: 62天 / 699天
等级: 130
石头: 2495
呼符: 22
体力: 27.423333333333332 / 138
友情点: 0 / 486870`
_2024-07-23 04:15:29_
--------
*f51602b11a63ad4708f1caf2a93859c3*
`登陆天数: 62天 / 699天
等级: 130
石头: 3880
呼符: 2
体力: 27.39666666666666 / 138
友情点: 0 / 399935`
_2024-07-23 04:15:37_
--------
*7b8647ef34a6031c3133bd5ebc45c365*
`登陆天数: 62天 / 700天
等级: 130
石头: 2228
呼符: 22
体力: 27.370000000000005 / 138
友情点: 0 / 456660`
_2024-07-23 04:15:45_
--------
*9a5e65e03b17fd1ad4d34f58f313ec98*
`登陆天数: 62天 / 700天
等级: 130
石头: 3755
呼符: 22
体力: 27.343333333333334 / 138
友情点: 0 / 422605`
_2024-07-23 04:15:53_
--------
*bed8ee603f17429f4a32f4650ecf0d87*
`登陆天数: 62天 / 700天
等级: 130
石头: 1869
呼符: 22
体力: 27.316666666666663 / 138
友情点: 0 / 486020`
_2024-07-23 04:16:01_
--------
*9c5ed464e8af35376010aa03d2707564*
`登陆天数: 62天 / 700天
等级: 130
石头: 3754
呼符: 2
体力: 27.293333333333337 / 138
友情点: 0 / 390975`
_2024-07-23 04:16:09_
--------
*313bf84cb75de7e8dc490a50884d550d*
`登陆天数: 62天 / 699天
等级: 130
石头: 3126
呼符: 23
体力: 27.266666666666666 / 138
友情点: 0 / 430260`
_2024-07-23 04:16:18_
--------
*b19782d8965c0661bc47630323fd35fd*
`登陆天数: 62天 / 699天
等级: 130
石头: 2134
呼符: 22
体力: 27.24333333333334 / 138
友情点: 0 / 486840`
_2024-07-23 04:16:26_
--------
*8bae3fac1c2ce983aed40c6bb009c45e*
`登陆天数: 62天 / 700天
等级: 130
石头: 1808
呼符: 22
体力: 27.22 / 138
友情点: 0 / 485795`
_2024-07-23 04:16:34_
--------
*ca4b430d613a792f6c392336a71dbc4a*
`登陆天数: 62天 / 699天
等级: 130
石头: 3755
呼符: 22
体力: 27.193333333333328 / 138
友情点: 0 / 420255`
_2024-07-23 04:16:42_
--------
*ff527dfaa021206f115cdd93d5b83983*
`登陆天数: 62天 / 700天
等级: 130
石头: 3038
呼符: 22
体力: 27.16666666666667 / 138
友情点: 0 / 456610`
_2024-07-23 04:16:50_
--------
*7a52b75e7c50cb9325c0433e58c03307*
`登陆天数: 62天 / 700天
等级: 130
石头: 1930
呼符: 22
体力: 27.14333333333333 / 138
友情点: 0 / 487300`
_2024-07-23 04:16:58_
--------
*d005d6451dcf4cc22ceb43a623afe073*
`登陆天数: 62天 / 700天
等级: 130
石头: 3033
呼符: 22
体力: 27.11666666666666 / 138
友情点: 0 / 458350`
_2024-07-23 04:17:06_
--------
*ce28f81291c94cf8d6ac3c8dc79f0dd8*
`登陆天数: 62天 / 700天
等级: 130
石头: 155
呼符: 22
体力: 27.086666666666673 / 138
友情点: 0 / 486980`
_2024-07-23 04:17:14_
--------
*82f13dda5a52d672337f751c1e7c3c45*
`登陆天数: 62天 / 700天
等级: 130
石头: 2548
呼符: 22
体力: 27.060000000000002 / 138
友情点: 0 / 476960`
_2024-07-23 04:17:22_
--------
*09a2ba83e0bc8fea531e77f0a0d50aa9*
`登陆天数: 62天 / 699天
等级: 130
石头: 2438
呼符: 22
体力: 27.03666666666666 / 138
友情点: 0 / 464990`
_2024-07-23 04:17:30_
--------
*2dd116b65e89712075e408f90d682415*
`登陆天数: 62天 / 700天
等级: 130
石头: 2289
呼符: 22
体力: 27.010000000000005 / 138
友情点: 0 / 487185`
_2024-07-23 04:17:38_
--------
*dfa9b84ecf5732be6515081d724acce3*
`登陆天数: 62天 / 700天
等级: 130
石头: 1778
呼符: 22
体力: 26.983333333333334 / 138
友情点: 0 / 487090`
_2024-07-23 04:17:46_
--------
*31b243358b364f62610ba7677254fc68*
`登陆天数: 62天 / 700天
等级: 130
石头: 2199
呼符: 22
体力: 29.64333333333333 / 138
友情点: 0 / 469310`
_2024-07-23 04:17:53_
--------
