【登录信息】
*8a3564efd49db13b2126ab8fb5620e80*
`登陆天数: 18天 / 656天
等级: 130
石头: 4062
呼符: 71
体力: 30.459999999999994 / 138
友情点: 0 / 471995`
_2024-06-08 04:30:28_
--------
*a160ae053c028ace34062d564c4b3434*
`登陆天数: 18天 / 656天
等级: 130
石头: 3008
呼符: 9
体力: 30.436666666666667 / 138
友情点: 0 / 472050`
_2024-06-08 04:30:36_
--------
*309010c1117f0ebb5f35f82fea9eb4f6*
`登陆天数: 17天 / 655天
等级: 130
石头: 3940
呼符: 9
体力: 30.409999999999997 / 138
友情点: 0 / 474010`
_2024-06-08 04:30:44_
--------
*5c135a27e7eea2239db8b9755d3e9ae1*
`登陆天数: 17天 / 654天
等级: 130
石头: 4064
呼符: 77
体力: 30.38333333333334 / 138
友情点: 0 / 473330`
_2024-06-08 04:30:52_
--------
*86758e159c262a3eec981868ea27a1c3*
`登陆天数: 17天 / 654天
等级: 130
石头: 3069
呼符: 9
体力: 30.35333333333334 / 138
友情点: 0 / 472565`
_2024-06-08 04:31:01_
--------
*6f9a211aef83a19f37e03ab1f44059d2*
`登陆天数: 17天 / 654天
等级: 130
石头: 3815
呼符: 9
体力: 30.33333333333333 / 138
友情点: 0 / 472600`
_2024-06-08 04:31:09_
--------
*264322ca3fe339b40698d5d40eaec3fb*
`登陆天数: 17天 / 654天
等级: 130
石头: 3250
呼符: 9
体力: 30.306666666666672 / 138
友情点: 0 / 473540`
_2024-06-08 04:31:17_
--------
*993df3128051aa77d0b6aab01a866a9a*
`登陆天数: 17天 / 655天
等级: 130
石头: 3604
呼符: 9
体力: 30.273333333333326 / 138
友情点: 0 / 473895`
_2024-06-08 04:31:25_
--------
*fe7878e487b87c3aa8336de587760751*
`登陆天数: 17天 / 654天
等级: 130
石头: 3126
呼符: 9
体力: 30.25 / 138
友情点: 0 / 472355`
_2024-06-08 04:31:33_
--------
*7357bada9d6a4063627fa17b35bb2604*
`登陆天数: 17天 / 654天
等级: 130
石头: 3145
呼符: 9
体力: 30.22333333333333 / 138
友情点: 0 / 472695`
_2024-06-08 04:31:41_
--------
*fc20186e17f0a5e4375db91b76a97657*
`登陆天数: 17天 / 655天
等级: 130
石头: 3190
呼符: 9
体力: 30.196666666666673 / 138
友情点: 0 / 473865`
_2024-06-08 04:31:49_
--------
*9cbb46fef88ab486c0d3e99d35be64e4*
`登陆天数: 17天 / 654天
等级: 130
石头: 2045
呼符: 9
体力: 30.17 / 138
友情点: 0 / 474770`
_2024-06-08 04:31:57_
--------
*9ee786c2ed20e6016bca6dcfefdeafc2*
`登陆天数: 17天 / 654天
等级: 130
石头: 3126
呼符: 9
体力: 30.14666666666666 / 138
友情点: 0 / 472800`
_2024-06-08 04:32:05_
--------
*53d9263dda66ff3848eb10d23f286c21*
`登陆天数: 17天 / 655天
等级: 130
石头: 2947
呼符: 9
体力: 30.120000000000005 / 138
友情点: 0 / 471905`
_2024-06-08 04:32:14_
--------
*9abd5d5ff49c1d31302c488c7c0c2275*
`登陆天数: 17天 / 655天
等级: 130
石头: 3503
呼符: 9
体力: 30.093333333333334 / 138
友情点: 0 / 472115`
_2024-06-08 04:32:22_
--------
*e082093bbbd89caa74af88368e016abd*
`登陆天数: 17天 / 655天
等级: 130
石头: 2194
呼符: 9
体力: 30.069999999999993 / 138
友情点: 0 / 474170`
_2024-06-08 04:32:30_
--------
*d96070b40d8faa5efd9b147555fa350b*
`登陆天数: 17天 / 655天
等级: 130
石头: 2050
呼符: 9
体力: 30.046666666666667 / 138
友情点: 0 / 474570`
_2024-06-08 04:32:38_
--------
*f7d4b15a226c048f84750fa277bedce3*
`登陆天数: 17天 / 654天
等级: 130
石头: 3546
呼符: 9
体力: 30.02666666666667 / 138
友情点: 0 / 472975`
_2024-06-08 04:32:47_
--------
*bb93d1d18e6703deab02fee04d8f5aa9*
`登陆天数: 17天 / 654天
等级: 130
石头: 2855
呼符: 9
体力: 30.00333333333333 / 138
友情点: 0 / 472550`
_2024-06-08 04:32:55_
--------
*0fc5ff08df2cb401507510c2dfc95571*
`登陆天数: 17天 / 654天
等级: 130
石头: 2257
呼符: 9
体力: 29.976666666666674 / 138
友情点: 0 / 475105`
_2024-06-08 04:33:03_
--------
*906c4dd2c74dc270b973f3a18beddaae*
`登陆天数: 17天 / 655天
等级: 130
石头: 3150
呼符: 9
体力: 29.950000000000003 / 138
友情点: 0 / 474785`
_2024-06-08 04:33:11_
--------
*f832709d5bc106e6cc3f6cf77e9a2966*
`登陆天数: 17天 / 655天
等级: 130
石头: 3491
呼符: 9
体力: 29.926666666666662 / 138
友情点: 0 / 473510`
_2024-06-08 04:33:20_
--------
*26e43377a6d9b18ed58da4338c7ce464*
`登陆天数: 17天 / 655天
等级: 130
石头: 4045
呼符: 87
体力: 29.900000000000006 / 138
友情点: 0 / 472785`
_2024-06-08 04:33:28_
--------
*d1b2d282d12cf3c76a301a07c90894d1*
`登陆天数: 17天 / 654天
等级: 130
石头: 2464
呼符: 9
体力: 29.876666666666665 / 138
友情点: 0 / 472770`
_2024-06-08 04:33:36_
--------
*69db701634bebca3b7a22919c7530d3c*
`登陆天数: 17天 / 655天
等级: 130
石头: 1719
呼符: 9
体力: 29.846666666666664 / 138
友情点: 0 / 474045`
_2024-06-08 04:33:44_
--------
*e8c0f1935f1ff5817fd1fc590e5e517e*
`登陆天数: 17天 / 654天
等级: 130
石头: 1442
呼符: 9
体力: 29.823333333333338 / 138
友情点: 0 / 474810`
_2024-06-08 04:33:52_
--------
*79c3a62fb0a14c66f2418b5ee74d63ff*
`登陆天数: 17天 / 654天
等级: 130
石头: 2861
呼符: 9
体力: 29.799999999999997 / 138
友情点: 0 / 474110`
_2024-06-08 04:34:00_
--------
*d48af5c858bf9f1ffabaa093c28167ae*
`登陆天数: 17天 / 654天
等级: 130
石头: 726
呼符: 9
体力: 29.773333333333326 / 138
友情点: 0 / 475345`
_2024-06-08 04:34:08_
--------
*aba686dd2e74e8252b4246fe8a3939b1*
`登陆天数: 17天 / 654天
等级: 130
石头: 2256
呼符: 9
体力: 29.75 / 138
友情点: 0 / 474435`
_2024-06-08 04:34:16_
--------
*ef304c8c5f06070cc29dc623098ea109*
`登陆天数: 17天 / 654天
等级: 130
石头: 1690
呼符: 9
体力: 29.730000000000004 / 138
友情点: 0 / 473610`
_2024-06-08 04:34:24_
--------
*178b035b9e842fee5556cb8c15c6bcab*
`登陆天数: 17天 / 654天
等级: 130
石头: 4027
呼符: 9
体力: 29.706666666666663 / 138
友情点: 0 / 471085`
_2024-06-08 04:34:32_
--------
*80e841f805203eb56e3b98e085bae981*
`登陆天数: 17天 / 654天
等级: 130
石头: 2466
呼符: 9
体力: 29.680000000000007 / 138
友情点: 0 / 474870`
_2024-06-08 04:34:40_
--------
*f51602b11a63ad4708f1caf2a93859c3*
`登陆天数: 17天 / 654天
等级: 130
石头: 4061
呼符: 50
体力: 29.653333333333336 / 138
友情点: 0 / 473935`
_2024-06-08 04:34:48_
--------
*7b8647ef34a6031c3133bd5ebc45c365*
`登陆天数: 17天 / 655天
等级: 130
石头: 2619
呼符: 9
体力: 29.626666666666665 / 138
友情点: 0 / 472660`
_2024-06-08 04:34:56_
--------
*9a5e65e03b17fd1ad4d34f58f313ec98*
`登陆天数: 17天 / 655天
等级: 130
石头: 3696
呼符: 9
体力: 29.599999999999994 / 138
友情点: 0 / 472605`
_2024-06-08 04:35:04_
--------
*bed8ee603f17429f4a32f4650ecf0d87*
`登陆天数: 17天 / 655天
等级: 130
石头: 2230
呼符: 9
体力: 29.573333333333338 / 138
友情点: 0 / 474020`
_2024-06-08 04:35:13_
--------
*9c5ed464e8af35376010aa03d2707564*
`登陆天数: 17天 / 655天
等级: 130
石头: 4055
呼符: 123
体力: 29.549999999999997 / 138
友情点: 0 / 472975`
_2024-06-08 04:35:20_
--------
*313bf84cb75de7e8dc490a50884d550d*
`登陆天数: 17天 / 654天
等级: 130
石头: 3247
呼符: 10
体力: 29.523333333333326 / 138
友情点: 0 / 472260`
_2024-06-08 04:35:29_
--------
*b19782d8965c0661bc47630323fd35fd*
`登陆天数: 17天 / 654天
等级: 130
石头: 2315
呼符: 9
体力: 29.49666666666667 / 138
友情点: 0 / 474840`
_2024-06-08 04:35:37_
--------
*8bae3fac1c2ce983aed40c6bb009c45e*
`登陆天数: 17天 / 655天
等级: 130
石头: 2619
呼符: 9
体力: 29.476666666666674 / 138
友情点: 0 / 473795`
_2024-06-08 04:35:45_
--------
*ca4b430d613a792f6c392336a71dbc4a*
`登陆天数: 17天 / 654天
等级: 130
石头: 3876
呼符: 9
体力: 29.453333333333333 / 138
友情点: 0 / 472255`
_2024-06-08 04:35:53_
--------
*ff527dfaa021206f115cdd93d5b83983*
`登陆天数: 17天 / 655天
等级: 130
石头: 3069
呼符: 9
体力: 29.430000000000007 / 138
友情点: 0 / 472610`
_2024-06-08 04:36:01_
--------
*7a52b75e7c50cb9325c0433e58c03307*
`登陆天数: 17天 / 655天
等级: 130
石头: 1841
呼符: 9
体力: 29.403333333333336 / 138
友情点: 0 / 475300`
_2024-06-08 04:36:09_
--------
*d005d6451dcf4cc22ceb43a623afe073*
`登陆天数: 17天 / 655天
等级: 130
石头: 3094
呼符: 9
体力: 29.379999999999995 / 138
友情点: 0 / 472350`
_2024-06-08 04:36:17_
--------
*ce28f81291c94cf8d6ac3c8dc79f0dd8*
`登陆天数: 17天 / 655天
等级: 130
石头: 66
呼符: 9
体力: 29.35333333333334 / 138
友情点: 0 / 474980`
_2024-06-08 04:36:25_
--------
*82f13dda5a52d672337f751c1e7c3c45*
`登陆天数: 17天 / 655天
等级: 130
石头: 2609
呼符: 9
体力: 29.33333333333333 / 138
友情点: 0 / 472960`
_2024-06-08 04:36:34_
--------
*09a2ba83e0bc8fea531e77f0a0d50aa9*
`登陆天数: 17天 / 654天
等级: 130
石头: 2889
呼符: 9
体力: 29.306666666666672 / 138
友情点: 0 / 472990`
_2024-06-08 04:36:42_
--------
*2dd116b65e89712075e408f90d682415*
`登陆天数: 17天 / 655天
等级: 130
石头: 2200
呼符: 9
体力: 29.28 / 138
友情点: 0 / 475185`
_2024-06-08 04:36:51_
--------
*dfa9b84ecf5732be6515081d724acce3*
`登陆天数: 17天 / 655天
等级: 130
石头: 1749
呼符: 9
体力: 29.25666666666666 / 138
友情点: 0 / 475090`
_2024-06-08 04:36:59_
--------
*31b243358b364f62610ba7677254fc68*
`登陆天数: 17天 / 655天
等级: 130
石头: 2710
呼符: 9
体力: 22.61333333333333 / 138
友情点: 0 / 471310`
_2024-06-08 04:37:07_
--------
