【登录信息】
*8a3564efd49db13b2126ab8fb5620e80*
`登陆天数: 19天 / 657天
等级: 130
石头: 4062
呼符: 71
体力: 30.14 / 138
友情点: 0 / 465995`
_2024-06-09 04:30:16_
--------
*a160ae053c028ace34062d564c4b3434*
`登陆天数: 19天 / 657天
等级: 130
石头: 3008
呼符: 9
体力: 30.11 / 138
友情点: 0 / 466050`
_2024-06-09 04:30:23_
--------
*309010c1117f0ebb5f35f82fea9eb4f6*
`登陆天数: 18天 / 656天
等级: 130
石头: 3941
呼符: 9
体力: 30.08333333333333 / 138
友情点: 0 / 468010`
_2024-06-09 04:30:31_
--------
*5c135a27e7eea2239db8b9755d3e9ae1*
`登陆天数: 18天 / 655天
等级: 130
石头: 4065
呼符: 77
体力: 30.053333333333327 / 138
友情点: 0 / 467330`
_2024-06-09 04:30:39_
--------
*86758e159c262a3eec981868ea27a1c3*
`登陆天数: 18天 / 655天
等级: 130
石头: 3070
呼符: 9
体力: 30.019999999999996 / 138
友情点: 0 / 466565`
_2024-06-09 04:30:47_
--------
*6f9a211aef83a19f37e03ab1f44059d2*
`登陆天数: 18天 / 655天
等级: 130
石头: 3816
呼符: 9
体力: 29.99333333333334 / 138
友情点: 0 / 466600`
_2024-06-09 04:30:55_
--------
*264322ca3fe339b40698d5d40eaec3fb*
`登陆天数: 18天 / 655天
等级: 130
石头: 3256
呼符: 9
体力: 29.96666666666667 / 138
友情点: 0 / 467540`
_2024-06-09 04:31:03_
--------
*993df3128051aa77d0b6aab01a866a9a*
`登陆天数: 18天 / 656天
等级: 130
石头: 3605
呼符: 9
体力: 29.936666666666667 / 138
友情点: 0 / 467895`
_2024-06-09 04:31:10_
--------
*fe7878e487b87c3aa8336de587760751*
`登陆天数: 18天 / 655天
等级: 130
石头: 3127
呼符: 9
体力: 29.909999999999997 / 138
友情点: 0 / 466355`
_2024-06-09 04:31:18_
--------
*7357bada9d6a4063627fa17b35bb2604*
`登陆天数: 18天 / 655天
等级: 130
石头: 3146
呼符: 9
体力: 29.876666666666665 / 138
友情点: 0 / 466695`
_2024-06-09 04:31:26_
--------
*fc20186e17f0a5e4375db91b76a97657*
`登陆天数: 18天 / 656天
等级: 130
石头: 3191
呼符: 9
体力: 29.849999999999994 / 138
友情点: 0 / 467865`
_2024-06-09 04:31:34_
--------
*9cbb46fef88ab486c0d3e99d35be64e4*
`登陆天数: 18天 / 655天
等级: 130
石头: 2046
呼符: 9
体力: 29.823333333333338 / 138
友情点: 0 / 474770`
_2024-06-09 04:31:41_
--------
*9ee786c2ed20e6016bca6dcfefdeafc2*
`登陆天数: 18天 / 655天
等级: 130
石头: 3127
呼符: 9
体力: 29.796666666666667 / 138
友情点: 0 / 466800`
_2024-06-09 04:31:49_
--------
*53d9263dda66ff3848eb10d23f286c21*
`登陆天数: 18天 / 656天
等级: 130
石头: 2948
呼符: 9
体力: 29.766666666666666 / 138
友情点: 0 / 465905`
_2024-06-09 04:31:57_
--------
*9abd5d5ff49c1d31302c488c7c0c2275*
`登陆天数: 18天 / 656天
等级: 130
石头: 3504
呼符: 9
体力: 29.736666666666665 / 138
友情点: 0 / 466115`
_2024-06-09 04:32:05_
--------
*e082093bbbd89caa74af88368e016abd*
`登陆天数: 18天 / 656天
等级: 130
石头: 2195
呼符: 9
体力: 29.709999999999994 / 138
友情点: 0 / 474170`
_2024-06-09 04:32:13_
--------
*d96070b40d8faa5efd9b147555fa350b*
`登陆天数: 18天 / 656天
等级: 130
石头: 2051
呼符: 9
体力: 29.683333333333337 / 138
友情点: 0 / 474570`
_2024-06-09 04:32:21_
--------
*f7d4b15a226c048f84750fa277bedce3*
`登陆天数: 18天 / 655天
等级: 130
石头: 3547
呼符: 9
体力: 29.656666666666666 / 138
友情点: 0 / 466975`
_2024-06-09 04:32:28_
--------
*bb93d1d18e6703deab02fee04d8f5aa9*
`登陆天数: 18天 / 655天
等级: 130
石头: 2856
呼符: 9
体力: 29.629999999999995 / 138
友情点: 0 / 466550`
_2024-06-09 04:32:36_
--------
*0fc5ff08df2cb401507510c2dfc95571*
`登陆天数: 18天 / 655天
等级: 130
石头: 2258
呼符: 9
体力: 29.599999999999994 / 138
友情点: 0 / 475105`
_2024-06-09 04:32:44_
--------
*906c4dd2c74dc270b973f3a18beddaae*
`登陆天数: 18天 / 656天
等级: 130
石头: 3151
呼符: 9
体力: 29.569999999999993 / 138
友情点: 0 / 468785`
_2024-06-09 04:32:52_
--------
*f832709d5bc106e6cc3f6cf77e9a2966*
`登陆天数: 18天 / 656天
等级: 130
石头: 3492
呼符: 9
体力: 29.543333333333337 / 138
友情点: 0 / 467510`
_2024-06-09 04:32:59_
--------
*26e43377a6d9b18ed58da4338c7ce464*
`登陆天数: 18天 / 656天
等级: 130
石头: 4046
呼符: 87
体力: 29.513333333333335 / 138
友情点: 0 / 466785`
_2024-06-09 04:33:07_
--------
*d1b2d282d12cf3c76a301a07c90894d1*
`登陆天数: 18天 / 655天
等级: 130
石头: 2465
呼符: 9
体力: 29.483333333333334 / 138
友情点: 0 / 472770`
_2024-06-09 04:33:15_
--------
*69db701634bebca3b7a22919c7530d3c*
`登陆天数: 18天 / 656天
等级: 130
石头: 1720
呼符: 9
体力: 29.459999999999994 / 138
友情点: 0 / 474045`
_2024-06-09 04:33:23_
--------
*e8c0f1935f1ff5817fd1fc590e5e517e*
`登陆天数: 18天 / 655天
等级: 130
石头: 1443
呼符: 9
体力: 29.436666666666667 / 138
友情点: 0 / 474810`
_2024-06-09 04:33:31_
--------
*79c3a62fb0a14c66f2418b5ee74d63ff*
`登陆天数: 18天 / 655天
等级: 130
石头: 2862
呼符: 9
体力: 29.409999999999997 / 138
友情点: 0 / 468110`
_2024-06-09 04:33:39_
--------
*d48af5c858bf9f1ffabaa093c28167ae*
`登陆天数: 18天 / 655天
等级: 130
石头: 727
呼符: 9
体力: 29.38333333333334 / 138
友情点: 0 / 475345`
_2024-06-09 04:33:47_
--------
*aba686dd2e74e8252b4246fe8a3939b1*
`登陆天数: 18天 / 655天
等级: 130
石头: 2257
呼符: 9
体力: 29.35666666666667 / 138
友情点: 0 / 474435`
_2024-06-09 04:33:55_
--------
*ef304c8c5f06070cc29dc623098ea109*
`登陆天数: 18天 / 655天
等级: 130
石头: 1691
呼符: 9
体力: 29.326666666666668 / 138
友情点: 0 / 473610`
_2024-06-09 04:34:03_
--------
*178b035b9e842fee5556cb8c15c6bcab*
`登陆天数: 18天 / 655天
等级: 130
石头: 4028
呼符: 9
体力: 29.303333333333327 / 138
友情点: 0 / 465085`
_2024-06-09 04:34:11_
--------
*80e841f805203eb56e3b98e085bae981*
`登陆天数: 18天 / 655天
等级: 130
石头: 2467
呼符: 9
体力: 29.273333333333326 / 138
友情点: 0 / 474870`
_2024-06-09 04:34:18_
--------
*f51602b11a63ad4708f1caf2a93859c3*
`登陆天数: 18天 / 655天
等级: 130
石头: 4062
呼符: 50
体力: 29.25 / 138
友情点: 0 / 467935`
_2024-06-09 04:34:26_
--------
*7b8647ef34a6031c3133bd5ebc45c365*
`登陆天数: 18天 / 656天
等级: 130
石头: 2620
呼符: 9
体力: 29.22333333333333 / 138
友情点: 0 / 466660`
_2024-06-09 04:34:34_
--------
*9a5e65e03b17fd1ad4d34f58f313ec98*
`登陆天数: 18天 / 656天
等级: 130
石头: 3697
呼符: 9
体力: 29.193333333333328 / 138
友情点: 0 / 466605`
_2024-06-09 04:34:42_
--------
*bed8ee603f17429f4a32f4650ecf0d87*
`登陆天数: 18天 / 656天
等级: 130
石头: 2231
呼符: 9
体力: 29.163333333333327 / 138
友情点: 0 / 474020`
_2024-06-09 04:34:50_
--------
*9c5ed464e8af35376010aa03d2707564*
`登陆天数: 18天 / 656天
等级: 130
石头: 4056
呼符: 123
体力: 29.14 / 138
友情点: 0 / 466975`
_2024-06-09 04:34:58_
--------
*313bf84cb75de7e8dc490a50884d550d*
`登陆天数: 18天 / 655天
等级: 130
石头: 3248
呼符: 10
体力: 29.11333333333333 / 138
友情点: 0 / 466260`
_2024-06-09 04:35:06_
--------
*b19782d8965c0661bc47630323fd35fd*
`登陆天数: 18天 / 655天
等级: 130
石头: 2316
呼符: 9
体力: 29.08333333333333 / 138
友情点: 0 / 474840`
_2024-06-09 04:35:13_
--------
*8bae3fac1c2ce983aed40c6bb009c45e*
`登陆天数: 18天 / 656天
等级: 130
石头: 2620
呼符: 9
体力: 29.056666666666672 / 138
友情点: 0 / 473795`
_2024-06-09 04:35:21_
--------
*ca4b430d613a792f6c392336a71dbc4a*
`登陆天数: 18天 / 655天
等级: 130
石头: 3877
呼符: 9
体力: 29.03 / 138
友情点: 0 / 466255`
_2024-06-09 04:35:29_
--------
*ff527dfaa021206f115cdd93d5b83983*
`登陆天数: 18天 / 656天
等级: 130
石头: 3070
呼符: 9
体力: 29.00333333333333 / 138
友情点: 0 / 466610`
_2024-06-09 04:35:37_
--------
*7a52b75e7c50cb9325c0433e58c03307*
`登陆天数: 18天 / 656天
等级: 130
石头: 1842
呼符: 9
体力: 28.97333333333333 / 138
友情点: 0 / 475300`
_2024-06-09 04:35:45_
--------
*d005d6451dcf4cc22ceb43a623afe073*
`登陆天数: 18天 / 656天
等级: 130
石头: 3095
呼符: 9
体力: 28.950000000000003 / 138
友情点: 0 / 466350`
_2024-06-09 04:35:52_
--------
*ce28f81291c94cf8d6ac3c8dc79f0dd8*
`登陆天数: 18天 / 656天
等级: 130
石头: 67
呼符: 9
体力: 28.92 / 138
友情点: 0 / 474980`
_2024-06-09 04:36:00_
--------
*82f13dda5a52d672337f751c1e7c3c45*
`登陆天数: 18天 / 656天
等级: 130
石头: 2610
呼符: 9
体力: 28.89333333333333 / 138
友情点: 0 / 466960`
_2024-06-09 04:36:08_
--------
*09a2ba83e0bc8fea531e77f0a0d50aa9*
`登陆天数: 18天 / 655天
等级: 130
石头: 2890
呼符: 9
体力: 28.86666666666666 / 138
友情点: 0 / 466990`
_2024-06-09 04:36:15_
--------
*2dd116b65e89712075e408f90d682415*
`登陆天数: 18天 / 656天
等级: 130
石头: 2201
呼符: 9
体力: 28.840000000000003 / 138
友情点: 0 / 475185`
_2024-06-09 04:36:23_
--------
*dfa9b84ecf5732be6515081d724acce3*
`登陆天数: 18天 / 656天
等级: 130
石头: 1750
呼符: 9
体力: 28.810000000000002 / 138
友情点: 0 / 475090`
_2024-06-09 04:36:31_
--------
*31b243358b364f62610ba7677254fc68*
`登陆天数: 18天 / 656天
等级: 130
石头: 2711
呼符: 9
体力: 30.516666666666666 / 138
友情点: 0 / 465310`
_2024-06-09 04:36:39_
--------
