【登录信息】
*8a3564efd49db13b2126ab8fb5620e80*
`登陆天数: 21天 / 659天
等级: 130
石头: 4064
呼符: 72
体力: 30.546666666666667 / 138
友情点: 0 / 453995`
_2024-06-11 04:32:49_
--------
*a160ae053c028ace34062d564c4b3434*
`登陆天数: 21天 / 659天
等级: 130
石头: 3010
呼符: 10
体力: 30.513333333333335 / 138
友情点: 0 / 454050`
_2024-06-11 04:32:56_
--------
*309010c1117f0ebb5f35f82fea9eb4f6*
`登陆天数: 20天 / 658天
等级: 130
石头: 3943
呼符: 9
体力: 30.480000000000004 / 138
友情点: 0 / 456010`
_2024-06-11 04:33:04_
--------
*5c135a27e7eea2239db8b9755d3e9ae1*
`登陆天数: 20天 / 657天
等级: 130
石头: 4067
呼符: 77
体力: 30.450000000000003 / 138
友情点: 0 / 455330`
_2024-06-11 04:33:11_
--------
*86758e159c262a3eec981868ea27a1c3*
`登陆天数: 20天 / 657天
等级: 130
石头: 3072
呼符: 9
体力: 30.41666666666667 / 138
友情点: 0 / 454565`
_2024-06-11 04:33:19_
--------
*6f9a211aef83a19f37e03ab1f44059d2*
`登陆天数: 20天 / 657天
等级: 130
石头: 3818
呼符: 9
体力: 30.38666666666667 / 138
友情点: 0 / 454600`
_2024-06-11 04:33:27_
--------
*264322ca3fe339b40698d5d40eaec3fb*
`登陆天数: 20天 / 657天
等级: 130
石头: 3258
呼符: 9
体力: 30.35333333333334 / 138
友情点: 0 / 455540`
_2024-06-11 04:33:34_
--------
*993df3128051aa77d0b6aab01a866a9a*
`登陆天数: 20天 / 658天
等级: 130
石头: 3607
呼符: 9
体力: 30.319999999999993 / 138
友情点: 0 / 455895`
_2024-06-11 04:33:42_
--------
*fe7878e487b87c3aa8336de587760751*
`登陆天数: 20天 / 657天
等级: 130
石头: 3129
呼符: 9
体力: 30.28666666666666 / 138
友情点: 0 / 454355`
_2024-06-11 04:33:49_
--------
*7357bada9d6a4063627fa17b35bb2604*
`登陆天数: 20天 / 657天
等级: 130
石头: 3148
呼符: 9
体力: 30.25333333333333 / 138
友情点: 0 / 454695`
_2024-06-11 04:33:57_
--------
*fc20186e17f0a5e4375db91b76a97657*
`登陆天数: 20天 / 658天
等级: 130
石头: 3193
呼符: 9
体力: 30.22333333333333 / 138
友情点: 0 / 455865`
_2024-06-11 04:34:05_
--------
*9cbb46fef88ab486c0d3e99d35be64e4*
`登陆天数: 20天 / 657天
等级: 130
石头: 2048
呼符: 9
体力: 30.193333333333328 / 138
友情点: 0 / 474770`
_2024-06-11 04:34:12_
--------
*9ee786c2ed20e6016bca6dcfefdeafc2*
`登陆天数: 20天 / 657天
等级: 130
石头: 3129
呼符: 9
体力: 30.159999999999997 / 138
友情点: 0 / 454800`
_2024-06-11 04:34:20_
--------
*53d9263dda66ff3848eb10d23f286c21*
`登陆天数: 20天 / 658天
等级: 130
石头: 2950
呼符: 9
体力: 30.129999999999995 / 138
友情点: 0 / 453905`
_2024-06-11 04:34:27_
--------
*9abd5d5ff49c1d31302c488c7c0c2275*
`登陆天数: 20天 / 658天
等级: 130
石头: 3506
呼符: 9
体力: 30.093333333333334 / 138
友情点: 0 / 454115`
_2024-06-11 04:34:35_
--------
*e082093bbbd89caa74af88368e016abd*
`登陆天数: 20天 / 658天
等级: 130
石头: 2197
呼符: 9
体力: 30.063333333333333 / 138
友情点: 0 / 474170`
_2024-06-11 04:34:42_
--------
*d96070b40d8faa5efd9b147555fa350b*
`登陆天数: 20天 / 658天
等级: 130
石头: 2053
呼符: 9
体力: 30.03 / 138
友情点: 0 / 474570`
_2024-06-11 04:34:50_
--------
*f7d4b15a226c048f84750fa277bedce3*
`登陆天数: 20天 / 657天
等级: 130
石头: 3549
呼符: 9
体力: 30.00333333333333 / 138
友情点: 0 / 454975`
_2024-06-11 04:34:58_
--------
*bb93d1d18e6703deab02fee04d8f5aa9*
`登陆天数: 20天 / 657天
等级: 130
石头: 2858
呼符: 9
体力: 29.97 / 138
友情点: 0 / 454550`
_2024-06-11 04:35:05_
--------
*0fc5ff08df2cb401507510c2dfc95571*
`登陆天数: 20天 / 657天
等级: 130
石头: 2260
呼符: 9
体力: 29.939999999999998 / 138
友情点: 0 / 475105`
_2024-06-11 04:35:13_
--------
*906c4dd2c74dc270b973f3a18beddaae*
`登陆天数: 20天 / 658天
等级: 130
石头: 3153
呼符: 9
体力: 29.913333333333327 / 138
友情点: 0 / 456785`
_2024-06-11 04:35:20_
--------
*f832709d5bc106e6cc3f6cf77e9a2966*
`登陆天数: 20天 / 658天
等级: 130
石头: 3494
呼符: 9
体力: 29.876666666666665 / 138
友情点: 0 / 455510`
_2024-06-11 04:35:28_
--------
*26e43377a6d9b18ed58da4338c7ce464*
`登陆天数: 20天 / 658天
等级: 130
石头: 4048
呼符: 87
体力: 29.846666666666664 / 138
友情点: 0 / 454785`
_2024-06-11 04:35:35_
--------
*d1b2d282d12cf3c76a301a07c90894d1*
`登陆天数: 20天 / 657天
等级: 130
石头: 2467
呼符: 9
体力: 29.816666666666663 / 138
友情点: 0 / 472770`
_2024-06-11 04:35:43_
--------
*69db701634bebca3b7a22919c7530d3c*
`登陆天数: 20天 / 658天
等级: 130
石头: 1722
呼符: 9
体力: 29.790000000000006 / 138
友情点: 0 / 474045`
_2024-06-11 04:35:51_
--------
*e8c0f1935f1ff5817fd1fc590e5e517e*
`登陆天数: 20天 / 657天
等级: 130
石头: 1445
呼符: 9
体力: 29.760000000000005 / 138
友情点: 0 / 474810`
_2024-06-11 04:35:58_
--------
*79c3a62fb0a14c66f2418b5ee74d63ff*
`登陆天数: 20天 / 657天
等级: 130
石头: 2864
呼符: 9
体力: 29.730000000000004 / 138
友情点: 0 / 456110`
_2024-06-11 04:36:06_
--------
*d48af5c858bf9f1ffabaa093c28167ae*
`登陆天数: 20天 / 657天
等级: 130
石头: 729
呼符: 9
体力: 29.700000000000003 / 138
友情点: 0 / 475345`
_2024-06-11 04:36:13_
--------
*aba686dd2e74e8252b4246fe8a3939b1*
`登陆天数: 20天 / 657天
等级: 130
石头: 2259
呼符: 9
体力: 29.67 / 138
友情点: 0 / 474435`
_2024-06-11 04:36:21_
--------
*ef304c8c5f06070cc29dc623098ea109*
`登陆天数: 20天 / 657天
等级: 130
石头: 1693
呼符: 9
体力: 29.64 / 138
友情点: 0 / 473610`
_2024-06-11 04:36:29_
--------
*178b035b9e842fee5556cb8c15c6bcab*
`登陆天数: 20天 / 657天
等级: 130
石头: 4030
呼符: 9
体力: 29.61 / 138
友情点: 0 / 453085`
_2024-06-11 04:36:36_
--------
*80e841f805203eb56e3b98e085bae981*
`登陆天数: 20天 / 657天
等级: 130
石头: 2469
呼符: 9
体力: 29.576666666666668 / 138
友情点: 0 / 474870`
_2024-06-11 04:36:44_
--------
*f51602b11a63ad4708f1caf2a93859c3*
`登陆天数: 20天 / 657天
等级: 130
石头: 4064
呼符: 50
体力: 29.549999999999997 / 138
友情点: 0 / 455935`
_2024-06-11 04:36:52_
--------
*7b8647ef34a6031c3133bd5ebc45c365*
`登陆天数: 20天 / 658天
等级: 130
石头: 2622
呼符: 9
体力: 29.516666666666666 / 138
友情点: 0 / 454660`
_2024-06-11 04:36:59_
--------
*9a5e65e03b17fd1ad4d34f58f313ec98*
`登陆天数: 20天 / 658天
等级: 130
石头: 3699
呼符: 9
体力: 29.489999999999995 / 138
友情点: 0 / 454605`
_2024-06-11 04:37:07_
--------
*bed8ee603f17429f4a32f4650ecf0d87*
`登陆天数: 20天 / 658天
等级: 130
石头: 2233
呼符: 9
体力: 29.459999999999994 / 138
友情点: 0 / 474020`
_2024-06-11 04:37:14_
--------
*9c5ed464e8af35376010aa03d2707564*
`登陆天数: 20天 / 658天
等级: 130
石头: 4058
呼符: 123
体力: 29.426666666666662 / 138
友情点: 0 / 454975`
_2024-06-11 04:37:22_
--------
*313bf84cb75de7e8dc490a50884d550d*
`登陆天数: 20天 / 657天
等级: 130
石头: 3250
呼符: 10
体力: 29.39666666666666 / 138
友情点: 0 / 454260`
_2024-06-11 04:37:29_
--------
*b19782d8965c0661bc47630323fd35fd*
`登陆天数: 20天 / 657天
等级: 130
石头: 2318
呼符: 9
体力: 29.36333333333333 / 138
友情点: 0 / 474840`
_2024-06-11 04:37:37_
--------
*8bae3fac1c2ce983aed40c6bb009c45e*
`登陆天数: 20天 / 658天
等级: 130
石头: 2622
呼符: 9
体力: 29.336666666666673 / 138
友情点: 0 / 473795`
_2024-06-11 04:37:44_
--------
*ca4b430d613a792f6c392336a71dbc4a*
`登陆天数: 20天 / 657天
等级: 130
石头: 3879
呼符: 9
体力: 29.306666666666672 / 138
友情点: 0 / 454255`
_2024-06-11 04:37:52_
--------
*ff527dfaa021206f115cdd93d5b83983*
`登陆天数: 20天 / 658天
等级: 130
石头: 3072
呼符: 9
体力: 29.27666666666667 / 138
友情点: 0 / 454610`
_2024-06-11 04:38:00_
--------
*7a52b75e7c50cb9325c0433e58c03307*
`登陆天数: 20天 / 658天
等级: 130
石头: 1844
呼符: 9
体力: 29.24666666666667 / 138
友情点: 0 / 475300`
_2024-06-11 04:38:08_
--------
*d005d6451dcf4cc22ceb43a623afe073*
`登陆天数: 20天 / 658天
等级: 130
石头: 3097
呼符: 9
体力: 29.21666666666667 / 138
友情点: 0 / 454350`
_2024-06-11 04:38:15_
--------
*ce28f81291c94cf8d6ac3c8dc79f0dd8*
`登陆天数: 20天 / 658天
等级: 130
石头: 69
呼符: 9
体力: 29.180000000000007 / 138
友情点: 0 / 474980`
_2024-06-11 04:38:23_
--------
*82f13dda5a52d672337f751c1e7c3c45*
`登陆天数: 20天 / 658天
等级: 130
石头: 2612
呼符: 9
体力: 29.153333333333336 / 138
友情点: 0 / 464960`
_2024-06-11 04:38:31_
--------
*09a2ba83e0bc8fea531e77f0a0d50aa9*
`登陆天数: 20天 / 657天
等级: 130
石头: 2892
呼符: 9
体力: 29.126666666666665 / 138
友情点: 0 / 454990`
_2024-06-11 04:38:38_
--------
*2dd116b65e89712075e408f90d682415*
`登陆天数: 20天 / 658天
等级: 130
石头: 2203
呼符: 9
体力: 29.093333333333334 / 138
友情点: 0 / 475185`
_2024-06-11 04:38:46_
--------
*dfa9b84ecf5732be6515081d724acce3*
`登陆天数: 20天 / 658天
等级: 130
石头: 1752
呼符: 9
体力: 29.063333333333333 / 138
友情点: 0 / 475090`
_2024-06-11 04:38:54_
--------
*31b243358b364f62610ba7677254fc68*
`登陆天数: 20天 / 658天
等级: 130
石头: 2713
呼符: 9
体力: 31.77666666666667 / 138
友情点: 0 / 457310`
_2024-06-11 04:39:01_
--------
