【登录信息】
*8a3564efd49db13b2126ab8fb5620e80*
`登陆天数: 22天 / 660天
等级: 130
石头: 4064
呼符: 72
体力: 30.0 / 138
友情点: 0 / 449995`
_2024-06-12 04:30:39_
--------
*a160ae053c028ace34062d564c4b3434*
`登陆天数: 22天 / 660天
等级: 130
石头: 3010
呼符: 10
体力: 29.96666666666667 / 138
友情点: 0 / 450050`
_2024-06-12 04:30:47_
--------
*309010c1117f0ebb5f35f82fea9eb4f6*
`登陆天数: 21天 / 659天
等级: 130
石头: 3943
呼符: 10
体力: 29.939999999999998 / 138
友情点: 0 / 450010`
_2024-06-12 04:30:54_
--------
*5c135a27e7eea2239db8b9755d3e9ae1*
`登陆天数: 21天 / 658天
等级: 130
石头: 4067
呼符: 78
体力: 29.909999999999997 / 138
友情点: 0 / 449330`
_2024-06-12 04:31:02_
--------
*86758e159c262a3eec981868ea27a1c3*
`登陆天数: 21天 / 658天
等级: 130
石头: 3072
呼符: 10
体力: 29.879999999999995 / 138
友情点: 0 / 448565`
_2024-06-12 04:31:10_
--------
*6f9a211aef83a19f37e03ab1f44059d2*
`登陆天数: 21天 / 658天
等级: 130
石头: 3818
呼符: 10
体力: 29.85333333333334 / 138
友情点: 0 / 448600`
_2024-06-12 04:31:17_
--------
*264322ca3fe339b40698d5d40eaec3fb*
`登陆天数: 21天 / 658天
等级: 130
石头: 3258
呼符: 10
体力: 29.826666666666668 / 138
友情点: 0 / 449540`
_2024-06-12 04:31:25_
--------
*993df3128051aa77d0b6aab01a866a9a*
`登陆天数: 21天 / 659天
等级: 130
石头: 3607
呼符: 10
体力: 29.796666666666667 / 138
友情点: 0 / 449895`
_2024-06-12 04:31:32_
--------
*fe7878e487b87c3aa8336de587760751*
`登陆天数: 21天 / 658天
等级: 130
石头: 3129
呼符: 10
体力: 29.769999999999996 / 138
友情点: 0 / 448355`
_2024-06-12 04:31:40_
--------
*7357bada9d6a4063627fa17b35bb2604*
`登陆天数: 21天 / 658天
等级: 130
石头: 3148
呼符: 10
体力: 29.739999999999995 / 138
友情点: 0 / 448695`
_2024-06-12 04:31:48_
--------
*fc20186e17f0a5e4375db91b76a97657*
`登陆天数: 21天 / 659天
等级: 130
石头: 3193
呼符: 10
体力: 29.71333333333334 / 138
友情点: 0 / 449865`
_2024-06-12 04:31:56_
--------
*9cbb46fef88ab486c0d3e99d35be64e4*
`登陆天数: 21天 / 658天
等级: 130
石头: 2048
呼符: 10
体力: 29.686666666666667 / 138
友情点: 0 / 474770`
_2024-06-12 04:32:03_
--------
*9ee786c2ed20e6016bca6dcfefdeafc2*
`登陆天数: 21天 / 658天
等级: 130
石头: 3129
呼符: 10
体力: 29.659999999999997 / 138
友情点: 0 / 448800`
_2024-06-12 04:32:11_
--------
*53d9263dda66ff3848eb10d23f286c21*
`登陆天数: 21天 / 659天
等级: 130
石头: 2950
呼符: 10
体力: 29.63333333333334 / 138
友情点: 0 / 451905`
_2024-06-12 04:32:18_
--------
*9abd5d5ff49c1d31302c488c7c0c2275*
`登陆天数: 21天 / 659天
等级: 130
石头: 3506
呼符: 10
体力: 29.60666666666667 / 138
友情点: 0 / 448115`
_2024-06-12 04:32:26_
--------
*e082093bbbd89caa74af88368e016abd*
`登陆天数: 21天 / 659天
等级: 130
石头: 2197
呼符: 10
体力: 29.58 / 138
友情点: 0 / 474170`
_2024-06-12 04:32:33_
--------
*d96070b40d8faa5efd9b147555fa350b*
`登陆天数: 21天 / 659天
等级: 130
石头: 2053
呼符: 10
体力: 29.556666666666672 / 138
友情点: 0 / 474570`
_2024-06-12 04:32:41_
--------
*f7d4b15a226c048f84750fa277bedce3*
`登陆天数: 21天 / 658天
等级: 130
石头: 3549
呼符: 10
体力: 29.53 / 138
友情点: 0 / 448975`
_2024-06-12 04:32:49_
--------
*bb93d1d18e6703deab02fee04d8f5aa9*
`登陆天数: 21天 / 658天
等级: 130
石头: 2858
呼符: 10
体力: 29.50333333333333 / 138
友情点: 0 / 452550`
_2024-06-12 04:32:56_
--------
*0fc5ff08df2cb401507510c2dfc95571*
`登陆天数: 21天 / 658天
等级: 130
石头: 2260
呼符: 10
体力: 29.480000000000004 / 138
友情点: 0 / 475105`
_2024-06-12 04:33:04_
--------
*906c4dd2c74dc270b973f3a18beddaae*
`登陆天数: 21天 / 659天
等级: 130
石头: 3153
呼符: 10
体力: 29.453333333333333 / 138
友情点: 0 / 450785`
_2024-06-12 04:33:12_
--------
*f832709d5bc106e6cc3f6cf77e9a2966*
`登陆天数: 21天 / 659天
等级: 130
石头: 3494
呼符: 10
体力: 29.426666666666662 / 138
友情点: 0 / 449510`
_2024-06-12 04:33:20_
--------
*26e43377a6d9b18ed58da4338c7ce464*
`登陆天数: 21天 / 659天
等级: 130
石头: 4048
呼符: 88
体力: 29.400000000000006 / 138
友情点: 0 / 448785`
_2024-06-12 04:33:27_
--------
*d1b2d282d12cf3c76a301a07c90894d1*
`登陆天数: 21天 / 658天
等级: 130
石头: 2467
呼符: 10
体力: 29.373333333333335 / 138
友情点: 0 / 472770`
_2024-06-12 04:33:35_
--------
*69db701634bebca3b7a22919c7530d3c*
`登陆天数: 21天 / 659天
等级: 130
石头: 1722
呼符: 10
体力: 29.349999999999994 / 138
友情点: 0 / 474045`
_2024-06-12 04:33:43_
--------
*e8c0f1935f1ff5817fd1fc590e5e517e*
`登陆天数: 21天 / 658天
等级: 130
石头: 1445
呼符: 10
体力: 29.326666666666668 / 138
友情点: 0 / 474810`
_2024-06-12 04:33:51_
--------
*79c3a62fb0a14c66f2418b5ee74d63ff*
`登陆天数: 21天 / 658天
等级: 130
石头: 2864
呼符: 10
体力: 29.303333333333327 / 138
友情点: 0 / 452110`
_2024-06-12 04:33:58_
--------
*d48af5c858bf9f1ffabaa093c28167ae*
`登陆天数: 21天 / 658天
等级: 130
石头: 729
呼符: 10
体力: 29.273333333333326 / 138
友情点: 0 / 475345`
_2024-06-12 04:34:06_
--------
*aba686dd2e74e8252b4246fe8a3939b1*
`登陆天数: 21天 / 658天
等级: 130
石头: 2259
呼符: 10
体力: 29.25 / 138
友情点: 0 / 474435`
_2024-06-12 04:34:14_
--------
*ef304c8c5f06070cc29dc623098ea109*
`登陆天数: 21天 / 658天
等级: 130
石头: 1693
呼符: 10
体力: 29.226666666666674 / 138
友情点: 0 / 473610`
_2024-06-12 04:34:21_
--------
*178b035b9e842fee5556cb8c15c6bcab*
`登陆天数: 21天 / 658天
等级: 130
石头: 4030
呼符: 10
体力: 29.200000000000003 / 138
友情点: 0 / 447085`
_2024-06-12 04:34:29_
--------
*80e841f805203eb56e3b98e085bae981*
`登陆天数: 21天 / 658天
等级: 130
石头: 2469
呼符: 10
体力: 29.173333333333332 / 138
友情点: 0 / 474870`
_2024-06-12 04:34:36_
--------
*f51602b11a63ad4708f1caf2a93859c3*
`登陆天数: 21天 / 658天
等级: 130
石头: 4064
呼符: 51
体力: 29.150000000000006 / 138
友情点: 0 / 449935`
_2024-06-12 04:34:44_
--------
*7b8647ef34a6031c3133bd5ebc45c365*
`登陆天数: 21天 / 659天
等级: 130
石头: 2622
呼符: 10
体力: 29.120000000000005 / 138
友情点: 0 / 448660`
_2024-06-12 04:34:52_
--------
*9a5e65e03b17fd1ad4d34f58f313ec98*
`登陆天数: 21天 / 659天
等级: 130
石头: 3699
呼符: 10
体力: 29.096666666666664 / 138
友情点: 0 / 448605`
_2024-06-12 04:35:00_
--------
*bed8ee603f17429f4a32f4650ecf0d87*
`登陆天数: 21天 / 659天
等级: 130
石头: 2233
呼符: 10
体力: 29.069999999999993 / 138
友情点: 0 / 474020`
_2024-06-12 04:35:07_
--------
*9c5ed464e8af35376010aa03d2707564*
`登陆天数: 21天 / 659天
等级: 130
石头: 4058
呼符: 124
体力: 29.043333333333337 / 138
友情点: 0 / 448975`
_2024-06-12 04:35:15_
--------
*313bf84cb75de7e8dc490a50884d550d*
`登陆天数: 21天 / 658天
等级: 130
石头: 3250
呼符: 11
体力: 29.016666666666666 / 138
友情点: 0 / 448260`
_2024-06-12 04:35:23_
--------
*b19782d8965c0661bc47630323fd35fd*
`登陆天数: 21天 / 658天
等级: 130
石头: 2318
呼符: 10
体力: 28.989999999999995 / 138
友情点: 0 / 474840`
_2024-06-12 04:35:30_
--------
*8bae3fac1c2ce983aed40c6bb009c45e*
`登陆天数: 21天 / 659天
等级: 130
石头: 2622
呼符: 10
体力: 28.96333333333334 / 138
友情点: 0 / 473795`
_2024-06-12 04:35:38_
--------
*ca4b430d613a792f6c392336a71dbc4a*
`登陆天数: 21天 / 658天
等级: 130
石头: 3879
呼符: 10
体力: 28.939999999999998 / 138
友情点: 0 / 448255`
_2024-06-12 04:35:46_
--------
*ff527dfaa021206f115cdd93d5b83983*
`登陆天数: 21天 / 659天
等级: 130
石头: 3072
呼符: 10
体力: 28.913333333333327 / 138
友情点: 0 / 448610`
_2024-06-12 04:35:53_
--------
*7a52b75e7c50cb9325c0433e58c03307*
`登陆天数: 21天 / 659天
等级: 130
石头: 1844
呼符: 10
体力: 28.88333333333334 / 138
友情点: 0 / 475300`
_2024-06-12 04:36:01_
--------
*d005d6451dcf4cc22ceb43a623afe073*
`登陆天数: 21天 / 659天
等级: 130
石头: 3097
呼符: 10
体力: 28.86 / 138
友情点: 0 / 448350`
_2024-06-12 04:36:09_
--------
*ce28f81291c94cf8d6ac3c8dc79f0dd8*
`登陆天数: 21天 / 659天
等级: 130
石头: 69
呼符: 10
体力: 28.83333333333333 / 138
友情点: 0 / 474980`
_2024-06-12 04:36:16_
--------
*82f13dda5a52d672337f751c1e7c3c45*
`登陆天数: 21天 / 659天
等级: 130
石头: 2612
呼符: 10
体力: 28.806666666666672 / 138
友情点: 0 / 464960`
_2024-06-12 04:36:24_
--------
*09a2ba83e0bc8fea531e77f0a0d50aa9*
`登陆天数: 21天 / 658天
等级: 130
石头: 2892
呼符: 10
体力: 28.78333333333333 / 138
友情点: 0 / 452990`
_2024-06-12 04:36:32_
--------
*2dd116b65e89712075e408f90d682415*
`登陆天数: 21天 / 659天
等级: 130
石头: 2203
呼符: 10
体力: 28.760000000000005 / 138
友情点: 0 / 475185`
_2024-06-12 04:36:39_
--------
*dfa9b84ecf5732be6515081d724acce3*
`登陆天数: 21天 / 659天
等级: 130
石头: 1752
呼符: 10
体力: 28.736666666666665 / 138
友情点: 0 / 475090`
_2024-06-12 04:36:47_
--------
*31b243358b364f62610ba7677254fc68*
`登陆天数: 21天 / 659天
等级: 130
石头: 2713
呼符: 10
体力: 31.21333333333334 / 138
友情点: 0 / 457310`
_2024-06-12 04:36:55_
--------
