【登录信息】
*8a3564efd49db13b2126ab8fb5620e80*
`登陆天数: 25天 / 663天
等级: 130
石头: 4066
呼符: 72
体力: 31.049999999999997 / 138
友情点: 0 / 431995`
_2024-06-15 04:34:07_
--------
*a160ae053c028ace34062d564c4b3434*
`登陆天数: 25天 / 663天
等级: 130
石头: 3012
呼符: 10
体力: 31.016666666666666 / 138
友情点: 0 / 448050`
_2024-06-15 04:34:15_
--------
*309010c1117f0ebb5f35f82fea9eb4f6*
`登陆天数: 24天 / 662天
等级: 130
石头: 3944
呼符: 10
体力: 30.986666666666665 / 138
友情点: 0 / 434010`
_2024-06-15 04:34:23_
--------
*5c135a27e7eea2239db8b9755d3e9ae1*
`登陆天数: 24天 / 661天
等级: 130
石头: 4068
呼符: 78
体力: 30.956666666666663 / 138
友情点: 0 / 433330`
_2024-06-15 04:34:31_
--------
*86758e159c262a3eec981868ea27a1c3*
`登陆天数: 24天 / 661天
等级: 130
石头: 3073
呼符: 10
体力: 30.926666666666662 / 138
友情点: 0 / 450565`
_2024-06-15 04:34:39_
--------
*6f9a211aef83a19f37e03ab1f44059d2*
`登陆天数: 24天 / 661天
等级: 130
石头: 3819
呼符: 10
体力: 30.903333333333336 / 138
友情点: 0 / 432600`
_2024-06-15 04:34:48_
--------
*264322ca3fe339b40698d5d40eaec3fb*
`登陆天数: 24天 / 661天
等级: 130
石头: 3259
呼符: 10
体力: 30.870000000000005 / 138
友情点: 0 / 433540`
_2024-06-15 04:34:56_
--------
*993df3128051aa77d0b6aab01a866a9a*
`登陆天数: 24天 / 662天
等级: 130
石头: 3608
呼符: 10
体力: 30.843333333333334 / 138
友情点: 0 / 433895`
_2024-06-15 04:35:05_
--------
*fe7878e487b87c3aa8336de587760751*
`登陆天数: 24天 / 661天
等级: 130
石头: 3130
呼符: 10
体力: 30.813333333333333 / 138
友情点: 0 / 442355`
_2024-06-15 04:35:13_
--------
*7357bada9d6a4063627fa17b35bb2604*
`登陆天数: 24天 / 661天
等级: 130
石头: 3149
呼符: 10
体力: 30.78666666666666 / 138
友情点: 0 / 442695`
_2024-06-15 04:35:21_
--------
*fc20186e17f0a5e4375db91b76a97657*
`登陆天数: 24天 / 662天
等级: 130
石头: 3194
呼符: 10
体力: 30.75666666666666 / 138
友情点: 0 / 445865`
_2024-06-15 04:35:29_
--------
*9cbb46fef88ab486c0d3e99d35be64e4*
`登陆天数: 24天 / 661天
等级: 130
石头: 2049
呼符: 10
体力: 30.730000000000004 / 138
友情点: 0 / 476770`
_2024-06-15 04:35:37_
--------
*9ee786c2ed20e6016bca6dcfefdeafc2*
`登陆天数: 24天 / 661天
等级: 130
石头: 3130
呼符: 10
体力: 30.703333333333333 / 138
友情点: 0 / 440800`
_2024-06-15 04:35:45_
--------
*53d9263dda66ff3848eb10d23f286c21*
`登陆天数: 24天 / 662天
等级: 130
石头: 2951
呼符: 10
体力: 30.673333333333332 / 138
友情点: 0 / 453905`
_2024-06-15 04:35:53_
--------
*9abd5d5ff49c1d31302c488c7c0c2275*
`登陆天数: 24天 / 662天
等级: 130
石头: 3507
呼符: 10
体力: 30.64666666666666 / 138
友情点: 0 / 432115`
_2024-06-15 04:36:01_
--------
*e082093bbbd89caa74af88368e016abd*
`登陆天数: 24天 / 662天
等级: 130
石头: 2198
呼符: 10
体力: 30.620000000000005 / 138
友情点: 0 / 476170`
_2024-06-15 04:36:10_
--------
*d96070b40d8faa5efd9b147555fa350b*
`登陆天数: 24天 / 662天
等级: 130
石头: 2054
呼符: 10
体力: 30.590000000000003 / 138
友情点: 0 / 476570`
_2024-06-15 04:36:18_
--------
*f7d4b15a226c048f84750fa277bedce3*
`登陆天数: 24天 / 661天
等级: 130
石头: 3550
呼符: 10
体力: 30.563333333333333 / 138
友情点: 0 / 432975`
_2024-06-15 04:36:26_
--------
*bb93d1d18e6703deab02fee04d8f5aa9*
`登陆天数: 24天 / 661天
等级: 130
石头: 2859
呼符: 10
体力: 30.53333333333333 / 138
友情点: 0 / 454550`
_2024-06-15 04:36:34_
--------
*0fc5ff08df2cb401507510c2dfc95571*
`登陆天数: 24天 / 661天
等级: 130
石头: 2261
呼符: 10
体力: 30.50666666666666 / 138
友情点: 0 / 477105`
_2024-06-15 04:36:42_
--------
*906c4dd2c74dc270b973f3a18beddaae*
`登陆天数: 24天 / 662天
等级: 130
石头: 3154
呼符: 10
体力: 30.480000000000004 / 138
友情点: 0 / 446785`
_2024-06-15 04:36:51_
--------
*f832709d5bc106e6cc3f6cf77e9a2966*
`登陆天数: 24天 / 662天
等级: 130
石头: 3495
呼符: 10
体力: 30.456666666666663 / 138
友情点: 0 / 433510`
_2024-06-15 04:36:59_
--------
*26e43377a6d9b18ed58da4338c7ce464*
`登陆天数: 24天 / 662天
等级: 130
石头: 4049
呼符: 88
体力: 30.423333333333332 / 138
友情点: 0 / 432785`
_2024-06-15 04:37:07_
--------
*d1b2d282d12cf3c76a301a07c90894d1*
`登陆天数: 24天 / 661天
等级: 130
石头: 2468
呼符: 10
体力: 30.39333333333333 / 138
友情点: 0 / 474770`
_2024-06-15 04:37:15_
--------
*69db701634bebca3b7a22919c7530d3c*
`登陆天数: 24天 / 662天
等级: 130
石头: 1723
呼符: 10
体力: 30.36333333333333 / 138
友情点: 0 / 476045`
_2024-06-15 04:37:23_
--------
*e8c0f1935f1ff5817fd1fc590e5e517e*
`登陆天数: 24天 / 661天
等级: 130
石头: 1446
呼符: 10
体力: 30.336666666666673 / 138
友情点: 0 / 476810`
_2024-06-15 04:37:31_
--------
*79c3a62fb0a14c66f2418b5ee74d63ff*
`登陆天数: 24天 / 661天
等级: 130
石头: 2865
呼符: 10
体力: 30.306666666666672 / 138
友情点: 0 / 454110`
_2024-06-15 04:37:39_
--------
*d48af5c858bf9f1ffabaa093c28167ae*
`登陆天数: 24天 / 661天
等级: 130
石头: 730
呼符: 10
体力: 30.28 / 138
友情点: 0 / 477345`
_2024-06-15 04:37:47_
--------
*aba686dd2e74e8252b4246fe8a3939b1*
`登陆天数: 24天 / 661天
等级: 130
石头: 2260
呼符: 10
体力: 30.25666666666666 / 138
友情点: 0 / 476435`
_2024-06-15 04:37:55_
--------
*ef304c8c5f06070cc29dc623098ea109*
`登陆天数: 24天 / 661天
等级: 130
石头: 1694
呼符: 10
体力: 30.230000000000004 / 138
友情点: 0 / 475610`
_2024-06-15 04:38:03_
--------
*178b035b9e842fee5556cb8c15c6bcab*
`登陆天数: 24天 / 661天
等级: 130
石头: 4031
呼符: 10
体力: 30.203333333333333 / 138
友情点: 0 / 431085`
_2024-06-15 04:38:11_
--------
*80e841f805203eb56e3b98e085bae981*
`登陆天数: 24天 / 661天
等级: 130
石头: 2470
呼符: 10
体力: 30.173333333333332 / 138
友情点: 0 / 476870`
_2024-06-15 04:38:20_
--------
*f51602b11a63ad4708f1caf2a93859c3*
`登陆天数: 24天 / 661天
等级: 130
石头: 4065
呼符: 51
体力: 30.14333333333333 / 138
友情点: 0 / 433935`
_2024-06-15 04:38:28_
--------
*7b8647ef34a6031c3133bd5ebc45c365*
`登陆天数: 24天 / 662天
等级: 130
石头: 2623
呼符: 10
体力: 30.11333333333333 / 138
友情点: 0 / 446660`
_2024-06-15 04:38:35_
--------
*9a5e65e03b17fd1ad4d34f58f313ec98*
`登陆天数: 24天 / 662天
等级: 130
石头: 3700
呼符: 10
体力: 30.090000000000003 / 138
友情点: 0 / 432605`
_2024-06-15 04:38:44_
--------
*bed8ee603f17429f4a32f4650ecf0d87*
`登陆天数: 24天 / 662天
等级: 130
石头: 2234
呼符: 10
体力: 30.060000000000002 / 138
友情点: 0 / 476020`
_2024-06-15 04:38:52_
--------
*9c5ed464e8af35376010aa03d2707564*
`登陆天数: 24天 / 662天
等级: 130
石头: 4059
呼符: 124
体力: 30.03333333333333 / 138
友情点: 0 / 432975`
_2024-06-15 04:39:00_
--------
*313bf84cb75de7e8dc490a50884d550d*
`登陆天数: 24天 / 661天
等级: 130
石头: 3251
呼符: 11
体力: 30.00333333333333 / 138
友情点: 0 / 432260`
_2024-06-15 04:39:08_
--------
*b19782d8965c0661bc47630323fd35fd*
`登陆天数: 24天 / 661天
等级: 130
石头: 2319
呼符: 10
体力: 29.97333333333333 / 138
友情点: 0 / 476840`
_2024-06-15 04:39:17_
--------
*8bae3fac1c2ce983aed40c6bb009c45e*
`登陆天数: 24天 / 662天
等级: 130
石头: 2623
呼符: 10
体力: 29.950000000000003 / 138
友情点: 0 / 475795`
_2024-06-15 04:39:25_
--------
*ca4b430d613a792f6c392336a71dbc4a*
`登陆天数: 24天 / 661天
等级: 130
石头: 3880
呼符: 10
体力: 29.923333333333332 / 138
友情点: 0 / 432255`
_2024-06-15 04:39:33_
--------
*ff527dfaa021206f115cdd93d5b83983*
`登陆天数: 24天 / 662天
等级: 130
石头: 3073
呼符: 10
体力: 29.89333333333333 / 138
友情点: 0 / 446610`
_2024-06-15 04:39:41_
--------
*7a52b75e7c50cb9325c0433e58c03307*
`登陆天数: 24天 / 662天
等级: 130
石头: 1845
呼符: 10
体力: 29.86333333333333 / 138
友情点: 0 / 477300`
_2024-06-15 04:39:50_
--------
*d005d6451dcf4cc22ceb43a623afe073*
`登陆天数: 24天 / 662天
等级: 130
石头: 3098
呼符: 10
体力: 29.836666666666673 / 138
友情点: 0 / 448350`
_2024-06-15 04:39:58_
--------
*ce28f81291c94cf8d6ac3c8dc79f0dd8*
`登陆天数: 24天 / 662天
等级: 130
石头: 70
呼符: 10
体力: 29.810000000000002 / 138
友情点: 0 / 476980`
_2024-06-15 04:40:06_
--------
*82f13dda5a52d672337f751c1e7c3c45*
`登陆天数: 24天 / 662天
等级: 130
石头: 2613
呼符: 10
体力: 29.78333333333333 / 138
友情点: 0 / 466960`
_2024-06-15 04:40:14_
--------
*09a2ba83e0bc8fea531e77f0a0d50aa9*
`登陆天数: 24天 / 661天
等级: 130
石头: 2893
呼符: 10
体力: 29.75333333333333 / 138
友情点: 0 / 454990`
_2024-06-15 04:40:22_
--------
*2dd116b65e89712075e408f90d682415*
`登陆天数: 24天 / 662天
等级: 130
石头: 2204
呼符: 10
体力: 29.730000000000004 / 138
友情点: 0 / 477185`
_2024-06-15 04:40:30_
--------
*dfa9b84ecf5732be6515081d724acce3*
`登陆天数: 24天 / 662天
等级: 130
石头: 1753
呼符: 10
体力: 29.703333333333333 / 138
友情点: 0 / 477090`
_2024-06-15 04:40:38_
--------
*31b243358b364f62610ba7677254fc68*
`登陆天数: 24天 / 662天
等级: 130
石头: 2714
呼符: 10
体力: 32.38666666666667 / 138
友情点: 0 / 459310`
_2024-06-15 04:40:46_
--------
