【登录信息】
*8a3564efd49db13b2126ab8fb5620e80*
`登陆天数: 26天 / 664天
等级: 130
石头: 4066
呼符: 72
体力: 30.00333333333333 / 138
友情点: 0 / 425995`
_2024-06-16 04:29:28_
--------
*a160ae053c028ace34062d564c4b3434*
`登陆天数: 26天 / 664天
等级: 130
石头: 3012
呼符: 10
体力: 29.97 / 138
友情点: 0 / 448050`
_2024-06-16 04:29:35_
--------
*309010c1117f0ebb5f35f82fea9eb4f6*
`登陆天数: 25天 / 663天
等级: 130
石头: 3945
呼符: 10
体力: 29.939999999999998 / 138
友情点: 0 / 428010`
_2024-06-16 04:29:43_
--------
*5c135a27e7eea2239db8b9755d3e9ae1*
`登陆天数: 25天 / 662天
等级: 130
石头: 4069
呼符: 78
体力: 29.906666666666666 / 138
友情点: 0 / 427330`
_2024-06-16 04:29:51_
--------
*86758e159c262a3eec981868ea27a1c3*
`登陆天数: 25天 / 662天
等级: 130
石头: 3074
呼符: 10
体力: 29.873333333333335 / 138
友情点: 0 / 450565`
_2024-06-16 04:29:58_
--------
*6f9a211aef83a19f37e03ab1f44059d2*
`登陆天数: 25天 / 662天
等级: 130
石头: 3820
呼符: 10
体力: 29.843333333333334 / 138
友情点: 0 / 426600`
_2024-06-16 04:30:06_
--------
*264322ca3fe339b40698d5d40eaec3fb*
`登陆天数: 25天 / 662天
等级: 130
石头: 3260
呼符: 10
体力: 29.810000000000002 / 138
友情点: 0 / 431540`
_2024-06-16 04:30:14_
--------
*993df3128051aa77d0b6aab01a866a9a*
`登陆天数: 25天 / 663天
等级: 130
石头: 3609
呼符: 10
体力: 29.78333333333333 / 138
友情点: 0 / 427895`
_2024-06-16 04:30:21_
--------
*fe7878e487b87c3aa8336de587760751*
`登陆天数: 25天 / 662天
等级: 130
石头: 3131
呼符: 10
体力: 29.74666666666667 / 138
友情点: 0 / 442355`
_2024-06-16 04:30:29_
--------
*7357bada9d6a4063627fa17b35bb2604*
`登陆天数: 25天 / 662天
等级: 130
石头: 3150
呼符: 10
体力: 29.72 / 138
友情点: 0 / 442695`
_2024-06-16 04:30:37_
--------
*fc20186e17f0a5e4375db91b76a97657*
`登陆天数: 25天 / 663天
等级: 130
石头: 3195
呼符: 10
体力: 29.693333333333328 / 138
友情点: 0 / 445865`
_2024-06-16 04:30:44_
--------
*9cbb46fef88ab486c0d3e99d35be64e4*
`登陆天数: 25天 / 662天
等级: 130
石头: 2050
呼符: 10
体力: 29.663333333333327 / 138
友情点: 0 / 476770`
_2024-06-16 04:30:52_
--------
*9ee786c2ed20e6016bca6dcfefdeafc2*
`登陆天数: 25天 / 662天
等级: 130
石头: 3131
呼符: 10
体力: 29.63333333333334 / 138
友情点: 0 / 440800`
_2024-06-16 04:30:59_
--------
*53d9263dda66ff3848eb10d23f286c21*
`登陆天数: 25天 / 663天
等级: 130
石头: 2952
呼符: 10
体力: 29.599999999999994 / 138
友情点: 0 / 453905`
_2024-06-16 04:31:07_
--------
*9abd5d5ff49c1d31302c488c7c0c2275*
`登陆天数: 25天 / 663天
等级: 130
石头: 3508
呼符: 10
体力: 29.573333333333338 / 138
友情点: 0 / 426115`
_2024-06-16 04:31:15_
--------
*e082093bbbd89caa74af88368e016abd*
`登陆天数: 25天 / 663天
等级: 130
石头: 2199
呼符: 10
体力: 29.543333333333337 / 138
友情点: 0 / 476170`
_2024-06-16 04:31:22_
--------
*d96070b40d8faa5efd9b147555fa350b*
`登陆天数: 25天 / 663天
等级: 130
石头: 2055
呼符: 10
体力: 29.513333333333335 / 138
友情点: 0 / 476570`
_2024-06-16 04:31:30_
--------
*f7d4b15a226c048f84750fa277bedce3*
`登陆天数: 25天 / 662天
等级: 130
石头: 3551
呼符: 10
体力: 29.480000000000004 / 138
友情点: 0 / 426975`
_2024-06-16 04:31:38_
--------
*bb93d1d18e6703deab02fee04d8f5aa9*
`登陆天数: 25天 / 662天
等级: 130
石头: 2860
呼符: 10
体力: 29.450000000000003 / 138
友情点: 0 / 454550`
_2024-06-16 04:31:46_
--------
*0fc5ff08df2cb401507510c2dfc95571*
`登陆天数: 25天 / 662天
等级: 130
石头: 2262
呼符: 10
体力: 29.42 / 138
友情点: 0 / 477105`
_2024-06-16 04:31:53_
--------
*906c4dd2c74dc270b973f3a18beddaae*
`登陆天数: 25天 / 663天
等级: 130
石头: 3155
呼符: 10
体力: 29.39 / 138
友情点: 0 / 446785`
_2024-06-16 04:32:01_
--------
*f832709d5bc106e6cc3f6cf77e9a2966*
`登陆天数: 25天 / 663天
等级: 130
石头: 3496
呼符: 10
体力: 29.35666666666667 / 138
友情点: 0 / 427510`
_2024-06-16 04:32:09_
--------
*26e43377a6d9b18ed58da4338c7ce464*
`登陆天数: 25天 / 663天
等级: 130
石头: 4050
呼符: 88
体力: 29.326666666666668 / 138
友情点: 0 / 426785`
_2024-06-16 04:32:16_
--------
*d1b2d282d12cf3c76a301a07c90894d1*
`登陆天数: 25天 / 662天
等级: 130
石头: 2469
呼符: 10
体力: 29.296666666666667 / 138
友情点: 0 / 474770`
_2024-06-16 04:32:24_
--------
*69db701634bebca3b7a22919c7530d3c*
`登陆天数: 25天 / 663天
等级: 130
石头: 1724
呼符: 10
体力: 29.263333333333335 / 138
友情点: 0 / 476045`
_2024-06-16 04:32:32_
--------
*e8c0f1935f1ff5817fd1fc590e5e517e*
`登陆天数: 25天 / 662天
等级: 130
石头: 1447
呼符: 10
体力: 29.236666666666665 / 138
友情点: 0 / 476810`
_2024-06-16 04:32:40_
--------
*79c3a62fb0a14c66f2418b5ee74d63ff*
`登陆天数: 25天 / 662天
等级: 130
石头: 2866
呼符: 10
体力: 29.209999999999994 / 138
友情点: 0 / 454110`
_2024-06-16 04:32:47_
--------
*d48af5c858bf9f1ffabaa093c28167ae*
`登陆天数: 25天 / 662天
等级: 130
石头: 731
呼符: 10
体力: 29.176666666666662 / 138
友情点: 0 / 477345`
_2024-06-16 04:32:55_
--------
*aba686dd2e74e8252b4246fe8a3939b1*
`登陆天数: 25天 / 662天
等级: 130
石头: 2261
呼符: 10
体力: 29.153333333333336 / 138
友情点: 0 / 476435`
_2024-06-16 04:33:02_
--------
*ef304c8c5f06070cc29dc623098ea109*
`登陆天数: 25天 / 662天
等级: 130
石头: 1695
呼符: 10
体力: 29.120000000000005 / 138
友情点: 0 / 475610`
_2024-06-16 04:33:10_
--------
*178b035b9e842fee5556cb8c15c6bcab*
`登陆天数: 25天 / 662天
等级: 130
石头: 4032
呼符: 10
体力: 29.093333333333334 / 138
友情点: 0 / 425085`
_2024-06-16 04:33:18_
--------
*80e841f805203eb56e3b98e085bae981*
`登陆天数: 25天 / 662天
等级: 130
石头: 2471
呼符: 10
体力: 29.063333333333333 / 138
友情点: 0 / 476870`
_2024-06-16 04:33:25_
--------
*f51602b11a63ad4708f1caf2a93859c3*
`登陆天数: 25天 / 662天
等级: 130
石头: 4066
呼符: 51
体力: 29.03333333333333 / 138
友情点: 0 / 427935`
_2024-06-16 04:33:33_
--------
*7b8647ef34a6031c3133bd5ebc45c365*
`登陆天数: 25天 / 663天
等级: 130
石头: 2624
呼符: 10
体力: 28.99666666666667 / 138
友情点: 0 / 446660`
_2024-06-16 04:33:41_
--------
*9a5e65e03b17fd1ad4d34f58f313ec98*
`登陆天数: 25天 / 663天
等级: 130
石头: 3701
呼符: 10
体力: 28.97 / 138
友情点: 0 / 426605`
_2024-06-16 04:33:48_
--------
*bed8ee603f17429f4a32f4650ecf0d87*
`登陆天数: 25天 / 663天
等级: 130
石头: 2235
呼符: 10
体力: 28.939999999999998 / 138
友情点: 0 / 476020`
_2024-06-16 04:33:56_
--------
*9c5ed464e8af35376010aa03d2707564*
`登陆天数: 25天 / 663天
等级: 130
石头: 4060
呼符: 124
体力: 28.909999999999997 / 138
友情点: 0 / 426975`
_2024-06-16 04:34:03_
--------
*313bf84cb75de7e8dc490a50884d550d*
`登陆天数: 25天 / 662天
等级: 130
石头: 3252
呼符: 11
体力: 28.876666666666665 / 138
友情点: 0 / 426260`
_2024-06-16 04:34:11_
--------
*b19782d8965c0661bc47630323fd35fd*
`登陆天数: 25天 / 662天
等级: 130
石头: 2320
呼符: 10
体力: 28.846666666666664 / 138
友情点: 0 / 476840`
_2024-06-16 04:34:19_
--------
*8bae3fac1c2ce983aed40c6bb009c45e*
`登陆天数: 25天 / 663天
等级: 130
石头: 2624
呼符: 10
体力: 28.819999999999993 / 138
友情点: 0 / 475795`
_2024-06-16 04:34:26_
--------
*ca4b430d613a792f6c392336a71dbc4a*
`登陆天数: 25天 / 662天
等级: 130
石头: 3881
呼符: 10
体力: 28.790000000000006 / 138
友情点: 0 / 426255`
_2024-06-16 04:34:35_
--------
*ff527dfaa021206f115cdd93d5b83983*
`登陆天数: 25天 / 663天
等级: 130
石头: 3074
呼符: 10
体力: 28.75666666666666 / 138
友情点: 0 / 446610`
_2024-06-16 04:34:42_
--------
*7a52b75e7c50cb9325c0433e58c03307*
`登陆天数: 25天 / 663天
等级: 130
石头: 1846
呼符: 10
体力: 28.730000000000004 / 138
友情点: 0 / 477300`
_2024-06-16 04:34:50_
--------
*d005d6451dcf4cc22ceb43a623afe073*
`登陆天数: 25天 / 663天
等级: 130
石头: 3099
呼符: 10
体力: 28.700000000000003 / 138
友情点: 0 / 448350`
_2024-06-16 04:34:58_
--------
*ce28f81291c94cf8d6ac3c8dc79f0dd8*
`登陆天数: 25天 / 663天
等级: 130
石头: 71
呼符: 10
体力: 28.67 / 138
友情点: 0 / 476980`
_2024-06-16 04:35:05_
--------
*82f13dda5a52d672337f751c1e7c3c45*
`登陆天数: 25天 / 663天
等级: 130
石头: 2614
呼符: 10
体力: 28.64 / 138
友情点: 0 / 466960`
_2024-06-16 04:35:13_
--------
*09a2ba83e0bc8fea531e77f0a0d50aa9*
`登陆天数: 25天 / 662天
等级: 130
石头: 2894
呼符: 10
体力: 28.61333333333333 / 138
友情点: 0 / 454990`
_2024-06-16 04:35:21_
--------
*2dd116b65e89712075e408f90d682415*
`登陆天数: 25天 / 663天
等级: 130
石头: 2205
呼符: 10
体力: 28.58333333333333 / 138
友情点: 0 / 477185`
_2024-06-16 04:35:28_
--------
*dfa9b84ecf5732be6515081d724acce3*
`登陆天数: 25天 / 663天
等级: 130
石头: 1754
呼符: 10
体力: 28.553333333333327 / 138
友情点: 0 / 477090`
_2024-06-16 04:35:36_
--------
*31b243358b364f62610ba7677254fc68*
`登陆天数: 25天 / 663天
等级: 130
石头: 2715
呼符: 10
体力: 31.25 / 138
友情点: 0 / 459310`
_2024-06-16 04:35:44_
--------
