【登录信息】
*8a3564efd49db13b2126ab8fb5620e80*
`登陆天数: 28天 / 666天
等级: 130
石头: 4068
呼符: 73
体力: 29.72 / 138
友情点: 0 / 413995`
_2024-06-18 04:30:23_
--------
*a160ae053c028ace34062d564c4b3434*
`登陆天数: 28天 / 666天
等级: 130
石头: 3014
呼符: 11
体力: 29.689999999999998 / 138
友情点: 0 / 448050`
_2024-06-18 04:30:31_
--------
*309010c1117f0ebb5f35f82fea9eb4f6*
`登陆天数: 27天 / 665天
等级: 130
石头: 3947
呼符: 10
体力: 29.67 / 138
友情点: 0 / 416010`
_2024-06-18 04:30:40_
--------
*5c135a27e7eea2239db8b9755d3e9ae1*
`登陆天数: 27天 / 664天
等级: 130
石头: 4071
呼符: 78
体力: 29.64 / 138
友情点: 0 / 415330`
_2024-06-18 04:30:48_
--------
*86758e159c262a3eec981868ea27a1c3*
`登陆天数: 27天 / 664天
等级: 130
石头: 3076
呼符: 10
体力: 29.60666666666667 / 138
友情点: 0 / 450565`
_2024-06-18 04:30:57_
--------
*6f9a211aef83a19f37e03ab1f44059d2*
`登陆天数: 27天 / 664天
等级: 130
石头: 3822
呼符: 10
体力: 29.586666666666673 / 138
友情点: 0 / 414600`
_2024-06-18 04:31:05_
--------
*264322ca3fe339b40698d5d40eaec3fb*
`登陆天数: 27天 / 664天
等级: 130
石头: 3262
呼符: 10
体力: 29.556666666666672 / 138
友情点: 0 / 431540`
_2024-06-18 04:31:13_
--------
*993df3128051aa77d0b6aab01a866a9a*
`登陆天数: 27天 / 665天
等级: 130
石头: 3611
呼符: 10
体力: 29.53333333333333 / 138
友情点: 0 / 419895`
_2024-06-18 04:31:22_
--------
*fe7878e487b87c3aa8336de587760751*
`登陆天数: 27天 / 664天
等级: 130
石头: 3133
呼符: 10
体力: 29.50666666666666 / 138
友情点: 0 / 442355`
_2024-06-18 04:31:30_
--------
*7357bada9d6a4063627fa17b35bb2604*
`登陆天数: 27天 / 664天
等级: 130
石头: 3152
呼符: 10
体力: 29.483333333333334 / 138
友情点: 0 / 442695`
_2024-06-18 04:31:38_
--------
*fc20186e17f0a5e4375db91b76a97657*
`登陆天数: 27天 / 665天
等级: 130
石头: 3197
呼符: 10
体力: 29.456666666666663 / 138
友情点: 0 / 445865`
_2024-06-18 04:31:47_
--------
*9cbb46fef88ab486c0d3e99d35be64e4*
`登陆天数: 27天 / 664天
等级: 130
石头: 2052
呼符: 10
体力: 29.433333333333337 / 138
友情点: 0 / 476770`
_2024-06-18 04:31:55_
--------
*9ee786c2ed20e6016bca6dcfefdeafc2*
`登陆天数: 27天 / 664天
等级: 130
石头: 3133
呼符: 10
体力: 29.406666666666666 / 138
友情点: 0 / 440800`
_2024-06-18 04:32:04_
--------
*53d9263dda66ff3848eb10d23f286c21*
`登陆天数: 27天 / 665天
等级: 130
石头: 2954
呼符: 10
体力: 29.38666666666667 / 138
友情点: 0 / 453905`
_2024-06-18 04:32:12_
--------
*9abd5d5ff49c1d31302c488c7c0c2275*
`登陆天数: 27天 / 665天
等级: 130
石头: 3510
呼符: 10
体力: 29.36 / 138
友情点: 0 / 426115`
_2024-06-18 04:32:20_
--------
*e082093bbbd89caa74af88368e016abd*
`登陆天数: 27天 / 665天
等级: 130
石头: 2201
呼符: 10
体力: 29.33333333333333 / 138
友情点: 0 / 476170`
_2024-06-18 04:32:29_
--------
*d96070b40d8faa5efd9b147555fa350b*
`登陆天数: 27天 / 665天
等级: 130
石头: 2057
呼符: 10
体力: 29.310000000000002 / 138
友情点: 0 / 476570`
_2024-06-18 04:32:37_
--------
*f7d4b15a226c048f84750fa277bedce3*
`登陆天数: 27天 / 664天
等级: 130
石头: 3553
呼符: 10
体力: 29.28333333333333 / 138
友情点: 0 / 414975`
_2024-06-18 04:32:45_
--------
*bb93d1d18e6703deab02fee04d8f5aa9*
`登陆天数: 27天 / 664天
等级: 130
石头: 2862
呼符: 10
体力: 29.25666666666666 / 138
友情点: 0 / 454550`
_2024-06-18 04:32:54_
--------
*0fc5ff08df2cb401507510c2dfc95571*
`登陆天数: 27天 / 664天
等级: 130
石头: 2264
呼符: 10
体力: 29.233333333333334 / 138
友情点: 0 / 477105`
_2024-06-18 04:33:02_
--------
*906c4dd2c74dc270b973f3a18beddaae*
`登陆天数: 27天 / 665天
等级: 130
石头: 3157
呼符: 10
体力: 29.206666666666663 / 138
友情点: 0 / 446785`
_2024-06-18 04:33:10_
--------
*f832709d5bc106e6cc3f6cf77e9a2966*
`登陆天数: 27天 / 665天
等级: 130
石头: 3498
呼符: 10
体力: 29.180000000000007 / 138
友情点: 0 / 425510`
_2024-06-18 04:33:18_
--------
*26e43377a6d9b18ed58da4338c7ce464*
`登陆天数: 27天 / 665天
等级: 130
石头: 4052
呼符: 88
体力: 29.159999999999997 / 138
友情点: 0 / 414785`
_2024-06-18 04:33:27_
--------
*d1b2d282d12cf3c76a301a07c90894d1*
`登陆天数: 27天 / 664天
等级: 130
石头: 2471
呼符: 10
体力: 29.129999999999995 / 138
友情点: 0 / 474770`
_2024-06-18 04:33:35_
--------
*69db701634bebca3b7a22919c7530d3c*
`登陆天数: 27天 / 665天
等级: 130
石头: 1726
呼符: 10
体力: 29.10333333333334 / 138
友情点: 0 / 476045`
_2024-06-18 04:33:43_
--------
*e8c0f1935f1ff5817fd1fc590e5e517e*
`登陆天数: 27天 / 664天
等级: 130
石头: 1449
呼符: 10
体力: 29.076666666666668 / 138
友情点: 0 / 476810`
_2024-06-18 04:33:51_
--------
*79c3a62fb0a14c66f2418b5ee74d63ff*
`登陆天数: 27天 / 664天
等级: 130
石头: 2868
呼符: 10
体力: 29.049999999999997 / 138
友情点: 0 / 454110`
_2024-06-18 04:33:59_
--------
*d48af5c858bf9f1ffabaa093c28167ae*
`登陆天数: 27天 / 664天
等级: 130
石头: 733
呼符: 10
体力: 29.02666666666667 / 138
友情点: 0 / 477345`
_2024-06-18 04:34:08_
--------
*aba686dd2e74e8252b4246fe8a3939b1*
`登陆天数: 27天 / 664天
等级: 130
石头: 2263
呼符: 10
体力: 29.00333333333333 / 138
友情点: 0 / 476435`
_2024-06-18 04:34:16_
--------
*ef304c8c5f06070cc29dc623098ea109*
`登陆天数: 27天 / 664天
等级: 130
石头: 1697
呼符: 10
体力: 28.976666666666674 / 138
友情点: 0 / 475610`
_2024-06-18 04:34:24_
--------
*178b035b9e842fee5556cb8c15c6bcab*
`登陆天数: 27天 / 664天
等级: 130
石头: 4034
呼符: 10
体力: 28.950000000000003 / 138
友情点: 0 / 413085`
_2024-06-18 04:34:32_
--------
*80e841f805203eb56e3b98e085bae981*
`登陆天数: 27天 / 664天
等级: 130
石头: 2473
呼符: 10
体力: 28.923333333333332 / 138
友情点: 0 / 476870`
_2024-06-18 04:34:41_
--------
*f51602b11a63ad4708f1caf2a93859c3*
`登陆天数: 27天 / 664天
等级: 130
石头: 4068
呼符: 51
体力: 28.89666666666666 / 138
友情点: 0 / 415935`
_2024-06-18 04:34:49_
--------
*7b8647ef34a6031c3133bd5ebc45c365*
`登陆天数: 27天 / 665天
等级: 130
石头: 2626
呼符: 10
体力: 28.873333333333335 / 138
友情点: 0 / 446660`
_2024-06-18 04:34:57_
--------
*9a5e65e03b17fd1ad4d34f58f313ec98*
`登陆天数: 27天 / 665天
等级: 130
石头: 3703
呼符: 10
体力: 28.846666666666664 / 138
友情点: 0 / 414605`
_2024-06-18 04:35:05_
--------
*bed8ee603f17429f4a32f4650ecf0d87*
`登陆天数: 27天 / 665天
等级: 130
石头: 2237
呼符: 10
体力: 28.819999999999993 / 138
友情点: 0 / 476020`
_2024-06-18 04:35:14_
--------
*9c5ed464e8af35376010aa03d2707564*
`登陆天数: 27天 / 665天
等级: 130
石头: 4062
呼符: 124
体力: 28.793333333333337 / 138
友情点: 0 / 414975`
_2024-06-18 04:35:22_
--------
*313bf84cb75de7e8dc490a50884d550d*
`登陆天数: 27天 / 664天
等级: 130
石头: 3254
呼符: 11
体力: 28.769999999999996 / 138
友情点: 0 / 420260`
_2024-06-18 04:35:30_
--------
*b19782d8965c0661bc47630323fd35fd*
`登陆天数: 27天 / 664天
等级: 130
石头: 2322
呼符: 10
体力: 28.739999999999995 / 138
友情点: 0 / 476840`
_2024-06-18 04:35:38_
--------
*8bae3fac1c2ce983aed40c6bb009c45e*
`登陆天数: 27天 / 665天
等级: 130
石头: 2626
呼符: 10
体力: 28.71666666666667 / 138
友情点: 0 / 475795`
_2024-06-18 04:35:46_
--------
*ca4b430d613a792f6c392336a71dbc4a*
`登陆天数: 27天 / 664天
等级: 130
石头: 3883
呼符: 10
体力: 28.693333333333328 / 138
友情点: 0 / 414255`
_2024-06-18 04:35:54_
--------
*ff527dfaa021206f115cdd93d5b83983*
`登陆天数: 27天 / 665天
等级: 130
石头: 3076
呼符: 10
体力: 28.663333333333327 / 138
友情点: 0 / 446610`
_2024-06-18 04:36:03_
--------
*7a52b75e7c50cb9325c0433e58c03307*
`登陆天数: 27天 / 665天
等级: 130
石头: 1848
呼符: 10
体力: 28.64333333333333 / 138
友情点: 0 / 477300`
_2024-06-18 04:36:11_
--------
*d005d6451dcf4cc22ceb43a623afe073*
`登陆天数: 27天 / 665天
等级: 130
石头: 3101
呼符: 10
体力: 28.61666666666666 / 138
友情点: 0 / 448350`
_2024-06-18 04:36:19_
--------
*ce28f81291c94cf8d6ac3c8dc79f0dd8*
`登陆天数: 27天 / 665天
等级: 130
石头: 73
呼符: 10
体力: 28.590000000000003 / 138
友情点: 0 / 476980`
_2024-06-18 04:36:27_
--------
*82f13dda5a52d672337f751c1e7c3c45*
`登陆天数: 27天 / 665天
等级: 130
石头: 2616
呼符: 10
体力: 28.569999999999993 / 138
友情点: 0 / 466960`
_2024-06-18 04:36:36_
--------
*09a2ba83e0bc8fea531e77f0a0d50aa9*
`登陆天数: 27天 / 664天
等级: 130
石头: 2896
呼符: 10
体力: 28.543333333333337 / 138
友情点: 0 / 454990`
_2024-06-18 04:36:44_
--------
*2dd116b65e89712075e408f90d682415*
`登陆天数: 27天 / 665天
等级: 130
石头: 2207
呼符: 10
体力: 28.516666666666666 / 138
友情点: 0 / 477185`
_2024-06-18 04:36:53_
--------
*dfa9b84ecf5732be6515081d724acce3*
`登陆天数: 27天 / 665天
等级: 130
石头: 1756
呼符: 10
体力: 28.49666666666667 / 138
友情点: 0 / 477090`
_2024-06-18 04:37:01_
--------
*31b243358b364f62610ba7677254fc68*
`登陆天数: 27天 / 665天
等级: 130
石头: 2717
呼符: 10
体力: 31.08333333333333 / 138
友情点: 0 / 459310`
_2024-06-18 04:37:09_
--------
