【登录信息】
*8a3564efd49db13b2126ab8fb5620e80*
`登陆天数: 30天 / 668天
等级: 130
石头: 4075
呼符: 73
体力: 29.823333333333338 / 138
友情点: 0 / 403995`
_2024-06-20 04:29:07_
--------
*a160ae053c028ace34062d564c4b3434*
`登陆天数: 30天 / 668天
等级: 130
石头: 3021
呼符: 11
体力: 29.790000000000006 / 138
友情点: 0 / 450050`
_2024-06-20 04:29:15_
--------
*309010c1117f0ebb5f35f82fea9eb4f6*
`登陆天数: 29天 / 667天
等级: 130
石头: 3953
呼符: 11
体力: 29.760000000000005 / 138
友情点: 0 / 406010`
_2024-06-20 04:29:22_
--------
*5c135a27e7eea2239db8b9755d3e9ae1*
`登陆天数: 29天 / 666天
等级: 130
石头: 4077
呼符: 79
体力: 29.726666666666674 / 138
友情点: 0 / 405330`
_2024-06-20 04:29:30_
--------
*86758e159c262a3eec981868ea27a1c3*
`登陆天数: 29天 / 666天
等级: 130
石头: 3082
呼符: 11
体力: 29.693333333333328 / 138
友情点: 0 / 452565`
_2024-06-20 04:29:38_
--------
*6f9a211aef83a19f37e03ab1f44059d2*
`登陆天数: 29天 / 666天
等级: 130
石头: 3828
呼符: 11
体力: 29.66666666666667 / 138
友情点: 0 / 408600`
_2024-06-20 04:29:45_
--------
*264322ca3fe339b40698d5d40eaec3fb*
`登陆天数: 29天 / 666天
等级: 130
石头: 3268
呼符: 11
体力: 29.63666666666667 / 138
友情点: 0 / 433540`
_2024-06-20 04:29:53_
--------
*993df3128051aa77d0b6aab01a866a9a*
`登陆天数: 29天 / 667天
等级: 130
石头: 3617
呼符: 11
体力: 29.60333333333334 / 138
友情点: 0 / 421895`
_2024-06-20 04:30:01_
--------
*fe7878e487b87c3aa8336de587760751*
`登陆天数: 29天 / 666天
等级: 130
石头: 3139
呼符: 11
体力: 29.573333333333338 / 138
友情点: 0 / 444355`
_2024-06-20 04:30:09_
--------
*7357bada9d6a4063627fa17b35bb2604*
`登陆天数: 29天 / 666天
等级: 130
石头: 3158
呼符: 11
体力: 29.543333333333337 / 138
友情点: 0 / 444695`
_2024-06-20 04:30:17_
--------
*fc20186e17f0a5e4375db91b76a97657*
`登陆天数: 29天 / 667天
等级: 130
石头: 3203
呼符: 11
体力: 29.516666666666666 / 138
友情点: 0 / 447865`
_2024-06-20 04:30:24_
--------
*9cbb46fef88ab486c0d3e99d35be64e4*
`登陆天数: 29天 / 666天
等级: 130
石头: 2058
呼符: 11
体力: 29.483333333333334 / 138
友情点: 0 / 478770`
_2024-06-20 04:30:32_
--------
*9ee786c2ed20e6016bca6dcfefdeafc2*
`登陆天数: 29天 / 666天
等级: 130
石头: 3139
呼符: 11
体力: 29.453333333333333 / 138
友情点: 0 / 442800`
_2024-06-20 04:30:39_
--------
*53d9263dda66ff3848eb10d23f286c21*
`登陆天数: 29天 / 667天
等级: 130
石头: 2960
呼符: 11
体力: 29.423333333333332 / 138
友情点: 0 / 455905`
_2024-06-20 04:30:47_
--------
*9abd5d5ff49c1d31302c488c7c0c2275*
`登陆天数: 29天 / 667天
等级: 130
石头: 3516
呼符: 11
体力: 29.39333333333333 / 138
友情点: 0 / 428115`
_2024-06-20 04:30:55_
--------
*e082093bbbd89caa74af88368e016abd*
`登陆天数: 29天 / 667天
等级: 130
石头: 2207
呼符: 11
体力: 29.36333333333333 / 138
友情点: 0 / 478170`
_2024-06-20 04:31:03_
--------
*d96070b40d8faa5efd9b147555fa350b*
`登陆天数: 29天 / 667天
等级: 130
石头: 2063
呼符: 11
体力: 29.33 / 138
友情点: 0 / 478570`
_2024-06-20 04:31:10_
--------
*f7d4b15a226c048f84750fa277bedce3*
`登陆天数: 29天 / 666天
等级: 130
石头: 3559
呼符: 11
体力: 29.303333333333327 / 138
友情点: 0 / 416975`
_2024-06-20 04:31:18_
--------
*bb93d1d18e6703deab02fee04d8f5aa9*
`登陆天数: 29天 / 666天
等级: 130
石头: 2868
呼符: 11
体力: 29.269999999999996 / 138
友情点: 0 / 456550`
_2024-06-20 04:31:26_
--------
*0fc5ff08df2cb401507510c2dfc95571*
`登陆天数: 29天 / 666天
等级: 130
石头: 2270
呼符: 11
体力: 29.236666666666665 / 138
友情点: 0 / 479105`
_2024-06-20 04:31:33_
--------
*906c4dd2c74dc270b973f3a18beddaae*
`登陆天数: 29天 / 667天
等级: 130
石头: 3163
呼符: 11
体力: 29.203333333333333 / 138
友情点: 0 / 448785`
_2024-06-20 04:31:41_
--------
*f832709d5bc106e6cc3f6cf77e9a2966*
`登陆天数: 29天 / 667天
等级: 130
石头: 3504
呼符: 11
体力: 29.17 / 138
友情点: 0 / 427510`
_2024-06-20 04:31:49_
--------
*26e43377a6d9b18ed58da4338c7ce464*
`登陆天数: 29天 / 667天
等级: 130
石头: 4058
呼符: 89
体力: 29.13666666666667 / 138
友情点: 0 / 404785`
_2024-06-20 04:31:56_
--------
*d1b2d282d12cf3c76a301a07c90894d1*
`登陆天数: 29天 / 666天
等级: 130
石头: 2477
呼符: 11
体力: 29.10333333333334 / 138
友情点: 0 / 476770`
_2024-06-20 04:32:04_
--------
*69db701634bebca3b7a22919c7530d3c*
`登陆天数: 29天 / 667天
等级: 130
石头: 1732
呼符: 11
体力: 29.073333333333338 / 138
友情点: 0 / 478045`
_2024-06-20 04:32:13_
--------
*e8c0f1935f1ff5817fd1fc590e5e517e*
`登陆天数: 29天 / 666天
等级: 130
石头: 1455
呼符: 11
体力: 29.043333333333337 / 138
友情点: 0 / 478810`
_2024-06-20 04:32:20_
--------
*79c3a62fb0a14c66f2418b5ee74d63ff*
`登陆天数: 29天 / 666天
等级: 130
石头: 2874
呼符: 11
体力: 29.016666666666666 / 138
友情点: 0 / 456110`
_2024-06-20 04:32:28_
--------
*d48af5c858bf9f1ffabaa093c28167ae*
`登陆天数: 29天 / 666天
等级: 130
石头: 739
呼符: 11
体力: 28.983333333333334 / 138
友情点: 0 / 479345`
_2024-06-20 04:32:36_
--------
*aba686dd2e74e8252b4246fe8a3939b1*
`登陆天数: 29天 / 666天
等级: 130
石头: 2269
呼符: 11
体力: 28.953333333333333 / 138
友情点: 0 / 478435`
_2024-06-20 04:32:44_
--------
*ef304c8c5f06070cc29dc623098ea109*
`登陆天数: 29天 / 666天
等级: 130
石头: 1703
呼符: 11
体力: 28.923333333333332 / 138
友情点: 0 / 477610`
_2024-06-20 04:32:51_
--------
*178b035b9e842fee5556cb8c15c6bcab*
`登陆天数: 29天 / 666天
等级: 130
石头: 4040
呼符: 11
体力: 28.89333333333333 / 138
友情点: 0 / 403085`
_2024-06-20 04:32:59_
--------
*80e841f805203eb56e3b98e085bae981*
`登陆天数: 29天 / 666天
等级: 130
石头: 2479
呼符: 11
体力: 28.86333333333333 / 138
友情点: 0 / 478870`
_2024-06-20 04:33:07_
--------
*f51602b11a63ad4708f1caf2a93859c3*
`登陆天数: 29天 / 666天
等级: 130
石头: 4074
呼符: 52
体力: 28.83 / 138
友情点: 0 / 405935`
_2024-06-20 04:33:15_
--------
*7b8647ef34a6031c3133bd5ebc45c365*
`登陆天数: 29天 / 667天
等级: 130
石头: 2632
呼符: 11
体力: 28.799999999999997 / 138
友情点: 0 / 448660`
_2024-06-20 04:33:22_
--------
*9a5e65e03b17fd1ad4d34f58f313ec98*
`登陆天数: 29天 / 667天
等级: 130
石头: 3709
呼符: 11
体力: 28.769999999999996 / 138
友情点: 0 / 414605`
_2024-06-20 04:33:30_
--------
*bed8ee603f17429f4a32f4650ecf0d87*
`登陆天数: 29天 / 667天
等级: 130
石头: 2243
呼符: 11
体力: 28.736666666666665 / 138
友情点: 0 / 478020`
_2024-06-20 04:33:38_
--------
*9c5ed464e8af35376010aa03d2707564*
`登陆天数: 29天 / 667天
等级: 130
石头: 4068
呼符: 125
体力: 28.709999999999994 / 138
友情点: 0 / 404975`
_2024-06-20 04:33:45_
--------
*313bf84cb75de7e8dc490a50884d550d*
`登陆天数: 29天 / 666天
等级: 130
石头: 3260
呼符: 12
体力: 28.676666666666662 / 138
友情点: 0 / 422260`
_2024-06-20 04:33:53_
--------
*b19782d8965c0661bc47630323fd35fd*
`登陆天数: 29天 / 666天
等级: 130
石头: 2328
呼符: 11
体力: 28.653333333333336 / 138
友情点: 0 / 478840`
_2024-06-20 04:34:01_
--------
*8bae3fac1c2ce983aed40c6bb009c45e*
`登陆天数: 29天 / 667天
等级: 130
石头: 2632
呼符: 11
体力: 28.623333333333335 / 138
友情点: 0 / 477795`
_2024-06-20 04:34:09_
--------
*ca4b430d613a792f6c392336a71dbc4a*
`登陆天数: 29天 / 666天
等级: 130
石头: 3889
呼符: 11
体力: 28.590000000000003 / 138
友情点: 0 / 412255`
_2024-06-20 04:34:17_
--------
*ff527dfaa021206f115cdd93d5b83983*
`登陆天数: 29天 / 667天
等级: 130
石头: 3082
呼符: 11
体力: 28.563333333333333 / 138
友情点: 0 / 448610`
_2024-06-20 04:34:25_
--------
*7a52b75e7c50cb9325c0433e58c03307*
`登陆天数: 29天 / 667天
等级: 130
石头: 1854
呼符: 11
体力: 28.53666666666666 / 138
友情点: 0 / 479300`
_2024-06-20 04:34:32_
--------
*d005d6451dcf4cc22ceb43a623afe073*
`登陆天数: 29天 / 667天
等级: 130
石头: 3107
呼符: 11
体力: 28.510000000000005 / 138
友情点: 0 / 450350`
_2024-06-20 04:34:40_
--------
*ce28f81291c94cf8d6ac3c8dc79f0dd8*
`登陆天数: 29天 / 667天
等级: 130
石头: 79
呼符: 11
体力: 28.476666666666674 / 138
友情点: 0 / 478980`
_2024-06-20 04:34:48_
--------
*82f13dda5a52d672337f751c1e7c3c45*
`登陆天数: 29天 / 667天
等级: 130
石头: 2622
呼符: 11
体力: 28.450000000000003 / 138
友情点: 0 / 468960`
_2024-06-20 04:34:56_
--------
*09a2ba83e0bc8fea531e77f0a0d50aa9*
`登陆天数: 29天 / 666天
等级: 130
石头: 2902
呼符: 11
体力: 28.42 / 138
友情点: 0 / 456990`
_2024-06-20 04:35:03_
--------
*2dd116b65e89712075e408f90d682415*
`登陆天数: 29天 / 667天
等级: 130
石头: 2213
呼符: 11
体力: 28.39 / 138
友情点: 0 / 479185`
_2024-06-20 04:35:11_
--------
*dfa9b84ecf5732be6515081d724acce3*
`登陆天数: 29天 / 667天
等级: 130
石头: 1762
呼符: 11
体力: 28.36 / 138
友情点: 0 / 479090`
_2024-06-20 04:35:19_
--------
*31b243358b364f62610ba7677254fc68*
`登陆天数: 29天 / 667天
等级: 130
石头: 2723
呼符: 11
体力: 31.08 / 138
友情点: 0 / 461310`
_2024-06-20 04:35:26_
--------
