【登录信息】
*8a3564efd49db13b2126ab8fb5620e80*
`登陆天数: 31天 / 669天
等级: 130
石头: 4075
呼符: 73
体力: 29.78 / 138
友情点: 0 / 397995`
_2024-06-21 04:30:47_
--------
*a160ae053c028ace34062d564c4b3434*
`登陆天数: 31天 / 669天
等级: 130
石头: 3021
呼符: 11
体力: 29.75333333333333 / 138
友情点: 0 / 450050`
_2024-06-21 04:30:54_
--------
*309010c1117f0ebb5f35f82fea9eb4f6*
`登陆天数: 30天 / 668天
等级: 130
石头: 3954
呼符: 11
体力: 29.726666666666674 / 138
友情点: 0 / 404010`
_2024-06-21 04:31:02_
--------
*5c135a27e7eea2239db8b9755d3e9ae1*
`登陆天数: 30天 / 667天
等级: 130
石头: 4078
呼符: 79
体力: 29.703333333333333 / 138
友情点: 0 / 399330`
_2024-06-21 04:31:09_
--------
*86758e159c262a3eec981868ea27a1c3*
`登陆天数: 30天 / 667天
等级: 130
石头: 3083
呼符: 11
体力: 29.673333333333332 / 138
友情点: 0 / 452565`
_2024-06-21 04:31:17_
--------
*6f9a211aef83a19f37e03ab1f44059d2*
`登陆天数: 30天 / 667天
等级: 130
石头: 3829
呼符: 11
体力: 29.64666666666666 / 138
友情点: 0 / 408600`
_2024-06-21 04:31:25_
--------
*264322ca3fe339b40698d5d40eaec3fb*
`登陆天数: 30天 / 667天
等级: 130
石头: 3269
呼符: 11
体力: 29.623333333333335 / 138
友情点: 0 / 433540`
_2024-06-21 04:31:32_
--------
*993df3128051aa77d0b6aab01a866a9a*
`登陆天数: 30天 / 668天
等级: 130
石头: 3618
呼符: 11
体力: 29.599999999999994 / 138
友情点: 0 / 421895`
_2024-06-21 04:31:40_
--------
*fe7878e487b87c3aa8336de587760751*
`登陆天数: 30天 / 667天
等级: 130
石头: 3140
呼符: 11
体力: 29.573333333333338 / 138
友情点: 0 / 444355`
_2024-06-21 04:31:48_
--------
*7357bada9d6a4063627fa17b35bb2604*
`登陆天数: 30天 / 667天
等级: 130
石头: 3159
呼符: 11
体力: 29.549999999999997 / 138
友情点: 0 / 444695`
_2024-06-21 04:31:56_
--------
*fc20186e17f0a5e4375db91b76a97657*
`登陆天数: 30天 / 668天
等级: 130
石头: 3204
呼符: 11
体力: 29.523333333333326 / 138
友情点: 0 / 447865`
_2024-06-21 04:32:03_
--------
*9cbb46fef88ab486c0d3e99d35be64e4*
`登陆天数: 30天 / 667天
等级: 130
石头: 2059
呼符: 11
体力: 29.49666666666667 / 138
友情点: 0 / 478770`
_2024-06-21 04:32:11_
--------
*9ee786c2ed20e6016bca6dcfefdeafc2*
`登陆天数: 30天 / 667天
等级: 130
石头: 3140
呼符: 11
体力: 29.47333333333333 / 138
友情点: 0 / 442800`
_2024-06-21 04:32:18_
--------
*53d9263dda66ff3848eb10d23f286c21*
`登陆天数: 30天 / 668天
等级: 130
石头: 2961
呼符: 11
体力: 29.450000000000003 / 138
友情点: 0 / 455905`
_2024-06-21 04:32:26_
--------
*9abd5d5ff49c1d31302c488c7c0c2275*
`登陆天数: 30天 / 668天
等级: 130
石头: 3517
呼符: 11
体力: 29.426666666666662 / 138
友情点: 0 / 428115`
_2024-06-21 04:32:34_
--------
*e082093bbbd89caa74af88368e016abd*
`登陆天数: 30天 / 668天
等级: 130
石头: 2208
呼符: 11
体力: 29.400000000000006 / 138
友情点: 0 / 478170`
_2024-06-21 04:32:42_
--------
*d96070b40d8faa5efd9b147555fa350b*
`登陆天数: 30天 / 668天
等级: 130
石头: 2064
呼符: 11
体力: 29.376666666666665 / 138
友情点: 0 / 478570`
_2024-06-21 04:32:50_
--------
*f7d4b15a226c048f84750fa277bedce3*
`登陆天数: 30天 / 667天
等级: 130
石头: 3560
呼符: 11
体力: 29.349999999999994 / 138
友情点: 0 / 416975`
_2024-06-21 04:32:58_
--------
*bb93d1d18e6703deab02fee04d8f5aa9*
`登陆天数: 30天 / 667天
等级: 130
石头: 2869
呼符: 11
体力: 29.323333333333338 / 138
友情点: 0 / 456550`
_2024-06-21 04:33:05_
--------
*0fc5ff08df2cb401507510c2dfc95571*
`登陆天数: 30天 / 667天
等级: 130
石头: 2271
呼符: 11
体力: 29.299999999999997 / 138
友情点: 0 / 479105`
_2024-06-21 04:33:13_
--------
*906c4dd2c74dc270b973f3a18beddaae*
`登陆天数: 30天 / 668天
等级: 130
石头: 3164
呼符: 11
体力: 29.27666666666667 / 138
友情点: 0 / 448785`
_2024-06-21 04:33:20_
--------
*f832709d5bc106e6cc3f6cf77e9a2966*
`登陆天数: 30天 / 668天
等级: 130
石头: 3505
呼符: 11
体力: 29.24666666666667 / 138
友情点: 0 / 427510`
_2024-06-21 04:33:28_
--------
*26e43377a6d9b18ed58da4338c7ce464*
`登陆天数: 30天 / 668天
等级: 130
石头: 4059
呼符: 89
体力: 29.22333333333333 / 138
友情点: 0 / 398785`
_2024-06-21 04:33:36_
--------
*d1b2d282d12cf3c76a301a07c90894d1*
`登陆天数: 30天 / 667天
等级: 130
石头: 2478
呼符: 11
体力: 29.196666666666673 / 138
友情点: 0 / 476770`
_2024-06-21 04:33:43_
--------
*69db701634bebca3b7a22919c7530d3c*
`登陆天数: 30天 / 668天
等级: 130
石头: 1733
呼符: 11
体力: 29.17 / 138
友情点: 0 / 478045`
_2024-06-21 04:33:51_
--------
*e8c0f1935f1ff5817fd1fc590e5e517e*
`登陆天数: 30天 / 667天
等级: 130
石头: 1456
呼符: 11
体力: 29.14333333333333 / 138
友情点: 0 / 478810`
_2024-06-21 04:33:59_
--------
*79c3a62fb0a14c66f2418b5ee74d63ff*
`登陆天数: 30天 / 667天
等级: 130
石头: 2875
呼符: 11
体力: 29.120000000000005 / 138
友情点: 0 / 456110`
_2024-06-21 04:34:06_
--------
*d48af5c858bf9f1ffabaa093c28167ae*
`登陆天数: 30天 / 667天
等级: 130
石头: 740
呼符: 11
体力: 29.096666666666664 / 138
友情点: 0 / 479345`
_2024-06-21 04:34:14_
--------
*aba686dd2e74e8252b4246fe8a3939b1*
`登陆天数: 30天 / 667天
等级: 130
石头: 2270
呼符: 11
体力: 29.069999999999993 / 138
友情点: 0 / 478435`
_2024-06-21 04:34:22_
--------
*ef304c8c5f06070cc29dc623098ea109*
`登陆天数: 30天 / 667天
等级: 130
石头: 1704
呼符: 11
体力: 29.046666666666667 / 138
友情点: 0 / 477610`
_2024-06-21 04:34:29_
--------
*178b035b9e842fee5556cb8c15c6bcab*
`登陆天数: 30天 / 667天
等级: 130
石头: 4041
呼符: 11
体力: 29.023333333333326 / 138
友情点: 0 / 397085`
_2024-06-21 04:34:37_
--------
*80e841f805203eb56e3b98e085bae981*
`登陆天数: 30天 / 667天
等级: 130
石头: 2480
呼符: 11
体力: 28.99333333333334 / 138
友情点: 0 / 478870`
_2024-06-21 04:34:45_
--------
*f51602b11a63ad4708f1caf2a93859c3*
`登陆天数: 30天 / 667天
等级: 130
石头: 4075
呼符: 52
体力: 28.97 / 138
友情点: 0 / 399935`
_2024-06-21 04:34:53_
--------
*7b8647ef34a6031c3133bd5ebc45c365*
`登陆天数: 30天 / 668天
等级: 130
石头: 2633
呼符: 11
体力: 28.943333333333328 / 138
友情点: 0 / 448660`
_2024-06-21 04:35:01_
--------
*9a5e65e03b17fd1ad4d34f58f313ec98*
`登陆天数: 30天 / 668天
等级: 130
石头: 3710
呼符: 11
体力: 28.91666666666667 / 138
友情点: 0 / 414605`
_2024-06-21 04:35:08_
--------
*bed8ee603f17429f4a32f4650ecf0d87*
`登陆天数: 30天 / 668天
等级: 130
石头: 2244
呼符: 11
体力: 28.89333333333333 / 138
友情点: 0 / 478020`
_2024-06-21 04:35:16_
--------
*9c5ed464e8af35376010aa03d2707564*
`登陆天数: 30天 / 668天
等级: 130
石头: 4069
呼符: 125
体力: 28.870000000000005 / 138
友情点: 0 / 398975`
_2024-06-21 04:35:24_
--------
*313bf84cb75de7e8dc490a50884d550d*
`登陆天数: 30天 / 667天
等级: 130
石头: 3261
呼符: 12
体力: 28.840000000000003 / 138
友情点: 0 / 422260`
_2024-06-21 04:35:32_
--------
*b19782d8965c0661bc47630323fd35fd*
`登陆天数: 30天 / 667天
等级: 130
石头: 2329
呼符: 11
体力: 28.819999999999993 / 138
友情点: 0 / 478840`
_2024-06-21 04:35:39_
--------
*8bae3fac1c2ce983aed40c6bb009c45e*
`登陆天数: 30天 / 668天
等级: 130
石头: 2633
呼符: 11
体力: 28.790000000000006 / 138
友情点: 0 / 477795`
_2024-06-21 04:35:47_
--------
*ca4b430d613a792f6c392336a71dbc4a*
`登陆天数: 30天 / 667天
等级: 130
石头: 3890
呼符: 11
体力: 28.766666666666666 / 138
友情点: 0 / 412255`
_2024-06-21 04:35:55_
--------
*ff527dfaa021206f115cdd93d5b83983*
`登陆天数: 30天 / 668天
等级: 130
石头: 3083
呼符: 11
体力: 28.74333333333334 / 138
友情点: 0 / 448610`
_2024-06-21 04:36:03_
--------
*7a52b75e7c50cb9325c0433e58c03307*
`登陆天数: 30天 / 668天
等级: 130
石头: 1855
呼符: 11
体力: 28.72 / 138
友情点: 0 / 479300`
_2024-06-21 04:36:10_
--------
*d005d6451dcf4cc22ceb43a623afe073*
`登陆天数: 30天 / 668天
等级: 130
石头: 3108
呼符: 11
体力: 28.696666666666673 / 138
友情点: 0 / 450350`
_2024-06-21 04:36:18_
--------
*ce28f81291c94cf8d6ac3c8dc79f0dd8*
`登陆天数: 30天 / 668天
等级: 130
石头: 80
呼符: 11
体力: 28.67 / 138
友情点: 0 / 478980`
_2024-06-21 04:36:26_
--------
*82f13dda5a52d672337f751c1e7c3c45*
`登陆天数: 30天 / 668天
等级: 130
石头: 2623
呼符: 11
体力: 28.64333333333333 / 138
友情点: 0 / 468960`
_2024-06-21 04:36:34_
--------
*09a2ba83e0bc8fea531e77f0a0d50aa9*
`登陆天数: 30天 / 667天
等级: 130
石头: 2903
呼符: 11
体力: 28.623333333333335 / 138
友情点: 0 / 456990`
_2024-06-21 04:36:41_
--------
*2dd116b65e89712075e408f90d682415*
`登陆天数: 30天 / 668天
等级: 130
石头: 2214
呼符: 11
体力: 28.596666666666664 / 138
友情点: 0 / 479185`
_2024-06-21 04:36:49_
--------
*dfa9b84ecf5732be6515081d724acce3*
`登陆天数: 30天 / 668天
等级: 130
石头: 1763
呼符: 11
体力: 28.573333333333338 / 138
友情点: 0 / 479090`
_2024-06-21 04:36:57_
--------
*31b243358b364f62610ba7677254fc68*
`登陆天数: 30天 / 668天
等级: 130
石头: 2724
呼符: 11
体力: 31.043333333333337 / 138
友情点: 0 / 461310`
_2024-06-21 04:37:05_
--------
