【登录信息】
*8a3564efd49db13b2126ab8fb5620e80*
`登陆天数: 32天 / 670天
等级: 130
石头: 4076
呼符: 74
体力: 29.346666666666664 / 138
友情点: 0 / 391995`
_2024-06-22 04:28:49_
--------
*a160ae053c028ace34062d564c4b3434*
`登陆天数: 32天 / 670天
等级: 130
石头: 3022
呼符: 12
体力: 29.319999999999993 / 138
友情点: 0 / 450050`
_2024-06-22 04:28:57_
--------
*309010c1117f0ebb5f35f82fea9eb4f6*
`登陆天数: 31天 / 669天
等级: 130
石头: 3954
呼符: 12
体力: 29.296666666666667 / 138
友情点: 0 / 404010`
_2024-06-22 04:29:05_
--------
*5c135a27e7eea2239db8b9755d3e9ae1*
`登陆天数: 31天 / 668天
等级: 130
石头: 4078
呼符: 80
体力: 29.269999999999996 / 138
友情点: 0 / 393330`
_2024-06-22 04:29:13_
--------
*86758e159c262a3eec981868ea27a1c3*
`登陆天数: 31天 / 668天
等级: 130
石头: 3083
呼符: 12
体力: 29.24333333333334 / 138
友情点: 0 / 452565`
_2024-06-22 04:29:22_
--------
*6f9a211aef83a19f37e03ab1f44059d2*
`登陆天数: 31天 / 668天
等级: 130
石头: 3829
呼符: 12
体力: 29.21666666666667 / 138
友情点: 0 / 408600`
_2024-06-22 04:29:30_
--------
*264322ca3fe339b40698d5d40eaec3fb*
`登陆天数: 31天 / 668天
等级: 130
石头: 3269
呼符: 12
体力: 29.193333333333328 / 138
友情点: 0 / 433540`
_2024-06-22 04:29:38_
--------
*993df3128051aa77d0b6aab01a866a9a*
`登陆天数: 31天 / 669天
等级: 130
石头: 3618
呼符: 12
体力: 29.17 / 138
友情点: 0 / 421895`
_2024-06-22 04:29:46_
--------
*fe7878e487b87c3aa8336de587760751*
`登陆天数: 31天 / 668天
等级: 130
石头: 3140
呼符: 12
体力: 29.14666666666666 / 138
友情点: 0 / 444355`
_2024-06-22 04:29:54_
--------
*7357bada9d6a4063627fa17b35bb2604*
`登陆天数: 31天 / 668天
等级: 130
石头: 3159
呼符: 12
体力: 29.120000000000005 / 138
友情点: 0 / 444695`
_2024-06-22 04:30:02_
--------
*fc20186e17f0a5e4375db91b76a97657*
`登陆天数: 31天 / 669天
等级: 130
石头: 3204
呼符: 12
体力: 29.096666666666664 / 138
友情点: 0 / 447865`
_2024-06-22 04:30:10_
--------
*9cbb46fef88ab486c0d3e99d35be64e4*
`登陆天数: 31天 / 668天
等级: 130
石头: 2059
呼符: 12
体力: 29.073333333333338 / 138
友情点: 0 / 478770`
_2024-06-22 04:30:18_
--------
*9ee786c2ed20e6016bca6dcfefdeafc2*
`登陆天数: 31天 / 668天
等级: 130
石头: 3140
呼符: 12
体力: 29.049999999999997 / 138
友情点: 0 / 442800`
_2024-06-22 04:30:27_
--------
*53d9263dda66ff3848eb10d23f286c21*
`登陆天数: 31天 / 669天
等级: 130
石头: 2961
呼符: 12
体力: 29.023333333333326 / 138
友情点: 0 / 455905`
_2024-06-22 04:30:35_
--------
*9abd5d5ff49c1d31302c488c7c0c2275*
`登陆天数: 31天 / 669天
等级: 130
石头: 3517
呼符: 12
体力: 28.99666666666667 / 138
友情点: 0 / 428115`
_2024-06-22 04:30:43_
--------
*e082093bbbd89caa74af88368e016abd*
`登陆天数: 31天 / 669天
等级: 130
石头: 2208
呼符: 12
体力: 28.976666666666674 / 138
友情点: 0 / 478170`
_2024-06-22 04:30:51_
--------
*d96070b40d8faa5efd9b147555fa350b*
`登陆天数: 31天 / 669天
等级: 130
石头: 2064
呼符: 12
体力: 28.950000000000003 / 138
友情点: 0 / 478570`
_2024-06-22 04:30:59_
--------
*f7d4b15a226c048f84750fa277bedce3*
`登陆天数: 31天 / 668天
等级: 130
石头: 3560
呼符: 12
体力: 28.926666666666662 / 138
友情点: 0 / 416975`
_2024-06-22 04:31:07_
--------
*bb93d1d18e6703deab02fee04d8f5aa9*
`登陆天数: 31天 / 668天
等级: 130
石头: 2869
呼符: 12
体力: 28.900000000000006 / 138
友情点: 0 / 456550`
_2024-06-22 04:31:15_
--------
*0fc5ff08df2cb401507510c2dfc95571*
`登陆天数: 31天 / 668天
等级: 130
石头: 2271
呼符: 12
体力: 28.876666666666665 / 138
友情点: 0 / 479105`
_2024-06-22 04:31:24_
--------
*906c4dd2c74dc270b973f3a18beddaae*
`登陆天数: 31天 / 669天
等级: 130
石头: 3164
呼符: 12
体力: 28.85333333333334 / 138
友情点: 0 / 448785`
_2024-06-22 04:31:32_
--------
*f832709d5bc106e6cc3f6cf77e9a2966*
`登陆天数: 31天 / 669天
等级: 130
石头: 3505
呼符: 12
体力: 28.826666666666668 / 138
友情点: 0 / 427510`
_2024-06-22 04:31:40_
--------
*26e43377a6d9b18ed58da4338c7ce464*
`登陆天数: 31天 / 669天
等级: 130
石头: 4059
呼符: 90
体力: 28.803333333333327 / 138
友情点: 0 / 392785`
_2024-06-22 04:31:49_
--------
*d1b2d282d12cf3c76a301a07c90894d1*
`登陆天数: 31天 / 668天
等级: 130
石头: 2478
呼符: 12
体力: 28.78 / 138
友情点: 0 / 476770`
_2024-06-22 04:31:57_
--------
*69db701634bebca3b7a22919c7530d3c*
`登陆天数: 31天 / 669天
等级: 130
石头: 1733
呼符: 12
体力: 28.75333333333333 / 138
友情点: 0 / 478045`
_2024-06-22 04:32:05_
--------
*e8c0f1935f1ff5817fd1fc590e5e517e*
`登陆天数: 31天 / 668天
等级: 130
石头: 1456
呼符: 12
体力: 28.730000000000004 / 138
友情点: 0 / 478810`
_2024-06-22 04:32:14_
--------
*79c3a62fb0a14c66f2418b5ee74d63ff*
`登陆天数: 31天 / 668天
等级: 130
石头: 2875
呼符: 12
体力: 28.706666666666663 / 138
友情点: 0 / 456110`
_2024-06-22 04:32:22_
--------
*d48af5c858bf9f1ffabaa093c28167ae*
`登陆天数: 31天 / 668天
等级: 130
石头: 740
呼符: 12
体力: 28.683333333333337 / 138
友情点: 0 / 479345`
_2024-06-22 04:32:30_
--------
*aba686dd2e74e8252b4246fe8a3939b1*
`登陆天数: 31天 / 668天
等级: 130
石头: 2270
呼符: 12
体力: 28.659999999999997 / 138
友情点: 0 / 478435`
_2024-06-22 04:32:39_
--------
*ef304c8c5f06070cc29dc623098ea109*
`登陆天数: 31天 / 668天
等级: 130
石头: 1704
呼符: 12
体力: 28.64 / 138
友情点: 0 / 477610`
_2024-06-22 04:32:47_
--------
*178b035b9e842fee5556cb8c15c6bcab*
`登陆天数: 31天 / 668天
等级: 130
石头: 4041
呼符: 12
体力: 28.61333333333333 / 138
友情点: 0 / 393085`
_2024-06-22 04:32:55_
--------
*80e841f805203eb56e3b98e085bae981*
`登陆天数: 31天 / 668天
等级: 130
石头: 2480
呼符: 12
体力: 28.586666666666673 / 138
友情点: 0 / 478870`
_2024-06-22 04:33:04_
--------
*f51602b11a63ad4708f1caf2a93859c3*
`登陆天数: 31天 / 668天
等级: 130
石头: 4075
呼符: 53
体力: 28.560000000000002 / 138
友情点: 0 / 393935`
_2024-06-22 04:33:12_
--------
*7b8647ef34a6031c3133bd5ebc45c365*
`登陆天数: 31天 / 669天
等级: 130
石头: 2633
呼符: 12
体力: 28.53333333333333 / 138
友情点: 0 / 448660`
_2024-06-22 04:33:20_
--------
*9a5e65e03b17fd1ad4d34f58f313ec98*
`登陆天数: 31天 / 669天
等级: 130
石头: 3710
呼符: 12
体力: 28.510000000000005 / 138
友情点: 0 / 414605`
_2024-06-22 04:33:28_
--------
*bed8ee603f17429f4a32f4650ecf0d87*
`登陆天数: 31天 / 669天
等级: 130
石头: 2244
呼符: 12
体力: 28.486666666666665 / 138
友情点: 0 / 478020`
_2024-06-22 04:33:36_
--------
*9c5ed464e8af35376010aa03d2707564*
`登陆天数: 31天 / 669天
等级: 130
石头: 4069
呼符: 126
体力: 28.459999999999994 / 138
友情点: 0 / 392975`
_2024-06-22 04:33:44_
--------
*313bf84cb75de7e8dc490a50884d550d*
`登陆天数: 31天 / 668天
等级: 130
石头: 3261
呼符: 13
体力: 28.433333333333337 / 138
友情点: 0 / 422260`
_2024-06-22 04:33:52_
--------
*b19782d8965c0661bc47630323fd35fd*
`登陆天数: 31天 / 668天
等级: 130
石头: 2329
呼符: 12
体力: 28.409999999999997 / 138
友情点: 0 / 478840`
_2024-06-22 04:34:00_
--------
*8bae3fac1c2ce983aed40c6bb009c45e*
`登陆天数: 31天 / 669天
等级: 130
石头: 2633
呼符: 12
体力: 28.39 / 138
友情点: 0 / 477795`
_2024-06-22 04:34:09_
--------
*ca4b430d613a792f6c392336a71dbc4a*
`登陆天数: 31天 / 668天
等级: 130
石头: 3890
呼符: 12
体力: 28.36333333333333 / 138
友情点: 0 / 412255`
_2024-06-22 04:34:17_
--------
*ff527dfaa021206f115cdd93d5b83983*
`登陆天数: 31天 / 669天
等级: 130
石头: 3083
呼符: 12
体力: 28.336666666666673 / 138
友情点: 0 / 448610`
_2024-06-22 04:34:25_
--------
*7a52b75e7c50cb9325c0433e58c03307*
`登陆天数: 31天 / 669天
等级: 130
石头: 1855
呼符: 12
体力: 28.313333333333333 / 138
友情点: 0 / 479300`
_2024-06-22 04:34:33_
--------
*d005d6451dcf4cc22ceb43a623afe073*
`登陆天数: 31天 / 669天
等级: 130
石头: 3108
呼符: 12
体力: 28.28666666666666 / 138
友情点: 0 / 450350`
_2024-06-22 04:34:41_
--------
*ce28f81291c94cf8d6ac3c8dc79f0dd8*
`登陆天数: 31天 / 669天
等级: 130
石头: 80
呼符: 12
体力: 28.260000000000005 / 138
友情点: 0 / 478980`
_2024-06-22 04:34:49_
--------
*82f13dda5a52d672337f751c1e7c3c45*
`登陆天数: 31天 / 669天
等级: 130
石头: 2623
呼符: 12
体力: 28.236666666666665 / 138
友情点: 0 / 468960`
_2024-06-22 04:34:57_
--------
*09a2ba83e0bc8fea531e77f0a0d50aa9*
`登陆天数: 31天 / 668天
等级: 130
石头: 2903
呼符: 12
体力: 28.209999999999994 / 138
友情点: 0 / 456990`
_2024-06-22 04:35:05_
--------
*2dd116b65e89712075e408f90d682415*
`登陆天数: 31天 / 669天
等级: 130
石头: 2214
呼符: 12
体力: 28.186666666666667 / 138
友情点: 0 / 479185`
_2024-06-22 04:35:14_
--------
*dfa9b84ecf5732be6515081d724acce3*
`登陆天数: 31天 / 669天
等级: 130
石头: 1763
呼符: 12
体力: 28.159999999999997 / 138
友情点: 0 / 479090`
_2024-06-22 04:35:21_
--------
*31b243358b364f62610ba7677254fc68*
`登陆天数: 31天 / 669天
等级: 130
石头: 2724
呼符: 12
体力: 30.689999999999998 / 138
友情点: 0 / 461310`
_2024-06-22 04:35:29_
--------
