【登录信息】
*8a3564efd49db13b2126ab8fb5620e80*
`登陆天数: 33天 / 671天
等级: 130
石头: 4077
呼符: 74
体力: 26.413333333333327 / 138
友情点: 0 / 385995`
_2024-06-23 04:10:46_
--------
*a160ae053c028ace34062d564c4b3434*
`登陆天数: 33天 / 671天
等级: 130
石头: 3023
呼符: 12
体力: 26.38333333333334 / 138
友情点: 0 / 450050`
_2024-06-23 04:10:54_
--------
*309010c1117f0ebb5f35f82fea9eb4f6*
`登陆天数: 32天 / 670天
等级: 130
石头: 3956
呼符: 12
体力: 26.36333333333333 / 138
友情点: 0 / 404010`
_2024-06-23 04:11:03_
--------
*5c135a27e7eea2239db8b9755d3e9ae1*
`登陆天数: 32天 / 669天
等级: 130
石头: 4080
呼符: 80
体力: 26.336666666666673 / 138
友情点: 0 / 389330`
_2024-06-23 04:11:11_
--------
*86758e159c262a3eec981868ea27a1c3*
`登陆天数: 32天 / 669天
等级: 130
石头: 3085
呼符: 12
体力: 26.310000000000002 / 138
友情点: 0 / 452565`
_2024-06-23 04:11:19_
--------
*6f9a211aef83a19f37e03ab1f44059d2*
`登陆天数: 32天 / 669天
等级: 130
石头: 3831
呼符: 12
体力: 26.28333333333333 / 138
友情点: 0 / 408600`
_2024-06-23 04:11:28_
--------
*264322ca3fe339b40698d5d40eaec3fb*
`登陆天数: 32天 / 669天
等级: 130
石头: 3271
呼符: 12
体力: 26.263333333333335 / 138
友情点: 0 / 433540`
_2024-06-23 04:11:36_
--------
*993df3128051aa77d0b6aab01a866a9a*
`登陆天数: 32天 / 670天
等级: 130
石头: 3620
呼符: 12
体力: 26.236666666666665 / 138
友情点: 0 / 421895`
_2024-06-23 04:11:44_
--------
*fe7878e487b87c3aa8336de587760751*
`登陆天数: 32天 / 669天
等级: 130
石头: 3142
呼符: 12
体力: 26.21333333333334 / 138
友情点: 0 / 444355`
_2024-06-23 04:11:53_
--------
*7357bada9d6a4063627fa17b35bb2604*
`登陆天数: 32天 / 669天
等级: 130
石头: 3161
呼符: 12
体力: 26.193333333333328 / 138
友情点: 0 / 444695`
_2024-06-23 04:12:01_
--------
*fc20186e17f0a5e4375db91b76a97657*
`登陆天数: 32天 / 670天
等级: 130
石头: 3206
呼符: 12
体力: 26.17 / 138
友情点: 0 / 447865`
_2024-06-23 04:12:09_
--------
*9cbb46fef88ab486c0d3e99d35be64e4*
`登陆天数: 32天 / 669天
等级: 130
石头: 2061
呼符: 12
体力: 26.14333333333333 / 138
友情点: 0 / 478770`
_2024-06-23 04:12:17_
--------
*9ee786c2ed20e6016bca6dcfefdeafc2*
`登陆天数: 32天 / 669天
等级: 130
石头: 3142
呼符: 12
体力: 26.120000000000005 / 138
友情点: 0 / 442800`
_2024-06-23 04:12:25_
--------
*53d9263dda66ff3848eb10d23f286c21*
`登陆天数: 32天 / 670天
等级: 130
石头: 2963
呼符: 12
体力: 26.096666666666664 / 138
友情点: 0 / 455905`
_2024-06-23 04:12:34_
--------
*9abd5d5ff49c1d31302c488c7c0c2275*
`登陆天数: 32天 / 670天
等级: 130
石头: 3519
呼符: 12
体力: 26.073333333333338 / 138
友情点: 0 / 428115`
_2024-06-23 04:12:42_
--------
*e082093bbbd89caa74af88368e016abd*
`登陆天数: 32天 / 670天
等级: 130
石头: 2210
呼符: 12
体力: 26.046666666666667 / 138
友情点: 0 / 478170`
_2024-06-23 04:12:51_
--------
*d96070b40d8faa5efd9b147555fa350b*
`登陆天数: 32天 / 670天
等级: 130
石头: 2066
呼符: 12
体力: 26.02666666666667 / 138
友情点: 0 / 478570`
_2024-06-23 04:12:59_
--------
*f7d4b15a226c048f84750fa277bedce3*
`登陆天数: 32天 / 669天
等级: 130
石头: 3562
呼符: 12
体力: 26.00333333333333 / 138
友情点: 0 / 416975`
_2024-06-23 04:13:08_
--------
*bb93d1d18e6703deab02fee04d8f5aa9*
`登陆天数: 32天 / 669天
等级: 130
石头: 2871
呼符: 12
体力: 25.980000000000004 / 138
友情点: 0 / 456550`
_2024-06-23 04:13:16_
--------
*0fc5ff08df2cb401507510c2dfc95571*
`登陆天数: 32天 / 669天
等级: 130
石头: 2273
呼符: 12
体力: 25.956666666666663 / 138
友情点: 0 / 479105`
_2024-06-23 04:13:24_
--------
*906c4dd2c74dc270b973f3a18beddaae*
`登陆天数: 32天 / 670天
等级: 130
石头: 3166
呼符: 12
体力: 25.933333333333337 / 138
友情点: 0 / 448785`
_2024-06-23 04:13:32_
--------
*f832709d5bc106e6cc3f6cf77e9a2966*
`登陆天数: 32天 / 670天
等级: 130
石头: 3507
呼符: 12
体力: 25.909999999999997 / 138
友情点: 0 / 427510`
_2024-06-23 04:13:41_
--------
*26e43377a6d9b18ed58da4338c7ce464*
`登陆天数: 32天 / 670天
等级: 130
石头: 4061
呼符: 90
体力: 25.88666666666667 / 138
友情点: 0 / 392785`
_2024-06-23 04:13:49_
--------
*d1b2d282d12cf3c76a301a07c90894d1*
`登陆天数: 32天 / 669天
等级: 130
石头: 2480
呼符: 12
体力: 25.86333333333333 / 138
友情点: 0 / 476770`
_2024-06-23 04:13:57_
--------
*69db701634bebca3b7a22919c7530d3c*
`登陆天数: 32天 / 670天
等级: 130
石头: 1735
呼符: 12
体力: 25.840000000000003 / 138
友情点: 0 / 478045`
_2024-06-23 04:14:05_
--------
*e8c0f1935f1ff5817fd1fc590e5e517e*
`登陆天数: 32天 / 669天
等级: 130
石头: 1458
呼符: 12
体力: 25.816666666666663 / 138
友情点: 0 / 478810`
_2024-06-23 04:14:14_
--------
*79c3a62fb0a14c66f2418b5ee74d63ff*
`登陆天数: 32天 / 669天
等级: 130
石头: 2877
呼符: 12
体力: 25.790000000000006 / 138
友情点: 0 / 456110`
_2024-06-23 04:14:23_
--------
*d48af5c858bf9f1ffabaa093c28167ae*
`登陆天数: 32天 / 669天
等级: 130
石头: 742
呼符: 12
体力: 25.769999999999996 / 138
友情点: 0 / 479345`
_2024-06-23 04:14:31_
--------
*aba686dd2e74e8252b4246fe8a3939b1*
`登陆天数: 32天 / 669天
等级: 130
石头: 2272
呼符: 12
体力: 25.74666666666667 / 138
友情点: 0 / 478435`
_2024-06-23 04:14:40_
--------
*ef304c8c5f06070cc29dc623098ea109*
`登陆天数: 32天 / 669天
等级: 130
石头: 1706
呼符: 12
体力: 25.72333333333333 / 138
友情点: 0 / 477610`
_2024-06-23 04:14:48_
--------
*178b035b9e842fee5556cb8c15c6bcab*
`登陆天数: 32天 / 669天
等级: 130
石头: 4043
呼符: 12
体力: 25.703333333333333 / 138
友情点: 0 / 393085`
_2024-06-23 04:14:57_
--------
*80e841f805203eb56e3b98e085bae981*
`登陆天数: 32天 / 669天
等级: 130
石头: 2482
呼符: 12
体力: 25.680000000000007 / 138
友情点: 0 / 478870`
_2024-06-23 04:15:05_
--------
*f51602b11a63ad4708f1caf2a93859c3*
`登陆天数: 32天 / 669天
等级: 130
石头: 4077
呼符: 53
体力: 25.656666666666666 / 138
友情点: 0 / 391935`
_2024-06-23 04:15:13_
--------
*7b8647ef34a6031c3133bd5ebc45c365*
`登陆天数: 32天 / 670天
等级: 130
石头: 2635
呼符: 12
体力: 25.63333333333334 / 138
友情点: 0 / 448660`
_2024-06-23 04:15:21_
--------
*9a5e65e03b17fd1ad4d34f58f313ec98*
`登陆天数: 32天 / 670天
等级: 130
石头: 3712
呼符: 12
体力: 25.60666666666667 / 138
友情点: 0 / 414605`
_2024-06-23 04:15:30_
--------
*bed8ee603f17429f4a32f4650ecf0d87*
`登陆天数: 32天 / 670天
等级: 130
石头: 2246
呼符: 12
体力: 25.590000000000003 / 138
友情点: 0 / 478020`
_2024-06-23 04:15:38_
--------
*9c5ed464e8af35376010aa03d2707564*
`登陆天数: 32天 / 670天
等级: 130
石头: 4071
呼符: 126
体力: 25.563333333333333 / 138
友情点: 0 / 386975`
_2024-06-23 04:15:46_
--------
*313bf84cb75de7e8dc490a50884d550d*
`登陆天数: 32天 / 669天
等级: 130
石头: 3263
呼符: 13
体力: 25.53666666666666 / 138
友情点: 0 / 422260`
_2024-06-23 04:15:54_
--------
*b19782d8965c0661bc47630323fd35fd*
`登陆天数: 32天 / 669天
等级: 130
石头: 2331
呼符: 12
体力: 25.513333333333335 / 138
友情点: 0 / 478840`
_2024-06-23 04:16:03_
--------
*8bae3fac1c2ce983aed40c6bb009c45e*
`登陆天数: 32天 / 670天
等级: 130
石头: 2635
呼符: 12
体力: 25.489999999999995 / 138
友情点: 0 / 477795`
_2024-06-23 04:16:11_
--------
*ca4b430d613a792f6c392336a71dbc4a*
`登陆天数: 32天 / 669天
等级: 130
石头: 3892
呼符: 12
体力: 25.46666666666667 / 138
友情点: 0 / 412255`
_2024-06-23 04:16:19_
--------
*ff527dfaa021206f115cdd93d5b83983*
`登陆天数: 32天 / 670天
等级: 130
石头: 3085
呼符: 12
体力: 25.443333333333328 / 138
友情点: 0 / 448610`
_2024-06-23 04:16:27_
--------
*7a52b75e7c50cb9325c0433e58c03307*
`登陆天数: 32天 / 670天
等级: 130
石头: 1857
呼符: 12
体力: 25.42 / 138
友情点: 0 / 479300`
_2024-06-23 04:16:35_
--------
*d005d6451dcf4cc22ceb43a623afe073*
`登陆天数: 32天 / 670天
等级: 130
石头: 3110
呼符: 12
体力: 25.400000000000006 / 138
友情点: 0 / 450350`
_2024-06-23 04:16:44_
--------
*ce28f81291c94cf8d6ac3c8dc79f0dd8*
`登陆天数: 32天 / 670天
等级: 130
石头: 82
呼符: 12
体力: 25.373333333333335 / 138
友情点: 0 / 478980`
_2024-06-23 04:16:52_
--------
*82f13dda5a52d672337f751c1e7c3c45*
`登陆天数: 32天 / 670天
等级: 130
石头: 2625
呼符: 12
体力: 25.349999999999994 / 138
友情点: 0 / 468960`
_2024-06-23 04:17:00_
--------
*09a2ba83e0bc8fea531e77f0a0d50aa9*
`登陆天数: 32天 / 669天
等级: 130
石头: 2905
呼符: 12
体力: 25.326666666666668 / 138
友情点: 0 / 456990`
_2024-06-23 04:17:09_
--------
*2dd116b65e89712075e408f90d682415*
`登陆天数: 32天 / 670天
等级: 130
石头: 2216
呼符: 12
体力: 25.303333333333327 / 138
友情点: 0 / 479185`
_2024-06-23 04:17:17_
--------
*dfa9b84ecf5732be6515081d724acce3*
`登陆天数: 32天 / 670天
等级: 130
石头: 1765
呼符: 12
体力: 25.28 / 138
友情点: 0 / 479090`
_2024-06-23 04:17:25_
--------
*31b243358b364f62610ba7677254fc68*
`登陆天数: 32天 / 670天
等级: 130
石头: 2726
呼符: 12
体力: 27.78333333333333 / 138
友情点: 0 / 461310`
_2024-06-23 04:17:34_
--------
