【登录信息】
*8a3564efd49db13b2126ab8fb5620e80*
`登陆天数: 34天 / 672天
等级: 130
石头: 4079
呼符: 74
体力: 26.269999999999996 / 138
友情点: 0 / 379995`
_2024-06-24 04:11:15_
--------
*a160ae053c028ace34062d564c4b3434*
`登陆天数: 34天 / 672天
等级: 130
石头: 3025
呼符: 12
体力: 26.239999999999995 / 138
友情点: 0 / 450050`
_2024-06-24 04:11:23_
--------
*309010c1117f0ebb5f35f82fea9eb4f6*
`登陆天数: 33天 / 671天
等级: 130
石头: 3956
呼符: 12
体力: 26.21666666666667 / 138
友情点: 0 / 404010`
_2024-06-24 04:11:32_
--------
*5c135a27e7eea2239db8b9755d3e9ae1*
`登陆天数: 33天 / 670天
等级: 130
石头: 4080
呼符: 80
体力: 26.189999999999998 / 138
友情点: 0 / 389330`
_2024-06-24 04:11:40_
--------
*86758e159c262a3eec981868ea27a1c3*
`登陆天数: 33天 / 670天
等级: 130
石头: 3085
呼符: 12
体力: 26.16666666666667 / 138
友情点: 0 / 452565`
_2024-06-24 04:11:50_
--------
*6f9a211aef83a19f37e03ab1f44059d2*
`登陆天数: 33天 / 670天
等级: 130
石头: 3831
呼符: 12
体力: 26.14666666666666 / 138
友情点: 0 / 408600`
_2024-06-24 04:11:58_
--------
*264322ca3fe339b40698d5d40eaec3fb*
`登陆天数: 33天 / 670天
等级: 130
石头: 3271
呼符: 12
体力: 26.120000000000005 / 138
友情点: 0 / 433540`
_2024-06-24 04:12:06_
--------
*993df3128051aa77d0b6aab01a866a9a*
`登陆天数: 33天 / 671天
等级: 130
石头: 3620
呼符: 12
体力: 26.093333333333334 / 138
友情点: 0 / 421895`
_2024-06-24 04:12:15_
--------
*fe7878e487b87c3aa8336de587760751*
`登陆天数: 33天 / 670天
等级: 130
石头: 3142
呼符: 12
体力: 26.073333333333338 / 138
友情点: 0 / 444355`
_2024-06-24 04:12:23_
--------
*7357bada9d6a4063627fa17b35bb2604*
`登陆天数: 33天 / 670天
等级: 130
石头: 3161
呼符: 12
体力: 26.046666666666667 / 138
友情点: 0 / 444695`
_2024-06-24 04:12:31_
--------
*fc20186e17f0a5e4375db91b76a97657*
`登陆天数: 33天 / 671天
等级: 130
石头: 3206
呼符: 12
体力: 26.019999999999996 / 138
友情点: 0 / 447865`
_2024-06-24 04:12:39_
--------
*9cbb46fef88ab486c0d3e99d35be64e4*
`登陆天数: 33天 / 670天
等级: 130
石头: 2061
呼符: 12
体力: 25.99666666666667 / 138
友情点: 0 / 478770`
_2024-06-24 04:12:48_
--------
*9ee786c2ed20e6016bca6dcfefdeafc2*
`登陆天数: 33天 / 670天
等级: 130
石头: 3142
呼符: 12
体力: 25.97333333333333 / 138
友情点: 0 / 442800`
_2024-06-24 04:12:56_
--------
*53d9263dda66ff3848eb10d23f286c21*
`登陆天数: 33天 / 671天
等级: 130
石头: 2963
呼符: 12
体力: 25.946666666666673 / 138
友情点: 0 / 455905`
_2024-06-24 04:13:04_
--------
*9abd5d5ff49c1d31302c488c7c0c2275*
`登陆天数: 33天 / 671天
等级: 130
石头: 3519
呼符: 12
体力: 25.92 / 138
友情点: 0 / 428115`
_2024-06-24 04:13:12_
--------
*e082093bbbd89caa74af88368e016abd*
`登陆天数: 33天 / 671天
等级: 130
石头: 2210
呼符: 12
体力: 25.89666666666666 / 138
友情点: 0 / 478170`
_2024-06-24 04:13:21_
--------
*d96070b40d8faa5efd9b147555fa350b*
`登陆天数: 33天 / 671天
等级: 130
石头: 2066
呼符: 12
体力: 25.873333333333335 / 138
友情点: 0 / 478570`
_2024-06-24 04:13:29_
--------
*f7d4b15a226c048f84750fa277bedce3*
`登陆天数: 33天 / 670天
等级: 130
石头: 3562
呼符: 12
体力: 25.849999999999994 / 138
友情点: 0 / 416975`
_2024-06-24 04:13:37_
--------
*bb93d1d18e6703deab02fee04d8f5aa9*
`登陆天数: 33天 / 670天
等级: 130
石头: 2871
呼符: 12
体力: 25.823333333333338 / 138
友情点: 0 / 456550`
_2024-06-24 04:13:46_
--------
*0fc5ff08df2cb401507510c2dfc95571*
`登陆天数: 33天 / 670天
等级: 130
石头: 2273
呼符: 12
体力: 25.799999999999997 / 138
友情点: 0 / 479105`
_2024-06-24 04:13:54_
--------
*906c4dd2c74dc270b973f3a18beddaae*
`登陆天数: 33天 / 671天
等级: 130
石头: 3166
呼符: 12
体力: 25.773333333333326 / 138
友情点: 0 / 448785`
_2024-06-24 04:14:02_
--------
*f832709d5bc106e6cc3f6cf77e9a2966*
`登陆天数: 33天 / 671天
等级: 130
石头: 3507
呼符: 12
体力: 25.74666666666667 / 138
友情点: 0 / 427510`
_2024-06-24 04:14:10_
--------
*26e43377a6d9b18ed58da4338c7ce464*
`登陆天数: 33天 / 671天
等级: 130
石头: 4061
呼符: 90
体力: 25.726666666666674 / 138
友情点: 0 / 392785`
_2024-06-24 04:14:18_
--------
*d1b2d282d12cf3c76a301a07c90894d1*
`登陆天数: 33天 / 670天
等级: 130
石头: 2480
呼符: 12
体力: 25.703333333333333 / 138
友情点: 0 / 476770`
_2024-06-24 04:14:26_
--------
*69db701634bebca3b7a22919c7530d3c*
`登陆天数: 33天 / 671天
等级: 130
石头: 1735
呼符: 12
体力: 25.676666666666662 / 138
友情点: 0 / 478045`
_2024-06-24 04:14:35_
--------
*e8c0f1935f1ff5817fd1fc590e5e517e*
`登陆天数: 33天 / 670天
等级: 130
石头: 1458
呼符: 12
体力: 25.656666666666666 / 138
友情点: 0 / 478810`
_2024-06-24 04:14:43_
--------
*79c3a62fb0a14c66f2418b5ee74d63ff*
`登陆天数: 33天 / 670天
等级: 130
石头: 2877
呼符: 12
体力: 25.629999999999995 / 138
友情点: 0 / 456110`
_2024-06-24 04:14:51_
--------
*d48af5c858bf9f1ffabaa093c28167ae*
`登陆天数: 33天 / 670天
等级: 130
石头: 742
呼符: 12
体力: 25.60666666666667 / 138
友情点: 0 / 479345`
_2024-06-24 04:14:59_
--------
*aba686dd2e74e8252b4246fe8a3939b1*
`登陆天数: 33天 / 670天
等级: 130
石头: 2272
呼符: 12
体力: 25.58 / 138
友情点: 0 / 478435`
_2024-06-24 04:15:07_
--------
*ef304c8c5f06070cc29dc623098ea109*
`登陆天数: 33天 / 670天
等级: 130
石头: 1706
呼符: 12
体力: 25.553333333333327 / 138
友情点: 0 / 477610`
_2024-06-24 04:15:16_
--------
*178b035b9e842fee5556cb8c15c6bcab*
`登陆天数: 33天 / 670天
等级: 130
石头: 4043
呼符: 12
体力: 25.53333333333333 / 138
友情点: 0 / 393085`
_2024-06-24 04:15:24_
--------
*80e841f805203eb56e3b98e085bae981*
`登陆天数: 33天 / 670天
等级: 130
石头: 2482
呼符: 12
体力: 25.50666666666666 / 138
友情点: 0 / 478870`
_2024-06-24 04:15:32_
--------
*f51602b11a63ad4708f1caf2a93859c3*
`登陆天数: 33天 / 670天
等级: 130
石头: 4077
呼符: 53
体力: 25.480000000000004 / 138
友情点: 0 / 391935`
_2024-06-24 04:15:41_
--------
*7b8647ef34a6031c3133bd5ebc45c365*
`登陆天数: 33天 / 671天
等级: 130
石头: 2635
呼符: 12
体力: 25.453333333333333 / 138
友情点: 0 / 448660`
_2024-06-24 04:15:49_
--------
*9a5e65e03b17fd1ad4d34f58f313ec98*
`登陆天数: 33天 / 671天
等级: 130
石头: 3712
呼符: 12
体力: 25.433333333333337 / 138
友情点: 0 / 414605`
_2024-06-24 04:15:57_
--------
*bed8ee603f17429f4a32f4650ecf0d87*
`登陆天数: 33天 / 671天
等级: 130
石头: 2246
呼符: 12
体力: 25.409999999999997 / 138
友情点: 0 / 478020`
_2024-06-24 04:16:05_
--------
*9c5ed464e8af35376010aa03d2707564*
`登陆天数: 33天 / 671天
等级: 130
石头: 4071
呼符: 126
体力: 25.38333333333334 / 138
友情点: 0 / 382975`
_2024-06-24 04:16:13_
--------
*313bf84cb75de7e8dc490a50884d550d*
`登陆天数: 33天 / 670天
等级: 130
石头: 3263
呼符: 13
体力: 25.35666666666667 / 138
友情点: 0 / 422260`
_2024-06-24 04:16:22_
--------
*b19782d8965c0661bc47630323fd35fd*
`登陆天数: 33天 / 670天
等级: 130
石头: 2331
呼符: 12
体力: 25.33333333333333 / 138
友情点: 0 / 478840`
_2024-06-24 04:16:30_
--------
*8bae3fac1c2ce983aed40c6bb009c45e*
`登陆天数: 33天 / 671天
等级: 130
石头: 2635
呼符: 12
体力: 25.310000000000002 / 138
友情点: 0 / 477795`
_2024-06-24 04:16:38_
--------
*ca4b430d613a792f6c392336a71dbc4a*
`登陆天数: 33天 / 670天
等级: 130
石头: 3892
呼符: 12
体力: 25.28666666666666 / 138
友情点: 0 / 412255`
_2024-06-24 04:16:46_
--------
*ff527dfaa021206f115cdd93d5b83983*
`登陆天数: 33天 / 671天
等级: 130
石头: 3085
呼符: 12
体力: 25.263333333333335 / 138
友情点: 0 / 448610`
_2024-06-24 04:16:54_
--------
*7a52b75e7c50cb9325c0433e58c03307*
`登陆天数: 33天 / 671天
等级: 130
石头: 1857
呼符: 12
体力: 25.236666666666665 / 138
友情点: 0 / 479300`
_2024-06-24 04:17:03_
--------
*d005d6451dcf4cc22ceb43a623afe073*
`登陆天数: 33天 / 671天
等级: 130
石头: 3110
呼符: 12
体力: 25.21666666666667 / 138
友情点: 0 / 450350`
_2024-06-24 04:17:11_
--------
*ce28f81291c94cf8d6ac3c8dc79f0dd8*
`登陆天数: 33天 / 671天
等级: 130
石头: 82
呼符: 12
体力: 25.189999999999998 / 138
友情点: 0 / 478980`
_2024-06-24 04:17:19_
--------
*82f13dda5a52d672337f751c1e7c3c45*
`登陆天数: 33天 / 671天
等级: 130
石头: 2625
呼符: 12
体力: 25.16666666666667 / 138
友情点: 0 / 468960`
_2024-06-24 04:17:27_
--------
*09a2ba83e0bc8fea531e77f0a0d50aa9*
`登陆天数: 33天 / 670天
等级: 130
石头: 2905
呼符: 12
体力: 25.14 / 138
友情点: 0 / 456990`
_2024-06-24 04:17:35_
--------
*2dd116b65e89712075e408f90d682415*
`登陆天数: 33天 / 671天
等级: 130
石头: 2216
呼符: 12
体力: 25.123333333333335 / 138
友情点: 0 / 479185`
_2024-06-24 04:17:45_
--------
*dfa9b84ecf5732be6515081d724acce3*
`登陆天数: 33天 / 671天
等级: 130
石头: 1765
呼符: 12
体力: 25.096666666666664 / 138
友情点: 0 / 479090`
_2024-06-24 04:17:53_
--------
*31b243358b364f62610ba7677254fc68*
`登陆天数: 33天 / 671天
等级: 130
石头: 2726
呼符: 12
体力: 27.64 / 138
友情点: 0 / 461310`
_2024-06-24 04:18:01_
--------
