【登录信息】
*8a3564efd49db13b2126ab8fb5620e80*
`登陆天数: 35天 / 673天
等级: 130
石头: 4079
呼符: 76
体力: 26.150000000000006 / 138
友情点: 0 / 373995`
_2024-06-25 04:11:02_
--------
*a160ae053c028ace34062d564c4b3434*
`登陆天数: 35天 / 673天
等级: 130
石头: 3025
呼符: 14
体力: 26.120000000000005 / 138
友情点: 0 / 450050`
_2024-06-25 04:11:10_
--------
*309010c1117f0ebb5f35f82fea9eb4f6*
`登陆天数: 34天 / 672天
等级: 130
石头: 3958
呼符: 13
体力: 26.090000000000003 / 138
友情点: 0 / 404010`
_2024-06-25 04:11:18_
--------
*5c135a27e7eea2239db8b9755d3e9ae1*
`登陆天数: 34天 / 671天
等级: 130
石头: 4082
呼符: 81
体力: 26.063333333333333 / 138
友情点: 0 / 389330`
_2024-06-25 04:11:25_
--------
*86758e159c262a3eec981868ea27a1c3*
`登陆天数: 34天 / 671天
等级: 130
石头: 3087
呼符: 13
体力: 26.03333333333333 / 138
友情点: 0 / 452565`
_2024-06-25 04:11:33_
--------
*6f9a211aef83a19f37e03ab1f44059d2*
`登陆天数: 34天 / 671天
等级: 130
石头: 3833
呼符: 13
体力: 26.00666666666666 / 138
友情点: 0 / 408600`
_2024-06-25 04:11:41_
--------
*264322ca3fe339b40698d5d40eaec3fb*
`登陆天数: 34天 / 671天
等级: 130
石头: 3273
呼符: 13
体力: 25.980000000000004 / 138
友情点: 0 / 433540`
_2024-06-25 04:11:48_
--------
*993df3128051aa77d0b6aab01a866a9a*
`登陆天数: 34天 / 672天
等级: 130
石头: 3622
呼符: 13
体力: 25.950000000000003 / 138
友情点: 0 / 421895`
_2024-06-25 04:11:56_
--------
*fe7878e487b87c3aa8336de587760751*
`登陆天数: 34天 / 671天
等级: 130
石头: 3144
呼符: 13
体力: 25.923333333333332 / 138
友情点: 0 / 444355`
_2024-06-25 04:12:04_
--------
*7357bada9d6a4063627fa17b35bb2604*
`登陆天数: 34天 / 671天
等级: 130
石头: 3163
呼符: 13
体力: 25.89333333333333 / 138
友情点: 0 / 444695`
_2024-06-25 04:12:12_
--------
*fc20186e17f0a5e4375db91b76a97657*
`登陆天数: 34天 / 672天
等级: 130
石头: 3208
呼符: 13
体力: 25.86666666666666 / 138
友情点: 0 / 447865`
_2024-06-25 04:12:19_
--------
*9cbb46fef88ab486c0d3e99d35be64e4*
`登陆天数: 34天 / 671天
等级: 130
石头: 2063
呼符: 13
体力: 25.836666666666673 / 138
友情点: 0 / 478770`
_2024-06-25 04:12:27_
--------
*9ee786c2ed20e6016bca6dcfefdeafc2*
`登陆天数: 34天 / 671天
等级: 130
石头: 3144
呼符: 13
体力: 25.806666666666672 / 138
友情点: 0 / 442800`
_2024-06-25 04:12:34_
--------
*53d9263dda66ff3848eb10d23f286c21*
`登陆天数: 34天 / 672天
等级: 130
石头: 2965
呼符: 13
体力: 25.78 / 138
友情点: 0 / 455905`
_2024-06-25 04:12:42_
--------
*9abd5d5ff49c1d31302c488c7c0c2275*
`登陆天数: 34天 / 672天
等级: 130
石头: 3521
呼符: 13
体力: 25.75 / 138
友情点: 0 / 428115`
_2024-06-25 04:12:50_
--------
*e082093bbbd89caa74af88368e016abd*
`登陆天数: 34天 / 672天
等级: 130
石头: 2212
呼符: 13
体力: 25.72333333333333 / 138
友情点: 0 / 478170`
_2024-06-25 04:12:57_
--------
*d96070b40d8faa5efd9b147555fa350b*
`登陆天数: 34天 / 672天
等级: 130
石头: 2068
呼符: 13
体力: 25.696666666666673 / 138
友情点: 0 / 478570`
_2024-06-25 04:13:05_
--------
*f7d4b15a226c048f84750fa277bedce3*
`登陆天数: 34天 / 671天
等级: 130
石头: 3564
呼符: 13
体力: 25.67 / 138
友情点: 0 / 416975`
_2024-06-25 04:13:13_
--------
*bb93d1d18e6703deab02fee04d8f5aa9*
`登陆天数: 34天 / 671天
等级: 130
石头: 2873
呼符: 13
体力: 25.64333333333333 / 138
友情点: 0 / 456550`
_2024-06-25 04:13:21_
--------
*0fc5ff08df2cb401507510c2dfc95571*
`登陆天数: 34天 / 671天
等级: 130
石头: 2275
呼符: 13
体力: 25.61333333333333 / 138
友情点: 0 / 479105`
_2024-06-25 04:13:29_
--------
*906c4dd2c74dc270b973f3a18beddaae*
`登陆天数: 34天 / 672天
等级: 130
石头: 3168
呼符: 13
体力: 25.586666666666673 / 138
友情点: 0 / 448785`
_2024-06-25 04:13:36_
--------
*f832709d5bc106e6cc3f6cf77e9a2966*
`登陆天数: 34天 / 672天
等级: 130
石头: 3509
呼符: 13
体力: 25.560000000000002 / 138
友情点: 0 / 427510`
_2024-06-25 04:13:44_
--------
*26e43377a6d9b18ed58da4338c7ce464*
`登陆天数: 34天 / 672天
等级: 130
石头: 4063
呼符: 91
体力: 25.53333333333333 / 138
友情点: 0 / 392785`
_2024-06-25 04:13:52_
--------
*d1b2d282d12cf3c76a301a07c90894d1*
`登陆天数: 34天 / 671天
等级: 130
石头: 2482
呼符: 13
体力: 25.50333333333333 / 138
友情点: 0 / 476770`
_2024-06-25 04:14:00_
--------
*69db701634bebca3b7a22919c7530d3c*
`登陆天数: 34天 / 672天
等级: 130
石头: 1737
呼符: 13
体力: 25.476666666666674 / 138
友情点: 0 / 478045`
_2024-06-25 04:14:08_
--------
*e8c0f1935f1ff5817fd1fc590e5e517e*
`登陆天数: 34天 / 671天
等级: 130
石头: 1460
呼符: 13
体力: 25.450000000000003 / 138
友情点: 0 / 478810`
_2024-06-25 04:14:16_
--------
*79c3a62fb0a14c66f2418b5ee74d63ff*
`登陆天数: 34天 / 671天
等级: 130
石头: 2879
呼符: 13
体力: 25.423333333333332 / 138
友情点: 0 / 456110`
_2024-06-25 04:14:23_
--------
*d48af5c858bf9f1ffabaa093c28167ae*
`登陆天数: 34天 / 671天
等级: 130
石头: 744
呼符: 13
体力: 25.39 / 138
友情点: 0 / 479345`
_2024-06-25 04:14:31_
--------
*aba686dd2e74e8252b4246fe8a3939b1*
`登陆天数: 34天 / 671天
等级: 130
石头: 2274
呼符: 13
体力: 25.36333333333333 / 138
友情点: 0 / 478435`
_2024-06-25 04:14:38_
--------
*ef304c8c5f06070cc29dc623098ea109*
`登陆天数: 34天 / 671天
等级: 130
石头: 1708
呼符: 13
体力: 25.336666666666673 / 138
友情点: 0 / 477610`
_2024-06-25 04:14:46_
--------
*178b035b9e842fee5556cb8c15c6bcab*
`登陆天数: 34天 / 671天
等级: 130
石头: 4045
呼符: 13
体力: 25.306666666666672 / 138
友情点: 0 / 393085`
_2024-06-25 04:14:54_
--------
*80e841f805203eb56e3b98e085bae981*
`登陆天数: 34天 / 671天
等级: 130
石头: 2484
呼符: 13
体力: 25.28 / 138
友情点: 0 / 478870`
_2024-06-25 04:15:02_
--------
*f51602b11a63ad4708f1caf2a93859c3*
`登陆天数: 34天 / 671天
等级: 130
石头: 4079
呼符: 54
体力: 25.25333333333333 / 138
友情点: 0 / 391935`
_2024-06-25 04:15:09_
--------
*7b8647ef34a6031c3133bd5ebc45c365*
`登陆天数: 34天 / 672天
等级: 130
石头: 2637
呼符: 13
体力: 25.226666666666674 / 138
友情点: 0 / 448660`
_2024-06-25 04:15:17_
--------
*9a5e65e03b17fd1ad4d34f58f313ec98*
`登陆天数: 34天 / 672天
等级: 130
石头: 3714
呼符: 13
体力: 25.200000000000003 / 138
友情点: 0 / 414605`
_2024-06-25 04:15:24_
--------
*bed8ee603f17429f4a32f4650ecf0d87*
`登陆天数: 34天 / 672天
等级: 130
石头: 2248
呼符: 13
体力: 25.173333333333332 / 138
友情点: 0 / 478020`
_2024-06-25 04:15:32_
--------
*9c5ed464e8af35376010aa03d2707564*
`登陆天数: 34天 / 672天
等级: 130
石头: 4073
呼符: 127
体力: 25.14333333333333 / 138
友情点: 0 / 382975`
_2024-06-25 04:15:40_
--------
*313bf84cb75de7e8dc490a50884d550d*
`登陆天数: 34天 / 671天
等级: 130
石头: 3265
呼符: 14
体力: 25.11666666666666 / 138
友情点: 0 / 422260`
_2024-06-25 04:15:47_
--------
*b19782d8965c0661bc47630323fd35fd*
`登陆天数: 34天 / 671天
等级: 130
石头: 2333
呼符: 13
体力: 25.093333333333334 / 138
友情点: 0 / 478840`
_2024-06-25 04:15:55_
--------
*8bae3fac1c2ce983aed40c6bb009c45e*
`登陆天数: 34天 / 672天
等级: 130
石头: 2637
呼符: 13
体力: 25.063333333333333 / 138
友情点: 0 / 477795`
_2024-06-25 04:16:03_
--------
*ca4b430d613a792f6c392336a71dbc4a*
`登陆天数: 34天 / 671天
等级: 130
石头: 3894
呼符: 13
体力: 25.03666666666666 / 138
友情点: 0 / 412255`
_2024-06-25 04:16:11_
--------
*ff527dfaa021206f115cdd93d5b83983*
`登陆天数: 34天 / 672天
等级: 130
石头: 3087
呼符: 13
体力: 25.010000000000005 / 138
友情点: 0 / 448610`
_2024-06-25 04:16:18_
--------
*7a52b75e7c50cb9325c0433e58c03307*
`登陆天数: 34天 / 672天
等级: 130
石头: 1859
呼符: 13
体力: 24.983333333333334 / 138
友情点: 0 / 479300`
_2024-06-25 04:16:26_
--------
*d005d6451dcf4cc22ceb43a623afe073*
`登陆天数: 34天 / 672天
等级: 130
石头: 3112
呼符: 13
体力: 24.956666666666663 / 138
友情点: 0 / 450350`
_2024-06-25 04:16:34_
--------
*ce28f81291c94cf8d6ac3c8dc79f0dd8*
`登陆天数: 34天 / 672天
等级: 130
石头: 84
呼符: 13
体力: 24.923333333333332 / 138
友情点: 0 / 478980`
_2024-06-25 04:16:41_
--------
*82f13dda5a52d672337f751c1e7c3c45*
`登陆天数: 34天 / 672天
等级: 130
石头: 2627
呼符: 13
体力: 24.89666666666666 / 138
友情点: 0 / 468960`
_2024-06-25 04:16:49_
--------
*09a2ba83e0bc8fea531e77f0a0d50aa9*
`登陆天数: 34天 / 671天
等级: 130
石头: 2907
呼符: 13
体力: 24.86666666666666 / 138
友情点: 0 / 456990`
_2024-06-25 04:16:56_
--------
*2dd116b65e89712075e408f90d682415*
`登陆天数: 34天 / 672天
等级: 130
石头: 2218
呼符: 13
体力: 24.836666666666673 / 138
友情点: 0 / 479185`
_2024-06-25 04:17:04_
--------
*dfa9b84ecf5732be6515081d724acce3*
`登陆天数: 34天 / 672天
等级: 130
石头: 1767
呼符: 13
体力: 24.810000000000002 / 138
友情点: 0 / 479090`
_2024-06-25 04:17:12_
--------
*31b243358b364f62610ba7677254fc68*
`登陆天数: 34天 / 672天
等级: 130
石头: 2728
呼符: 13
体力: 27.413333333333327 / 138
友情点: 0 / 461310`
_2024-06-25 04:17:19_
--------
