【登录信息】
*8a3564efd49db13b2126ab8fb5620e80*
`登陆天数: 36天 / 674天
等级: 130
石头: 4080
呼符: 76
体力: 26.126666666666665 / 138
友情点: 0 / 373995`
_2024-06-26 04:11:41_
--------
*a160ae053c028ace34062d564c4b3434*
`登陆天数: 36天 / 674天
等级: 130
石头: 3026
呼符: 14
体力: 26.099999999999994 / 138
友情点: 0 / 452050`
_2024-06-26 04:11:49_
--------
*309010c1117f0ebb5f35f82fea9eb4f6*
`登陆天数: 35天 / 673天
等级: 130
石头: 3959
呼符: 14
体力: 26.073333333333338 / 138
友情点: 0 / 404010`
_2024-06-26 04:11:57_
--------
*5c135a27e7eea2239db8b9755d3e9ae1*
`登陆天数: 35天 / 672天
等级: 130
石头: 4083
呼符: 82
体力: 26.049999999999997 / 138
友情点: 0 / 389330`
_2024-06-26 04:12:05_
--------
*86758e159c262a3eec981868ea27a1c3*
`登陆天数: 35天 / 672天
等级: 130
石头: 3088
呼符: 14
体力: 26.023333333333326 / 138
友情点: 0 / 452565`
_2024-06-26 04:12:14_
--------
*6f9a211aef83a19f37e03ab1f44059d2*
`登陆天数: 35天 / 672天
等级: 130
石头: 3834
呼符: 14
体力: 26.0 / 138
友情点: 0 / 408600`
_2024-06-26 04:12:22_
--------
*264322ca3fe339b40698d5d40eaec3fb*
`登陆天数: 35天 / 672天
等级: 130
石头: 3274
呼符: 14
体力: 25.97333333333333 / 138
友情点: 0 / 433540`
_2024-06-26 04:12:30_
--------
*993df3128051aa77d0b6aab01a866a9a*
`登陆天数: 35天 / 673天
等级: 130
石头: 3623
呼符: 14
体力: 25.946666666666673 / 138
友情点: 0 / 421895`
_2024-06-26 04:12:39_
--------
*fe7878e487b87c3aa8336de587760751*
`登陆天数: 35天 / 672天
等级: 130
石头: 3145
呼符: 14
体力: 25.923333333333332 / 138
友情点: 0 / 444355`
_2024-06-26 04:12:47_
--------
*7357bada9d6a4063627fa17b35bb2604*
`登陆天数: 35天 / 672天
等级: 130
石头: 3164
呼符: 14
体力: 25.89666666666666 / 138
友情点: 0 / 444695`
_2024-06-26 04:12:55_
--------
*fc20186e17f0a5e4375db91b76a97657*
`登陆天数: 35天 / 673天
等级: 130
石头: 3209
呼符: 14
体力: 25.870000000000005 / 138
友情点: 0 / 447865`
_2024-06-26 04:13:03_
--------
*9cbb46fef88ab486c0d3e99d35be64e4*
`登陆天数: 35天 / 672天
等级: 130
石头: 2064
呼符: 14
体力: 25.846666666666664 / 138
友情点: 0 / 478770`
_2024-06-26 04:13:11_
--------
*9ee786c2ed20e6016bca6dcfefdeafc2*
`登陆天数: 35天 / 672天
等级: 130
石头: 3145
呼符: 14
体力: 25.819999999999993 / 138
友情点: 0 / 442800`
_2024-06-26 04:13:20_
--------
*53d9263dda66ff3848eb10d23f286c21*
`登陆天数: 35天 / 673天
等级: 130
石头: 2966
呼符: 14
体力: 25.796666666666667 / 138
友情点: 0 / 455905`
_2024-06-26 04:13:28_
--------
*9abd5d5ff49c1d31302c488c7c0c2275*
`登陆天数: 35天 / 673天
等级: 130
石头: 3522
呼符: 14
体力: 25.773333333333326 / 138
友情点: 0 / 428115`
_2024-06-26 04:13:36_
--------
*e082093bbbd89caa74af88368e016abd*
`登陆天数: 35天 / 673天
等级: 130
石头: 2213
呼符: 14
体力: 25.75 / 138
友情点: 0 / 478170`
_2024-06-26 04:13:44_
--------
*d96070b40d8faa5efd9b147555fa350b*
`登陆天数: 35天 / 673天
等级: 130
石头: 2069
呼符: 14
体力: 25.72333333333333 / 138
友情点: 0 / 478570`
_2024-06-26 04:13:53_
--------
*f7d4b15a226c048f84750fa277bedce3*
`登陆天数: 35天 / 672天
等级: 130
石头: 3565
呼符: 14
体力: 25.696666666666673 / 138
友情点: 0 / 416975`
_2024-06-26 04:14:01_
--------
*bb93d1d18e6703deab02fee04d8f5aa9*
`登陆天数: 35天 / 672天
等级: 130
石头: 2874
呼符: 14
体力: 25.673333333333332 / 138
友情点: 0 / 456550`
_2024-06-26 04:14:09_
--------
*0fc5ff08df2cb401507510c2dfc95571*
`登陆天数: 35天 / 672天
等级: 130
石头: 2276
呼符: 14
体力: 25.64666666666666 / 138
友情点: 0 / 479105`
_2024-06-26 04:14:17_
--------
*906c4dd2c74dc270b973f3a18beddaae*
`登陆天数: 35天 / 673天
等级: 130
石头: 3169
呼符: 14
体力: 25.620000000000005 / 138
友情点: 0 / 448785`
_2024-06-26 04:14:25_
--------
*f832709d5bc106e6cc3f6cf77e9a2966*
`登陆天数: 35天 / 673天
等级: 130
石头: 3510
呼符: 14
体力: 25.596666666666664 / 138
友情点: 0 / 427510`
_2024-06-26 04:14:34_
--------
*26e43377a6d9b18ed58da4338c7ce464*
`登陆天数: 35天 / 673天
等级: 130
石头: 4064
呼符: 92
体力: 25.569999999999993 / 138
友情点: 0 / 392785`
_2024-06-26 04:14:42_
--------
*d1b2d282d12cf3c76a301a07c90894d1*
`登陆天数: 35天 / 672天
等级: 130
石头: 2483
呼符: 14
体力: 25.546666666666667 / 138
友情点: 0 / 476770`
_2024-06-26 04:14:50_
--------
*69db701634bebca3b7a22919c7530d3c*
`登陆天数: 35天 / 673天
等级: 130
石头: 1738
呼符: 14
体力: 25.523333333333326 / 138
友情点: 0 / 478045`
_2024-06-26 04:14:58_
--------
*e8c0f1935f1ff5817fd1fc590e5e517e*
`登陆天数: 35天 / 672天
等级: 130
石头: 1461
呼符: 14
体力: 25.49666666666667 / 138
友情点: 0 / 478810`
_2024-06-26 04:15:07_
--------
*79c3a62fb0a14c66f2418b5ee74d63ff*
`登陆天数: 35天 / 672天
等级: 130
石头: 2880
呼符: 14
体力: 25.476666666666674 / 138
友情点: 0 / 456110`
_2024-06-26 04:15:15_
--------
*d48af5c858bf9f1ffabaa093c28167ae*
`登陆天数: 35天 / 672天
等级: 130
石头: 745
呼符: 14
体力: 25.450000000000003 / 138
友情点: 0 / 479345`
_2024-06-26 04:15:23_
--------
*aba686dd2e74e8252b4246fe8a3939b1*
`登陆天数: 35天 / 672天
等级: 130
石头: 2275
呼符: 14
体力: 25.423333333333332 / 138
友情点: 0 / 478435`
_2024-06-26 04:15:31_
--------
*ef304c8c5f06070cc29dc623098ea109*
`登陆天数: 35天 / 672天
等级: 130
石头: 1709
呼符: 14
体力: 25.400000000000006 / 138
友情点: 0 / 477610`
_2024-06-26 04:15:40_
--------
*178b035b9e842fee5556cb8c15c6bcab*
`登陆天数: 35天 / 672天
等级: 130
石头: 4046
呼符: 14
体力: 25.376666666666665 / 138
友情点: 0 / 393085`
_2024-06-26 04:15:48_
--------
*80e841f805203eb56e3b98e085bae981*
`登陆天数: 35天 / 672天
等级: 130
石头: 2485
呼符: 14
体力: 25.35333333333334 / 138
友情点: 0 / 478870`
_2024-06-26 04:15:56_
--------
*f51602b11a63ad4708f1caf2a93859c3*
`登陆天数: 35天 / 672天
等级: 130
石头: 4080
呼符: 55
体力: 25.326666666666668 / 138
友情点: 0 / 391935`
_2024-06-26 04:16:05_
--------
*7b8647ef34a6031c3133bd5ebc45c365*
`登陆天数: 35天 / 673天
等级: 130
石头: 2638
呼符: 14
体力: 25.303333333333327 / 138
友情点: 0 / 448660`
_2024-06-26 04:16:13_
--------
*9a5e65e03b17fd1ad4d34f58f313ec98*
`登陆天数: 35天 / 673天
等级: 130
石头: 3715
呼符: 14
体力: 25.27666666666667 / 138
友情点: 0 / 414605`
_2024-06-26 04:16:21_
--------
*bed8ee603f17429f4a32f4650ecf0d87*
`登陆天数: 35天 / 673天
等级: 130
石头: 2249
呼符: 14
体力: 25.25333333333333 / 138
友情点: 0 / 478020`
_2024-06-26 04:16:29_
--------
*9c5ed464e8af35376010aa03d2707564*
`登陆天数: 35天 / 673天
等级: 130
石头: 4074
呼符: 128
体力: 25.226666666666674 / 138
友情点: 0 / 382975`
_2024-06-26 04:16:38_
--------
*313bf84cb75de7e8dc490a50884d550d*
`登陆天数: 35天 / 672天
等级: 130
石头: 3266
呼符: 15
体力: 25.200000000000003 / 138
友情点: 0 / 422260`
_2024-06-26 04:16:46_
--------
*b19782d8965c0661bc47630323fd35fd*
`登陆天数: 35天 / 672天
等级: 130
石头: 2334
呼符: 14
体力: 25.180000000000007 / 138
友情点: 0 / 478840`
_2024-06-26 04:16:54_
--------
*8bae3fac1c2ce983aed40c6bb009c45e*
`登陆天数: 35天 / 673天
等级: 130
石头: 2638
呼符: 14
体力: 25.153333333333336 / 138
友情点: 0 / 477795`
_2024-06-26 04:17:02_
--------
*ca4b430d613a792f6c392336a71dbc4a*
`登陆天数: 35天 / 672天
等级: 130
石头: 3895
呼符: 14
体力: 25.129999999999995 / 138
友情点: 0 / 412255`
_2024-06-26 04:17:11_
--------
*ff527dfaa021206f115cdd93d5b83983*
`登陆天数: 35天 / 673天
等级: 130
石头: 3088
呼符: 14
体力: 25.10333333333334 / 138
友情点: 0 / 448610`
_2024-06-26 04:17:19_
--------
*7a52b75e7c50cb9325c0433e58c03307*
`登陆天数: 35天 / 673天
等级: 130
石头: 1860
呼符: 14
体力: 25.08 / 138
友情点: 0 / 479300`
_2024-06-26 04:17:27_
--------
*d005d6451dcf4cc22ceb43a623afe073*
`登陆天数: 35天 / 673天
等级: 130
石头: 3113
呼符: 14
体力: 25.056666666666672 / 138
友情点: 0 / 450350`
_2024-06-26 04:17:35_
--------
*ce28f81291c94cf8d6ac3c8dc79f0dd8*
`登陆天数: 35天 / 673天
等级: 130
石头: 85
呼符: 14
体力: 25.03 / 138
友情点: 0 / 478980`
_2024-06-26 04:17:43_
--------
*82f13dda5a52d672337f751c1e7c3c45*
`登陆天数: 35天 / 673天
等级: 130
石头: 2628
呼符: 14
体力: 25.00666666666666 / 138
友情点: 0 / 468960`
_2024-06-26 04:17:52_
--------
*09a2ba83e0bc8fea531e77f0a0d50aa9*
`登陆天数: 35天 / 672天
等级: 130
石头: 2908
呼符: 14
体力: 24.983333333333334 / 138
友情点: 0 / 456990`
_2024-06-26 04:18:00_
--------
*2dd116b65e89712075e408f90d682415*
`登陆天数: 35天 / 673天
等级: 130
石头: 2219
呼符: 14
体力: 24.959999999999994 / 138
友情点: 0 / 479185`
_2024-06-26 04:18:08_
--------
*dfa9b84ecf5732be6515081d724acce3*
`登陆天数: 35天 / 673天
等级: 130
石头: 1768
呼符: 14
体力: 24.933333333333337 / 138
友情点: 0 / 479090`
_2024-06-26 04:18:17_
--------
*31b243358b364f62610ba7677254fc68*
`登陆天数: 35天 / 673天
等级: 130
石头: 2729
呼符: 14
体力: 27.46333333333334 / 138
友情点: 0 / 461310`
_2024-06-26 04:18:25_
--------
