【登录信息】
*8a3564efd49db13b2126ab8fb5620e80*
`登陆天数: 37天 / 675天
等级: 130
石头: 4081
呼符: 76
体力: 26.540000000000006 / 138
友情点: 0 / 373995`
_2024-06-27 04:12:42_
--------
*a160ae053c028ace34062d564c4b3434*
`登陆天数: 37天 / 675天
等级: 130
石头: 3027
呼符: 14
体力: 26.516666666666666 / 138
友情点: 0 / 452050`
_2024-06-27 04:12:50_
--------
*309010c1117f0ebb5f35f82fea9eb4f6*
`登陆天数: 36天 / 674天
等级: 130
石头: 3959
呼符: 14
体力: 26.489999999999995 / 138
友情点: 0 / 406010`
_2024-06-27 04:12:58_
--------
*5c135a27e7eea2239db8b9755d3e9ae1*
`登陆天数: 36天 / 673天
等级: 130
石头: 4083
呼符: 82
体力: 26.46666666666667 / 138
友情点: 0 / 391330`
_2024-06-27 04:13:06_
--------
*86758e159c262a3eec981868ea27a1c3*
`登陆天数: 36天 / 673天
等级: 130
石头: 3088
呼符: 14
体力: 26.439999999999998 / 138
友情点: 0 / 454565`
_2024-06-27 04:13:15_
--------
*6f9a211aef83a19f37e03ab1f44059d2*
`登陆天数: 36天 / 673天
等级: 130
石头: 3834
呼符: 14
体力: 26.41666666666667 / 138
友情点: 0 / 410600`
_2024-06-27 04:13:23_
--------
*264322ca3fe339b40698d5d40eaec3fb*
`登陆天数: 36天 / 673天
等级: 130
石头: 3274
呼符: 14
体力: 26.39666666666666 / 138
友情点: 0 / 435540`
_2024-06-27 04:13:31_
--------
*993df3128051aa77d0b6aab01a866a9a*
`登陆天数: 36天 / 674天
等级: 130
石头: 3623
呼符: 14
体力: 26.370000000000005 / 138
友情点: 0 / 423895`
_2024-06-27 04:13:39_
--------
*fe7878e487b87c3aa8336de587760751*
`登陆天数: 36天 / 673天
等级: 130
石头: 3145
呼符: 14
体力: 26.343333333333334 / 138
友情点: 0 / 446355`
_2024-06-27 04:13:48_
--------
*7357bada9d6a4063627fa17b35bb2604*
`登陆天数: 36天 / 673天
等级: 130
石头: 3164
呼符: 14
体力: 26.319999999999993 / 138
友情点: 0 / 446695`
_2024-06-27 04:13:56_
--------
*fc20186e17f0a5e4375db91b76a97657*
`登陆天数: 36天 / 674天
等级: 130
石头: 3209
呼符: 14
体力: 26.296666666666667 / 138
友情点: 0 / 449865`
_2024-06-27 04:14:04_
--------
*9cbb46fef88ab486c0d3e99d35be64e4*
`登陆天数: 36天 / 673天
等级: 130
石头: 2064
呼符: 14
体力: 26.273333333333326 / 138
友情点: 0 / 480770`
_2024-06-27 04:14:12_
--------
*9ee786c2ed20e6016bca6dcfefdeafc2*
`登陆天数: 36天 / 673天
等级: 130
石头: 3145
呼符: 14
体力: 26.24666666666667 / 138
友情点: 0 / 444800`
_2024-06-27 04:14:19_
--------
*53d9263dda66ff3848eb10d23f286c21*
`登陆天数: 36天 / 674天
等级: 130
石头: 2966
呼符: 14
体力: 26.22 / 138
友情点: 0 / 457905`
_2024-06-27 04:14:27_
--------
*9abd5d5ff49c1d31302c488c7c0c2275*
`登陆天数: 36天 / 674天
等级: 130
石头: 3522
呼符: 14
体力: 26.196666666666673 / 138
友情点: 0 / 430115`
_2024-06-27 04:14:35_
--------
*e082093bbbd89caa74af88368e016abd*
`登陆天数: 36天 / 674天
等级: 130
石头: 2213
呼符: 14
体力: 26.17 / 138
友情点: 0 / 480170`
_2024-06-27 04:14:44_
--------
*d96070b40d8faa5efd9b147555fa350b*
`登陆天数: 36天 / 674天
等级: 130
石头: 2069
呼符: 14
体力: 26.14666666666666 / 138
友情点: 0 / 480570`
_2024-06-27 04:14:51_
--------
*f7d4b15a226c048f84750fa277bedce3*
`登陆天数: 36天 / 673天
等级: 130
石头: 3565
呼符: 14
体力: 26.120000000000005 / 138
友情点: 0 / 418975`
_2024-06-27 04:14:59_
--------
*bb93d1d18e6703deab02fee04d8f5aa9*
`登陆天数: 36天 / 673天
等级: 130
石头: 2874
呼符: 14
体力: 26.096666666666664 / 138
友情点: 0 / 458550`
_2024-06-27 04:15:07_
--------
*0fc5ff08df2cb401507510c2dfc95571*
`登陆天数: 36天 / 673天
等级: 130
石头: 2276
呼符: 14
体力: 26.073333333333338 / 138
友情点: 0 / 481105`
_2024-06-27 04:15:15_
--------
*906c4dd2c74dc270b973f3a18beddaae*
`登陆天数: 36天 / 674天
等级: 130
石头: 3169
呼符: 14
体力: 26.046666666666667 / 138
友情点: 0 / 450785`
_2024-06-27 04:15:23_
--------
*f832709d5bc106e6cc3f6cf77e9a2966*
`登陆天数: 36天 / 674天
等级: 130
石头: 3510
呼符: 14
体力: 26.019999999999996 / 138
友情点: 0 / 429510`
_2024-06-27 04:15:31_
--------
*26e43377a6d9b18ed58da4338c7ce464*
`登陆天数: 36天 / 674天
等级: 130
石头: 4064
呼符: 92
体力: 25.99333333333334 / 138
友情点: 0 / 394785`
_2024-06-27 04:15:40_
--------
*d1b2d282d12cf3c76a301a07c90894d1*
`登陆天数: 36天 / 673天
等级: 130
石头: 2483
呼符: 14
体力: 25.96666666666667 / 138
友情点: 0 / 478770`
_2024-06-27 04:15:48_
--------
*69db701634bebca3b7a22919c7530d3c*
`登陆天数: 36天 / 674天
等级: 130
石头: 1738
呼符: 14
体力: 25.943333333333328 / 138
友情点: 0 / 480045`
_2024-06-27 04:15:56_
--------
*e8c0f1935f1ff5817fd1fc590e5e517e*
`登陆天数: 36天 / 673天
等级: 130
石头: 1461
呼符: 14
体力: 25.92 / 138
友情点: 0 / 480810`
_2024-06-27 04:16:04_
--------
*79c3a62fb0a14c66f2418b5ee74d63ff*
`登陆天数: 36天 / 673天
等级: 130
石头: 2880
呼符: 14
体力: 25.89666666666666 / 138
友情点: 0 / 458110`
_2024-06-27 04:16:12_
--------
*d48af5c858bf9f1ffabaa093c28167ae*
`登陆天数: 36天 / 673天
等级: 130
石头: 745
呼符: 14
体力: 25.873333333333335 / 138
友情点: 0 / 481345`
_2024-06-27 04:16:20_
--------
*aba686dd2e74e8252b4246fe8a3939b1*
`登陆天数: 36天 / 673天
等级: 130
石头: 2275
呼符: 14
体力: 25.846666666666664 / 138
友情点: 0 / 480435`
_2024-06-27 04:16:28_
--------
*ef304c8c5f06070cc29dc623098ea109*
`登陆天数: 36天 / 673天
等级: 130
石头: 1709
呼符: 14
体力: 25.823333333333338 / 138
友情点: 0 / 479610`
_2024-06-27 04:16:36_
--------
*178b035b9e842fee5556cb8c15c6bcab*
`登陆天数: 36天 / 673天
等级: 130
石头: 4046
呼符: 14
体力: 25.799999999999997 / 138
友情点: 0 / 395085`
_2024-06-27 04:16:45_
--------
*80e841f805203eb56e3b98e085bae981*
`登陆天数: 36天 / 673天
等级: 130
石头: 2485
呼符: 14
体力: 25.78 / 138
友情点: 0 / 480870`
_2024-06-27 04:16:53_
--------
*f51602b11a63ad4708f1caf2a93859c3*
`登陆天数: 36天 / 673天
等级: 130
石头: 4080
呼符: 55
体力: 25.75333333333333 / 138
友情点: 0 / 393935`
_2024-06-27 04:17:01_
--------
*7b8647ef34a6031c3133bd5ebc45c365*
`登陆天数: 36天 / 674天
等级: 130
石头: 2638
呼符: 14
体力: 25.730000000000004 / 138
友情点: 0 / 450660`
_2024-06-27 04:17:10_
--------
*9a5e65e03b17fd1ad4d34f58f313ec98*
`登陆天数: 36天 / 674天
等级: 130
石头: 3715
呼符: 14
体力: 25.706666666666663 / 138
友情点: 0 / 416605`
_2024-06-27 04:17:18_
--------
*bed8ee603f17429f4a32f4650ecf0d87*
`登陆天数: 36天 / 674天
等级: 130
石头: 2249
呼符: 14
体力: 25.680000000000007 / 138
友情点: 0 / 480020`
_2024-06-27 04:17:26_
--------
*9c5ed464e8af35376010aa03d2707564*
`登陆天数: 36天 / 674天
等级: 130
石头: 4074
呼符: 128
体力: 25.653333333333336 / 138
友情点: 0 / 384975`
_2024-06-27 04:17:34_
--------
*313bf84cb75de7e8dc490a50884d550d*
`登陆天数: 36天 / 673天
等级: 130
石头: 3266
呼符: 15
体力: 25.629999999999995 / 138
友情点: 0 / 424260`
_2024-06-27 04:17:42_
--------
*b19782d8965c0661bc47630323fd35fd*
`登陆天数: 36天 / 673天
等级: 130
石头: 2334
呼符: 14
体力: 25.61 / 138
友情点: 0 / 480840`
_2024-06-27 04:17:50_
--------
*8bae3fac1c2ce983aed40c6bb009c45e*
`登陆天数: 36天 / 674天
等级: 130
石头: 2638
呼符: 14
体力: 25.586666666666673 / 138
友情点: 0 / 479795`
_2024-06-27 04:17:58_
--------
*ca4b430d613a792f6c392336a71dbc4a*
`登陆天数: 36天 / 673天
等级: 130
石头: 3895
呼符: 14
体力: 25.560000000000002 / 138
友情点: 0 / 414255`
_2024-06-27 04:18:06_
--------
*ff527dfaa021206f115cdd93d5b83983*
`登陆天数: 36天 / 674天
等级: 130
石头: 3088
呼符: 14
体力: 25.540000000000006 / 138
友情点: 0 / 450610`
_2024-06-27 04:18:15_
--------
*7a52b75e7c50cb9325c0433e58c03307*
`登陆天数: 36天 / 674天
等级: 130
石头: 1860
呼符: 14
体力: 25.510000000000005 / 138
友情点: 0 / 481300`
_2024-06-27 04:18:23_
--------
*d005d6451dcf4cc22ceb43a623afe073*
`登陆天数: 36天 / 674天
等级: 130
石头: 3113
呼符: 14
体力: 25.486666666666665 / 138
友情点: 0 / 452350`
_2024-06-27 04:18:31_
--------
*ce28f81291c94cf8d6ac3c8dc79f0dd8*
`登陆天数: 36天 / 674天
等级: 130
石头: 85
呼符: 14
体力: 25.459999999999994 / 138
友情点: 0 / 480980`
_2024-06-27 04:18:39_
--------
*82f13dda5a52d672337f751c1e7c3c45*
`登陆天数: 36天 / 674天
等级: 130
石头: 2628
呼符: 14
体力: 25.433333333333337 / 138
友情点: 0 / 470960`
_2024-06-27 04:18:48_
--------
*09a2ba83e0bc8fea531e77f0a0d50aa9*
`登陆天数: 36天 / 673天
等级: 130
石头: 2908
呼符: 14
体力: 25.413333333333327 / 138
友情点: 0 / 458990`
_2024-06-27 04:18:56_
--------
*2dd116b65e89712075e408f90d682415*
`登陆天数: 36天 / 674天
等级: 130
石头: 2219
呼符: 14
体力: 25.39 / 138
友情点: 0 / 481185`
_2024-06-27 04:19:05_
--------
*dfa9b84ecf5732be6515081d724acce3*
`登陆天数: 36天 / 674天
等级: 130
石头: 1768
呼符: 14
体力: 25.36333333333333 / 138
友情点: 0 / 481090`
_2024-06-27 04:19:14_
--------
*31b243358b364f62610ba7677254fc68*
`登陆天数: 36天 / 674天
等级: 130
石头: 2729
呼符: 14
体力: 27.873333333333335 / 138
友情点: 0 / 463310`
_2024-06-27 04:19:23_
--------
